<?xml version="1.0" encoding="UTF-8"?>
<!-- Generated by org.testng.reporters.JUnitReportReporter -->
<testsuite skipped="0" hostname="W7VDIHPQC16WPL" name="com.selenium.ebiz.quickCheckout.AddQuickCheckoutButtonToTheQOPage" tests="1" failures="0" timestamp="25 Jul 2019 07:57:23 GMT" time="21.174" errors="0">
  <testcase name="quickCheckout_AddQuickCheckoutButtonToTheQOPage" time="21.174" classname="com.selenium.ebiz.quickCheckout.AddQuickCheckoutButtonToTheQOPage"/>
</testsuite> <!-- com.selenium.ebiz.quickCheckout.AddQuickCheckoutButtonToTheQOPage -->
