<?xml version="1.0" encoding="UTF-8"?>
<!-- Generated by org.testng.reporters.JUnitReportReporter -->
<testsuite skipped="0" hostname="W7VDIHPQC16WPL" name="com.selenium.ebiz.navigation.AlternateTopLevelCategoriesPage" tests="2" failures="0" timestamp="11 Feb 2019 07:28:06 GMT" time="32.591" errors="0">
  <testcase name="verifyL3CategoriesAlternatelyAuthenticateUserTest" time="22.193" classname="com.selenium.ebiz.navigation.AlternateTopLevelCategoriesPage"/>
  <testcase name="verifyL3CategoriesAlternatelyGuestUserTest" time="10.398" classname="com.selenium.ebiz.navigation.AlternateTopLevelCategoriesPage"/>
</testsuite> <!-- com.selenium.ebiz.navigation.AlternateTopLevelCategoriesPage -->
