<?xml version="1.0" encoding="UTF-8"?>
<!-- Generated by org.testng.reporters.JUnitReportReporter -->
<testsuite skipped="0" hostname="W7VDIHPQC16WPL" name="com.selenium.ebiz.account_management.login.StayConnectedHomePageLoggedInUser" tests="1" failures="0" timestamp="20 Dec 2018 07:35:31 GMT" time="5.647" errors="0">
  <testcase name="verifySocialNetworkLinksTest" time="5.647" classname="com.selenium.ebiz.account_management.login.StayConnectedHomePageLoggedInUser"/>
</testsuite> <!-- com.selenium.ebiz.account_management.login.StayConnectedHomePageLoggedInUser -->
