<?xml version="1.0" encoding="UTF-8"?>
<!-- Generated by org.testng.reporters.JUnitReportReporter -->
<testsuite skipped="0" hostname="W7VDIHPQC16WPL" name="com.selenium.ebiz.quickCheckout.VerifyAddingPeachtreeItemToQCO" tests="10" failures="0" timestamp="16 Aug 2019 13:09:40 GMT" time="359.577" errors="0">
  <testcase name="quickCheckout_VerifyAddingPeachtreeItemToQCO" time="45.318" classname="com.selenium.ebiz.quickCheckout.VerifyAddingPeachtreeItemToQCO"/>
  <testcase name="quickCheckout_VerifyAddingPeachtreeItemToQCO" time="32.389" classname="com.selenium.ebiz.quickCheckout.VerifyAddingPeachtreeItemToQCO"/>
  <testcase name="quickCheckout_VerifyAddingPeachtreeItemToQCO" time="33.710" classname="com.selenium.ebiz.quickCheckout.VerifyAddingPeachtreeItemToQCO"/>
  <testcase name="quickCheckout_VerifyAddingPeachtreeItemToQCO" time="49.242" classname="com.selenium.ebiz.quickCheckout.VerifyAddingPeachtreeItemToQCO"/>
  <testcase name="quickCheckout_VerifyAddingPeachtreeItemToQCO" time="36.183" classname="com.selenium.ebiz.quickCheckout.VerifyAddingPeachtreeItemToQCO"/>
  <testcase name="quickCheckout_VerifyAddingPeachtreeItemToQCO" time="32.997" classname="com.selenium.ebiz.quickCheckout.VerifyAddingPeachtreeItemToQCO"/>
  <testcase name="quickCheckout_VerifyAddingPeachtreeItemToQCO" time="35.211" classname="com.selenium.ebiz.quickCheckout.VerifyAddingPeachtreeItemToQCO"/>
  <testcase name="quickCheckout_VerifyAddingPeachtreeItemToQCO" time="30.881" classname="com.selenium.ebiz.quickCheckout.VerifyAddingPeachtreeItemToQCO"/>
  <testcase name="quickCheckout_VerifyAddingPeachtreeItemToQCO" time="30.864" classname="com.selenium.ebiz.quickCheckout.VerifyAddingPeachtreeItemToQCO"/>
  <testcase name="quickCheckout_VerifyAddingPeachtreeItemToQCO" time="32.782" classname="com.selenium.ebiz.quickCheckout.VerifyAddingPeachtreeItemToQCO"/>
</testsuite> <!-- com.selenium.ebiz.quickCheckout.VerifyAddingPeachtreeItemToQCO -->
