<?xml version="1.0" encoding="UTF-8"?>
<!-- Generated by org.testng.reporters.JUnitReportReporter -->
<testsuite skipped="0" hostname="W7VDIHPQC16WPL" name="com.selenium.ebiz.frequently_purchased.fpp_grid.FrequentlyPurchasedPageFilters_Grid" tests="10" failures="0" timestamp="12 Jun 2019 15:23:52 GMT" time="563.215" errors="0">
  <testcase name="fpp_verifyFrequentlyPurchasedPageFiltersValues" time="70.006" classname="com.selenium.ebiz.frequently_purchased.fpp_grid.FrequentlyPurchasedPageFilters_Grid"/>
  <testcase name="fpp_verifyFrequentlyPurchasedPageFiltersValues" time="71.195" classname="com.selenium.ebiz.frequently_purchased.fpp_grid.FrequentlyPurchasedPageFilters_Grid"/>
  <testcase name="fpp_verifyFrequentlyPurchasedPageFiltersValues" time="60.877" classname="com.selenium.ebiz.frequently_purchased.fpp_grid.FrequentlyPurchasedPageFilters_Grid"/>
  <testcase name="fpp_verifyFrequentlyPurchasedPageFiltersValues" time="46.706" classname="com.selenium.ebiz.frequently_purchased.fpp_grid.FrequentlyPurchasedPageFilters_Grid"/>
  <testcase name="fpp_verifyFrequentlyPurchasedPageFiltersValues" time="53.793" classname="com.selenium.ebiz.frequently_purchased.fpp_grid.FrequentlyPurchasedPageFilters_Grid"/>
  <testcase name="fpp_verifyFrequentlyPurchasedPageFiltersValues" time="44.535" classname="com.selenium.ebiz.frequently_purchased.fpp_grid.FrequentlyPurchasedPageFilters_Grid"/>
  <testcase name="fpp_verifyFrequentlyPurchasedPageFiltersValues" time="65.211" classname="com.selenium.ebiz.frequently_purchased.fpp_grid.FrequentlyPurchasedPageFilters_Grid"/>
  <testcase name="fpp_verifyFrequentlyPurchasedPageFiltersValues" time="65.233" classname="com.selenium.ebiz.frequently_purchased.fpp_grid.FrequentlyPurchasedPageFilters_Grid"/>
  <testcase name="fpp_verifyFrequentlyPurchasedPageFiltersValues" time="32.706" classname="com.selenium.ebiz.frequently_purchased.fpp_grid.FrequentlyPurchasedPageFilters_Grid"/>
  <testcase name="fpp_verifyFrequentlyPurchasedPageFiltersValues" time="52.953" classname="com.selenium.ebiz.frequently_purchased.fpp_grid.FrequentlyPurchasedPageFilters_Grid"/>
</testsuite> <!-- com.selenium.ebiz.frequently_purchased.fpp_grid.FrequentlyPurchasedPageFilters_Grid -->
