<?xml version="1.0" encoding="UTF-8"?>
<!-- Generated by org.testng.reporters.JUnitReportReporter -->
<testsuite skipped="0" hostname="W7VDIHPQC16WPL" name="com.selenium.ebiz.header.DisplayStaticContentPageGuestUser_WORKING" tests="2" failures="0" timestamp="21 Feb 2019 10:27:43 GMT" time="36.883" errors="0">
  <testcase name="verifyHeaderServicePage" time="29.608" classname="com.selenium.ebiz.header.DisplayStaticContentPageGuestUser_WORKING"/>
  <testcase name="verifyDisplayStaticContentPage" time="7.275" classname="com.selenium.ebiz.header.DisplayStaticContentPageGuestUser_WORKING"/>
</testsuite> <!-- com.selenium.ebiz.header.DisplayStaticContentPageGuestUser_WORKING -->
