<?xml version="1.0" encoding="UTF-8"?>
<!-- Generated by org.testng.reporters.JUnitReportReporter -->
<testsuite skipped="0" hostname="W7VDIHPQC16WPL" name="com.selenium.ebiz.peachtree.peachtree" tests="1" failures="0" timestamp="28 Mar 2019 10:32:37 GMT" time="33.578" errors="0">
  <testcase name="test_PeachTreeCustomizeItemInPDP" time="33.578" classname="com.selenium.ebiz.peachtree.peachtree"/>
</testsuite> <!-- com.selenium.ebiz.peachtree.peachtree -->
