<?xml version="1.0" encoding="UTF-8"?>
<!-- Generated by org.testng.reporters.JUnitReportReporter -->
<testsuite skipped="0" hostname="W7VDIHPQC16WPL" name="com.selenium.ebiz.add_to_cart.addToCart_grid.VerifyIfItemCanBeAddedToTheCartFromShoppingCartPage_Grid" tests="1" failures="0" timestamp="23 Sep 2019 10:39:43 GMT" time="268.397" errors="0">
  <testcase name="addtocart_verifyPartNumberOfItemAddedToCart" time="268.397" classname="com.selenium.ebiz.add_to_cart.addToCart_grid.VerifyIfItemCanBeAddedToTheCartFromShoppingCartPage_Grid"/>
</testsuite> <!-- com.selenium.ebiz.add_to_cart.addToCart_grid.VerifyIfItemCanBeAddedToTheCartFromShoppingCartPage_Grid -->
