<?xml version="1.0" encoding="UTF-8"?>
<!-- Generated by org.testng.reporters.JUnitReportReporter -->
<testsuite skipped="0" hostname="W7VDIHPQC16WPL" name="com.selenium.ebiz.navigation.TopLevelCategoriesBreadcrumbToHomepage" tests="1" failures="0" timestamp="11 Feb 2019 08:53:59 GMT" time="25.402" errors="0">
  <testcase name="topLevelCategoriesBreadcrumbToHomepageAuthenticateUserTest" time="25.402" classname="com.selenium.ebiz.navigation.TopLevelCategoriesBreadcrumbToHomepage"/>
</testsuite> <!-- com.selenium.ebiz.navigation.TopLevelCategoriesBreadcrumbToHomepage -->
