<?xml version="1.0" encoding="UTF-8"?>
<!-- Generated by org.testng.reporters.JUnitReportReporter -->
<testsuite skipped="0" hostname="W7VDIHPQC16WPL" name="com.selenium.ebiz.frequently_purchased.fr_grid.FPP_ValidateResultSet" tests="1" failures="0" timestamp="03 Apr 2019 11:03:19 GMT" time="50.066" errors="0">
  <testcase name="fpp_VerifyAddToListFromFPP" time="50.066" classname="com.selenium.ebiz.frequently_purchased.fr_grid.FPP_ValidateResultSet"/>
</testsuite> <!-- com.selenium.ebiz.frequently_purchased.fr_grid.FPP_ValidateResultSet -->
