<?xml version="1.0" encoding="UTF-8"?>
<!-- Generated by org.testng.reporters.JUnitReportReporter -->
<testsuite skipped="0" hostname="W7VDIHPQC16WPL" name="com.selenium.ebiz.account_management.suma.SumaUserHeader_WORKING" tests="1" failures="0" timestamp="11 Feb 2019 06:52:54 GMT" time="23.794" errors="0">
  <testcase name="verifySumaUserHeader" time="23.794" classname="com.selenium.ebiz.account_management.suma.SumaUserHeader_WORKING"/>
</testsuite> <!-- com.selenium.ebiz.account_management.suma.SumaUserHeader_WORKING -->
