<?xml version="1.0" encoding="UTF-8"?>
<!-- Generated by org.testng.reporters.JUnitReportReporter -->
<testsuite skipped="0" hostname="W7VDIHPQC16WPL" name="com.selenium.ebiz.smoketest.SmokeTest_End_To_End_Scenario_9_New_V8" tests="8" failures="0" timestamp="07 Jan 2019 08:17:12 GMT" time="54.645" errors="0">
  <testcase name="testLogin" time="6.916" classname="com.selenium.ebiz.smoketest.SmokeTest_End_To_End_Scenario_9_New_V8"/>
  <testcase name="navigateToFrequentlyPurchasedPage" time="7.141" classname="com.selenium.ebiz.smoketest.SmokeTest_End_To_End_Scenario_9_New_V8"/>
  <testcase name="clickOnFirstProdut" time="5.803" classname="com.selenium.ebiz.smoketest.SmokeTest_End_To_End_Scenario_9_New_V8"/>
  <testcase name="clickOnAddToQuote" time="24.932" classname="com.selenium.ebiz.smoketest.SmokeTest_End_To_End_Scenario_9_New_V8"/>
  <testcase name="navigateToQuotesPage" time="1.238" classname="com.selenium.ebiz.smoketest.SmokeTest_End_To_End_Scenario_9_New_V8"/>
  <testcase name="navigateToPaymentsAndCheckoutPage" time="2.184" classname="com.selenium.ebiz.smoketest.SmokeTest_End_To_End_Scenario_9_New_V8"/>
  <testcase name="placeWebOrder" time="6.336" classname="com.selenium.ebiz.smoketest.SmokeTest_End_To_End_Scenario_9_New_V8"/>
  <testcase name="captureWebOrderNumber" time="0.095" classname="com.selenium.ebiz.smoketest.SmokeTest_End_To_End_Scenario_9_New_V8"/>
</testsuite> <!-- com.selenium.ebiz.smoketest.SmokeTest_End_To_End_Scenario_9_New_V8 -->
