<?xml version="1.0" encoding="UTF-8"?>
<!-- Generated by org.testng.reporters.JUnitReportReporter -->
<testsuite skipped="0" hostname="W7VDIHPQC16WPL" name="com.selenium.ebiz.smoketest.SmokeScenario_individualTests" tests="1" failures="0" timestamp="19 Feb 2019 13:30:23 GMT" time="51.888" errors="0">
  <testcase name="test_CreateNewSavedList" time="51.888" classname="com.selenium.ebiz.smoketest.SmokeScenario_individualTests"/>
</testsuite> <!-- com.selenium.ebiz.smoketest.SmokeScenario_individualTests -->
