<?xml version="1.0" encoding="UTF-8"?>
<!-- Generated by org.testng.reporters.JUnitReportReporter -->
<testsuite skipped="0" hostname="W7VDIHPQC16WPL" name="com.selenium.ebiz.account_management.suma.VerifyEscKeyIsNotClosingUserAccountModalWindow" tests="1" failures="0" timestamp="25 Sep 2019 08:04:44 GMT" time="30.252" errors="0">
  <testcase name="suma_VerifyEscKeyIsNotClosingUserAccountModalWindow" time="30.252" classname="com.selenium.ebiz.account_management.suma.VerifyEscKeyIsNotClosingUserAccountModalWindow"/>
</testsuite> <!-- com.selenium.ebiz.account_management.suma.VerifyEscKeyIsNotClosingUserAccountModalWindow -->
