<?xml version="1.0" encoding="UTF-8"?>
<!-- Generated by org.testng.reporters.JUnitReportReporter -->
<testsuite skipped="0" hostname="W7VDIHPQC16WPL" name="com.selenium.ebiz.add_to_cart.AddToCartSubCategoryPageLoggedInUser_WORKING" tests="4" failures="0" timestamp="20 Dec 2018 11:59:37 GMT" time="13.840" errors="0">
  <testcase name="test_Login" time="5.607" classname="com.selenium.ebiz.add_to_cart.AddToCartSubCategoryPageLoggedInUser_WORKING"/>
  <testcase name="test_verifyLeftNavgation" time="0.297" classname="com.selenium.ebiz.add_to_cart.AddToCartSubCategoryPageLoggedInUser_WORKING"/>
  <testcase name="test_verifyListViewDisplayed" time="7.419" classname="com.selenium.ebiz.add_to_cart.AddToCartSubCategoryPageLoggedInUser_WORKING"/>
  <testcase name="test_addToCartSubCategoryAndVerifyMessage" time="0.517" classname="com.selenium.ebiz.add_to_cart.AddToCartSubCategoryPageLoggedInUser_WORKING"/>
</testsuite> <!-- com.selenium.ebiz.add_to_cart.AddToCartSubCategoryPageLoggedInUser_WORKING -->
