<?xml version="1.0" encoding="UTF-8"?>
<!-- Generated by org.testng.reporters.JUnitReportReporter -->
<testsuite skipped="0" hostname="W7VDIHPQC16WPL" name="com.selenium.ebiz.compareProducts.compareProducts_grid.VerifyAddToExistingSavedListFromCompareResultsPage_Grid" tests="10" failures="0" timestamp="16 Jul 2019 10:08:41 GMT" time="317.904" errors="0">
  <testcase name="compProd__VerifyAddToExistingSavedListFromCompareResultsPage_Grid" time="30.566" classname="com.selenium.ebiz.compareProducts.compareProducts_grid.VerifyAddToExistingSavedListFromCompareResultsPage_Grid"/>
  <testcase name="compProd__VerifyAddToExistingSavedListFromCompareResultsPage_Grid" time="33.675" classname="com.selenium.ebiz.compareProducts.compareProducts_grid.VerifyAddToExistingSavedListFromCompareResultsPage_Grid"/>
  <testcase name="compProd__VerifyAddToExistingSavedListFromCompareResultsPage_Grid" time="32.177" classname="com.selenium.ebiz.compareProducts.compareProducts_grid.VerifyAddToExistingSavedListFromCompareResultsPage_Grid"/>
  <testcase name="compProd__VerifyAddToExistingSavedListFromCompareResultsPage_Grid" time="30.215" classname="com.selenium.ebiz.compareProducts.compareProducts_grid.VerifyAddToExistingSavedListFromCompareResultsPage_Grid"/>
  <testcase name="compProd__VerifyAddToExistingSavedListFromCompareResultsPage_Grid" time="31.579" classname="com.selenium.ebiz.compareProducts.compareProducts_grid.VerifyAddToExistingSavedListFromCompareResultsPage_Grid"/>
  <testcase name="compProd__VerifyAddToExistingSavedListFromCompareResultsPage_Grid" time="31.721" classname="com.selenium.ebiz.compareProducts.compareProducts_grid.VerifyAddToExistingSavedListFromCompareResultsPage_Grid"/>
  <testcase name="compProd__VerifyAddToExistingSavedListFromCompareResultsPage_Grid" time="32.210" classname="com.selenium.ebiz.compareProducts.compareProducts_grid.VerifyAddToExistingSavedListFromCompareResultsPage_Grid"/>
  <testcase name="compProd__VerifyAddToExistingSavedListFromCompareResultsPage_Grid" time="30.120" classname="com.selenium.ebiz.compareProducts.compareProducts_grid.VerifyAddToExistingSavedListFromCompareResultsPage_Grid"/>
  <testcase name="compProd__VerifyAddToExistingSavedListFromCompareResultsPage_Grid" time="34.722" classname="com.selenium.ebiz.compareProducts.compareProducts_grid.VerifyAddToExistingSavedListFromCompareResultsPage_Grid"/>
  <testcase name="compProd__VerifyAddToExistingSavedListFromCompareResultsPage_Grid" time="30.919" classname="com.selenium.ebiz.compareProducts.compareProducts_grid.VerifyAddToExistingSavedListFromCompareResultsPage_Grid"/>
</testsuite> <!-- com.selenium.ebiz.compareProducts.compareProducts_grid.VerifyAddToExistingSavedListFromCompareResultsPage_Grid -->
