<?xml version="1.0" encoding="UTF-8"?>
<!-- Generated by org.testng.reporters.JUnitReportReporter -->
<testsuite skipped="1" hostname="W7VDIHPQC16WPL" name="com.selenium.ebiz.account_management.suma.SumaUserPropertySelectionModal_Grid" tests="2" failures="0" timestamp="16 Oct 2019 16:37:32 GMT" time="28.238" errors="0">
  <testcase name="suma_verifySumaUsersPropeprtySelectionModal" time="28.238" classname="com.selenium.ebiz.account_management.suma.SumaUserPropertySelectionModal_Grid"/>
  <testcase name="suma_verifySumaUserPropertyDropdown" classname="com.selenium.ebiz.account_management.suma.SumaUserPropertySelectionModal_Grid">
    <skipped/>
  </testcase> <!-- suma_verifySumaUserPropertyDropdown -->
</testsuite> <!-- com.selenium.ebiz.account_management.suma.SumaUserPropertySelectionModal_Grid -->
