<?xml version="1.0" encoding="UTF-8"?>
<!-- Generated by org.testng.reporters.JUnitReportReporter -->
<testsuite skipped="0" hostname="W7VDIHPQC16WPL" name="com.selenium.ebiz.add_to_list.VerifyAddItemsToSavedListFromPLPGridAndListView" tests="13" failures="0" timestamp="22 Jan 2019 06:26:18 GMT" time="79.200" errors="0">
  <testcase name="testLogin" time="5.649" classname="com.selenium.ebiz.add_to_list.VerifyAddItemsToSavedListFromPLPGridAndListView"/>
  <testcase name="test_searchFirstProductByKeywordAndNavigateToPLPGridView" time="6.580" classname="com.selenium.ebiz.add_to_list.VerifyAddItemsToSavedListFromPLPGridAndListView"/>
  <testcase name="test_addFirstProductFromPLPGridViewToNewList" time="1.844" classname="com.selenium.ebiz.add_to_list.VerifyAddItemsToSavedListFromPLPGridAndListView"/>
  <testcase name="test_verifyFirstProductAddedFromPLPGridViewToNewList" time="8.690" classname="com.selenium.ebiz.add_to_list.VerifyAddItemsToSavedListFromPLPGridAndListView"/>
  <testcase name="test_searchSecondProductByKeywordAndNavigateToPLPGridView" time="5.129" classname="com.selenium.ebiz.add_to_list.VerifyAddItemsToSavedListFromPLPGridAndListView"/>
  <testcase name="test_addSecondProductFromPLPGridViewToNewlyCreatedList" time="1.691" classname="com.selenium.ebiz.add_to_list.VerifyAddItemsToSavedListFromPLPGridAndListView"/>
  <testcase name="test_verifySecondProductAddedFromPLPGridViewToExistingList" time="9.222" classname="com.selenium.ebiz.add_to_list.VerifyAddItemsToSavedListFromPLPGridAndListView"/>
  <testcase name="test_searchtProductByKeywordAndNavigateToPLPListView" time="9.934" classname="com.selenium.ebiz.add_to_list.VerifyAddItemsToSavedListFromPLPGridAndListView"/>
  <testcase name="test_addFirstProductFromPLPListViewToNewList" time="1.525" classname="com.selenium.ebiz.add_to_list.VerifyAddItemsToSavedListFromPLPGridAndListView"/>
  <testcase name="test_verifyFirstProductAddedFromPLPListViewToNewList" time="8.082" classname="com.selenium.ebiz.add_to_list.VerifyAddItemsToSavedListFromPLPGridAndListView"/>
  <testcase name="test_searchSecondProductByKeywordAndNavigateToPLPListView" time="9.454" classname="com.selenium.ebiz.add_to_list.VerifyAddItemsToSavedListFromPLPGridAndListView"/>
  <testcase name="test_addSecondProductFromPLPListViewToNewlyCreatedList" time="1.669" classname="com.selenium.ebiz.add_to_list.VerifyAddItemsToSavedListFromPLPGridAndListView"/>
  <testcase name="test_verifySecondProductAddedFromPLPListViewToExistingList" time="9.731" classname="com.selenium.ebiz.add_to_list.VerifyAddItemsToSavedListFromPLPGridAndListView"/>
</testsuite> <!-- com.selenium.ebiz.add_to_list.VerifyAddItemsToSavedListFromPLPGridAndListView -->
