<?xml version="1.0" encoding="UTF-8"?>
<!-- Generated by org.testng.reporters.JUnitReportReporter -->
<testsuite skipped="0" hostname="W7VDIHPQC16WPL" name="com.selenium.ebiz.quotes.VerifyingRoleShowsUpOnQuoteDetailsPage" tests="1" failures="0" timestamp="18 Nov 2019 12:19:31 GMT" time="33.278" errors="0">
  <testcase name="quotes_VerifyingRoleShowsUpOnQuoteDetailsPageForOBOUser" time="33.278" classname="com.selenium.ebiz.quotes.VerifyingRoleShowsUpOnQuoteDetailsPage"/>
</testsuite> <!-- com.selenium.ebiz.quotes.VerifyingRoleShowsUpOnQuoteDetailsPage -->
