<?xml version="1.0" encoding="UTF-8"?>
<!-- Generated by org.testng.reporters.JUnitReportReporter -->
<testsuite skipped="0" hostname="W7VDIHPQC16WPL" name="com.selenium.ebiz.save_list.VerifySaveListPageWhenNoListsPresent" tests="1" failures="0" timestamp="31 May 2019 12:06:38 GMT" time="53.051" errors="0">
  <testcase name="savedList_VerifySaveListPageNoLists" time="53.051" classname="com.selenium.ebiz.save_list.VerifySaveListPageWhenNoListsPresent"/>
</testsuite> <!-- com.selenium.ebiz.save_list.VerifySaveListPageWhenNoListsPresent -->
