<?xml version="1.0" encoding="UTF-8"?>
<!-- Generated by org.testng.reporters.JUnitReportReporter -->
<testsuite skipped="0" hostname="W7VDIHPQC16WPL" name="com.selenium.ebiz.account_management.login.MostPopularTopCategoriesGuestUser_WORKING" tests="1" failures="0" timestamp="13 Mar 2019 07:35:55 GMT" time="4.909" errors="0">
  <testcase name="verifyMostPopularTopCategories" time="4.909" classname="com.selenium.ebiz.account_management.login.MostPopularTopCategoriesGuestUser_WORKING"/>
</testsuite> <!-- com.selenium.ebiz.account_management.login.MostPopularTopCategoriesGuestUser_WORKING -->
