<?xml version="1.0" encoding="UTF-8"?>
<!-- Generated by org.testng.reporters.JUnitReportReporter -->
<testsuite skipped="0" hostname="W7VDIHPQC16WPL" name="com.selenium.ebiz.search.VerifySearchForGenericCompetitorPartNumberOneToOne" tests="1" failures="0" timestamp="28 Jun 2019 07:00:01 GMT" time="24.306" errors="0">
  <testcase name="search_VerifySearchForGenericCompetitorPartNumberOneToOne" time="24.306" classname="com.selenium.ebiz.search.VerifySearchForGenericCompetitorPartNumberOneToOne"/>
</testsuite> <!-- com.selenium.ebiz.search.VerifySearchForGenericCompetitorPartNumberOneToOne -->
