<?xml version="1.0" encoding="UTF-8"?>
<!-- Generated by org.testng.reporters.JUnitReportReporter -->
<testsuite skipped="0" hostname="W7VDIHPQC16WPL" name="com.selenium.ebiz.header.DisplayPromotionalStaticContentPagesGuestUser_WORKING" tests="1" failures="0" timestamp="21 Feb 2019 10:26:35 GMT" time="9.054" errors="0">
  <testcase name="verifyPromotionalStaticContentPageGuestUser" time="9.054" classname="com.selenium.ebiz.header.DisplayPromotionalStaticContentPagesGuestUser_WORKING"/>
</testsuite> <!-- com.selenium.ebiz.header.DisplayPromotionalStaticContentPagesGuestUser_WORKING -->
