<?xml version="1.0" encoding="UTF-8"?>
<!-- Generated by org.testng.reporters.JUnitReportReporter -->
<testsuite skipped="0" hostname="W7VDIHPQC16WPL" name="com.selenium.ebiz.navigation.ShopByCategorySelectSubCategory" tests="2" failures="0" timestamp="11 Feb 2019 12:28:08 GMT" time="32.659" errors="0">
  <testcase name="shopByCategorySelectSubCategoryAuthenticateUserTest" time="19.044" classname="com.selenium.ebiz.navigation.ShopByCategorySelectSubCategory"/>
  <testcase name="shopByCategorySelectSubCategoryGuestUserTest" time="13.615" classname="com.selenium.ebiz.navigation.ShopByCategorySelectSubCategory"/>
</testsuite> <!-- com.selenium.ebiz.navigation.ShopByCategorySelectSubCategory -->
