<?xml version="1.0" encoding="UTF-8"?>
<!-- Generated by org.testng.reporters.JUnitReportReporter -->
<testsuite skipped="0" hostname="W7VDIHPQC16WPL" name="com.selenium.ebiz.order_history.orderHistory_grid.ViewOrderHistoryHeader_WORKING_Grid" tests="1" failures="0" timestamp="11 Oct 2019 08:57:17 GMT" time="27.145" errors="0">
  <testcase name="orderHistory_verifyOrderHistoryHeadingText" time="27.145" classname="com.selenium.ebiz.order_history.orderHistory_grid.ViewOrderHistoryHeader_WORKING_Grid"/>
</testsuite> <!-- com.selenium.ebiz.order_history.orderHistory_grid.ViewOrderHistoryHeader_WORKING_Grid -->
