<?xml version="1.0" encoding="UTF-8"?>
<!-- Generated by org.testng.reporters.JUnitReportReporter -->
<testsuite skipped="0" hostname="W7VDIHPQC16WPL" name="com.selenium.ebiz.product_detail_page.VerifyProductDetailPageSpecifications" tests="2" failures="0" timestamp="15 Jul 2019 11:22:48 GMT" time="51.024" errors="0">
  <testcase name="pdp_VerifyProductDetailPageSpecificationsWithGuestUser" time="19.992" classname="com.selenium.ebiz.product_detail_page.VerifyProductDetailPageSpecifications"/>
  <testcase name="pdp_VerifyProductDetailPageSpecificationsWithLoggedInUser" time="31.032" classname="com.selenium.ebiz.product_detail_page.VerifyProductDetailPageSpecifications"/>
</testsuite> <!-- com.selenium.ebiz.product_detail_page.VerifyProductDetailPageSpecifications -->
