<?xml version="1.0" encoding="UTF-8"?>
<!-- Generated by org.testng.reporters.JUnitReportReporter -->
<testsuite skipped="0" hostname="W7VDIHPQC16WPL" name="com.selenium.ebiz.shoppingCart_management.QuickOrderNotVisible79432Discontinued" tests="1" failures="0" timestamp="10 Jul 2019 16:12:56 GMT" time="167.664" errors="1">
  <testcase name="shopCartManagement_QuickOrderNotVisible79432DiscontinuedGuestUser" time="167.664" classname="com.selenium.ebiz.shoppingCart_management.QuickOrderNotVisible79432Discontinued">
    <error type="org.openqa.selenium.TimeoutException" message="Expected condition failed: waiting for visibility of [[RemoteWebDriver: chrome on XP (ea6a019a19aa8882e0fabd138bf141d9)] -&gt; xpath: //div[@class=&#039;content__description type--caption&#039;]] (tried for 150 second(s) with 500 MILLISECONDS interval)
Build info: version: &#039;3.4.0&#039;, revision: &#039;unknown&#039;, time: &#039;unknown&#039;
System info: host: &#039;W7VDIHPQC16WPL&#039;, ip: &#039;10.224.150.140&#039;, os.name: &#039;Windows 7&#039;, os.arch: &#039;amd64&#039;, os.version: &#039;6.1&#039;, java.version: &#039;1.8.0_191&#039;
Driver info: org.openqa.selenium.remote.RemoteWebDriver
Capabilities [{mobileEmulationEnabled=false, hasTouchScreen=false, platform=XP, acceptSslCerts=false, goog:chromeOptions={debuggerAddress=localhost:49201}, acceptInsecureCerts=false, webStorageEnabled=true, browserName=chrome, takesScreenshot=true, javascriptEnabled=true, setWindowRect=true, unexpectedAlertBehaviour=, applicationCacheEnabled=false, rotatable=false, networkConnectionEnabled=false, chrome={chromedriverVersion=2.41.578737 (49da6702b16031c40d63e5618de03a32ff6c197e), userDataDir=C:\Users\dj073227\AppData\Local\Temp\scoped_dir8320_20659}, takesHeapSnapshot=true, pageLoadStrategy=normal, databaseEnabled=false, handlesAlerts=true, version=75.0.3770.100, browserConnectionEnabled=false, nativeEvents=true, webdriver.remote.sessionid=ea6a019a19aa8882e0fabd138bf141d9, locationContextEnabled=true, cssSelectorsEnabled=true}]
Session ID: ea6a019a19aa8882e0fabd138bf141d9">
      <![CDATA[org.openqa.selenium.TimeoutException: Expected condition failed: waiting for visibility of [[RemoteWebDriver: chrome on XP (ea6a019a19aa8882e0fabd138bf141d9)] -> xpath: //div[@class='content__description type--caption']] (tried for 150 second(s) with 500 MILLISECONDS interval)
Build info: version: '3.4.0', revision: 'unknown', time: 'unknown'
System info: host: 'W7VDIHPQC16WPL', ip: '10.224.150.140', os.name: 'Windows 7', os.arch: 'amd64', os.version: '6.1', java.version: '1.8.0_191'
Driver info: org.openqa.selenium.remote.RemoteWebDriver
Capabilities [{mobileEmulationEnabled=false, hasTouchScreen=false, platform=XP, acceptSslCerts=false, goog:chromeOptions={debuggerAddress=localhost:49201}, acceptInsecureCerts=false, webStorageEnabled=true, browserName=chrome, takesScreenshot=true, javascriptEnabled=true, setWindowRect=true, unexpectedAlertBehaviour=, applicationCacheEnabled=false, rotatable=false, networkConnectionEnabled=false, chrome={chromedriverVersion=2.41.578737 (49da6702b16031c40d63e5618de03a32ff6c197e), userDataDir=C:\Users\dj073227\AppData\Local\Temp\scoped_dir8320_20659}, takesHeapSnapshot=true, pageLoadStrategy=normal, databaseEnabled=false, handlesAlerts=true, version=75.0.3770.100, browserConnectionEnabled=false, nativeEvents=true, webdriver.remote.sessionid=ea6a019a19aa8882e0fabd138bf141d9, locationContextEnabled=true, cssSelectorsEnabled=true}]
Session ID: ea6a019a19aa8882e0fabd138bf141d9
	at org.openqa.selenium.support.ui.WebDriverWait.timeoutException(WebDriverWait.java:80)
	at org.openqa.selenium.support.ui.FluentWait.until(FluentWait.java:232)
	at com.selenium.ebiz.tools.WaitTool.waitForElement(WaitTool.java:73)
	at com.selenium.ebiz.pageobject.ProductListingPage.isDisplayedAlertMessageBox(ProductListingPage.java:337)
	at com.selenium.ebiz.shoppingCart_management.QuickOrderNotVisible79432Discontinued.shopCartManagement_QuickOrderNotVisible79432DiscontinuedGuestUser(QuickOrderNotVisible79432Discontinued.java:34)
	at sun.reflect.NativeMethodAccessorImpl.invoke0(Native Method)
	at sun.reflect.NativeMethodAccessorImpl.invoke(Unknown Source)
	at sun.reflect.DelegatingMethodAccessorImpl.invoke(Unknown Source)
	at java.lang.reflect.Method.invoke(Unknown Source)
	at org.testng.internal.MethodInvocationHelper.invokeMethod(MethodInvocationHelper.java:108)
	at org.testng.internal.Invoker.invokeMethod(Invoker.java:661)
	at org.testng.internal.Invoker.invokeTestMethod(Invoker.java:869)
	at org.testng.internal.TestMethodWithDataProviderMethodWorker.call(TestMethodWithDataProviderMethodWorker.java:75)
	at org.testng.internal.TestMethodWithDataProviderMethodWorker.call(TestMethodWithDataProviderMethodWorker.java:14)
	at java.util.concurrent.FutureTask.run(Unknown Source)
	at java.util.concurrent.Executors$RunnableAdapter.call(Unknown Source)
	at java.util.concurrent.FutureTask.run(Unknown Source)
	at java.util.concurrent.ThreadPoolExecutor.runWorker(Unknown Source)
	at java.util.concurrent.ThreadPoolExecutor$Worker.run(Unknown Source)
	at java.lang.Thread.run(Unknown Source)
]]>
    </error>
  </testcase> <!-- shopCartManagement_QuickOrderNotVisible79432DiscontinuedGuestUser -->
</testsuite> <!-- com.selenium.ebiz.shoppingCart_management.QuickOrderNotVisible79432Discontinued -->
