<?xml version="1.0" encoding="UTF-8"?>
<!-- Generated by org.testng.reporters.JUnitReportReporter -->
<testsuite skipped="0" hostname="W7VDIHPQC16WPL" name="com.selenium.ebiz.add_to_cart.grid_tests_add_to_cart.VerifyIfItemCanBeAddedToCartFromShoppingCartQuickAdd_Grid" tests="1" failures="0" timestamp="28 Mar 2019 08:56:58 GMT" time="30.515" errors="0">
  <testcase name="addtocart_VerifyEnteredPartNumberAndSCPPart" time="30.515" classname="com.selenium.ebiz.add_to_cart.grid_tests_add_to_cart.VerifyIfItemCanBeAddedToCartFromShoppingCartQuickAdd_Grid"/>
</testsuite> <!-- com.selenium.ebiz.add_to_cart.grid_tests_add_to_cart.VerifyIfItemCanBeAddedToCartFromShoppingCartQuickAdd_Grid -->
