<?xml version="1.0" encoding="UTF-8"?>
<!-- Generated by org.testng.reporters.JUnitReportReporter -->
<testsuite skipped="0" hostname="W7VDIHPQC16WPL" name="com.selenium.ebiz.header.QuickOrderMiniFormCheckout_WORKING" tests="1" failures="0" timestamp="15 Feb 2019 11:49:20 GMT" time="21.301" errors="0">
  <testcase name="addProductsUsingQuickOrder" time="21.301" classname="com.selenium.ebiz.header.QuickOrderMiniFormCheckout_WORKING"/>
</testsuite> <!-- com.selenium.ebiz.header.QuickOrderMiniFormCheckout_WORKING -->
