<?xml version="1.0" encoding="UTF-8"?>
<!-- Generated by org.testng.reporters.JUnitReportReporter -->
<testsuite skipped="0" hostname="W7VDIHPQC16WPL" name="com.selenium.ebiz.quickCheckout.VerifyDisplayWarningMessagePopupWhenUserSubmitsIPCItemsQCO" tests="1" failures="0" timestamp="24 Jul 2019 06:44:12 GMT" time="44.538" errors="0">
  <testcase name="quickCheckout_VerifyDisplayWarningMessagePopupWhenUserSubmitsIPCItemsQCO" time="44.538" classname="com.selenium.ebiz.quickCheckout.VerifyDisplayWarningMessagePopupWhenUserSubmitsIPCItemsQCO"/>
</testsuite> <!-- com.selenium.ebiz.quickCheckout.VerifyDisplayWarningMessagePopupWhenUserSubmitsIPCItemsQCO -->
