<?xml version="1.0" encoding="UTF-8"?>
<!-- Generated by org.testng.reporters.JUnitReportReporter -->
<testsuite skipped="0" hostname="W7VDIHPQC16WPL" name="com.selenium.ebiz.add_to_cart.grid_tests_add_to_cart.VerifyIfItemCanBeAddedToTheCartFromShoppingCartPage_Grid" tests="1" failures="0" timestamp="05 Mar 2019 06:40:05 GMT" time="101.588" errors="0">
  <testcase name="addtocart_verifyItemAddedToCartPartNumber" time="101.588" classname="com.selenium.ebiz.add_to_cart.grid_tests_add_to_cart.VerifyIfItemCanBeAddedToTheCartFromShoppingCartPage_Grid"/>
</testsuite> <!-- com.selenium.ebiz.add_to_cart.grid_tests_add_to_cart.VerifyIfItemCanBeAddedToTheCartFromShoppingCartPage_Grid -->
