<?xml version="1.0" encoding="UTF-8"?>
<!-- Generated by org.testng.reporters.JUnitReportReporter -->
<testsuite skipped="0" hostname="W7VDIHPQC16WPL" name="com.selenium.ebiz.shoppingCart_UI.VerifyErrorOnPartAfterClickingOnItInTheShoppingCart" tests="2" failures="0" timestamp="08 May 2019 09:34:00 GMT" time="87.934" errors="0">
  <testcase name="shoppingcartUI_addPartToCartFromPDPVerifyNoError" time="38.449" classname="com.selenium.ebiz.shoppingCart_UI.VerifyErrorOnPartAfterClickingOnItInTheShoppingCart"/>
  <testcase name="shoppingcartUI_AddPartToCartFromPLPVerifyNoError" time="49.485" classname="com.selenium.ebiz.shoppingCart_UI.VerifyErrorOnPartAfterClickingOnItInTheShoppingCart"/>
</testsuite> <!-- com.selenium.ebiz.shoppingCart_UI.VerifyErrorOnPartAfterClickingOnItInTheShoppingCart -->
