<?xml version="1.0" encoding="UTF-8"?>
<!-- Generated by org.testng.reporters.JUnitReportReporter -->
<testsuite skipped="0" hostname="W7VDIHPQC16WPL" name="com.selenium.ebiz.add_to_cart.addToCart_grid.VerifyMarketingSpotsInPLPTopCategoryAndCartPages_Grid" tests="10" failures="0" timestamp="18 Apr 2019 10:27:34 GMT" time="406.811" errors="0">
  <testcase name="addtocart_VerifyAddToCartFromPLPListView" time="42.070" classname="com.selenium.ebiz.add_to_cart.addToCart_grid.VerifyMarketingSpotsInPLPTopCategoryAndCartPages_Grid"/>
  <testcase name="addtocart_VerifyAddToCartFromPLPListView" time="45.783" classname="com.selenium.ebiz.add_to_cart.addToCart_grid.VerifyMarketingSpotsInPLPTopCategoryAndCartPages_Grid"/>
  <testcase name="addtocart_VerifyAddToCartFromPLPListView" time="38.130" classname="com.selenium.ebiz.add_to_cart.addToCart_grid.VerifyMarketingSpotsInPLPTopCategoryAndCartPages_Grid"/>
  <testcase name="addtocart_VerifyAddToCartFromPLPListView" time="40.544" classname="com.selenium.ebiz.add_to_cart.addToCart_grid.VerifyMarketingSpotsInPLPTopCategoryAndCartPages_Grid"/>
  <testcase name="addtocart_VerifyAddToCartFromPLPListView" time="42.519" classname="com.selenium.ebiz.add_to_cart.addToCart_grid.VerifyMarketingSpotsInPLPTopCategoryAndCartPages_Grid"/>
  <testcase name="addtocart_VerifyAddToCartFromPLPListView" time="41.680" classname="com.selenium.ebiz.add_to_cart.addToCart_grid.VerifyMarketingSpotsInPLPTopCategoryAndCartPages_Grid"/>
  <testcase name="addtocart_VerifyAddToCartFromPLPListView" time="38.824" classname="com.selenium.ebiz.add_to_cart.addToCart_grid.VerifyMarketingSpotsInPLPTopCategoryAndCartPages_Grid"/>
  <testcase name="addtocart_VerifyAddToCartFromPLPListView" time="36.997" classname="com.selenium.ebiz.add_to_cart.addToCart_grid.VerifyMarketingSpotsInPLPTopCategoryAndCartPages_Grid"/>
  <testcase name="addtocart_VerifyAddToCartFromPLPListView" time="40.180" classname="com.selenium.ebiz.add_to_cart.addToCart_grid.VerifyMarketingSpotsInPLPTopCategoryAndCartPages_Grid"/>
  <testcase name="addtocart_VerifyAddToCartFromPLPListView" time="40.084" classname="com.selenium.ebiz.add_to_cart.addToCart_grid.VerifyMarketingSpotsInPLPTopCategoryAndCartPages_Grid"/>
</testsuite> <!-- com.selenium.ebiz.add_to_cart.addToCart_grid.VerifyMarketingSpotsInPLPTopCategoryAndCartPages_Grid -->
