<?xml version="1.0" encoding="UTF-8"?>
<!-- Generated by org.testng.reporters.JUnitReportReporter -->
<testsuite skipped="0" hostname="W7VDIHPQC16WPL" name="com.selenium.ebiz.order_history.grid_tests_orderHistory.OrderHistoryAndStatusAuthenticatedUser_WORKING_Grid" tests="1" failures="0" timestamp="01 Mar 2019 10:20:48 GMT" time="153.895" errors="0">
  <testcase name="orderHistory_verifyOrderHistoryBreadcrumAndtitle" time="153.895" classname="com.selenium.ebiz.order_history.grid_tests_orderHistory.OrderHistoryAndStatusAuthenticatedUser_WORKING_Grid"/>
</testsuite> <!-- com.selenium.ebiz.order_history.grid_tests_orderHistory.OrderHistoryAndStatusAuthenticatedUser_WORKING_Grid -->
