<?xml version="1.0" encoding="UTF-8"?>
<!-- Generated by org.testng.reporters.JUnitReportReporter -->
<testsuite skipped="0" hostname="W7VDIHPQC16WPL" name="com.selenium.ebiz.add_to_cart.addToCart_grid.VerifyIfItemCanBeAddedToCartFromOrderHistoryDetailPageAllitems_Grid" tests="10" failures="0" timestamp="09 Jul 2019 08:21:36 GMT" time="665.639" errors="0">
  <testcase name="addtocart_VerifyIfItemCanBeAddedToCartFromOrderHistoryDetailPageAllitems" time="64.335" classname="com.selenium.ebiz.add_to_cart.addToCart_grid.VerifyIfItemCanBeAddedToCartFromOrderHistoryDetailPageAllitems_Grid"/>
  <testcase name="addtocart_VerifyIfItemCanBeAddedToCartFromOrderHistoryDetailPageAllitems" time="46.317" classname="com.selenium.ebiz.add_to_cart.addToCart_grid.VerifyIfItemCanBeAddedToCartFromOrderHistoryDetailPageAllitems_Grid"/>
  <testcase name="addtocart_VerifyIfItemCanBeAddedToCartFromOrderHistoryDetailPageAllitems" time="37.869" classname="com.selenium.ebiz.add_to_cart.addToCart_grid.VerifyIfItemCanBeAddedToCartFromOrderHistoryDetailPageAllitems_Grid"/>
  <testcase name="addtocart_VerifyIfItemCanBeAddedToCartFromOrderHistoryDetailPageAllitems" time="87.733" classname="com.selenium.ebiz.add_to_cart.addToCart_grid.VerifyIfItemCanBeAddedToCartFromOrderHistoryDetailPageAllitems_Grid"/>
  <testcase name="addtocart_VerifyIfItemCanBeAddedToCartFromOrderHistoryDetailPageAllitems" time="58.270" classname="com.selenium.ebiz.add_to_cart.addToCart_grid.VerifyIfItemCanBeAddedToCartFromOrderHistoryDetailPageAllitems_Grid"/>
  <testcase name="addtocart_VerifyIfItemCanBeAddedToCartFromOrderHistoryDetailPageAllitems" time="49.429" classname="com.selenium.ebiz.add_to_cart.addToCart_grid.VerifyIfItemCanBeAddedToCartFromOrderHistoryDetailPageAllitems_Grid"/>
  <testcase name="addtocart_VerifyIfItemCanBeAddedToCartFromOrderHistoryDetailPageAllitems" time="56.391" classname="com.selenium.ebiz.add_to_cart.addToCart_grid.VerifyIfItemCanBeAddedToCartFromOrderHistoryDetailPageAllitems_Grid"/>
  <testcase name="addtocart_VerifyIfItemCanBeAddedToCartFromOrderHistoryDetailPageAllitems" time="69.583" classname="com.selenium.ebiz.add_to_cart.addToCart_grid.VerifyIfItemCanBeAddedToCartFromOrderHistoryDetailPageAllitems_Grid"/>
  <testcase name="addtocart_VerifyIfItemCanBeAddedToCartFromOrderHistoryDetailPageAllitems" time="108.155" classname="com.selenium.ebiz.add_to_cart.addToCart_grid.VerifyIfItemCanBeAddedToCartFromOrderHistoryDetailPageAllitems_Grid"/>
  <testcase name="addtocart_VerifyIfItemCanBeAddedToCartFromOrderHistoryDetailPageAllitems" time="87.557" classname="com.selenium.ebiz.add_to_cart.addToCart_grid.VerifyIfItemCanBeAddedToCartFromOrderHistoryDetailPageAllitems_Grid"/>
</testsuite> <!-- com.selenium.ebiz.add_to_cart.addToCart_grid.VerifyIfItemCanBeAddedToCartFromOrderHistoryDetailPageAllitems_Grid -->
