<?xml version="1.0" encoding="UTF-8"?>
<!-- Generated by org.testng.reporters.JUnitReportReporter -->
<testsuite skipped="0" hostname="W7VDIHPQC16WPL" name="com.selenium.ebiz.navigation.TopLevelCategorieseSpot" tests="2" failures="0" timestamp="11 Feb 2019 09:08:16 GMT" time="24.656" errors="0">
  <testcase name="eSpotTopCategoriesAuthenticateUserTest" time="14.526" classname="com.selenium.ebiz.navigation.TopLevelCategorieseSpot"/>
  <testcase name="eSpotTopCategoriesGuestUserTest" time="10.130" classname="com.selenium.ebiz.navigation.TopLevelCategorieseSpot"/>
</testsuite> <!-- com.selenium.ebiz.navigation.TopLevelCategorieseSpot -->
