<?xml version="1.0" encoding="UTF-8"?>
<!-- Generated by org.testng.reporters.JUnitReportReporter -->
<testsuite skipped="0" hostname="W7VDIHPQC16WPL" name="com.selenium.ebiz.account_management.login.HomepageForLoggedInUserwithWinRel" tests="1" failures="0" timestamp="16 Oct 2019 15:06:08 GMT" time="26.730" errors="0">
  <testcase name="login_displayHomePageForCobrandUserTest" time="26.730" classname="com.selenium.ebiz.account_management.login.HomepageForLoggedInUserwithWinRel"/>
</testsuite> <!-- com.selenium.ebiz.account_management.login.HomepageForLoggedInUserwithWinRel -->
