<?xml version="1.0" encoding="UTF-8"?>
<!-- Generated by org.testng.reporters.JUnitReportReporter -->
<testsuite skipped="0" hostname="W7VDIHPQC16WPL" name="com.selenium.ebiz.search.VerifySearchBoxFieldAccepts50Chars" tests="10" failures="0" timestamp="08 Jul 2019 07:33:30 GMT" time="268.086" errors="0">
  <testcase name="search_VerifySearchBoxFieldAccepts50CharsGuestUser" time="57.073" classname="com.selenium.ebiz.search.VerifySearchBoxFieldAccepts50Chars"/>
  <testcase name="search_VerifySearchBoxFieldAccepts50CharsGuestUser" time="15.543" classname="com.selenium.ebiz.search.VerifySearchBoxFieldAccepts50Chars"/>
  <testcase name="search_VerifySearchBoxFieldAccepts50CharsGuestUser" time="16.503" classname="com.selenium.ebiz.search.VerifySearchBoxFieldAccepts50Chars"/>
  <testcase name="search_VerifySearchBoxFieldAccepts50CharsGuestUser" time="21.226" classname="com.selenium.ebiz.search.VerifySearchBoxFieldAccepts50Chars"/>
  <testcase name="search_VerifySearchBoxFieldAccepts50CharsGuestUser" time="56.851" classname="com.selenium.ebiz.search.VerifySearchBoxFieldAccepts50Chars"/>
  <testcase name="search_VerifySearchBoxFieldAccepts50CharsGuestUser" time="16.354" classname="com.selenium.ebiz.search.VerifySearchBoxFieldAccepts50Chars"/>
  <testcase name="search_VerifySearchBoxFieldAccepts50CharsGuestUser" time="14.902" classname="com.selenium.ebiz.search.VerifySearchBoxFieldAccepts50Chars"/>
  <testcase name="search_VerifySearchBoxFieldAccepts50CharsGuestUser" time="15.812" classname="com.selenium.ebiz.search.VerifySearchBoxFieldAccepts50Chars"/>
  <testcase name="search_VerifySearchBoxFieldAccepts50CharsGuestUser" time="16.257" classname="com.selenium.ebiz.search.VerifySearchBoxFieldAccepts50Chars"/>
  <testcase name="search_VerifySearchBoxFieldAccepts50CharsGuestUser" time="37.565" classname="com.selenium.ebiz.search.VerifySearchBoxFieldAccepts50Chars"/>
</testsuite> <!-- com.selenium.ebiz.search.VerifySearchBoxFieldAccepts50Chars -->
