<?xml version="1.0" encoding="UTF-8"?>
<!-- Generated by org.testng.reporters.JUnitReportReporter -->
<testsuite skipped="0" hostname="W7VDIHPQC16WPL" name="com.selenium.ebiz.navigation.IncreaseDecreaseQuantitySubCategroy" tests="1" failures="0" timestamp="11 Feb 2019 08:26:20 GMT" time="19.053" errors="0">
  <testcase name="increaseDecreaseQuantitySubCategoryTest" time="19.053" classname="com.selenium.ebiz.navigation.IncreaseDecreaseQuantitySubCategroy"/>
</testsuite> <!-- com.selenium.ebiz.navigation.IncreaseDecreaseQuantitySubCategroy -->
