<?xml version="1.0" encoding="UTF-8"?>
<!-- Generated by org.testng.reporters.JUnitReportReporter -->
<testsuite skipped="0" hostname="W7VDIHPQC16WPL" name="com.selenium.ebiz.account_management.my_account.VerifyDeleteAddress" tests="1" failures="0" timestamp="15 Oct 2019 15:34:15 GMT" time="838.309" errors="0">
  <testcase name="myAccount_VerifyDeleteAddress" time="838.309" classname="com.selenium.ebiz.account_management.my_account.VerifyDeleteAddress"/>
</testsuite> <!-- com.selenium.ebiz.account_management.my_account.VerifyDeleteAddress -->
