<?xml version="1.0" encoding="UTF-8"?>
<!-- Generated by org.testng.reporters.JUnitReportReporter -->
<testsuite skipped="0" hostname="W7VDIHPQC16WPL" name="com.selenium.ebiz.frequently_purchased.fr_grid.FrequentlyPurchasedPageValidateTabs_Grid" tests="1" failures="0" timestamp="03 Apr 2019 11:05:19 GMT" time="111.789" errors="0">
  <testcase name="fpp_verifyFrequentlyPurchasedPageTabs" time="111.789" classname="com.selenium.ebiz.frequently_purchased.fr_grid.FrequentlyPurchasedPageValidateTabs_Grid"/>
</testsuite> <!-- com.selenium.ebiz.frequently_purchased.fr_grid.FrequentlyPurchasedPageValidateTabs_Grid -->
