<?xml version="1.0" encoding="UTF-8"?>
<!-- Generated by org.testng.reporters.JUnitReportReporter -->
<testsuite skipped="0" hostname="W7VDIHPQC16WPL" name="com.selenium.ebiz.smoketest.SmokeTest_End_To_End_Scenario_7_OLD" tests="16" failures="0" timestamp="17 Dec 2018 12:01:39 GMT" time="47.784" errors="0">
  <testcase name="testLogin" time="9.943" classname="com.selenium.ebiz.smoketest.SmokeTest_End_To_End_Scenario_7_OLD"/>
  <testcase name="testClearCart" time="6.143" classname="com.selenium.ebiz.smoketest.SmokeTest_End_To_End_Scenario_7_OLD"/>
  <testcase name="logoutAndLogin" time="0.736" classname="com.selenium.ebiz.smoketest.SmokeTest_End_To_End_Scenario_7_OLD"/>
  <testcase name="navigateToProductListingPage" time="5.049" classname="com.selenium.ebiz.smoketest.SmokeTest_End_To_End_Scenario_7_OLD"/>
  <testcase name="addProductToCartFromPLP" time="0.412" classname="com.selenium.ebiz.smoketest.SmokeTest_End_To_End_Scenario_7_OLD"/>
  <testcase name="validateAddToCartSuccessModal" time="0.441" classname="com.selenium.ebiz.smoketest.SmokeTest_End_To_End_Scenario_7_OLD"/>
  <testcase name="clickOnCheckoutButton" time="1.310" classname="com.selenium.ebiz.smoketest.SmokeTest_End_To_End_Scenario_7_OLD"/>
  <testcase name="verifyLogin" time="0.627" classname="com.selenium.ebiz.smoketest.SmokeTest_End_To_End_Scenario_7_OLD"/>
  <testcase name="clickOnAddToList" time="0.999" classname="com.selenium.ebiz.smoketest.SmokeTest_End_To_End_Scenario_7_OLD"/>
  <testcase name="createNewList" time="0.656" classname="com.selenium.ebiz.smoketest.SmokeTest_End_To_End_Scenario_7_OLD"/>
  <testcase name="navigateToSavedList" time="13.953" classname="com.selenium.ebiz.smoketest.SmokeTest_End_To_End_Scenario_7_OLD"/>
  <testcase name="validateProductInSavedList" time="0.070" classname="com.selenium.ebiz.smoketest.SmokeTest_End_To_End_Scenario_7_OLD"/>
  <testcase name="addToCartFromSavedList" time="3.809" classname="com.selenium.ebiz.smoketest.SmokeTest_End_To_End_Scenario_7_OLD"/>
  <testcase name="NavigateToAddPaymentAndCheckoutPage" time="0.292" classname="com.selenium.ebiz.smoketest.SmokeTest_End_To_End_Scenario_7_OLD"/>
  <testcase name="placeWebOrder" time="3.267" classname="com.selenium.ebiz.smoketest.SmokeTest_End_To_End_Scenario_7_OLD"/>
  <testcase name="captureWebOrderNumber" time="0.077" classname="com.selenium.ebiz.smoketest.SmokeTest_End_To_End_Scenario_7_OLD"/>
</testsuite> <!-- com.selenium.ebiz.smoketest.SmokeTest_End_To_End_Scenario_7_OLD -->
