<?xml version="1.0" encoding="UTF-8"?>
<!-- Generated by org.testng.reporters.JUnitReportReporter -->
<testsuite skipped="0" hostname="W7VDIHPQC16WPL" name="com.selenium.ebiz.shoppingCart_UI.VerifyDisplayTheShippingAddress" tests="1" failures="0" timestamp="23 Aug 2019 09:27:18 GMT" time="52.046" errors="0">
  <testcase name="shoppingcartUI_VerifyDisplayTheShippingAddress" time="52.046" classname="com.selenium.ebiz.shoppingCart_UI.VerifyDisplayTheShippingAddress"/>
</testsuite> <!-- com.selenium.ebiz.shoppingCart_UI.VerifyDisplayTheShippingAddress -->
