<?xml version="1.0" encoding="UTF-8"?>
<!-- Generated by org.testng.reporters.JUnitReportReporter -->
<testsuite skipped="0" hostname="W7VDIHPQC16WPL" name="com.selenium.ebiz.header.DisplayStaticContentPageLoggedInUser_WORKING" tests="2" failures="0" timestamp="21 Feb 2019 12:33:35 GMT" time="44.667" errors="0">
  <testcase name="verifyDisplayStaticContentPage" time="14.326" classname="com.selenium.ebiz.header.DisplayStaticContentPageLoggedInUser_WORKING"/>
  <testcase name="verifyHeaderServicePage" time="30.341" classname="com.selenium.ebiz.header.DisplayStaticContentPageLoggedInUser_WORKING"/>
</testsuite> <!-- com.selenium.ebiz.header.DisplayStaticContentPageLoggedInUser_WORKING -->
