<?xml version="1.0" encoding="UTF-8"?>
<!-- Generated by org.testng.reporters.JUnitReportReporter -->
<testsuite skipped="0" hostname="W7VDIHPQC16WPL" name="com.selenium.ebiz.add_to_cart.addToCart_grid.VerifyIfItemCanBeAddedToTheCartThroughPLPListView_Grid" tests="1" failures="0" timestamp="12 Apr 2019 14:46:09 GMT" time="82.078" errors="0">
  <testcase name="addtocart_VerifyItemCanBeAddedToCartFromPLPGrid" time="82.078" classname="com.selenium.ebiz.add_to_cart.addToCart_grid.VerifyIfItemCanBeAddedToTheCartThroughPLPListView_Grid"/>
</testsuite> <!-- com.selenium.ebiz.add_to_cart.addToCart_grid.VerifyIfItemCanBeAddedToTheCartThroughPLPListView_Grid -->
