<?xml version="1.0" encoding="UTF-8"?>
<!-- Generated by org.testng.reporters.JUnitReportReporter -->
<testsuite skipped="0" hostname="W7VDIHPQC16WPL" name="com.selenium.ebiz.add_to_cart.VerifyIfItemCanBeAddedToCartFromShoppingCartQuickAdd" tests="11" failures="0" timestamp="04 Feb 2019 10:42:30 GMT" time="30.314" errors="0">
  <testcase name="verifyItemAddedToCartPriceCheck" time="1.759" classname="com.selenium.ebiz.add_to_cart.VerifyIfItemCanBeAddedToCartFromShoppingCartQuickAdd"/>
  <testcase name="verifyItemAddedToCartCountUpdated" time="1.973" classname="com.selenium.ebiz.add_to_cart.VerifyIfItemCanBeAddedToCartFromShoppingCartQuickAdd"/>
  <testcase name="test_verifyPartFieldTakesOnlySIXDigits" time="1.395" classname="com.selenium.ebiz.add_to_cart.VerifyIfItemCanBeAddedToCartFromShoppingCartQuickAdd"/>
  <testcase name="test_ClearCart" time="3.590" classname="com.selenium.ebiz.add_to_cart.VerifyIfItemCanBeAddedToCartFromShoppingCartQuickAdd"/>
  <testcase name="ItemAddedToCartFromSCP" time="1.030" classname="com.selenium.ebiz.add_to_cart.VerifyIfItemCanBeAddedToCartFromShoppingCartQuickAdd"/>
  <testcase name="test_Login" time="12.126" classname="com.selenium.ebiz.add_to_cart.VerifyIfItemCanBeAddedToCartFromShoppingCartQuickAdd"/>
  <testcase name="verifyPDP" time="7.076" classname="com.selenium.ebiz.add_to_cart.VerifyIfItemCanBeAddedToCartFromShoppingCartQuickAdd"/>
  <testcase name="testLogout" time="0.595" classname="com.selenium.ebiz.add_to_cart.VerifyIfItemCanBeAddedToCartFromShoppingCartQuickAdd"/>
  <testcase name="verifyItemAddedToCartPartNumber" time="0.371" classname="com.selenium.ebiz.add_to_cart.VerifyIfItemCanBeAddedToCartFromShoppingCartQuickAdd"/>
  <testcase name="verifyPartFieldTakesUptoFourDigits" time="0.267" classname="com.selenium.ebiz.add_to_cart.VerifyIfItemCanBeAddedToCartFromShoppingCartQuickAdd"/>
  <testcase name="verifyItemAddedToCartByProductImage" time="0.132" classname="com.selenium.ebiz.add_to_cart.VerifyIfItemCanBeAddedToCartFromShoppingCartQuickAdd"/>
</testsuite> <!-- com.selenium.ebiz.add_to_cart.VerifyIfItemCanBeAddedToCartFromShoppingCartQuickAdd -->
