<?xml version="1.0" encoding="UTF-8"?>
<!-- Generated by org.testng.reporters.JUnitReportReporter -->
<testsuite skipped="0" hostname="W7VDIHPQC16WPL" name="com.selenium.ebiz.account_management.login.ContentRecommendationLoggedInUser_WORKING" tests="1" failures="0" timestamp="13 Mar 2019 08:06:51 GMT" time="43.845" errors="0">
  <testcase name="verifyContentRecommandationForAuthenticatedUser" time="43.845" classname="com.selenium.ebiz.account_management.login.ContentRecommendationLoggedInUser_WORKING"/>
</testsuite> <!-- com.selenium.ebiz.account_management.login.ContentRecommendationLoggedInUser_WORKING -->
