<?xml version="1.0" encoding="UTF-8"?>
<!-- Generated by org.testng.reporters.JUnitReportReporter -->
<testsuite skipped="0" hostname="W7VDIHPQC16WPL" name="com.selenium.ebiz.product_listing_page.plp_NonParallelTests.CompareTheseItemsPageGuestUser_WORKING" tests="1" failures="0" timestamp="18 Mar 2019 13:43:33 GMT" time="33.121" errors="0">
  <testcase name="verifyProductTilesWithButtonsGuestUser" time="33.121" classname="com.selenium.ebiz.product_listing_page.plp_NonParallelTests.CompareTheseItemsPageGuestUser_WORKING"/>
</testsuite> <!-- com.selenium.ebiz.product_listing_page.plp_NonParallelTests.CompareTheseItemsPageGuestUser_WORKING -->
