<?xml version="1.0" encoding="UTF-8"?>
<!-- Generated by org.testng.reporters.JUnitReportReporter -->
<testsuite skipped="0" hostname="W7VDIHPQC16WPL" name="com.selenium.ebiz.order_history.grid_tests_orderHistory.VerifyOrderHistoryDetailSort_Grid" tests="1" failures="0" timestamp="08 Apr 2019 09:55:13 GMT" time="257.782" errors="0">
  <testcase name="orderHistory_VerifyOrderHistoryDetailSort" time="257.782" classname="com.selenium.ebiz.order_history.grid_tests_orderHistory.VerifyOrderHistoryDetailSort_Grid"/>
</testsuite> <!-- com.selenium.ebiz.order_history.grid_tests_orderHistory.VerifyOrderHistoryDetailSort_Grid -->
