<?xml version="1.0" encoding="UTF-8"?>
<!-- Generated by org.testng.reporters.JUnitReportReporter -->
<testsuite skipped="0" hostname="W7VDIHPQC16WPL" name="com.selenium.ebiz.quotes.VerifyingMessageInCaseOfZeroQuotesInDeletedTab" tests="1" failures="0" timestamp="16 Oct 2019 16:27:26 GMT" time="40.154" errors="0">
  <testcase name="quotes_VerifyingMessageInCaseOfZeroQuotesInDeletedTab" time="40.154" classname="com.selenium.ebiz.quotes.VerifyingMessageInCaseOfZeroQuotesInDeletedTab"/>
</testsuite> <!-- com.selenium.ebiz.quotes.VerifyingMessageInCaseOfZeroQuotesInDeletedTab -->
