<?xml version="1.0" encoding="UTF-8"?>
<!-- Generated by org.testng.reporters.JUnitReportReporter -->
<testsuite skipped="0" hostname="W7VDIHPQC16WPL" name="com.selenium.ebiz.header.VerifyStaticWebsiteHelpInUtilityBarDisplayed" tests="1" failures="0" timestamp="27 Nov 2019 14:38:13 GMT" time="18.268" errors="0">
  <testcase name="header_DisplayStaticWebsiteHelpInUtilityBarOnOrderHistoryPage" time="18.268" classname="com.selenium.ebiz.header.VerifyStaticWebsiteHelpInUtilityBarDisplayed"/>
</testsuite> <!-- com.selenium.ebiz.header.VerifyStaticWebsiteHelpInUtilityBarDisplayed -->
