<?xml version="1.0" encoding="UTF-8"?>
<!-- Generated by org.testng.reporters.JUnitReportReporter -->
<testsuite skipped="1" hostname="W7VDIHPQC16WPL" name="com.selenium.ebiz.search.SearchPartWithLoggedInUser" tests="6" failures="0" timestamp="22 Mar 2019 08:27:10 GMT" time="339.828" errors="0">
  <testcase name="verifySearchResultsListView" time="87.672" classname="com.selenium.ebiz.search.SearchPartWithLoggedInUser"/>
  <testcase name="searchItemInL2CategoryAuthenticateUserTest" time="53.628" classname="com.selenium.ebiz.search.SearchPartWithLoggedInUser"/>
  <testcase name="searchByPartNumberLoggedInUserTest" time="71.301" classname="com.selenium.ebiz.search.SearchPartWithLoggedInUser"/>
  <testcase name="verifySearchResultPageLoggedInUser" time="32.011" classname="com.selenium.ebiz.search.SearchPartWithLoggedInUser"/>
  <testcase name="noResultSearchPageLoggedInUser" time="95.216" classname="com.selenium.ebiz.search.SearchPartWithLoggedInUser"/>
  <testcase name="discontinuedPartwithReplacementLoggedInUser" classname="com.selenium.ebiz.search.SearchPartWithLoggedInUser">
    <skipped/>
  </testcase> <!-- discontinuedPartwithReplacementLoggedInUser -->
</testsuite> <!-- com.selenium.ebiz.search.SearchPartWithLoggedInUser -->
