<?xml version="1.0" encoding="UTF-8"?>
<!-- Generated by org.testng.reporters.JUnitReportReporter -->
<testsuite skipped="0" hostname="W7VDIHPQC16WPL" name="com.selenium.ebiz.product_listing_page.grid_tests_plp.VerifyCustomizablePartFiltersInProductListingPage" tests="2" failures="0" timestamp="04 Mar 2019 08:28:15 GMT" time="271.355" errors="0">
  <testcase name="plp_VerifyCustomizablePartFiltersInProductListingPage_GuestUser" time="102.366" classname="com.selenium.ebiz.product_listing_page.grid_tests_plp.VerifyCustomizablePartFiltersInProductListingPage"/>
  <testcase name="plp_VerifyCustomizablePartFiltersInProductListingPage_AuthenticatedUser" time="168.989" classname="com.selenium.ebiz.product_listing_page.grid_tests_plp.VerifyCustomizablePartFiltersInProductListingPage"/>
</testsuite> <!-- com.selenium.ebiz.product_listing_page.grid_tests_plp.VerifyCustomizablePartFiltersInProductListingPage -->
