<?xml version="1.0" encoding="UTF-8"?>
<!-- Generated by org.testng.reporters.JUnitReportReporter -->
<testsuite skipped="0" hostname="W7VDIHPQC16WPL" name="com.selenium.ebiz.product_listing_page.grid_tests_plp.VerifyRichRelevanceRecommendationSectionAddToCart" tests="1" failures="0" timestamp="04 Mar 2019 08:28:15 GMT" time="89.310" errors="0">
  <testcase name="test_VerifyRichRelevanceRecommendationSectionAddToCart" time="89.310" classname="com.selenium.ebiz.product_listing_page.grid_tests_plp.VerifyRichRelevanceRecommendationSectionAddToCart"/>
</testsuite> <!-- com.selenium.ebiz.product_listing_page.grid_tests_plp.VerifyRichRelevanceRecommendationSectionAddToCart -->
