<?xml version="1.0" encoding="UTF-8"?>
<!-- Generated by org.testng.reporters.JUnitReportReporter -->
<testsuite skipped="0" hostname="W7VDIHPQC16WPL" name="com.selenium.ebiz.quotes.CreateQuoteFromQuoteLandingPage" tests="10" failures="0" timestamp="29 Jul 2019 13:19:30 GMT" time="230.252" errors="0">
  <testcase name="quotes_CreateQuoteFromQuoteLandingPage" time="22.288" classname="com.selenium.ebiz.quotes.CreateQuoteFromQuoteLandingPage"/>
  <testcase name="quotes_CreateQuoteFromQuoteLandingPage" time="21.967" classname="com.selenium.ebiz.quotes.CreateQuoteFromQuoteLandingPage"/>
  <testcase name="quotes_CreateQuoteFromQuoteLandingPage" time="20.990" classname="com.selenium.ebiz.quotes.CreateQuoteFromQuoteLandingPage"/>
  <testcase name="quotes_CreateQuoteFromQuoteLandingPage" time="23.794" classname="com.selenium.ebiz.quotes.CreateQuoteFromQuoteLandingPage"/>
  <testcase name="quotes_CreateQuoteFromQuoteLandingPage" time="27.006" classname="com.selenium.ebiz.quotes.CreateQuoteFromQuoteLandingPage"/>
  <testcase name="quotes_CreateQuoteFromQuoteLandingPage" time="22.518" classname="com.selenium.ebiz.quotes.CreateQuoteFromQuoteLandingPage"/>
  <testcase name="quotes_CreateQuoteFromQuoteLandingPage" time="22.021" classname="com.selenium.ebiz.quotes.CreateQuoteFromQuoteLandingPage"/>
  <testcase name="quotes_CreateQuoteFromQuoteLandingPage" time="21.098" classname="com.selenium.ebiz.quotes.CreateQuoteFromQuoteLandingPage"/>
  <testcase name="quotes_CreateQuoteFromQuoteLandingPage" time="26.298" classname="com.selenium.ebiz.quotes.CreateQuoteFromQuoteLandingPage"/>
  <testcase name="quotes_CreateQuoteFromQuoteLandingPage" time="22.272" classname="com.selenium.ebiz.quotes.CreateQuoteFromQuoteLandingPage"/>
</testsuite> <!-- com.selenium.ebiz.quotes.CreateQuoteFromQuoteLandingPage -->
