<?xml version="1.0" encoding="UTF-8"?>
<!-- Generated by org.testng.reporters.JUnitReportReporter -->
<testsuite skipped="0" hostname="W7VDIHPQC16WPL" name="com.selenium.ebiz.save_list.VerifyingSortByFunctionalityOnSaveListPageSharedListView" tests="1" failures="0" timestamp="14 Nov 2019 10:42:13 GMT" time="26.275" errors="0">
  <testcase name="savedList_VerifyingSortByFunctionalityOnSaveListPageSharedListView" time="26.275" classname="com.selenium.ebiz.save_list.VerifyingSortByFunctionalityOnSaveListPageSharedListView"/>
</testsuite> <!-- com.selenium.ebiz.save_list.VerifyingSortByFunctionalityOnSaveListPageSharedListView -->
