<?xml version="1.0" encoding="UTF-8"?>
<!-- Generated by org.testng.reporters.JUnitReportReporter -->
<testsuite skipped="0" hostname="W7VDIHPQC16WPL" name="com.selenium.ebiz.footer.FooterLinkParameterization_Grid" tests="1" failures="0" timestamp="27 Nov 2019 14:31:11 GMT" time="22.587" errors="0">
  <testcase name="footer_VerifyPrivacyPolicyLink" time="22.587" classname="com.selenium.ebiz.footer.FooterLinkParameterization_Grid"/>
</testsuite> <!-- com.selenium.ebiz.footer.FooterLinkParameterization_Grid -->
