<?xml version="1.0" encoding="UTF-8"?>
<!-- Generated by org.testng.reporters.JUnitReportReporter -->
<testsuite skipped="0" hostname="W7VDIHPQC16WPL" name="com.selenium.ebiz.smoketest.smoke_parallel.SmokeScenario_individualTests" tests="10" failures="0" timestamp="18 Apr 2019 12:00:15 GMT" time="156.618" errors="0">
  <testcase name="test_SearchByProductNumberAddToCartFromPDP" time="15.632" classname="com.selenium.ebiz.smoketest.smoke_parallel.SmokeScenario_individualTests"/>
  <testcase name="test_SearchByProductNumberAddToCartFromPDP" time="16.788" classname="com.selenium.ebiz.smoketest.smoke_parallel.SmokeScenario_individualTests"/>
  <testcase name="test_SearchByProductNumberAddToCartFromPDP" time="14.753" classname="com.selenium.ebiz.smoketest.smoke_parallel.SmokeScenario_individualTests"/>
  <testcase name="test_SearchByProductNumberAddToCartFromPDP" time="15.333" classname="com.selenium.ebiz.smoketest.smoke_parallel.SmokeScenario_individualTests"/>
  <testcase name="test_SearchByProductNumberAddToCartFromPDP" time="15.070" classname="com.selenium.ebiz.smoketest.smoke_parallel.SmokeScenario_individualTests"/>
  <testcase name="test_SearchByProductNumberAddToCartFromPDP" time="15.557" classname="com.selenium.ebiz.smoketest.smoke_parallel.SmokeScenario_individualTests"/>
  <testcase name="test_SearchByProductNumberAddToCartFromPDP" time="15.763" classname="com.selenium.ebiz.smoketest.smoke_parallel.SmokeScenario_individualTests"/>
  <testcase name="test_SearchByProductNumberAddToCartFromPDP" time="18.485" classname="com.selenium.ebiz.smoketest.smoke_parallel.SmokeScenario_individualTests"/>
  <testcase name="test_SearchByProductNumberAddToCartFromPDP" time="14.300" classname="com.selenium.ebiz.smoketest.smoke_parallel.SmokeScenario_individualTests"/>
  <testcase name="test_SearchByProductNumberAddToCartFromPDP" time="14.937" classname="com.selenium.ebiz.smoketest.smoke_parallel.SmokeScenario_individualTests"/>
</testsuite> <!-- com.selenium.ebiz.smoketest.smoke_parallel.SmokeScenario_individualTests -->
