<?xml version="1.0" encoding="UTF-8"?>
<!-- Generated by org.testng.reporters.JUnitReportReporter -->
<testsuite skipped="0" hostname="W7VDIHPQC16WPL" name="com.selenium.ebiz.add_to_cart.VerifyItemAddedToCartFromSaveListSummary" tests="5" failures="0" timestamp="04 Feb 2019 10:42:30 GMT" time="27.398" errors="0">
  <testcase name="test_VerifyItemIsAddedToCartFromSaveList" time="1.631" classname="com.selenium.ebiz.add_to_cart.VerifyItemAddedToCartFromSaveListSummary"/>
  <testcase name="test_VerifySaveListSummaryPage" time="1.786" classname="com.selenium.ebiz.add_to_cart.VerifyItemAddedToCartFromSaveListSummary"/>
  <testcase name="test_ClearCart" time="1.598" classname="com.selenium.ebiz.add_to_cart.VerifyItemAddedToCartFromSaveListSummary"/>
  <testcase name="testLogin" time="11.740" classname="com.selenium.ebiz.add_to_cart.VerifyItemAddedToCartFromSaveListSummary"/>
  <testcase name="test_VerifyPartAddedMatchsWithSaveList" time="10.643" classname="com.selenium.ebiz.add_to_cart.VerifyItemAddedToCartFromSaveListSummary"/>
</testsuite> <!-- com.selenium.ebiz.add_to_cart.VerifyItemAddedToCartFromSaveListSummary -->
