<?xml version="1.0" encoding="UTF-8"?>
<!-- Generated by org.testng.reporters.JUnitReportReporter -->
<testsuite skipped="2" hostname="W7VDIHPQC16WPL" name="com.selenium.ebiz.account_management.login.LoginTestAllScenarios_WORKING" tests="13" failures="0" timestamp="13 Mar 2019 07:35:55 GMT" time="410.581" errors="0">
  <testcase name="loginWithInvalidUsernameTest" time="22.331" classname="com.selenium.ebiz.account_management.login.LoginTestAllScenarios_WORKING"/>
  <testcase name="verifyFooterLinksTest" time="7.322" classname="com.selenium.ebiz.account_management.login.LoginTestAllScenarios_WORKING"/>
  <testcase name="loginWithValidSumaUserCredentialAndLogoutTest" time="83.811" classname="com.selenium.ebiz.account_management.login.LoginTestAllScenarios_WORKING"/>
  <testcase name="verifyCopyrightMessage" time="47.457" classname="com.selenium.ebiz.account_management.login.LoginTestAllScenarios_WORKING"/>
  <testcase name="loginWithIncorrectPasswordTest" time="22.267" classname="com.selenium.ebiz.account_management.login.LoginTestAllScenarios_WORKING"/>
  <testcase name="verifyContentRecommandationForUnauthenticatedUser" time="7.272" classname="com.selenium.ebiz.account_management.login.LoginTestAllScenarios_WORKING"/>
  <testcase name="loginWithEmptyUsernameTest" time="18.617" classname="com.selenium.ebiz.account_management.login.LoginTestAllScenarios_WORKING"/>
  <testcase name="displayHomePageForUnAuthenticatedUserTest" time="8.182" classname="com.selenium.ebiz.account_management.login.LoginTestAllScenarios_WORKING"/>
  <testcase name="loginWithValidCredentialAndLogoutTest" time="96.111" classname="com.selenium.ebiz.account_management.login.LoginTestAllScenarios_WORKING"/>
  <testcase name="loginWithEmptyPasswordTest" time="22.764" classname="com.selenium.ebiz.account_management.login.LoginTestAllScenarios_WORKING"/>
  <testcase name="verifyCredentialsWhileLogin" time="74.447" classname="com.selenium.ebiz.account_management.login.LoginTestAllScenarios_WORKING"/>
  <testcase name="validateGuestContentHero" classname="com.selenium.ebiz.account_management.login.LoginTestAllScenarios_WORKING">
    <skipped/>
  </testcase> <!-- validateGuestContentHero -->
  <testcase name="verifyLearnSomethingNew" classname="com.selenium.ebiz.account_management.login.LoginTestAllScenarios_WORKING">
    <skipped/>
  </testcase> <!-- verifyLearnSomethingNew -->
</testsuite> <!-- com.selenium.ebiz.account_management.login.LoginTestAllScenarios_WORKING -->
