<?xml version="1.0" encoding="UTF-8"?>
<!-- Generated by org.testng.reporters.JUnitReportReporter -->
<testsuite skipped="0" hostname="W7VDIHPQC16WPL" name="com.selenium.ebiz.add_to_cart.VerifyIfItemCanBeAddedToCartFromOrderHistoryDetailPageIndividualitems" tests="9" failures="0" timestamp="04 Feb 2019 10:42:30 GMT" time="78.858" errors="0">
  <testcase name="verifyProductPartNumber" time="0.160" classname="com.selenium.ebiz.add_to_cart.VerifyIfItemCanBeAddedToCartFromOrderHistoryDetailPageIndividualitems"/>
  <testcase name="verifyOrdersPage" time="59.587" classname="com.selenium.ebiz.add_to_cart.VerifyIfItemCanBeAddedToCartFromOrderHistoryDetailPageIndividualitems"/>
  <testcase name="testClearCart" time="2.727" classname="com.selenium.ebiz.add_to_cart.VerifyIfItemCanBeAddedToCartFromOrderHistoryDetailPageIndividualitems"/>
  <testcase name="testLogin" time="6.453" classname="com.selenium.ebiz.add_to_cart.VerifyIfItemCanBeAddedToCartFromOrderHistoryDetailPageIndividualitems"/>
  <testcase name="veriyItemAddedToCart" time="3.585" classname="com.selenium.ebiz.add_to_cart.VerifyIfItemCanBeAddedToCartFromOrderHistoryDetailPageIndividualitems"/>
  <testcase name="verifyOrderHistoryDetailsPage" time="1.487" classname="com.selenium.ebiz.add_to_cart.VerifyIfItemCanBeAddedToCartFromOrderHistoryDetailPageIndividualitems"/>
  <testcase name="verifyShoppingCartPage" time="3.352" classname="com.selenium.ebiz.add_to_cart.VerifyIfItemCanBeAddedToCartFromOrderHistoryDetailPageIndividualitems"/>
  <testcase name="testLogout" time="1.374" classname="com.selenium.ebiz.add_to_cart.VerifyIfItemCanBeAddedToCartFromOrderHistoryDetailPageIndividualitems"/>
  <testcase name="verifyProductPrice" time="0.133" classname="com.selenium.ebiz.add_to_cart.VerifyIfItemCanBeAddedToCartFromOrderHistoryDetailPageIndividualitems"/>
</testsuite> <!-- com.selenium.ebiz.add_to_cart.VerifyIfItemCanBeAddedToCartFromOrderHistoryDetailPageIndividualitems -->
