<?xml version="1.0" encoding="UTF-8"?>
<!-- Generated by org.testng.reporters.JUnitReportReporter -->
<testsuite skipped="2" hostname="W7VDIHPQC16WPL" name="com.selenium.ebiz.account_management.login.StayConnectedHomePageLoggedInUser_WORKING" tests="8" failures="0" timestamp="13 Mar 2019 07:35:55 GMT" time="390.354" errors="0">
  <testcase name="verifyHDSupplyLogoTest" time="59.651" classname="com.selenium.ebiz.account_management.login.StayConnectedHomePageLoggedInUser_WORKING"/>
  <testcase name="verifySocialNetworkLinksTest" time="60.650" classname="com.selenium.ebiz.account_management.login.StayConnectedHomePageLoggedInUser_WORKING"/>
  <testcase name="moveToOfferPage" time="82.875" classname="com.selenium.ebiz.account_management.login.StayConnectedHomePageLoggedInUser_WORKING"/>
  <testcase name="searchByKeywordOrPartNumber" time="67.332" classname="com.selenium.ebiz.account_management.login.StayConnectedHomePageLoggedInUser_WORKING"/>
  <testcase name="verifyFooterLinksTest" time="59.551" classname="com.selenium.ebiz.account_management.login.StayConnectedHomePageLoggedInUser_WORKING"/>
  <testcase name="verifyResourcesFlyout" time="60.295" classname="com.selenium.ebiz.account_management.login.StayConnectedHomePageLoggedInUser_WORKING"/>
  <testcase name="moveToEcatalogPage" classname="com.selenium.ebiz.account_management.login.StayConnectedHomePageLoggedInUser_WORKING">
    <skipped/>
  </testcase> <!-- moveToEcatalogPage -->
  <testcase name="verifyOnceOrderSection" classname="com.selenium.ebiz.account_management.login.StayConnectedHomePageLoggedInUser_WORKING">
    <skipped/>
  </testcase> <!-- verifyOnceOrderSection -->
</testsuite> <!-- com.selenium.ebiz.account_management.login.StayConnectedHomePageLoggedInUser_WORKING -->
