<?xml version="1.0" encoding="UTF-8"?>
<!-- Generated by org.testng.reporters.JUnitReportReporter -->
<testsuite skipped="0" hostname="W7VDIHPQC16WPL" name="com.selenium.ebiz.navigation.CustomizeThisItemSubCategory" tests="2" failures="0" timestamp="12 Feb 2019 06:46:00 GMT" time="42.287" errors="0">
  <testcase name="verifyCustomizeThisItemSubCategoryAuthenticateUserTest" time="29.619" classname="com.selenium.ebiz.navigation.CustomizeThisItemSubCategory"/>
  <testcase name="verifyCustomizeThisItemSubCategoryGuestUserTest" time="12.668" classname="com.selenium.ebiz.navigation.CustomizeThisItemSubCategory"/>
</testsuite> <!-- com.selenium.ebiz.navigation.CustomizeThisItemSubCategory -->
