<?xml version="1.0" encoding="UTF-8"?>
<!-- Generated by org.testng.reporters.JUnitReportReporter -->
<testsuite skipped="0" hostname="W7VDIHPQC16WPL" name="com.selenium.ebiz.product_listing_page.grid_tests_plp.VerifyFeaturesinPLPAboveCountOfSearchResults" tests="1" failures="0" timestamp="04 Mar 2019 09:08:21 GMT" time="210.369" errors="0">
  <testcase name="plp_VerifyProductFilteredByADAApproved" time="210.369" classname="com.selenium.ebiz.product_listing_page.grid_tests_plp.VerifyFeaturesinPLPAboveCountOfSearchResults"/>
</testsuite> <!-- com.selenium.ebiz.product_listing_page.grid_tests_plp.VerifyFeaturesinPLPAboveCountOfSearchResults -->
