<?xml version="1.0" encoding="UTF-8"?>
<!-- Generated by org.testng.reporters.JUnitReportReporter -->
<testsuite skipped="0" hostname="W7VDIHPQC16WPL" name="com.selenium.ebiz.product_listing_page.plp_grid.VerifyIfItemCanBeAddedToTheCartThroughPLPListView" tests="1" failures="0" timestamp="27 Nov 2019 14:44:03 GMT" time="49.909" errors="0">
  <testcase name="plp_VerifyIfItemCanBeAddedToTheCartThroughPLPListView" time="49.909" classname="com.selenium.ebiz.product_listing_page.plp_grid.VerifyIfItemCanBeAddedToTheCartThroughPLPListView"/>
</testsuite> <!-- com.selenium.ebiz.product_listing_page.plp_grid.VerifyIfItemCanBeAddedToTheCartThroughPLPListView -->
