<?xml version="1.0" encoding="UTF-8"?>
<!-- Generated by org.testng.reporters.JUnitReportReporter -->
<testsuite skipped="0" hostname="W7VDIHPQC16WPL" name="com.selenium.ebiz.smoketest.test" tests="1" failures="0" timestamp="22 Jan 2019 09:22:18 GMT" time="0.078" errors="0">
  <testcase name="RunNode" time="0.078" classname="com.selenium.ebiz.smoketest.test"/>
</testsuite> <!-- com.selenium.ebiz.smoketest.test -->
