<?xml version="1.0" encoding="UTF-8"?>
<!-- Generated by org.testng.reporters.JUnitReportReporter -->
<testsuite skipped="0" hostname="W7VDIHPQC16WPL" name="com.selenium.ebiz.search.VerifyOneWordSearchReturnsResults" tests="1" failures="0" timestamp="28 Jun 2019 07:13:56 GMT" time="21.176" errors="0">
  <testcase name="search_VerifyOneWordSearchReturnsResults" time="21.176" classname="com.selenium.ebiz.search.VerifyOneWordSearchReturnsResults"/>
</testsuite> <!-- com.selenium.ebiz.search.VerifyOneWordSearchReturnsResults -->
