<?xml version="1.0" encoding="UTF-8"?>
<!-- Generated by org.testng.reporters.JUnitReportReporter -->
<testsuite skipped="0" hostname="W7VDIHPQC16WPL" name="com.selenium.ebiz.shoppingCart_UI.VerifyOrderSummary" tests="1" failures="0" timestamp="08 May 2019 11:54:19 GMT" time="31.833" errors="0">
  <testcase name="shoppingcartUI_VerifyOrderSummary" time="31.833" classname="com.selenium.ebiz.shoppingCart_UI.VerifyOrderSummary"/>
</testsuite> <!-- com.selenium.ebiz.shoppingCart_UI.VerifyOrderSummary -->
