<?xml version="1.0" encoding="UTF-8"?>
<!-- Generated by org.testng.reporters.JUnitReportReporter -->
<testsuite skipped="1" hostname="W7VDIHPQC16WPL" name="com.selenium.ebiz.product_listing_page.plp_grid.VerifyCustomizablePartFiltersInProductListingPage" tests="1" failures="0" timestamp="18 Nov 2019 09:54:51 GMT" time="0.000" errors="0">
  <testcase name="plp_VerifyCustomizablePartFiltersInProductListingPage_GuestUser" time="0.000" classname="com.selenium.ebiz.product_listing_page.plp_grid.VerifyCustomizablePartFiltersInProductListingPage">
    <skipped/>
  </testcase> <!-- plp_VerifyCustomizablePartFiltersInProductListingPage_GuestUser -->
</testsuite> <!-- com.selenium.ebiz.product_listing_page.plp_grid.VerifyCustomizablePartFiltersInProductListingPage -->
