<?xml version="1.0" encoding="UTF-8"?>
<!-- Generated by org.testng.reporters.JUnitReportReporter -->
<testsuite skipped="0" hostname="W7VDIHPQC16WPL" name="com.selenium.ebiz.header.QuickOrderGuestUser_WORKING" tests="1" failures="0" timestamp="15 Feb 2019 11:41:10 GMT" time="12.198" errors="0">
  <testcase name="addProductsUsingQuickOrder" time="12.198" classname="com.selenium.ebiz.header.QuickOrderGuestUser_WORKING"/>
</testsuite> <!-- com.selenium.ebiz.header.QuickOrderGuestUser_WORKING -->
