<?xml version="1.0" encoding="UTF-8"?>
<!-- Generated by org.testng.reporters.JUnitReportReporter -->
<testsuite skipped="0" hostname="W7VDIHPQC16WPL" name="com.selenium.ebiz.add_to_cart.addToCart_grid.VerifyItemAddedToCartFrommPDPPrelogin_Grid" tests="10" failures="0" timestamp="18 Apr 2019 12:46:30 GMT" time="282.886" errors="0">
  <testcase name="addtocart_VerifyItemAddedToCartFrommPDPPrelogin" time="27.312" classname="com.selenium.ebiz.add_to_cart.addToCart_grid.VerifyItemAddedToCartFrommPDPPrelogin_Grid"/>
  <testcase name="addtocart_VerifyItemAddedToCartFrommPDPPrelogin" time="26.235" classname="com.selenium.ebiz.add_to_cart.addToCart_grid.VerifyItemAddedToCartFrommPDPPrelogin_Grid"/>
  <testcase name="addtocart_VerifyItemAddedToCartFrommPDPPrelogin" time="28.527" classname="com.selenium.ebiz.add_to_cart.addToCart_grid.VerifyItemAddedToCartFrommPDPPrelogin_Grid"/>
  <testcase name="addtocart_VerifyItemAddedToCartFrommPDPPrelogin" time="29.222" classname="com.selenium.ebiz.add_to_cart.addToCart_grid.VerifyItemAddedToCartFrommPDPPrelogin_Grid"/>
  <testcase name="addtocart_VerifyItemAddedToCartFrommPDPPrelogin" time="32.231" classname="com.selenium.ebiz.add_to_cart.addToCart_grid.VerifyItemAddedToCartFrommPDPPrelogin_Grid"/>
  <testcase name="addtocart_VerifyItemAddedToCartFrommPDPPrelogin" time="27.881" classname="com.selenium.ebiz.add_to_cart.addToCart_grid.VerifyItemAddedToCartFrommPDPPrelogin_Grid"/>
  <testcase name="addtocart_VerifyItemAddedToCartFrommPDPPrelogin" time="28.907" classname="com.selenium.ebiz.add_to_cart.addToCart_grid.VerifyItemAddedToCartFrommPDPPrelogin_Grid"/>
  <testcase name="addtocart_VerifyItemAddedToCartFrommPDPPrelogin" time="28.765" classname="com.selenium.ebiz.add_to_cart.addToCart_grid.VerifyItemAddedToCartFrommPDPPrelogin_Grid"/>
  <testcase name="addtocart_VerifyItemAddedToCartFrommPDPPrelogin" time="26.997" classname="com.selenium.ebiz.add_to_cart.addToCart_grid.VerifyItemAddedToCartFrommPDPPrelogin_Grid"/>
  <testcase name="addtocart_VerifyItemAddedToCartFrommPDPPrelogin" time="26.809" classname="com.selenium.ebiz.add_to_cart.addToCart_grid.VerifyItemAddedToCartFrommPDPPrelogin_Grid"/>
</testsuite> <!-- com.selenium.ebiz.add_to_cart.addToCart_grid.VerifyItemAddedToCartFrommPDPPrelogin_Grid -->
