<?xml version="1.0" encoding="UTF-8"?>
<!-- Generated by org.testng.reporters.JUnitReportReporter -->
<testsuite skipped="0" hostname="W7VDIHPQC16WPL" name="com.selenium.ebiz.search.VerifySortingBasedOnPopularityRanking" tests="10" failures="0" timestamp="02 Jul 2019 13:38:02 GMT" time="480.687" errors="0">
  <testcase name="search_VerifyProductcountWithDifferentSortByAttributeGuestUser" time="28.597" classname="com.selenium.ebiz.search.VerifySortingBasedOnPopularityRanking"/>
  <testcase name="search_VerifyProductcountWithDifferentSortByAttributeGuestUser" time="29.843" classname="com.selenium.ebiz.search.VerifySortingBasedOnPopularityRanking"/>
  <testcase name="search_VerifyProductcountWithDifferentSortByAttributeGuestUser" time="51.000" classname="com.selenium.ebiz.search.VerifySortingBasedOnPopularityRanking"/>
  <testcase name="search_VerifyProductcountWithDifferentSortByAttributeGuestUser" time="70.320" classname="com.selenium.ebiz.search.VerifySortingBasedOnPopularityRanking"/>
  <testcase name="search_VerifyProductcountWithDifferentSortByAttributeGuestUser" time="28.658" classname="com.selenium.ebiz.search.VerifySortingBasedOnPopularityRanking"/>
  <testcase name="search_VerifyProductcountWithDifferentSortByAttributeGuestUser" time="70.326" classname="com.selenium.ebiz.search.VerifySortingBasedOnPopularityRanking"/>
  <testcase name="search_VerifyProductcountWithDifferentSortByAttributeGuestUser" time="28.400" classname="com.selenium.ebiz.search.VerifySortingBasedOnPopularityRanking"/>
  <testcase name="search_VerifyProductcountWithDifferentSortByAttributeGuestUser" time="48.337" classname="com.selenium.ebiz.search.VerifySortingBasedOnPopularityRanking"/>
  <testcase name="search_VerifyProductcountWithDifferentSortByAttributeGuestUser" time="47.191" classname="com.selenium.ebiz.search.VerifySortingBasedOnPopularityRanking"/>
  <testcase name="search_VerifyProductcountWithDifferentSortByAttributeGuestUser" time="78.015" classname="com.selenium.ebiz.search.VerifySortingBasedOnPopularityRanking"/>
</testsuite> <!-- com.selenium.ebiz.search.VerifySortingBasedOnPopularityRanking -->
