<?xml version="1.0" encoding="UTF-8"?>
<!-- Generated by org.testng.reporters.JUnitReportReporter -->
<testsuite skipped="0" hostname="W7VDIHPQC16WPL" name="com.selenium.ebiz.account_management.login.ExistingUserLogin_WORKING" tests="1" failures="0" timestamp="14 Mar 2019 10:08:12 GMT" time="197.234" errors="0">
  <testcase name="verifyMergeCartForExistingUserLogIn" time="197.234" classname="com.selenium.ebiz.account_management.login.ExistingUserLogin_WORKING"/>
</testsuite> <!-- com.selenium.ebiz.account_management.login.ExistingUserLogin_WORKING -->
