<?xml version="1.0" encoding="UTF-8"?>
<!-- Generated by org.testng.reporters.JUnitReportReporter -->
<testsuite skipped="0" hostname="W7VDIHPQC16WPL" name="com.selenium.ebiz.product_listing_page.grid_tests_plp.VerifyIfItemCanBeAddedToTheCartThroughPLPGridView" tests="1" failures="0" timestamp="04 Mar 2019 09:12:34 GMT" time="166.861" errors="0">
  <testcase name="test_VerifyIfItemCanBeAddedToTheCartThroughPLPGridView" time="166.861" classname="com.selenium.ebiz.product_listing_page.grid_tests_plp.VerifyIfItemCanBeAddedToTheCartThroughPLPGridView"/>
</testsuite> <!-- com.selenium.ebiz.product_listing_page.grid_tests_plp.VerifyIfItemCanBeAddedToTheCartThroughPLPGridView -->
