<?xml version="1.0" encoding="UTF-8"?>
<!-- Generated by org.testng.reporters.JUnitReportReporter -->
<testsuite skipped="2" hostname="W7VDIHPQC16WPL" name="com.selenium.ebiz.add_to_cart.VerifyIfItemCanBeAddedToCartFromOrderHistoryDetailPageAllitems" tests="8" failures="1" timestamp="04 Feb 2019 10:48:39 GMT" time="140.606" errors="0">
  <testcase name="veriyProductsPriceInShoppingCartPage" time="0.000" classname="com.selenium.ebiz.add_to_cart.VerifyIfItemCanBeAddedToCartFromOrderHistoryDetailPageAllitems">
    <skipped/>
  </testcase> <!-- veriyProductsPriceInShoppingCartPage -->
  <testcase name="testClearCart" time="5.609" classname="com.selenium.ebiz.add_to_cart.VerifyIfItemCanBeAddedToCartFromOrderHistoryDetailPageAllitems"/>
  <testcase name="testLogout" time="0.000" classname="com.selenium.ebiz.add_to_cart.VerifyIfItemCanBeAddedToCartFromOrderHistoryDetailPageAllitems">
    <skipped/>
  </testcase> <!-- testLogout -->
  <testcase name="veriyItemsAddedInShoppingCartPage" time="0.200" classname="com.selenium.ebiz.add_to_cart.VerifyIfItemCanBeAddedToCartFromOrderHistoryDetailPageAllitems">
    <failure type="java.lang.AssertionError" message="expected [true] but found [false]">
      <![CDATA[java.lang.AssertionError: expected [true] but found [false]
	at org.testng.Assert.fail(Assert.java:93)
	at org.testng.Assert.failNotEquals(Assert.java:512)
	at org.testng.Assert.assertTrue(Assert.java:41)
	at org.testng.Assert.assertTrue(Assert.java:51)
	at com.selenium.ebiz.add_to_cart.VerifyIfItemCanBeAddedToCartFromOrderHistoryDetailPageAllitems.veriyItemsAddedInShoppingCartPage(VerifyIfItemCanBeAddedToCartFromOrderHistoryDetailPageAllitems.java:73)
	at sun.reflect.NativeMethodAccessorImpl.invoke0(Native Method)
	at sun.reflect.NativeMethodAccessorImpl.invoke(Unknown Source)
	at sun.reflect.DelegatingMethodAccessorImpl.invoke(Unknown Source)
	at java.lang.reflect.Method.invoke(Unknown Source)
	at org.testng.internal.MethodInvocationHelper.invokeMethod(MethodInvocationHelper.java:108)
	at org.testng.internal.Invoker.invokeMethod(Invoker.java:661)
	at org.testng.internal.Invoker.invokeTestMethod(Invoker.java:869)
	at org.testng.internal.Invoker.invokeTestMethods(Invoker.java:1193)
	at org.testng.internal.TestMethodWorker.invokeTestMethods(TestMethodWorker.java:126)
	at org.testng.internal.TestMethodWorker.run(TestMethodWorker.java:109)
	at org.testng.TestRunner.privateRun(TestRunner.java:744)
	at org.testng.TestRunner.run(TestRunner.java:602)
	at org.testng.SuiteRunner.runTest(SuiteRunner.java:380)
	at org.testng.SuiteRunner.runSequentially(SuiteRunner.java:375)
	at org.testng.SuiteRunner.privateRun(SuiteRunner.java:340)
	at org.testng.SuiteRunner.run(SuiteRunner.java:289)
	at org.testng.SuiteRunnerWorker.runSuite(SuiteRunnerWorker.java:52)
	at org.testng.SuiteRunnerWorker.run(SuiteRunnerWorker.java:86)
	at org.testng.TestNG.runSuitesSequentially(TestNG.java:1301)
	at org.testng.TestNG.runSuitesLocally(TestNG.java:1226)
	at org.testng.TestNG.runSuites(TestNG.java:1144)
	at org.testng.TestNG.run(TestNG.java:1115)
	at org.testng.remote.AbstractRemoteTestNG.run(AbstractRemoteTestNG.java:114)
	at org.testng.remote.RemoteTestNG.initAndRun(RemoteTestNG.java:251)
	at org.testng.remote.RemoteTestNG.main(RemoteTestNG.java:77)
]]>
    </failure>
  </testcase> <!-- veriyItemsAddedInShoppingCartPage -->
  <testcase name="testLogin" time="5.533" classname="com.selenium.ebiz.add_to_cart.VerifyIfItemCanBeAddedToCartFromOrderHistoryDetailPageAllitems"/>
  <testcase name="veriyItemsAddedToCart" time="7.972" classname="com.selenium.ebiz.add_to_cart.VerifyIfItemCanBeAddedToCartFromOrderHistoryDetailPageAllitems"/>
  <testcase name="verifyOrderHistoryDetailsPage" time="1.442" classname="com.selenium.ebiz.add_to_cart.VerifyIfItemCanBeAddedToCartFromOrderHistoryDetailPageAllitems"/>
  <testcase name="verifyOrdersPage" time="119.850" classname="com.selenium.ebiz.add_to_cart.VerifyIfItemCanBeAddedToCartFromOrderHistoryDetailPageAllitems"/>
</testsuite> <!-- com.selenium.ebiz.add_to_cart.VerifyIfItemCanBeAddedToCartFromOrderHistoryDetailPageAllitems -->
