<?xml version="1.0" encoding="UTF-8"?>
<!-- Generated by org.testng.reporters.JUnitReportReporter -->
<testsuite skipped="0" hostname="W7VDIHPQC16WPL" name="com.selenium.ebiz.shoppingCart_management.VerifyRichRelevanceSectionAtShoppingCartPage" tests="1" failures="1" timestamp="29 Apr 2019 05:24:25 GMT" time="51.077" errors="0">
  <testcase name="shopCartManagement__VerifyRichRelevanceSectionAtShoppingCartPage" time="51.077" classname="com.selenium.ebiz.shoppingCart_management.VerifyRichRelevanceSectionAtShoppingCartPage">
    <failure type="java.lang.AssertionError" message="expected [true] but found [false]">
      <![CDATA[java.lang.AssertionError: expected [true] but found [false]
	at org.testng.Assert.fail(Assert.java:93)
	at org.testng.Assert.failNotEquals(Assert.java:512)
	at org.testng.Assert.assertTrue(Assert.java:41)
	at org.testng.Assert.assertTrue(Assert.java:51)
	at com.selenium.ebiz.shoppingCart_management.VerifyRichRelevanceSectionAtShoppingCartPage.shopCartManagement__VerifyRichRelevanceSectionAtShoppingCartPage(VerifyRichRelevanceSectionAtShoppingCartPage.java:34)
	at sun.reflect.NativeMethodAccessorImpl.invoke0(Native Method)
	at sun.reflect.NativeMethodAccessorImpl.invoke(Unknown Source)
	at sun.reflect.DelegatingMethodAccessorImpl.invoke(Unknown Source)
	at java.lang.reflect.Method.invoke(Unknown Source)
	at org.testng.internal.MethodInvocationHelper.invokeMethod(MethodInvocationHelper.java:108)
	at org.testng.internal.Invoker.invokeMethod(Invoker.java:661)
	at org.testng.internal.Invoker.invokeTestMethod(Invoker.java:869)
	at org.testng.internal.TestMethodWithDataProviderMethodWorker.call(TestMethodWithDataProviderMethodWorker.java:75)
	at org.testng.internal.TestMethodWithDataProviderMethodWorker.call(TestMethodWithDataProviderMethodWorker.java:14)
	at java.util.concurrent.FutureTask.run(Unknown Source)
	at java.util.concurrent.Executors$RunnableAdapter.call(Unknown Source)
	at java.util.concurrent.FutureTask.run(Unknown Source)
	at java.util.concurrent.ThreadPoolExecutor.runWorker(Unknown Source)
	at java.util.concurrent.ThreadPoolExecutor$Worker.run(Unknown Source)
	at java.lang.Thread.run(Unknown Source)
]]>
    </failure>
  </testcase> <!-- shopCartManagement__VerifyRichRelevanceSectionAtShoppingCartPage -->
</testsuite> <!-- com.selenium.ebiz.shoppingCart_management.VerifyRichRelevanceSectionAtShoppingCartPage -->
