<?xml version="1.0" encoding="UTF-8"?>
<!-- Generated by org.testng.reporters.JUnitReportReporter -->
<testsuite skipped="0" hostname="W7VDIHPQC16WPL" name="com.selenium.ebiz.account_management.login.HomePageContentImageCarousel_WORKING" tests="1" failures="0" timestamp="18 Dec 2018 11:01:49 GMT" time="17.467" errors="0">
  <testcase name="heroImageCarouselScroll" time="17.467" classname="com.selenium.ebiz.account_management.login.HomePageContentImageCarousel_WORKING"/>
</testsuite> <!-- com.selenium.ebiz.account_management.login.HomePageContentImageCarousel_WORKING -->
