<?xml version="1.0" encoding="UTF-8"?>
<!-- Generated by org.testng.reporters.JUnitReportReporter -->
<testsuite skipped="0" hostname="W7VDIHPQC16WPL" name="com.selenium.ebiz.pool_water_testing.CreatePoolWaterTestingPageAndResultsPageLoggedInUser" tests="8" failures="0" timestamp="20 Sep 2019 07:51:00 GMT" time="1543.775" errors="0">
  <testcase name="pwt_VerifyErrorMessageOnPoolWaterTestLoggedInUser" time="174.625" classname="com.selenium.ebiz.pool_water_testing.CreatePoolWaterTestingPageAndResultsPageLoggedInUser"/>
  <testcase name="pwt_VerifyNavigateToPDPFromRecommendedProductLoggedInUser" time="76.731" classname="com.selenium.ebiz.pool_water_testing.CreatePoolWaterTestingPageAndResultsPageLoggedInUser"/>
  <testcase name="pwt_VerifyMandatoryAttributesForLoggedInUser" time="377.797" classname="com.selenium.ebiz.pool_water_testing.CreatePoolWaterTestingPageAndResultsPageLoggedInUser"/>
  <testcase name="pwt_VerifyAddToCartFromRecommendedProductLoggedInUser" time="115.606" classname="com.selenium.ebiz.pool_water_testing.CreatePoolWaterTestingPageAndResultsPageLoggedInUser"/>
  <testcase name="pwt_VerifyAddToListFromRecommendedProductGuestUser" time="338.240" classname="com.selenium.ebiz.pool_water_testing.CreatePoolWaterTestingPageAndResultsPageLoggedInUser"/>
  <testcase name="pwt_VerifyCreatePoolWaterTestingPageAndResultsPageForGallonsLoggedInUser" time="155.657" classname="com.selenium.ebiz.pool_water_testing.CreatePoolWaterTestingPageAndResultsPageLoggedInUser"/>
  <testcase name="pwt_VerifyAddToQuoteFromRecommendedProductLoggedInUser" time="254.722" classname="com.selenium.ebiz.pool_water_testing.CreatePoolWaterTestingPageAndResultsPageLoggedInUser"/>
  <testcase name="pwt_VerifyCreatePoolWaterTestingPageAndResultsPageForLitersLoggedInUser" time="50.397" classname="com.selenium.ebiz.pool_water_testing.CreatePoolWaterTestingPageAndResultsPageLoggedInUser"/>
</testsuite> <!-- com.selenium.ebiz.pool_water_testing.CreatePoolWaterTestingPageAndResultsPageLoggedInUser -->
