<?xml version="1.0" encoding="UTF-8"?>
<!-- Generated by org.testng.reporters.JUnitReportReporter -->
<testsuite skipped="0" hostname="W7VDIHPQC16WPL" name="com.selenium.ebiz.product_detail_page.VerifyMerchandisingAssociationWithOptionForProductDetailPage" tests="10" failures="0" timestamp="20 Jun 2019 09:54:56 GMT" time="426.454" errors="0">
  <testcase name="pdp_VerifyMerchandisingAssociationWithOptionForProductDetailPage" time="61.924" classname="com.selenium.ebiz.product_detail_page.VerifyMerchandisingAssociationWithOptionForProductDetailPage"/>
  <testcase name="pdp_VerifyMerchandisingAssociationWithOptionForProductDetailPage" time="39.098" classname="com.selenium.ebiz.product_detail_page.VerifyMerchandisingAssociationWithOptionForProductDetailPage"/>
  <testcase name="pdp_VerifyMerchandisingAssociationWithOptionForProductDetailPage" time="24.168" classname="com.selenium.ebiz.product_detail_page.VerifyMerchandisingAssociationWithOptionForProductDetailPage"/>
  <testcase name="pdp_VerifyMerchandisingAssociationWithOptionForProductDetailPage" time="22.937" classname="com.selenium.ebiz.product_detail_page.VerifyMerchandisingAssociationWithOptionForProductDetailPage"/>
  <testcase name="pdp_VerifyMerchandisingAssociationWithOptionForProductDetailPage" time="43.077" classname="com.selenium.ebiz.product_detail_page.VerifyMerchandisingAssociationWithOptionForProductDetailPage"/>
  <testcase name="pdp_VerifyMerchandisingAssociationWithOptionForProductDetailPage" time="41.011" classname="com.selenium.ebiz.product_detail_page.VerifyMerchandisingAssociationWithOptionForProductDetailPage"/>
  <testcase name="pdp_VerifyMerchandisingAssociationWithOptionForProductDetailPage" time="40.738" classname="com.selenium.ebiz.product_detail_page.VerifyMerchandisingAssociationWithOptionForProductDetailPage"/>
  <testcase name="pdp_VerifyMerchandisingAssociationWithOptionForProductDetailPage" time="64.326" classname="com.selenium.ebiz.product_detail_page.VerifyMerchandisingAssociationWithOptionForProductDetailPage"/>
  <testcase name="pdp_VerifyMerchandisingAssociationWithOptionForProductDetailPage" time="66.111" classname="com.selenium.ebiz.product_detail_page.VerifyMerchandisingAssociationWithOptionForProductDetailPage"/>
  <testcase name="pdp_VerifyMerchandisingAssociationWithOptionForProductDetailPage" time="23.064" classname="com.selenium.ebiz.product_detail_page.VerifyMerchandisingAssociationWithOptionForProductDetailPage"/>
</testsuite> <!-- com.selenium.ebiz.product_detail_page.VerifyMerchandisingAssociationWithOptionForProductDetailPage -->
