<?xml version="1.0" encoding="UTF-8"?>
<!-- Generated by org.testng.reporters.JUnitReportReporter -->
<testsuite skipped="0" hostname="W7VDIHPQC16WPL" name="com.selenium.ebiz.header.HeaderServiceFlyout_WORKING" tests="1" failures="0" timestamp="15 Feb 2019 07:08:46 GMT" time="19.056" errors="0">
  <testcase name="verifyHeadersandServicesFlyoutTest" time="19.056" classname="com.selenium.ebiz.header.HeaderServiceFlyout_WORKING"/>
</testsuite> <!-- com.selenium.ebiz.header.HeaderServiceFlyout_WORKING -->
