<?xml version="1.0" encoding="UTF-8"?>
<!-- Generated by org.testng.reporters.JUnitReportReporter -->
<testsuite skipped="0" hostname="W7VDIHPQC16WPL" name="com.selenium.ebiz.product_listing_page.VerifyCompareFromProductListingPage2" tests="1" failures="0" timestamp="27 Jan 2019 20:17:08 GMT" time="13.336" errors="0">
  <testcase name="testLogin" time="13.336" classname="com.selenium.ebiz.product_listing_page.VerifyCompareFromProductListingPage2"/>
</testsuite> <!-- com.selenium.ebiz.product_listing_page.VerifyCompareFromProductListingPage2 -->
