<?xml version="1.0" encoding="UTF-8"?>
<!-- Generated by org.testng.reporters.JUnitReportReporter -->
<testsuite skipped="0" hostname="W7VDIHPQC16WPL" name="com.selenium.ebiz.order_history.grid_tests_orderHistory.ViewOrderHistorySummaryAndDetail_Grid" tests="1" failures="0" timestamp="08 Apr 2019 10:06:14 GMT" time="47.036" errors="0">
  <testcase name="test_VerifyOrderHistoryDetailPageWillDisplaySelectedOrderDetails" time="47.036" classname="com.selenium.ebiz.order_history.grid_tests_orderHistory.ViewOrderHistorySummaryAndDetail_Grid"/>
</testsuite> <!-- com.selenium.ebiz.order_history.grid_tests_orderHistory.ViewOrderHistorySummaryAndDetail_Grid -->
