<?xml version="1.0" encoding="UTF-8"?>
<!-- Generated by org.testng.reporters.JUnitReportReporter -->
<testsuite skipped="0" hostname="W7VDIHPQC16WPL" name="com.selenium.ebiz.navigation.HomePageBreadCrumbGuestUser_WORKING" tests="1" failures="0" timestamp="11 Feb 2019 07:46:15 GMT" time="14.102" errors="0">
  <testcase name="verifyBreadCrumbForCurrentPageUnautheticateduser" time="14.102" classname="com.selenium.ebiz.navigation.HomePageBreadCrumbGuestUser_WORKING"/>
</testsuite> <!-- com.selenium.ebiz.navigation.HomePageBreadCrumbGuestUser_WORKING -->
