<?xml version="1.0" encoding="UTF-8"?>
<!-- Generated by org.testng.reporters.JUnitReportReporter -->
<testsuite skipped="0" hostname="W7VDIHPQC16WPL" name="com.selenium.ebiz.save_list.AddPartsToExistingListandNewList_PDP_WORKING" tests="1" failures="0" timestamp="03 Apr 2019 11:27:13 GMT" time="37.228" errors="0">
  <testcase name="verifyAddPartsToExistingListOnPDPpage" time="37.228" classname="com.selenium.ebiz.save_list.AddPartsToExistingListandNewList_PDP_WORKING"/>
</testsuite> <!-- com.selenium.ebiz.save_list.AddPartsToExistingListandNewList_PDP_WORKING -->
