<?xml version="1.0" encoding="UTF-8"?>
<!-- Generated by org.testng.reporters.JUnitReportReporter -->
<testsuite skipped="0" hostname="W7VDIHPQC16WPL" name="com.selenium.ebiz.add_to_cart.VerifyItemAddedToCartFrommPDPPrelogin" tests="5" failures="0" timestamp="04 Feb 2019 10:42:30 GMT" time="16.757" errors="0">
  <testcase name="test_AddProductFromPDP" time="9.686" classname="com.selenium.ebiz.add_to_cart.VerifyItemAddedToCartFrommPDPPrelogin"/>
  <testcase name="test_verifyProductOnSCPage" time="1.801" classname="com.selenium.ebiz.add_to_cart.VerifyItemAddedToCartFrommPDPPrelogin"/>
  <testcase name="test_searchByProductNumber" time="3.531" classname="com.selenium.ebiz.add_to_cart.VerifyItemAddedToCartFrommPDPPrelogin"/>
  <testcase name="test_verifyAddressBookSourceCode" time="0.046" classname="com.selenium.ebiz.add_to_cart.VerifyItemAddedToCartFrommPDPPrelogin"/>
  <testcase name="testClearCart" time="1.693" classname="com.selenium.ebiz.add_to_cart.VerifyItemAddedToCartFrommPDPPrelogin"/>
</testsuite> <!-- com.selenium.ebiz.add_to_cart.VerifyItemAddedToCartFrommPDPPrelogin -->
