<?xml version="1.0" encoding="UTF-8"?>
<!-- Generated by org.testng.reporters.JUnitReportReporter -->
<testsuite skipped="0" hostname="W7VDIHPQC16WPL" name="com.selenium.ebiz.search.VerifySearcFforGenericCompetitoPartNumberSameAsHDSNum" tests="10" failures="0" timestamp="05 Jun 2019 12:24:06 GMT" time="343.208" errors="0">
  <testcase name="savedList_VerifySearcFforGenericCompetitoPartNumberSameAsHDSNum" time="25.771" classname="com.selenium.ebiz.search.VerifySearcFforGenericCompetitoPartNumberSameAsHDSNum"/>
  <testcase name="savedList_VerifySearcFforGenericCompetitoPartNumberSameAsHDSNum" time="44.627" classname="com.selenium.ebiz.search.VerifySearcFforGenericCompetitoPartNumberSameAsHDSNum"/>
  <testcase name="savedList_VerifySearcFforGenericCompetitoPartNumberSameAsHDSNum" time="19.202" classname="com.selenium.ebiz.search.VerifySearcFforGenericCompetitoPartNumberSameAsHDSNum"/>
  <testcase name="savedList_VerifySearcFforGenericCompetitoPartNumberSameAsHDSNum" time="20.834" classname="com.selenium.ebiz.search.VerifySearcFforGenericCompetitoPartNumberSameAsHDSNum"/>
  <testcase name="savedList_VerifySearcFforGenericCompetitoPartNumberSameAsHDSNum" time="37.246" classname="com.selenium.ebiz.search.VerifySearcFforGenericCompetitoPartNumberSameAsHDSNum"/>
  <testcase name="savedList_VerifySearcFforGenericCompetitoPartNumberSameAsHDSNum" time="24.274" classname="com.selenium.ebiz.search.VerifySearcFforGenericCompetitoPartNumberSameAsHDSNum"/>
  <testcase name="savedList_VerifySearcFforGenericCompetitoPartNumberSameAsHDSNum" time="39.755" classname="com.selenium.ebiz.search.VerifySearcFforGenericCompetitoPartNumberSameAsHDSNum"/>
  <testcase name="savedList_VerifySearcFforGenericCompetitoPartNumberSameAsHDSNum" time="43.479" classname="com.selenium.ebiz.search.VerifySearcFforGenericCompetitoPartNumberSameAsHDSNum"/>
  <testcase name="savedList_VerifySearcFforGenericCompetitoPartNumberSameAsHDSNum" time="56.283" classname="com.selenium.ebiz.search.VerifySearcFforGenericCompetitoPartNumberSameAsHDSNum"/>
  <testcase name="savedList_VerifySearcFforGenericCompetitoPartNumberSameAsHDSNum" time="31.737" classname="com.selenium.ebiz.search.VerifySearcFforGenericCompetitoPartNumberSameAsHDSNum"/>
</testsuite> <!-- com.selenium.ebiz.search.VerifySearcFforGenericCompetitoPartNumberSameAsHDSNum -->
