<?xml version="1.0" encoding="UTF-8"?>
<!-- Generated by org.testng.reporters.JUnitReportReporter -->
<testsuite skipped="0" hostname="W7VDIHPQC16WPL" name="com.selenium.ebiz.quickCheckout.AddItemToQuickCheckoutFromPLP" tests="1" failures="0" timestamp="25 Jul 2019 07:57:23 GMT" time="23.221" errors="0">
  <testcase name="quickCheckout_AddItemToQuickCheckoutFromPLP" time="23.221" classname="com.selenium.ebiz.quickCheckout.AddItemToQuickCheckoutFromPLP"/>
</testsuite> <!-- com.selenium.ebiz.quickCheckout.AddItemToQuickCheckoutFromPLP -->
