<?xml version="1.0" encoding="UTF-8"?>
<!-- Generated by org.testng.reporters.JUnitReportReporter -->
<testsuite skipped="0" hostname="W7VDIHPQC16WPL" name="com.selenium.ebiz.add_to_cart.old_add_to_cart_tests.MergeProductsBeforeLogin_WORKING" tests="1" failures="0" timestamp="18 Apr 2019 11:14:27 GMT" time="5.638" errors="0">
  <testcase name="test_addProductIntoSC" time="5.638" classname="com.selenium.ebiz.add_to_cart.old_add_to_cart_tests.MergeProductsBeforeLogin_WORKING"/>
</testsuite> <!-- com.selenium.ebiz.add_to_cart.old_add_to_cart_tests.MergeProductsBeforeLogin_WORKING -->
