<?xml version="1.0" encoding="UTF-8"?>
<!-- Generated by org.testng.reporters.JUnitReportReporter -->
<testsuite skipped="0" hostname="W7VDIHPQC16WPL" name="com.selenium.ebiz.shoppingCart_management.ValidateQuickAddToCart" tests="2" failures="0" timestamp="23 Sep 2019 10:39:43 GMT" time="526.307" errors="0">
  <testcase name="shopCartManagement_AddToCartAsLoggedUser" time="244.236" classname="com.selenium.ebiz.shoppingCart_management.ValidateQuickAddToCart"/>
  <testcase name="shopCartManagement__AddToCartAsGuestUser" time="282.071" classname="com.selenium.ebiz.shoppingCart_management.ValidateQuickAddToCart"/>
</testsuite> <!-- com.selenium.ebiz.shoppingCart_management.ValidateQuickAddToCart -->
