<?xml version="1.0" encoding="UTF-8"?>
<!-- Generated by org.testng.reporters.JUnitReportReporter -->
<testsuite skipped="0" hostname="W7VDIHPQC16WPL" name="com.selenium.ebiz.header.HomepageHeaderDisplayGuestsUser_WORKING" tests="1" failures="0" timestamp="15 Feb 2019 07:15:44 GMT" time="9.971" errors="0">
  <testcase name="verifyDisplayHeaderForGuestuser" time="9.971" classname="com.selenium.ebiz.header.HomepageHeaderDisplayGuestsUser_WORKING"/>
</testsuite> <!-- com.selenium.ebiz.header.HomepageHeaderDisplayGuestsUser_WORKING -->
