<?xml version="1.0" encoding="UTF-8"?>
<!-- Generated by org.testng.reporters.JUnitReportReporter -->
<testsuite skipped="0" hostname="W7VDIHPQC16WPL" name="com.selenium.ebiz.product_listing_page.VerifyCompareFromProductListingPage" tests="7" failures="0" timestamp="27 Jan 2019 20:31:19 GMT" time="31.698" errors="0">
  <testcase name="verifyCompareWidgetIsEnable" time="0.248" classname="com.selenium.ebiz.product_listing_page.VerifyCompareFromProductListingPage"/>
  <testcase name="verifyCompareWidgetIsDisable" time="6.211" classname="com.selenium.ebiz.product_listing_page.VerifyCompareFromProductListingPage"/>
  <testcase name="verifyPriceOfProduct" time="2.515" classname="com.selenium.ebiz.product_listing_page.VerifyCompareFromProductListingPage"/>
  <testcase name="testClearCart" time="2.283" classname="com.selenium.ebiz.product_listing_page.VerifyCompareFromProductListingPage"/>
  <testcase name="testLogin" time="8.630" classname="com.selenium.ebiz.product_listing_page.VerifyCompareFromProductListingPage"/>
  <testcase name="verifyPriceOfProductAfterSortByBrand" time="5.909" classname="com.selenium.ebiz.product_listing_page.VerifyCompareFromProductListingPage"/>
  <testcase name="verifyProductComparisonMessage" time="5.902" classname="com.selenium.ebiz.product_listing_page.VerifyCompareFromProductListingPage"/>
</testsuite> <!-- com.selenium.ebiz.product_listing_page.VerifyCompareFromProductListingPage -->
