<?xml version="1.0" encoding="UTF-8"?>
<!-- Generated by org.testng.reporters.JUnitReportReporter -->
<testsuite skipped="0" hostname="W7VDIHPQC16WPL" name="com.selenium.ebiz.account_management.my_account.ManageExistingShippingAddress_WORKING" tests="2" failures="0" timestamp="15 Oct 2019 15:34:15 GMT" time="841.459" errors="0">
  <testcase name="myAccount_EditNewShippingAddressAndConfirm" time="287.790" classname="com.selenium.ebiz.account_management.my_account.ManageExistingShippingAddress_WORKING"/>
  <testcase name="myAccount_EditNewShippingAddressAndCancel" time="553.669" classname="com.selenium.ebiz.account_management.my_account.ManageExistingShippingAddress_WORKING"/>
</testsuite> <!-- com.selenium.ebiz.account_management.my_account.ManageExistingShippingAddress_WORKING -->
