<?xml version="1.0" encoding="UTF-8"?>
<!-- Generated by org.testng.reporters.JUnitReportReporter -->
<testsuite skipped="0" hostname="W7VDIHPQC16WPL" name="com.selenium.ebiz.search.VerifyCategoriesAndProductsForDynamicCategoryLandingPages" tests="20" failures="0" timestamp="10 Jun 2019 11:20:52 GMT" time="675.680" errors="0">
  <testcase name="search_VerifyCategoriesAndProductsForDynamicCategoryLandingPagesGuestUser" time="18.217" classname="com.selenium.ebiz.search.VerifyCategoriesAndProductsForDynamicCategoryLandingPages"/>
  <testcase name="search_VerifyCategoriesAndProductsForDynamicCategoryLandingPagesGuestUser" time="18.237" classname="com.selenium.ebiz.search.VerifyCategoriesAndProductsForDynamicCategoryLandingPages"/>
  <testcase name="search_VerifyCategoriesAndProductsForDynamicCategoryLandingPagesLoggedInUser" time="26.566" classname="com.selenium.ebiz.search.VerifyCategoriesAndProductsForDynamicCategoryLandingPages"/>
  <testcase name="search_VerifyCategoriesAndProductsForDynamicCategoryLandingPagesLoggedInUser" time="38.416" classname="com.selenium.ebiz.search.VerifyCategoriesAndProductsForDynamicCategoryLandingPages"/>
  <testcase name="search_VerifyCategoriesAndProductsForDynamicCategoryLandingPagesLoggedInUser" time="26.859" classname="com.selenium.ebiz.search.VerifyCategoriesAndProductsForDynamicCategoryLandingPages"/>
  <testcase name="search_VerifyCategoriesAndProductsForDynamicCategoryLandingPagesGuestUser" time="38.019" classname="com.selenium.ebiz.search.VerifyCategoriesAndProductsForDynamicCategoryLandingPages"/>
  <testcase name="search_VerifyCategoriesAndProductsForDynamicCategoryLandingPagesGuestUser" time="17.677" classname="com.selenium.ebiz.search.VerifyCategoriesAndProductsForDynamicCategoryLandingPages"/>
  <testcase name="search_VerifyCategoriesAndProductsForDynamicCategoryLandingPagesLoggedInUser" time="26.324" classname="com.selenium.ebiz.search.VerifyCategoriesAndProductsForDynamicCategoryLandingPages"/>
  <testcase name="search_VerifyCategoriesAndProductsForDynamicCategoryLandingPagesGuestUser" time="18.072" classname="com.selenium.ebiz.search.VerifyCategoriesAndProductsForDynamicCategoryLandingPages"/>
  <testcase name="search_VerifyCategoriesAndProductsForDynamicCategoryLandingPagesGuestUser" time="36.586" classname="com.selenium.ebiz.search.VerifyCategoriesAndProductsForDynamicCategoryLandingPages"/>
  <testcase name="search_VerifyCategoriesAndProductsForDynamicCategoryLandingPagesLoggedInUser" time="26.128" classname="com.selenium.ebiz.search.VerifyCategoriesAndProductsForDynamicCategoryLandingPages"/>
  <testcase name="search_VerifyCategoriesAndProductsForDynamicCategoryLandingPagesGuestUser" time="37.598" classname="com.selenium.ebiz.search.VerifyCategoriesAndProductsForDynamicCategoryLandingPages"/>
  <testcase name="search_VerifyCategoriesAndProductsForDynamicCategoryLandingPagesLoggedInUser" time="26.143" classname="com.selenium.ebiz.search.VerifyCategoriesAndProductsForDynamicCategoryLandingPages"/>
  <testcase name="search_VerifyCategoriesAndProductsForDynamicCategoryLandingPagesGuestUser" time="61.406" classname="com.selenium.ebiz.search.VerifyCategoriesAndProductsForDynamicCategoryLandingPages"/>
  <testcase name="search_VerifyCategoriesAndProductsForDynamicCategoryLandingPagesGuestUser" time="38.807" classname="com.selenium.ebiz.search.VerifyCategoriesAndProductsForDynamicCategoryLandingPages"/>
  <testcase name="search_VerifyCategoriesAndProductsForDynamicCategoryLandingPagesLoggedInUser" time="67.251" classname="com.selenium.ebiz.search.VerifyCategoriesAndProductsForDynamicCategoryLandingPages"/>
  <testcase name="search_VerifyCategoriesAndProductsForDynamicCategoryLandingPagesLoggedInUser" time="65.780" classname="com.selenium.ebiz.search.VerifyCategoriesAndProductsForDynamicCategoryLandingPages"/>
  <testcase name="search_VerifyCategoriesAndProductsForDynamicCategoryLandingPagesLoggedInUser" time="24.776" classname="com.selenium.ebiz.search.VerifyCategoriesAndProductsForDynamicCategoryLandingPages"/>
  <testcase name="search_VerifyCategoriesAndProductsForDynamicCategoryLandingPagesGuestUser" time="37.537" classname="com.selenium.ebiz.search.VerifyCategoriesAndProductsForDynamicCategoryLandingPages"/>
  <testcase name="search_VerifyCategoriesAndProductsForDynamicCategoryLandingPagesLoggedInUser" time="25.281" classname="com.selenium.ebiz.search.VerifyCategoriesAndProductsForDynamicCategoryLandingPages"/>
</testsuite> <!-- com.selenium.ebiz.search.VerifyCategoriesAndProductsForDynamicCategoryLandingPages -->
