<?xml version="1.0" encoding="UTF-8"?>
<!-- Generated by org.testng.reporters.JUnitReportReporter -->
<testsuite skipped="0" hostname="W7VDIHPQC16WPL" name="com.selenium.ebiz.search.VerifyLookAheadSearchForACategoryNegative" tests="10" failures="0" timestamp="03 Sep 2019 07:38:35 GMT" time="103.415" errors="0">
  <testcase name="search_VerifyLookAheadSearchForTwoInteger" time="10.785" classname="com.selenium.ebiz.search.VerifyLookAheadSearchForACategoryNegative"/>
  <testcase name="search_VerifyLookAheadSearchForTwoInteger" time="9.690" classname="com.selenium.ebiz.search.VerifyLookAheadSearchForACategoryNegative"/>
  <testcase name="search_VerifyLookAheadSearchForTwoInteger" time="10.519" classname="com.selenium.ebiz.search.VerifyLookAheadSearchForACategoryNegative"/>
  <testcase name="search_VerifyLookAheadSearchForTwoInteger" time="9.402" classname="com.selenium.ebiz.search.VerifyLookAheadSearchForACategoryNegative"/>
  <testcase name="search_VerifyLookAheadSearchForTwoInteger" time="10.380" classname="com.selenium.ebiz.search.VerifyLookAheadSearchForACategoryNegative"/>
  <testcase name="search_VerifyLookAheadSearchForTwoInteger" time="12.364" classname="com.selenium.ebiz.search.VerifyLookAheadSearchForACategoryNegative"/>
  <testcase name="search_VerifyLookAheadSearchForTwoInteger" time="9.608" classname="com.selenium.ebiz.search.VerifyLookAheadSearchForACategoryNegative"/>
  <testcase name="search_VerifyLookAheadSearchForTwoInteger" time="10.326" classname="com.selenium.ebiz.search.VerifyLookAheadSearchForACategoryNegative"/>
  <testcase name="search_VerifyLookAheadSearchForTwoInteger" time="9.860" classname="com.selenium.ebiz.search.VerifyLookAheadSearchForACategoryNegative"/>
  <testcase name="search_VerifyLookAheadSearchForTwoInteger" time="10.481" classname="com.selenium.ebiz.search.VerifyLookAheadSearchForACategoryNegative"/>
</testsuite> <!-- com.selenium.ebiz.search.VerifyLookAheadSearchForACategoryNegative -->
