<?xml version="1.0" encoding="UTF-8"?>
<!-- Generated by org.testng.reporters.JUnitReportReporter -->
<testsuite skipped="0" hostname="W7VDIHPQC16WPL" name="com.selenium.ebiz.account_management.login.HomePageContentHeroLoggedInUser_WORKING" tests="1" failures="0" timestamp="13 Mar 2019 07:35:55 GMT" time="69.962" errors="0">
  <testcase name="validateContentHerosDisplay" time="69.962" classname="com.selenium.ebiz.account_management.login.HomePageContentHeroLoggedInUser_WORKING"/>
</testsuite> <!-- com.selenium.ebiz.account_management.login.HomePageContentHeroLoggedInUser_WORKING -->
