<?xml version="1.0" encoding="UTF-8"?>
<!-- Generated by org.testng.reporters.JUnitReportReporter -->
<testsuite skipped="0" hostname="W7VDIHPQC16WPL" name="com.selenium.ebiz.account_management.suma.SumaUserHeader_Grid" tests="1" failures="0" timestamp="16 Oct 2019 15:18:41 GMT" time="27.044" errors="0">
  <testcase name="verifySumaUserHeader" time="27.044" classname="com.selenium.ebiz.account_management.suma.SumaUserHeader_Grid"/>
</testsuite> <!-- com.selenium.ebiz.account_management.suma.SumaUserHeader_Grid -->
