<?xml version="1.0" encoding="UTF-8"?>
<!-- Generated by org.testng.reporters.JUnitReportReporter -->
<testsuite skipped="0" hostname="W7VDIHPQC16WPL" name="com.selenium.ebiz.account_management.login.LoginTestAllScenarios" tests="1" failures="0" timestamp="27 Nov 2019 14:49:44 GMT" time="22.080" errors="0">
  <testcase name="login_verifyContentRecommandationForUnauthenticatedUser" time="22.080" classname="com.selenium.ebiz.account_management.login.LoginTestAllScenarios"/>
</testsuite> <!-- com.selenium.ebiz.account_management.login.LoginTestAllScenarios -->
