<?xml version="1.0" encoding="UTF-8"?>
<!-- Generated by org.testng.reporters.JUnitReportReporter -->
<testsuite skipped="0" hostname="W7VDIHPQC16WPL" name="com.selenium.ebiz.shoppingCart_management.VerifyTheFunctioningOfHelpToolTipForServiceFees" tests="1" failures="0" timestamp="23 Sep 2019 12:16:48 GMT" time="45.286" errors="0">
  <testcase name="shopCartManagement__VerifyTheFunctioningOfHelpToolTipForServiceFees" time="45.286" classname="com.selenium.ebiz.shoppingCart_management.VerifyTheFunctioningOfHelpToolTipForServiceFees"/>
</testsuite> <!-- com.selenium.ebiz.shoppingCart_management.VerifyTheFunctioningOfHelpToolTipForServiceFees -->
