<?xml version="1.0" encoding="UTF-8"?>
<!-- Generated by org.testng.reporters.JUnitReportReporter -->
<testsuite skipped="0" hostname="W7VDIHPQC16WPL" name="com.selenium.ebiz.navigation.ViewCategoryProductsFromLeftNavigation_WORKING" tests="1" failures="0" timestamp="11 Feb 2019 09:23:34 GMT" time="12.314" errors="0">
  <testcase name="verifyCategoryProductViewFromLeftNavigation" time="12.314" classname="com.selenium.ebiz.navigation.ViewCategoryProductsFromLeftNavigation_WORKING"/>
</testsuite> <!-- com.selenium.ebiz.navigation.ViewCategoryProductsFromLeftNavigation_WORKING -->
