<?xml version="1.0" encoding="UTF-8"?>
<!-- Generated by org.testng.reporters.JUnitReportReporter -->
<testsuite skipped="0" hostname="W7VDIHPQC16WPL" name="com.selenium.ebiz.add_to_cart.grid_tests_add_to_cart.VerifyMarketingSpotsInPLPTopCategoryAndCartPages_Grid" tests="1" failures="0" timestamp="25 Mar 2019 11:14:47 GMT" time="198.175" errors="0">
  <testcase name="addtocart_VerifyAddToCartFromPLPListView" time="198.175" classname="com.selenium.ebiz.add_to_cart.grid_tests_add_to_cart.VerifyMarketingSpotsInPLPTopCategoryAndCartPages_Grid"/>
</testsuite> <!-- com.selenium.ebiz.add_to_cart.grid_tests_add_to_cart.VerifyMarketingSpotsInPLPTopCategoryAndCartPages_Grid -->
