<?xml version="1.0" encoding="UTF-8"?>
<!-- Generated by org.testng.reporters.JUnitReportReporter -->
<testsuite skipped="0" hostname="W7VDIHPQC16WPL" name="com.selenium.ebiz.quickCheckout.ValidateAddressSwitchOnQCOPage" tests="1" failures="0" timestamp="23 Aug 2019 09:26:08 GMT" time="51.732" errors="0">
  <testcase name="quickCheckout_ValidateAddressSwitchOnQCOPage" time="51.732" classname="com.selenium.ebiz.quickCheckout.ValidateAddressSwitchOnQCOPage"/>
</testsuite> <!-- com.selenium.ebiz.quickCheckout.ValidateAddressSwitchOnQCOPage -->
