<?xml version="1.0" encoding="UTF-8"?>
<!-- Generated by org.testng.reporters.JUnitReportReporter -->
<testsuite skipped="0" hostname="W7VDIHPQC16WPL" name="com.selenium.ebiz.add_to_list.grid_add_to_list_tests.VerifySearchResultsForKeywordSearch_AddToSavedList_Grid" tests="2" failures="0" timestamp="02 Apr 2019 11:32:19 GMT" time="118.083" errors="0">
  <testcase name="addtolist_test_AddToNewExistingListFromSearchWithValidKeyword" time="61.625" classname="com.selenium.ebiz.add_to_list.grid_add_to_list_tests.VerifySearchResultsForKeywordSearch_AddToSavedList_Grid"/>
  <testcase name="addtolist_AddToNewListFromSearchWithValidKeyword" time="56.458" classname="com.selenium.ebiz.add_to_list.grid_add_to_list_tests.VerifySearchResultsForKeywordSearch_AddToSavedList_Grid"/>
</testsuite> <!-- com.selenium.ebiz.add_to_list.grid_add_to_list_tests.VerifySearchResultsForKeywordSearch_AddToSavedList_Grid -->
