<?xml version="1.0" encoding="UTF-8"?>
<!-- Generated by org.testng.reporters.JUnitReportReporter -->
<testsuite skipped="3" hostname="W7VDIHPQC16WPL" name="com.selenium.ebiz.account_management.login.HomePageAuthenticatedUser_WORKING" tests="8" failures="0" timestamp="13 Mar 2019 07:35:55 GMT" time="290.887" errors="0">
  <testcase name="verifyHDSupplyLogoTest" time="45.053" classname="com.selenium.ebiz.account_management.login.HomePageAuthenticatedUser_WORKING"/>
  <testcase name="verifyFooterLinksTest" time="56.630" classname="com.selenium.ebiz.account_management.login.HomePageAuthenticatedUser_WORKING"/>
  <testcase name="moveToOfferPage" time="58.310" classname="com.selenium.ebiz.account_management.login.HomePageAuthenticatedUser_WORKING"/>
  <testcase name="verifySearchByKeywordOrPartNumber" time="87.447" classname="com.selenium.ebiz.account_management.login.HomePageAuthenticatedUser_WORKING"/>
  <testcase name="verifyResourcesFlyout" time="43.447" classname="com.selenium.ebiz.account_management.login.HomePageAuthenticatedUser_WORKING"/>
  <testcase name="verifyOnceOrderSection" classname="com.selenium.ebiz.account_management.login.HomePageAuthenticatedUser_WORKING">
    <skipped/>
  </testcase> <!-- verifyOnceOrderSection -->
  <testcase name="moveToEcatalogPage" classname="com.selenium.ebiz.account_management.login.HomePageAuthenticatedUser_WORKING">
    <skipped/>
  </testcase> <!-- moveToEcatalogPage -->
  <testcase name="verifySocialNetworkLinksTest" classname="com.selenium.ebiz.account_management.login.HomePageAuthenticatedUser_WORKING">
    <skipped/>
  </testcase> <!-- verifySocialNetworkLinksTest -->
</testsuite> <!-- com.selenium.ebiz.account_management.login.HomePageAuthenticatedUser_WORKING -->
