<?xml version="1.0" encoding="UTF-8"?>
<!-- Generated by org.testng.reporters.JUnitReportReporter -->
<testsuite skipped="0" hostname="W7VDIHPQC16WPL" name="com.selenium.ebiz.account_management.login.HomepageForLoggedInUserwithWinRel_WORKING" tests="1" failures="0" timestamp="13 Mar 2019 07:35:55 GMT" time="59.547" errors="0">
  <testcase name="displayHomePageForCobrandUserTest" time="59.547" classname="com.selenium.ebiz.account_management.login.HomepageForLoggedInUserwithWinRel_WORKING"/>
</testsuite> <!-- com.selenium.ebiz.account_management.login.HomepageForLoggedInUserwithWinRel_WORKING -->
