<?xml version="1.0" encoding="UTF-8"?>
<!-- Generated by org.testng.reporters.JUnitReportReporter -->
<testsuite skipped="0" hostname="W7VDIHPQC16WPL" name="com.selenium.ebiz.add_to_cart.old_add_to_cart_tests.AddToCartSubCategoryPage_BeforeLogin_Working" tests="1" failures="0" timestamp="04 Apr 2019 15:06:20 GMT" time="1.127" errors="0">
  <testcase name="test_VerifyLeftNavigationisDispplayed" time="1.127" classname="com.selenium.ebiz.add_to_cart.old_add_to_cart_tests.AddToCartSubCategoryPage_BeforeLogin_Working"/>
</testsuite> <!-- com.selenium.ebiz.add_to_cart.old_add_to_cart_tests.AddToCartSubCategoryPage_BeforeLogin_Working -->
