<?xml version="1.0" encoding="UTF-8"?>
<!-- Generated by org.testng.reporters.JUnitReportReporter -->
<testsuite skipped="1" hostname="W7VDIHPQC16WPL" name="com.selenium.ebiz.add_to_list.addToList_grid.VerifyAddAllToSavedListFromShoppingCartPage_Grid" tests="2" failures="0" timestamp="23 Jul 2019 06:46:58 GMT" time="51.969" errors="0">
  <testcase name="addtolist_CreateNewListAndVerifyListWasCreatedWithAddedParts" time="51.969" classname="com.selenium.ebiz.add_to_list.addToList_grid.VerifyAddAllToSavedListFromShoppingCartPage_Grid"/>
  <testcase name="addtolist_CreateNewListAndVerifyListWasCreatedWithAddedPrices" classname="com.selenium.ebiz.add_to_list.addToList_grid.VerifyAddAllToSavedListFromShoppingCartPage_Grid">
    <skipped/>
  </testcase> <!-- addtolist_CreateNewListAndVerifyListWasCreatedWithAddedPrices -->
</testsuite> <!-- com.selenium.ebiz.add_to_list.addToList_grid.VerifyAddAllToSavedListFromShoppingCartPage_Grid -->
