<?xml version="1.0" encoding="UTF-8"?>
<!-- Generated by org.testng.reporters.JUnitReportReporter -->
<testsuite skipped="0" hostname="W7VDIHPQC16WPL" name="com.selenium.ebiz.product_listing_page.plp_NonParallelTests.ProductListingPageGuestUser_WORKING" tests="4" failures="0" timestamp="18 Mar 2019 13:43:33 GMT" time="58.767" errors="0">
  <testcase name="verifyProductSelectWidget" time="16.732" classname="com.selenium.ebiz.product_listing_page.plp_NonParallelTests.ProductListingPageGuestUser_WORKING"/>
  <testcase name="verifySubCategoryPageListView" time="12.498" classname="com.selenium.ebiz.product_listing_page.plp_NonParallelTests.ProductListingPageGuestUser_WORKING"/>
  <testcase name="verifyProductSelectDeselectWidgetAndScrollUpDown" time="16.700" classname="com.selenium.ebiz.product_listing_page.plp_NonParallelTests.ProductListingPageGuestUser_WORKING"/>
  <testcase name="verifySubCategoryPageGridView" time="12.837" classname="com.selenium.ebiz.product_listing_page.plp_NonParallelTests.ProductListingPageGuestUser_WORKING"/>
</testsuite> <!-- com.selenium.ebiz.product_listing_page.plp_NonParallelTests.ProductListingPageGuestUser_WORKING -->
