<?xml version="1.0" encoding="UTF-8"?>
<!-- Generated by org.testng.reporters.JUnitReportReporter -->
<testsuite skipped="0" hostname="W7VDIHPQC16WPL" name="com.selenium.ebiz.shoppingCart_UI.ValidateStrikethroughPricingInCartRegularUser" tests="1" failures="0" timestamp="27 Nov 2019 14:55:13 GMT" time="71.494" errors="0">
  <testcase name="shoppingcartUI_ValidateStrikethroughPricingInCartRegularUser_MOQPart" time="71.494" classname="com.selenium.ebiz.shoppingCart_UI.ValidateStrikethroughPricingInCartRegularUser"/>
</testsuite> <!-- com.selenium.ebiz.shoppingCart_UI.ValidateStrikethroughPricingInCartRegularUser -->
