<?xml version="1.0" encoding="UTF-8"?>
<!-- Generated by org.testng.reporters.JUnitReportReporter -->
<testsuite skipped="0" hostname="W7VDIHPQC16WPL" name="com.selenium.ebiz.navigation.ShoppingCartContinueShoppingBreadcrumb_WORKING" tests="1" failures="0" timestamp="11 Feb 2019 08:52:59 GMT" time="7.680" errors="0">
  <testcase name="verifyShoppingCartContinueShoppingBreadcrumbTest" time="7.680" classname="com.selenium.ebiz.navigation.ShoppingCartContinueShoppingBreadcrumb_WORKING"/>
</testsuite> <!-- com.selenium.ebiz.navigation.ShoppingCartContinueShoppingBreadcrumb_WORKING -->
