<?xml version="1.0" encoding="UTF-8"?>
<!-- Generated by org.testng.reporters.JUnitReportReporter -->
<testsuite skipped="0" hostname="W7VDIHPQC16WPL" name="com.selenium.ebiz.quotes.CreateQuotesFromPLPListView" tests="1" failures="0" timestamp="16 Oct 2019 16:23:15 GMT" time="43.467" errors="0">
  <testcase name="quote_addToExistingQuoteFromPLPListView" time="43.467" classname="com.selenium.ebiz.quotes.CreateQuotesFromPLPListView"/>
</testsuite> <!-- com.selenium.ebiz.quotes.CreateQuotesFromPLPListView -->
