<?xml version="1.0" encoding="UTF-8"?>
<!-- Generated by org.testng.reporters.JUnitReportReporter -->
<testsuite skipped="0" hostname="W7VDIHPQC16WPL" name="com.selenium.ebiz.add_to_cart.VerifyIfItemCanBeAddedToTheCartFromShoppingCartPage" tests="6" failures="0" timestamp="04 Feb 2019 10:42:30 GMT" time="13.806" errors="0">
  <testcase name="testClearCart" time="3.686" classname="com.selenium.ebiz.add_to_cart.VerifyIfItemCanBeAddedToTheCartFromShoppingCartPage"/>
  <testcase name="testLogout" time="0.352" classname="com.selenium.ebiz.add_to_cart.VerifyIfItemCanBeAddedToTheCartFromShoppingCartPage"/>
  <testcase name="test_verifyItemAddedToCartCountUpdated" time="2.754" classname="com.selenium.ebiz.add_to_cart.VerifyIfItemCanBeAddedToTheCartFromShoppingCartPage"/>
  <testcase name="test_verifyItemAddedToCartPartNumber" time="0.047" classname="com.selenium.ebiz.add_to_cart.VerifyIfItemCanBeAddedToTheCartFromShoppingCartPage"/>
  <testcase name="test_itemAddedToCartFromSCP" time="1.400" classname="com.selenium.ebiz.add_to_cart.VerifyIfItemCanBeAddedToTheCartFromShoppingCartPage"/>
  <testcase name="testLogin" time="5.567" classname="com.selenium.ebiz.add_to_cart.VerifyIfItemCanBeAddedToTheCartFromShoppingCartPage"/>
</testsuite> <!-- com.selenium.ebiz.add_to_cart.VerifyIfItemCanBeAddedToTheCartFromShoppingCartPage -->
