<?xml version="1.0" encoding="UTF-8"?>
<!-- Generated by org.testng.reporters.JUnitReportReporter -->
<testsuite skipped="0" hostname="W7VDIHPQC16WPL" name="com.selenium.ebiz.header.DisplayStaticWebsiteHelpInUtilityBar_WORKING" tests="1" failures="0" timestamp="03 Apr 2019 11:07:41 GMT" time="20.689" errors="0">
  <testcase name="header_DisplayStaticWebsiteHelpInUtilityBarOnSaveListPage" time="20.689" classname="com.selenium.ebiz.header.DisplayStaticWebsiteHelpInUtilityBar_WORKING"/>
</testsuite> <!-- com.selenium.ebiz.header.DisplayStaticWebsiteHelpInUtilityBar_WORKING -->
