<?xml version="1.0" encoding="UTF-8"?>
<!-- Generated by org.testng.reporters.JUnitReportReporter -->
<testsuite skipped="0" hostname="W7VDIHPQC16WPL" name="com.selenium.ebiz.add_to_cart.addToCart_grid.VerifyIfItemCanBeAddedToCartFromShoppingCartQuickAdd_Grid" tests="4" failures="0" timestamp="23 Sep 2019 10:39:43 GMT" time="787.856" errors="0">
  <testcase name="addtocart_EnterInvalidPartNumbersToTheShoppingCart" time="169.153" classname="com.selenium.ebiz.add_to_cart.addToCart_grid.VerifyIfItemCanBeAddedToCartFromShoppingCartQuickAdd_Grid"/>
  <testcase name="addtocart_VerifyPricesInSCPANDPDP" time="197.020" classname="com.selenium.ebiz.add_to_cart.addToCart_grid.VerifyIfItemCanBeAddedToCartFromShoppingCartQuickAdd_Grid"/>
  <testcase name="addtocart_EnterInvalidQtyToTheShoppingCart" time="71.659" classname="com.selenium.ebiz.add_to_cart.addToCart_grid.VerifyIfItemCanBeAddedToCartFromShoppingCartQuickAdd_Grid"/>
  <testcase name="addtocart_VerifyAddedPartIsDisplayedInSCP" time="350.024" classname="com.selenium.ebiz.add_to_cart.addToCart_grid.VerifyIfItemCanBeAddedToCartFromShoppingCartQuickAdd_Grid"/>
</testsuite> <!-- com.selenium.ebiz.add_to_cart.addToCart_grid.VerifyIfItemCanBeAddedToCartFromShoppingCartQuickAdd_Grid -->
