<?xml version="1.0" encoding="UTF-8"?>
<!-- Generated by org.testng.reporters.JUnitReportReporter -->
<testsuite skipped="0" hostname="W7VDIHPQC16WPL" name="com.selenium.ebiz.product_listing_page.plp_NonParallelTests.CompareTheseItemsPageAuthenticatedUser_WORKING" tests="1" failures="0" timestamp="18 Mar 2019 13:43:33 GMT" time="55.009" errors="0">
  <testcase name="verifyProductTilesWithButtonsAuthenticatedUser" time="55.009" classname="com.selenium.ebiz.product_listing_page.plp_NonParallelTests.CompareTheseItemsPageAuthenticatedUser_WORKING"/>
</testsuite> <!-- com.selenium.ebiz.product_listing_page.plp_NonParallelTests.CompareTheseItemsPageAuthenticatedUser_WORKING -->
