<?xml version="1.0" encoding="UTF-8"?>
<!-- Generated by org.testng.reporters.JUnitReportReporter -->
<testsuite skipped="0" hostname="W7VDIHPQC16WPL" name="product_detail_page.VerifyBreadcrumbProductDetailPageSearch" tests="10" failures="0" timestamp="10 May 2019 06:12:14 GMT" time="398.379" errors="0">
  <testcase name="pdp_VerifyBreadcrumbProductDetailPageSearch" time="39.042" classname="product_detail_page.VerifyBreadcrumbProductDetailPageSearch"/>
  <testcase name="pdp_VerifyBreadcrumbProductDetailPageSearch" time="40.343" classname="product_detail_page.VerifyBreadcrumbProductDetailPageSearch"/>
  <testcase name="pdp_VerifyBreadcrumbProductDetailPageSearch" time="47.057" classname="product_detail_page.VerifyBreadcrumbProductDetailPageSearch"/>
  <testcase name="pdp_VerifyBreadcrumbProductDetailPageSearch" time="39.474" classname="product_detail_page.VerifyBreadcrumbProductDetailPageSearch"/>
  <testcase name="pdp_VerifyBreadcrumbProductDetailPageSearch" time="39.492" classname="product_detail_page.VerifyBreadcrumbProductDetailPageSearch"/>
  <testcase name="pdp_VerifyBreadcrumbProductDetailPageSearch" time="40.461" classname="product_detail_page.VerifyBreadcrumbProductDetailPageSearch"/>
  <testcase name="pdp_VerifyBreadcrumbProductDetailPageSearch" time="37.318" classname="product_detail_page.VerifyBreadcrumbProductDetailPageSearch"/>
  <testcase name="pdp_VerifyBreadcrumbProductDetailPageSearch" time="37.724" classname="product_detail_page.VerifyBreadcrumbProductDetailPageSearch"/>
  <testcase name="pdp_VerifyBreadcrumbProductDetailPageSearch" time="40.969" classname="product_detail_page.VerifyBreadcrumbProductDetailPageSearch"/>
  <testcase name="pdp_VerifyBreadcrumbProductDetailPageSearch" time="36.499" classname="product_detail_page.VerifyBreadcrumbProductDetailPageSearch"/>
</testsuite> <!-- product_detail_page.VerifyBreadcrumbProductDetailPageSearch -->
