<?xml version="1.0" encoding="UTF-8"?>
<!-- Generated by org.testng.reporters.JUnitReportReporter -->
<testsuite skipped="0" hostname="W7VDIHPQC16WPL" name="com.selenium.ebiz.quickCheckout.ValidatePTCustomizationFromSaveList" tests="1" failures="0" timestamp="22 Jul 2019 14:43:00 GMT" time="77.382" errors="0">
  <testcase name="quickCheckout_ValidatePTCustomizationFromSaveList" time="77.382" classname="com.selenium.ebiz.quickCheckout.ValidatePTCustomizationFromSaveList"/>
</testsuite> <!-- com.selenium.ebiz.quickCheckout.ValidatePTCustomizationFromSaveList -->
