<?xml version="1.0" encoding="UTF-8"?>
<!-- Generated by org.testng.reporters.JUnitReportReporter -->
<testsuite skipped="0" hostname="W7VDIHPQC16WPL" name="com.selenium.ebiz.save_list.VerifyChangeNumberOfListsToDisplayOnSavedListPage" tests="10" failures="0" timestamp="22 Apr 2019 13:48:52 GMT" time="407.707" errors="0">
  <testcase name="savedList_VerifyNumberOfListDisplayedAndPaginationOnSavedListPage" time="38.984" classname="com.selenium.ebiz.save_list.VerifyChangeNumberOfListsToDisplayOnSavedListPage"/>
  <testcase name="savedList_VerifyNumberOfListDisplayedAndPaginationOnSavedListPage" time="42.916" classname="com.selenium.ebiz.save_list.VerifyChangeNumberOfListsToDisplayOnSavedListPage"/>
  <testcase name="savedList_VerifyNumberOfListDisplayedAndPaginationOnSavedListPage" time="36.799" classname="com.selenium.ebiz.save_list.VerifyChangeNumberOfListsToDisplayOnSavedListPage"/>
  <testcase name="savedList_VerifyNumberOfListDisplayedAndPaginationOnSavedListPage" time="39.518" classname="com.selenium.ebiz.save_list.VerifyChangeNumberOfListsToDisplayOnSavedListPage"/>
  <testcase name="savedList_VerifyNumberOfListDisplayedAndPaginationOnSavedListPage" time="35.517" classname="com.selenium.ebiz.save_list.VerifyChangeNumberOfListsToDisplayOnSavedListPage"/>
  <testcase name="savedList_VerifyNumberOfListDisplayedAndPaginationOnSavedListPage" time="35.840" classname="com.selenium.ebiz.save_list.VerifyChangeNumberOfListsToDisplayOnSavedListPage"/>
  <testcase name="savedList_VerifyNumberOfListDisplayedAndPaginationOnSavedListPage" time="60.236" classname="com.selenium.ebiz.save_list.VerifyChangeNumberOfListsToDisplayOnSavedListPage"/>
  <testcase name="savedList_VerifyNumberOfListDisplayedAndPaginationOnSavedListPage" time="38.474" classname="com.selenium.ebiz.save_list.VerifyChangeNumberOfListsToDisplayOnSavedListPage"/>
  <testcase name="savedList_VerifyNumberOfListDisplayedAndPaginationOnSavedListPage" time="36.903" classname="com.selenium.ebiz.save_list.VerifyChangeNumberOfListsToDisplayOnSavedListPage"/>
  <testcase name="savedList_VerifyNumberOfListDisplayedAndPaginationOnSavedListPage" time="42.520" classname="com.selenium.ebiz.save_list.VerifyChangeNumberOfListsToDisplayOnSavedListPage"/>
</testsuite> <!-- com.selenium.ebiz.save_list.VerifyChangeNumberOfListsToDisplayOnSavedListPage -->
