<?xml version="1.0" encoding="UTF-8"?>
<!-- Generated by org.testng.reporters.JUnitReportReporter -->
<testsuite skipped="0" hostname="W7VDIHPQC16WPL" name="com.selenium.ebiz.search.ValidateDiscontinuedPartWithoutAReplacementPart" tests="20" failures="0" timestamp="31 May 2019 09:44:38 GMT" time="833.593" errors="0">
  <testcase name="savedList_ValidateDiscontinuedPartWithoutAReplacementPartGuestUser" time="36.436" classname="com.selenium.ebiz.search.ValidateDiscontinuedPartWithoutAReplacementPart"/>
  <testcase name="savedList_ValidateDiscontinuedPartWithoutAReplacementPartLoggedInUser" time="42.369" classname="com.selenium.ebiz.search.ValidateDiscontinuedPartWithoutAReplacementPart"/>
  <testcase name="savedList_ValidateDiscontinuedPartWithoutAReplacementPartGuestUser" time="40.458" classname="com.selenium.ebiz.search.ValidateDiscontinuedPartWithoutAReplacementPart"/>
  <testcase name="savedList_ValidateDiscontinuedPartWithoutAReplacementPartLoggedInUser" time="25.709" classname="com.selenium.ebiz.search.ValidateDiscontinuedPartWithoutAReplacementPart"/>
  <testcase name="savedList_ValidateDiscontinuedPartWithoutAReplacementPartLoggedInUser" time="24.624" classname="com.selenium.ebiz.search.ValidateDiscontinuedPartWithoutAReplacementPart"/>
  <testcase name="savedList_ValidateDiscontinuedPartWithoutAReplacementPartLoggedInUser" time="41.673" classname="com.selenium.ebiz.search.ValidateDiscontinuedPartWithoutAReplacementPart"/>
  <testcase name="savedList_ValidateDiscontinuedPartWithoutAReplacementPartLoggedInUser" time="23.296" classname="com.selenium.ebiz.search.ValidateDiscontinuedPartWithoutAReplacementPart"/>
  <testcase name="savedList_ValidateDiscontinuedPartWithoutAReplacementPartGuestUser" time="41.335" classname="com.selenium.ebiz.search.ValidateDiscontinuedPartWithoutAReplacementPart"/>
  <testcase name="savedList_ValidateDiscontinuedPartWithoutAReplacementPartGuestUser" time="55.986" classname="com.selenium.ebiz.search.ValidateDiscontinuedPartWithoutAReplacementPart"/>
  <testcase name="savedList_ValidateDiscontinuedPartWithoutAReplacementPartLoggedInUser" time="43.995" classname="com.selenium.ebiz.search.ValidateDiscontinuedPartWithoutAReplacementPart"/>
  <testcase name="savedList_ValidateDiscontinuedPartWithoutAReplacementPartLoggedInUser" time="63.262" classname="com.selenium.ebiz.search.ValidateDiscontinuedPartWithoutAReplacementPart"/>
  <testcase name="savedList_ValidateDiscontinuedPartWithoutAReplacementPartGuestUser" time="38.118" classname="com.selenium.ebiz.search.ValidateDiscontinuedPartWithoutAReplacementPart"/>
  <testcase name="savedList_ValidateDiscontinuedPartWithoutAReplacementPartGuestUser" time="46.887" classname="com.selenium.ebiz.search.ValidateDiscontinuedPartWithoutAReplacementPart"/>
  <testcase name="savedList_ValidateDiscontinuedPartWithoutAReplacementPartGuestUser" time="57.273" classname="com.selenium.ebiz.search.ValidateDiscontinuedPartWithoutAReplacementPart"/>
  <testcase name="savedList_ValidateDiscontinuedPartWithoutAReplacementPartLoggedInUser" time="44.897" classname="com.selenium.ebiz.search.ValidateDiscontinuedPartWithoutAReplacementPart"/>
  <testcase name="savedList_ValidateDiscontinuedPartWithoutAReplacementPartLoggedInUser" time="23.609" classname="com.selenium.ebiz.search.ValidateDiscontinuedPartWithoutAReplacementPart"/>
  <testcase name="savedList_ValidateDiscontinuedPartWithoutAReplacementPartGuestUser" time="37.375" classname="com.selenium.ebiz.search.ValidateDiscontinuedPartWithoutAReplacementPart"/>
  <testcase name="savedList_ValidateDiscontinuedPartWithoutAReplacementPartGuestUser" time="35.012" classname="com.selenium.ebiz.search.ValidateDiscontinuedPartWithoutAReplacementPart"/>
  <testcase name="savedList_ValidateDiscontinuedPartWithoutAReplacementPartGuestUser" time="34.237" classname="com.selenium.ebiz.search.ValidateDiscontinuedPartWithoutAReplacementPart"/>
  <testcase name="savedList_ValidateDiscontinuedPartWithoutAReplacementPartLoggedInUser" time="77.042" classname="com.selenium.ebiz.search.ValidateDiscontinuedPartWithoutAReplacementPart"/>
</testsuite> <!-- com.selenium.ebiz.search.ValidateDiscontinuedPartWithoutAReplacementPart -->
