<?xml version="1.0" encoding="UTF-8"?>
<!-- Generated by org.testng.reporters.JUnitReportReporter -->
<testsuite skipped="0" hostname="W7VDIHPQC16WPL" name="com.selenium.ebiz.shoppingCart_UI.VerifyAddPartsToCartGroupbox" tests="1" failures="0" timestamp="08 May 2019 11:54:19 GMT" time="36.914" errors="0">
  <testcase name="shoppingcartUI_VerifyAddPartsToCartGroupbox" time="36.914" classname="com.selenium.ebiz.shoppingCart_UI.VerifyAddPartsToCartGroupbox"/>
</testsuite> <!-- com.selenium.ebiz.shoppingCart_UI.VerifyAddPartsToCartGroupbox -->
