<?xml version="1.0" encoding="UTF-8"?>
<!-- Generated by org.testng.reporters.JUnitReportReporter -->
<testsuite skipped="0" hostname="W7VDIHPQC16WPL" name="com.selenium.ebiz.navigation.VerifyL2CategoryProductBlank" tests="2" failures="0" timestamp="11 Feb 2019 09:20:52 GMT" time="22.103" errors="0">
  <testcase name="verifyL2CategoryProductGuestUserTest" time="7.532" classname="com.selenium.ebiz.navigation.VerifyL2CategoryProductBlank"/>
  <testcase name="verifyL2CategoryProductAuthenticateUserTest" time="14.571" classname="com.selenium.ebiz.navigation.VerifyL2CategoryProductBlank"/>
</testsuite> <!-- com.selenium.ebiz.navigation.VerifyL2CategoryProductBlank -->
