<?xml version="1.0" encoding="UTF-8"?>
<!-- Generated by org.testng.reporters.JUnitReportReporter -->
<testsuite skipped="0" hostname="W7VDIHPQC16WPL" name="com.selenium.ebiz.account_management.my_account.ManageShippingAddressPage" tests="1" failures="0" timestamp="15 Oct 2019 15:34:15 GMT" time="702.680" errors="0">
  <testcase name="myAccount_ManageShippingAddressPage" time="702.680" classname="com.selenium.ebiz.account_management.my_account.ManageShippingAddressPage"/>
</testsuite> <!-- com.selenium.ebiz.account_management.my_account.ManageShippingAddressPage -->
