<?xml version="1.0" encoding="UTF-8"?>
<!-- Generated by org.testng.reporters.JUnitReportReporter -->
<testsuite skipped="0" hostname="W7VDIHPQC16WPL" name="com.selenium.ebiz.account_management.my_account.MyProfileChangePassword_WORKING" tests="1" failures="0" timestamp="01 Oct 2019 08:25:25 GMT" time="69.954" errors="0">
  <testcase name="myAccount_changePassword" time="69.954" classname="com.selenium.ebiz.account_management.my_account.MyProfileChangePassword_WORKING"/>
</testsuite> <!-- com.selenium.ebiz.account_management.my_account.MyProfileChangePassword_WORKING -->
