<?xml version="1.0" encoding="UTF-8"?>
<!-- Generated by org.testng.reporters.JUnitReportReporter -->
<testsuite skipped="0" hostname="W7VDIHPQC16WPL" name="com.selenium.ebiz.search.VerifySearchForGenericCompetitoPartNumberSameAsHDSNum" tests="1" failures="0" timestamp="05 Jun 2019 12:47:23 GMT" time="49.919" errors="0">
  <testcase name="savedList_VerifySearcFforGenericCompetitoPartNumberSameAsHDSNum" time="49.919" classname="com.selenium.ebiz.search.VerifySearchForGenericCompetitoPartNumberSameAsHDSNum"/>
</testsuite> <!-- com.selenium.ebiz.search.VerifySearchForGenericCompetitoPartNumberSameAsHDSNum -->
