<?xml version="1.0" encoding="UTF-8"?>
<!-- Generated by org.testng.reporters.JUnitReportReporter -->
<testsuite skipped="0" hostname="W7VDIHPQC16WPL" name="com.selenium.ebiz.shoppingCart_UI.VerifyAddTextToPurchaseOrderField" tests="1" failures="0" timestamp="16 Oct 2019 16:31:10 GMT" time="113.008" errors="0">
  <testcase name="shoppingcartUI_VerifyAddTextToPurchaseOrderField" time="113.008" classname="com.selenium.ebiz.shoppingCart_UI.VerifyAddTextToPurchaseOrderField"/>
</testsuite> <!-- com.selenium.ebiz.shoppingCart_UI.VerifyAddTextToPurchaseOrderField -->
