<?xml version="1.0" encoding="UTF-8"?>
<!-- Generated by org.testng.reporters.JUnitReportReporter -->
<testsuite skipped="0" hostname="W7VDIHPQC16WPL" name="com.selenium.ebiz.quotes.VerifyingRoleShowsUpOnQuoteListPage" tests="3" failures="0" timestamp="03 Jul 2019 11:25:39 GMT" time="155.613" errors="0">
  <testcase name="quotes_VerifyingRoleShowsUpOnQuoteListPageForEbizSupportUser" time="65.311" classname="com.selenium.ebiz.quotes.VerifyingRoleShowsUpOnQuoteListPage"/>
  <testcase name="quotes_VerifyingRoleShowsUpOnQuoteListPageForAuthenticatedUser" time="41.188" classname="com.selenium.ebiz.quotes.VerifyingRoleShowsUpOnQuoteListPage"/>
  <testcase name="quotes_VerifyingRoleShowsUpOnQuoteListPageForOBOUser" time="49.114" classname="com.selenium.ebiz.quotes.VerifyingRoleShowsUpOnQuoteListPage"/>
</testsuite> <!-- com.selenium.ebiz.quotes.VerifyingRoleShowsUpOnQuoteListPage -->
