<?xml version="1.0" encoding="UTF-8"?>
<!-- Generated by org.testng.reporters.JUnitReportReporter -->
<testsuite skipped="0" hostname="W7VDIHPQC16WPL" name="com.selenium.ebiz.order_history.orderHistory_grid.VerifyErrorOnPartAfterClickingOnItInTheShoppingCart_Grid" tests="4" failures="0" timestamp="11 Oct 2019 08:57:17 GMT" time="156.578" errors="0">
  <testcase name="orderHistory_AddPartFromFrequentlyPurchasedPageToPDP" time="35.194" classname="com.selenium.ebiz.order_history.orderHistory_grid.VerifyErrorOnPartAfterClickingOnItInTheShoppingCart_Grid"/>
  <testcase name="orderHistory_VerifyPartIsDisplayedInPDPWithoutErrorAddedPartFromOHDP" time="41.575" classname="com.selenium.ebiz.order_history.orderHistory_grid.VerifyErrorOnPartAfterClickingOnItInTheShoppingCart_Grid"/>
  <testcase name="orderHistory_isAddedPartDisplayedInShoppingCart" time="39.228" classname="com.selenium.ebiz.order_history.orderHistory_grid.VerifyErrorOnPartAfterClickingOnItInTheShoppingCart_Grid"/>
  <testcase name="orderHistory_isAddedThirdPartDisplayedInPDPWithoutError" time="40.581" classname="com.selenium.ebiz.order_history.orderHistory_grid.VerifyErrorOnPartAfterClickingOnItInTheShoppingCart_Grid"/>
</testsuite> <!-- com.selenium.ebiz.order_history.orderHistory_grid.VerifyErrorOnPartAfterClickingOnItInTheShoppingCart_Grid -->
