<?xml version="1.0" encoding="UTF-8"?>
<!-- Generated by org.testng.reporters.JUnitReportReporter -->
<testsuite skipped="0" hostname="W7VDIHPQC16WPL" name="com.selenium.ebiz.add_to_cart.VerifyIfItemCanBeAddedToTheCartThroughPLPListView" tests="6" failures="0" timestamp="04 Feb 2019 10:42:30 GMT" time="37.009" errors="0">
  <testcase name="test_verifyListViewButtonDisplayed" time="6.171" classname="com.selenium.ebiz.add_to_cart.VerifyIfItemCanBeAddedToTheCartThroughPLPListView"/>
  <testcase name="testClearCart" time="3.775" classname="com.selenium.ebiz.add_to_cart.VerifyIfItemCanBeAddedToTheCartThroughPLPListView"/>
  <testcase name="testLogin" time="6.456" classname="com.selenium.ebiz.add_to_cart.VerifyIfItemCanBeAddedToTheCartThroughPLPListView"/>
  <testcase name="test_verifyPLPInListView" time="4.661" classname="com.selenium.ebiz.add_to_cart.VerifyIfItemCanBeAddedToTheCartThroughPLPListView"/>
  <testcase name="test_addToCartFromPLPListView" time="14.919" classname="com.selenium.ebiz.add_to_cart.VerifyIfItemCanBeAddedToTheCartThroughPLPListView"/>
  <testcase name="testLogout" time="1.027" classname="com.selenium.ebiz.add_to_cart.VerifyIfItemCanBeAddedToTheCartThroughPLPListView"/>
</testsuite> <!-- com.selenium.ebiz.add_to_cart.VerifyIfItemCanBeAddedToTheCartThroughPLPListView -->
