<?xml version="1.0" encoding="UTF-8"?>
<!-- Generated by org.testng.reporters.JUnitReportReporter -->
<testsuite skipped="14" hostname="W7VDIHPQC16WPL" name="com.selenium.ebiz.compare_products.compareProducts_NonParallelTests.AddToListFromComparePageAsNonSUMAUserPageRedirection" tests="15" failures="0" timestamp="03 Apr 2019 08:21:24 GMT" time="0.065" errors="1">
  <testcase name="addFirstItemToNewList" time="0.000" classname="com.selenium.ebiz.compare_products.compareProducts_NonParallelTests.AddToListFromComparePageAsNonSUMAUserPageRedirection">
    <skipped/>
  </testcase> <!-- addFirstItemToNewList -->
  <testcase name="driverSetup" time="0.063" classname="com.selenium.ebiz.compare_products.compareProducts_NonParallelTests.AddToListFromComparePageAsNonSUMAUserPageRedirection">
    <error type="java.lang.NullPointerException" message="Name is null">
      <![CDATA[java.lang.NullPointerException: Name is null
	at java.lang.Enum.valueOf(Unknown Source)
	at org.openqa.selenium.Platform.valueOf(Platform.java:30)
	at org.openqa.selenium.Platform.fromString(Platform.java:288)
	at org.openqa.selenium.remote.DesiredCapabilities.setCapability(DesiredCapabilities.java:156)
	at com.selenium.ebiz.baseclass.BaseClassV8_Parallel.createDriver(BaseClassV8_Parallel.java:82)
	at com.selenium.ebiz.baseclass.BaseClassV8_Parallel.driverSetup(BaseClassV8_Parallel.java:54)
	at sun.reflect.NativeMethodAccessorImpl.invoke0(Native Method)
	at sun.reflect.NativeMethodAccessorImpl.invoke(Unknown Source)
	at sun.reflect.DelegatingMethodAccessorImpl.invoke(Unknown Source)
	at java.lang.reflect.Method.invoke(Unknown Source)
	at org.testng.internal.MethodInvocationHelper.invokeMethod(MethodInvocationHelper.java:108)
	at org.testng.internal.Invoker.invokeConfigurationMethod(Invoker.java:523)
	at org.testng.internal.Invoker.invokeConfigurations(Invoker.java:224)
	at org.testng.internal.Invoker.invokeConfigurations(Invoker.java:146)
	at org.testng.internal.TestMethodWorker.invokeBeforeClassMethods(TestMethodWorker.java:166)
	at org.testng.internal.TestMethodWorker.run(TestMethodWorker.java:105)
	at org.testng.TestRunner.privateRun(TestRunner.java:744)
	at org.testng.TestRunner.run(TestRunner.java:602)
	at org.testng.SuiteRunner.runTest(SuiteRunner.java:380)
	at org.testng.SuiteRunner.runSequentially(SuiteRunner.java:375)
	at org.testng.SuiteRunner.privateRun(SuiteRunner.java:340)
	at org.testng.SuiteRunner.run(SuiteRunner.java:289)
	at org.testng.SuiteRunnerWorker.runSuite(SuiteRunnerWorker.java:52)
	at org.testng.SuiteRunnerWorker.run(SuiteRunnerWorker.java:86)
	at org.testng.TestNG.runSuitesSequentially(TestNG.java:1301)
	at org.testng.TestNG.runSuitesLocally(TestNG.java:1226)
	at org.testng.TestNG.runSuites(TestNG.java:1144)
	at org.testng.TestNG.run(TestNG.java:1115)
	at org.testng.remote.AbstractRemoteTestNG.run(AbstractRemoteTestNG.java:114)
	at org.testng.remote.RemoteTestNG.initAndRun(RemoteTestNG.java:251)
	at org.testng.remote.RemoteTestNG.main(RemoteTestNG.java:77)
]]>
    </error>
  </testcase> <!-- driverSetup -->
  <testcase name="AddSecondItemToExistingList" time="0.000" classname="com.selenium.ebiz.compare_products.compareProducts_NonParallelTests.AddToListFromComparePageAsNonSUMAUserPageRedirection">
    <skipped/>
  </testcase> <!-- AddSecondItemToExistingList -->
  <testcase name="verifyAddToNewListModalWindow" time="0.000" classname="com.selenium.ebiz.compare_products.compareProducts_NonParallelTests.AddToListFromComparePageAsNonSUMAUserPageRedirection">
    <skipped/>
  </testcase> <!-- verifyAddToNewListModalWindow -->
  <testcase name="addFirstItemToExistingList" time="0.001" classname="com.selenium.ebiz.compare_products.compareProducts_NonParallelTests.AddToListFromComparePageAsNonSUMAUserPageRedirection">
    <skipped/>
  </testcase> <!-- addFirstItemToExistingList -->
  <testcase name="verifySignInOrRegisterPage" time="0.000" classname="com.selenium.ebiz.compare_products.compareProducts_NonParallelTests.AddToListFromComparePageAsNonSUMAUserPageRedirection">
    <skipped/>
  </testcase> <!-- verifySignInOrRegisterPage -->
  <testcase name="verifyCompareCheckboxesDisplayed" time="0.001" classname="com.selenium.ebiz.compare_products.compareProducts_NonParallelTests.AddToListFromComparePageAsNonSUMAUserPageRedirection">
    <skipped/>
  </testcase> <!-- verifyCompareCheckboxesDisplayed -->
  <testcase name="addSecondItemToNewList" time="0.000" classname="com.selenium.ebiz.compare_products.compareProducts_NonParallelTests.AddToListFromComparePageAsNonSUMAUserPageRedirection">
    <skipped/>
  </testcase> <!-- addSecondItemToNewList -->
  <testcase name="enterValidCredentials" time="0.000" classname="com.selenium.ebiz.compare_products.compareProducts_NonParallelTests.AddToListFromComparePageAsNonSUMAUserPageRedirection">
    <skipped/>
  </testcase> <!-- enterValidCredentials -->
  <testcase name="verifySecondCompareItemAddedToNewSavedList" time="0.000" classname="com.selenium.ebiz.compare_products.compareProducts_NonParallelTests.AddToListFromComparePageAsNonSUMAUserPageRedirection">
    <skipped/>
  </testcase> <!-- verifySecondCompareItemAddedToNewSavedList -->
  <testcase name="verifyFirstCompareItemAddedToNewSavedList" time="0.000" classname="com.selenium.ebiz.compare_products.compareProducts_NonParallelTests.AddToListFromComparePageAsNonSUMAUserPageRedirection">
    <skipped/>
  </testcase> <!-- verifyFirstCompareItemAddedToNewSavedList -->
  <testcase name="verifySecondItemAddedToExistingList" time="0.000" classname="com.selenium.ebiz.compare_products.compareProducts_NonParallelTests.AddToListFromComparePageAsNonSUMAUserPageRedirection">
    <skipped/>
  </testcase> <!-- verifySecondItemAddedToExistingList -->
  <testcase name="verifyFirstItemAddedToExistingList" time="0.000" classname="com.selenium.ebiz.compare_products.compareProducts_NonParallelTests.AddToListFromComparePageAsNonSUMAUserPageRedirection">
    <skipped/>
  </testcase> <!-- verifyFirstItemAddedToExistingList -->
  <testcase name="testLogout" time="0.000" classname="com.selenium.ebiz.compare_products.compareProducts_NonParallelTests.AddToListFromComparePageAsNonSUMAUserPageRedirection">
    <skipped/>
  </testcase> <!-- testLogout -->
  <testcase name="verifyNavigatedToCompareProductsPage" time="0.000" classname="com.selenium.ebiz.compare_products.compareProducts_NonParallelTests.AddToListFromComparePageAsNonSUMAUserPageRedirection">
    <skipped/>
  </testcase> <!-- verifyNavigatedToCompareProductsPage -->
</testsuite> <!-- com.selenium.ebiz.compare_products.compareProducts_NonParallelTests.AddToListFromComparePageAsNonSUMAUserPageRedirection -->
