<?xml version="1.0" encoding="UTF-8"?>
<!-- Generated by org.testng.reporters.JUnitReportReporter -->
<testsuite skipped="0" hostname="W7VDIHPQC16WPL" name="com.selenium.ebiz.add_to_cart.grid_tests_add_to_cart.VerifyItemAddedToCartFromSaveListSummary_Grid" tests="1" failures="1" timestamp="03 Apr 2019 11:00:35 GMT" time="45.810" errors="0">
  <testcase name="addtocart_VerifyItemAddedToCartFromSaveListSummary" time="45.810" classname="com.selenium.ebiz.add_to_cart.grid_tests_add_to_cart.VerifyItemAddedToCartFromSaveListSummary_Grid">
    <failure type="java.lang.AssertionError" message="expected [true] but found [false]">
      <![CDATA[java.lang.AssertionError: expected [true] but found [false]
	at org.testng.Assert.fail(Assert.java:93)
	at org.testng.Assert.failNotEquals(Assert.java:512)
	at org.testng.Assert.assertTrue(Assert.java:41)
	at org.testng.Assert.assertTrue(Assert.java:51)
	at com.selenium.ebiz.pageobject.SavedListsPage.clickOnAddToCartButton(SavedListsPage.java:774)
	at com.selenium.ebiz.add_to_cart.grid_tests_add_to_cart.VerifyItemAddedToCartFromSaveListSummary_Grid.addtocart_VerifyItemAddedToCartFromSaveListSummary(VerifyItemAddedToCartFromSaveListSummary_Grid.java:54)
	at sun.reflect.NativeMethodAccessorImpl.invoke0(Native Method)
	at sun.reflect.NativeMethodAccessorImpl.invoke(Unknown Source)
	at sun.reflect.DelegatingMethodAccessorImpl.invoke(Unknown Source)
	at java.lang.reflect.Method.invoke(Unknown Source)
	at org.testng.internal.MethodInvocationHelper.invokeMethod(MethodInvocationHelper.java:108)
	at org.testng.internal.Invoker.invokeMethod(Invoker.java:661)
	at org.testng.internal.Invoker.invokeTestMethod(Invoker.java:869)
	at org.testng.internal.TestMethodWithDataProviderMethodWorker.call(TestMethodWithDataProviderMethodWorker.java:75)
	at org.testng.internal.TestMethodWithDataProviderMethodWorker.call(TestMethodWithDataProviderMethodWorker.java:14)
	at java.util.concurrent.FutureTask.run(Unknown Source)
	at java.util.concurrent.Executors$RunnableAdapter.call(Unknown Source)
	at java.util.concurrent.FutureTask.run(Unknown Source)
	at java.util.concurrent.ThreadPoolExecutor.runWorker(Unknown Source)
	at java.util.concurrent.ThreadPoolExecutor$Worker.run(Unknown Source)
	at java.lang.Thread.run(Unknown Source)
]]>
    </failure>
  </testcase> <!-- addtocart_VerifyItemAddedToCartFromSaveListSummary -->
</testsuite> <!-- com.selenium.ebiz.add_to_cart.grid_tests_add_to_cart.VerifyItemAddedToCartFromSaveListSummary_Grid -->
