<?xml version="1.0" encoding="UTF-8"?>
<!-- Generated by org.testng.reporters.JUnitReportReporter -->
<testsuite skipped="0" hostname="W7VDIHPQC16WPL" name="com.selenium.ebiz.account_management.login.VerifyDisplayOfThreeFullProductsInRecommendedProducts" tests="10" failures="0" timestamp="19 Sep 2019 10:49:03 GMT" time="157.883" errors="0">
  <testcase name="login_VerifyDisplayOfThreeFullProductsInRecommendedProductsForLoogedInUser" time="18.234" classname="com.selenium.ebiz.account_management.login.VerifyDisplayOfThreeFullProductsInRecommendedProducts"/>
  <testcase name="login_VerifyDisplayOfThreeFullProductsInRecommendedProductsForLoogedInUser" time="18.172" classname="com.selenium.ebiz.account_management.login.VerifyDisplayOfThreeFullProductsInRecommendedProducts"/>
  <testcase name="login_VerifyDisplayOfThreeFullProductsInRecommendedProductsForLoogedInUser" time="13.791" classname="com.selenium.ebiz.account_management.login.VerifyDisplayOfThreeFullProductsInRecommendedProducts"/>
  <testcase name="login_VerifyDisplayOfThreeFullProductsInRecommendedProductsForLoogedInUser" time="16.815" classname="com.selenium.ebiz.account_management.login.VerifyDisplayOfThreeFullProductsInRecommendedProducts"/>
  <testcase name="login_VerifyDisplayOfThreeFullProductsInRecommendedProductsForLoogedInUser" time="14.604" classname="com.selenium.ebiz.account_management.login.VerifyDisplayOfThreeFullProductsInRecommendedProducts"/>
  <testcase name="login_VerifyDisplayOfThreeFullProductsInRecommendedProductsForLoogedInUser" time="15.242" classname="com.selenium.ebiz.account_management.login.VerifyDisplayOfThreeFullProductsInRecommendedProducts"/>
  <testcase name="login_VerifyDisplayOfThreeFullProductsInRecommendedProductsForLoogedInUser" time="14.116" classname="com.selenium.ebiz.account_management.login.VerifyDisplayOfThreeFullProductsInRecommendedProducts"/>
  <testcase name="login_VerifyDisplayOfThreeFullProductsInRecommendedProductsForLoogedInUser" time="15.326" classname="com.selenium.ebiz.account_management.login.VerifyDisplayOfThreeFullProductsInRecommendedProducts"/>
  <testcase name="login_VerifyDisplayOfThreeFullProductsInRecommendedProductsForLoogedInUser" time="18.032" classname="com.selenium.ebiz.account_management.login.VerifyDisplayOfThreeFullProductsInRecommendedProducts"/>
  <testcase name="login_VerifyDisplayOfThreeFullProductsInRecommendedProductsForLoogedInUser" time="13.551" classname="com.selenium.ebiz.account_management.login.VerifyDisplayOfThreeFullProductsInRecommendedProducts"/>
</testsuite> <!-- com.selenium.ebiz.account_management.login.VerifyDisplayOfThreeFullProductsInRecommendedProducts -->
