<?xml version="1.0" encoding="UTF-8"?>
<!-- Generated by org.testng.reporters.JUnitReportReporter -->
<testsuite skipped="0" hostname="W7VDIHPQC16WPL" name="com.selenium.ebiz.navigation.ProductAttributesSubCategory" tests="1" failures="0" timestamp="11 Feb 2019 08:46:35 GMT" time="24.295" errors="0">
  <testcase name="productAttributeSubCategoryGuestUserTest" time="24.295" classname="com.selenium.ebiz.navigation.ProductAttributesSubCategory"/>
</testsuite> <!-- com.selenium.ebiz.navigation.ProductAttributesSubCategory -->
