<?xml version="1.0" encoding="UTF-8"?>
<!-- Generated by org.testng.reporters.JUnitReportReporter -->
<testsuite skipped="0" hostname="W7VDIHPQC16WPL" name="com.selenium.ebiz.compare_products.grid_compare_products_tests.VerifyAddToNewSavedListFromCompareResultsPage_Grid" tests="1" failures="0" timestamp="03 Apr 2019 09:42:34 GMT" time="104.176" errors="0">
  <testcase name="compProd__VerifyAddToNewSavedListFromCompareResultsPage" time="104.176" classname="com.selenium.ebiz.compare_products.grid_compare_products_tests.VerifyAddToNewSavedListFromCompareResultsPage_Grid"/>
</testsuite> <!-- com.selenium.ebiz.compare_products.grid_compare_products_tests.VerifyAddToNewSavedListFromCompareResultsPage_Grid -->
