<?xml version="1.0" encoding="UTF-8"?>
<!-- Generated by org.testng.reporters.JUnitReportReporter -->
<testsuite skipped="0" hostname="W7VDIHPQC16WPL" name="com.selenium.ebiz.add_to_list.VerifyNoPaginationForSavedListSummaryPage" tests="4" failures="0" timestamp="17 Jan 2019 16:11:16 GMT" time="13.184" errors="0">
  <testcase name="testLogin" time="5.203" classname="com.selenium.ebiz.add_to_list.VerifyNoPaginationForSavedListSummaryPage"/>
  <testcase name="navigateToPrivateSavedLists" time="2.716" classname="com.selenium.ebiz.add_to_list.VerifyNoPaginationForSavedListSummaryPage"/>
  <testcase name="verifyNoPaginationOnPrivateSavedLists" time="2.626" classname="com.selenium.ebiz.add_to_list.VerifyNoPaginationForSavedListSummaryPage"/>
  <testcase name="verifyNoPaginationOnSharedSavedLists" time="2.639" classname="com.selenium.ebiz.add_to_list.VerifyNoPaginationForSavedListSummaryPage"/>
</testsuite> <!-- com.selenium.ebiz.add_to_list.VerifyNoPaginationForSavedListSummaryPage -->
