<?xml version="1.0" encoding="UTF-8"?>
<!-- Generated by org.testng.reporters.JUnitReportReporter -->
<testsuite skipped="0" hostname="W7VDIHPQC16WPL" name="com.selenium.ebiz.shoppingCart_UI.VerifyAddDeliveryDateToEachItemInTheShoppingCart" tests="10" failures="0" timestamp="24 May 2019 08:33:22 GMT" time="412.138" errors="0">
  <testcase name="shoppingcartUI_VerifyAddDeliveryDateToEachItemInTheShoppingCart" time="30.419" classname="com.selenium.ebiz.shoppingCart_UI.VerifyAddDeliveryDateToEachItemInTheShoppingCart"/>
  <testcase name="shoppingcartUI_VerifyAddDeliveryDateToEachItemInTheShoppingCart" time="49.057" classname="com.selenium.ebiz.shoppingCart_UI.VerifyAddDeliveryDateToEachItemInTheShoppingCart"/>
  <testcase name="shoppingcartUI_VerifyAddDeliveryDateToEachItemInTheShoppingCart" time="67.654" classname="com.selenium.ebiz.shoppingCart_UI.VerifyAddDeliveryDateToEachItemInTheShoppingCart"/>
  <testcase name="shoppingcartUI_VerifyAddDeliveryDateToEachItemInTheShoppingCart" time="28.894" classname="com.selenium.ebiz.shoppingCart_UI.VerifyAddDeliveryDateToEachItemInTheShoppingCart"/>
  <testcase name="shoppingcartUI_VerifyAddDeliveryDateToEachItemInTheShoppingCart" time="32.629" classname="com.selenium.ebiz.shoppingCart_UI.VerifyAddDeliveryDateToEachItemInTheShoppingCart"/>
  <testcase name="shoppingcartUI_VerifyAddDeliveryDateToEachItemInTheShoppingCart" time="34.192" classname="com.selenium.ebiz.shoppingCart_UI.VerifyAddDeliveryDateToEachItemInTheShoppingCart"/>
  <testcase name="shoppingcartUI_VerifyAddDeliveryDateToEachItemInTheShoppingCart" time="46.788" classname="com.selenium.ebiz.shoppingCart_UI.VerifyAddDeliveryDateToEachItemInTheShoppingCart"/>
  <testcase name="shoppingcartUI_VerifyAddDeliveryDateToEachItemInTheShoppingCart" time="27.720" classname="com.selenium.ebiz.shoppingCart_UI.VerifyAddDeliveryDateToEachItemInTheShoppingCart"/>
  <testcase name="shoppingcartUI_VerifyAddDeliveryDateToEachItemInTheShoppingCart" time="66.124" classname="com.selenium.ebiz.shoppingCart_UI.VerifyAddDeliveryDateToEachItemInTheShoppingCart"/>
  <testcase name="shoppingcartUI_VerifyAddDeliveryDateToEachItemInTheShoppingCart" time="28.661" classname="com.selenium.ebiz.shoppingCart_UI.VerifyAddDeliveryDateToEachItemInTheShoppingCart"/>
</testsuite> <!-- com.selenium.ebiz.shoppingCart_UI.VerifyAddDeliveryDateToEachItemInTheShoppingCart -->
