<?xml version="1.0" encoding="UTF-8"?>
<!-- Generated by org.testng.reporters.JUnitReportReporter -->
<testsuite skipped="0" hostname="W7VDIHPQC16WPL" name="com.selenium.ebiz.account_management.login.CreateNewRegistrationGuest" tests="1" failures="0" timestamp="27 Feb 2019 09:43:31 GMT" time="33.859" errors="0">
  <testcase name="verifyRegistration" time="33.859" classname="com.selenium.ebiz.account_management.login.CreateNewRegistrationGuest"/>
</testsuite> <!-- com.selenium.ebiz.account_management.login.CreateNewRegistrationGuest -->
