<?xml version="1.0" encoding="UTF-8"?>
<!-- Generated by org.testng.reporters.JUnitReportReporter -->
<testsuite skipped="0" hostname="W7VDIHPQC16WPL" name="com.selenium.ebiz.product_listing_page.plp_NonParallelTests.ProductDetailsPageGuestUser_WORKING" tests="1" failures="0" timestamp="18 Mar 2019 13:43:33 GMT" time="16.111" errors="0">
  <testcase name="specificationAndDetailsOfProductGuestUser" time="16.111" classname="com.selenium.ebiz.product_listing_page.plp_NonParallelTests.ProductDetailsPageGuestUser_WORKING"/>
</testsuite> <!-- com.selenium.ebiz.product_listing_page.plp_NonParallelTests.ProductDetailsPageGuestUser_WORKING -->
