<?xml version="1.0" encoding="UTF-8"?>
<!-- Generated by org.testng.reporters.JUnitReportReporter -->
<testsuite skipped="0" hostname="W7VDIHPQC16WPL" name="com.selenium.ebiz.add_to_cart.VerifyMarketingSpotsInPLPTopCategoryAndCartPages" tests="8" failures="0" timestamp="04 Feb 2019 10:42:30 GMT" time="45.049" errors="0">
  <testcase name="veriyItemAddedToCart" time="10.384" classname="com.selenium.ebiz.add_to_cart.VerifyMarketingSpotsInPLPTopCategoryAndCartPages"/>
  <testcase name="testClearCart" time="3.600" classname="com.selenium.ebiz.add_to_cart.VerifyMarketingSpotsInPLPTopCategoryAndCartPages"/>
  <testcase name="verifyHomePage" time="3.757" classname="com.selenium.ebiz.add_to_cart.VerifyMarketingSpotsInPLPTopCategoryAndCartPages"/>
  <testcase name="verifyAppliancePage" time="4.297" classname="com.selenium.ebiz.add_to_cart.VerifyMarketingSpotsInPLPTopCategoryAndCartPages"/>
  <testcase name="verifyPDPPage" time="13.923" classname="com.selenium.ebiz.add_to_cart.VerifyMarketingSpotsInPLPTopCategoryAndCartPages"/>
  <testcase name="testLogout" time="0.874" classname="com.selenium.ebiz.add_to_cart.VerifyMarketingSpotsInPLPTopCategoryAndCartPages"/>
  <testcase name="testLogin" time="5.839" classname="com.selenium.ebiz.add_to_cart.VerifyMarketingSpotsInPLPTopCategoryAndCartPages"/>
  <testcase name="verifyProductImageOnSCP" time="2.375" classname="com.selenium.ebiz.add_to_cart.VerifyMarketingSpotsInPLPTopCategoryAndCartPages"/>
</testsuite> <!-- com.selenium.ebiz.add_to_cart.VerifyMarketingSpotsInPLPTopCategoryAndCartPages -->
