<?xml version="1.0" encoding="UTF-8"?>
<!-- Generated by org.testng.reporters.JUnitReportReporter -->
<testsuite skipped="0" hostname="W7VDIHPQC16WPL" name="com.selenium.ebiz.header.HomepageHeaderDisplayLoggedInUser_WORKING" tests="1" failures="0" timestamp="15 Feb 2019 07:20:05 GMT" time="13.743" errors="0">
  <testcase name="verifyDisplayHeaderForLoggedInuser" time="13.743" classname="com.selenium.ebiz.header.HomepageHeaderDisplayLoggedInUser_WORKING"/>
</testsuite> <!-- com.selenium.ebiz.header.HomepageHeaderDisplayLoggedInUser_WORKING -->
