<?xml version="1.0" encoding="UTF-8"?>
<!-- Generated by org.testng.reporters.JUnitReportReporter -->
<testsuite skipped="0" hostname="W7VDIHPQC16WPL" name="com.selenium.ebiz.billing_grid.VerifyAddingPartsFromSavedListAndPlaceorder" tests="1" failures="0" timestamp="16 Oct 2019 15:22:00 GMT" time="52.737" errors="0">
  <testcase name="billing_VerifyAddingPartsFromSavedListAndPlaceorderCreditCard" time="52.737" classname="com.selenium.ebiz.billing_grid.VerifyAddingPartsFromSavedListAndPlaceorder"/>
</testsuite> <!-- com.selenium.ebiz.billing_grid.VerifyAddingPartsFromSavedListAndPlaceorder -->
