<?xml version="1.0" encoding="UTF-8"?>
<!-- Generated by org.testng.reporters.JUnitReportReporter -->
<testsuite skipped="0" hostname="W7VDIHPQC16WPL" name="com.selenium.ebiz.navigation.TopProductsCategoryCarousel" tests="2" failures="0" timestamp="11 Feb 2019 09:12:31 GMT" time="24.097" errors="0">
  <testcase name="contentCarouselTopCategoriesAuthenticateUserTest" time="12.865" classname="com.selenium.ebiz.navigation.TopProductsCategoryCarousel"/>
  <testcase name="contentCarouselTopCategoriesGuestUserTest" time="11.232" classname="com.selenium.ebiz.navigation.TopProductsCategoryCarousel"/>
</testsuite> <!-- com.selenium.ebiz.navigation.TopProductsCategoryCarousel -->
