<?xml version="1.0" encoding="UTF-8"?>
<!-- Generated by org.testng.reporters.JUnitReportReporter -->
<testsuite skipped="0" hostname="W7VDIHPQC16WPL" name="com.selenium.ebiz.navigation.ViewCategoryProductsFromTopCategories_WORKING" tests="1" failures="0" timestamp="11 Feb 2019 09:38:46 GMT" time="10.296" errors="0">
  <testcase name="verifyCategoryProductViewFromTopCategory" time="10.296" classname="com.selenium.ebiz.navigation.ViewCategoryProductsFromTopCategories_WORKING"/>
</testsuite> <!-- com.selenium.ebiz.navigation.ViewCategoryProductsFromTopCategories_WORKING -->
