<?xml version="1.0" encoding="UTF-8"?>
<!-- Generated by org.testng.reporters.JUnitReportReporter -->
<testsuite skipped="0" hostname="W7VDIHPQC16WPL" name="com.selenium.ebiz.header.HeaderHDLogo_WORKING" tests="1" failures="0" timestamp="15 Feb 2019 06:51:15 GMT" time="30.408" errors="0">
  <testcase name="verifyHDLogoAuthenticateUserTest" time="30.408" classname="com.selenium.ebiz.header.HeaderHDLogo_WORKING"/>
</testsuite> <!-- com.selenium.ebiz.header.HeaderHDLogo_WORKING -->
