<?xml version="1.0" encoding="UTF-8"?>
<!-- Generated by org.testng.reporters.JUnitReportReporter -->
<testsuite skipped="0" hostname="W7VDIHPQC16WPL" name="com.selenium.ebiz.add_to_cart.grid_tests_add_to_cart.VerifyIfItemCanBeAddedToTheCartThroughPLPListView_Grid" tests="1" failures="0" timestamp="05 Mar 2019 06:56:29 GMT" time="162.040" errors="0">
  <testcase name="addtocart_VerifyItemCanBeAddedToCartFromPLPGrid" time="162.040" classname="com.selenium.ebiz.add_to_cart.grid_tests_add_to_cart.VerifyIfItemCanBeAddedToTheCartThroughPLPListView_Grid"/>
</testsuite> <!-- com.selenium.ebiz.add_to_cart.grid_tests_add_to_cart.VerifyIfItemCanBeAddedToTheCartThroughPLPListView_Grid -->
