<?xml version="1.0" encoding="UTF-8"?>
<!-- Generated by org.testng.reporters.JUnitReportReporter -->
<testsuite skipped="0" hostname="W7VDIHPQC16WPL" name="com.selenium.ebiz.prerequisites_tests.ListCreationTests" tests="1" failures="0" timestamp="19 Apr 2019 12:30:49 GMT" time="30.013" errors="0">
  <testcase name="createNewPrivateAndSharedListForTheUserAccounts" time="30.013" classname="com.selenium.ebiz.prerequisites_tests.ListCreationTests"/>
</testsuite> <!-- com.selenium.ebiz.prerequisites_tests.ListCreationTests -->
