<?xml version="1.0" encoding="UTF-8"?>
<!-- Generated by org.testng.reporters.JUnitReportReporter -->
<testsuite skipped="0" hostname="W7VDIHPQC16WPL" name="com.selenium.ebiz.product_listing_page.plp_grid.ValidateClearanceBadgeOnPLPCategoryResults" tests="1" failures="0" timestamp="19 Sep 2019 08:39:21 GMT" time="37.679" errors="0">
  <testcase name="plp_ValidateClearanceBadgeOnPLPCategoryResultsLoggedUser" time="37.679" classname="com.selenium.ebiz.product_listing_page.plp_grid.ValidateClearanceBadgeOnPLPCategoryResults"/>
</testsuite> <!-- com.selenium.ebiz.product_listing_page.plp_grid.ValidateClearanceBadgeOnPLPCategoryResults -->
