<?xml version="1.0" encoding="UTF-8"?>
<!-- Generated by org.testng.reporters.JUnitReportReporter -->
<testsuite skipped="0" hostname="W7VDIHPQC16WPL" name="com.selenium.ebiz.add_to_cart.VerifyRichRelevanceRecommendationsection" tests="4" failures="0" timestamp="07 Feb 2019 07:43:04 GMT" time="19.178" errors="0">
  <testcase name="test_Login" time="5.874" classname="com.selenium.ebiz.add_to_cart.VerifyRichRelevanceRecommendationsection"/>
  <testcase name="test_NavigateToPLPPageUsingNavigationAndVerifyRichRelevance" time="6.198" classname="com.selenium.ebiz.add_to_cart.VerifyRichRelevanceRecommendationsection"/>
  <testcase name="test_verifyAddToCartUnderRichRelevance" time="0.047" classname="com.selenium.ebiz.add_to_cart.VerifyRichRelevanceRecommendationsection"/>
  <testcase name="test_NavigateToPLPPageUsingSearchAndVerifyRichRelevance" time="7.059" classname="com.selenium.ebiz.add_to_cart.VerifyRichRelevanceRecommendationsection"/>
</testsuite> <!-- com.selenium.ebiz.add_to_cart.VerifyRichRelevanceRecommendationsection -->
