<?xml version="1.0" encoding="UTF-8"?>
<!-- Generated by org.testng.reporters.JUnitReportReporter -->
<testsuite skipped="1" hostname="W7VDIHPQC16WPL" name="com.selenium.ebiz.shoppingCart_UI.VerifyPlacingAnOrderByAddingPartsThroughNavigation" tests="1" failures="0" timestamp="18 Nov 2019 09:54:51 GMT" time="0.000" errors="0">
  <testcase name="shoppingcartUI_VerifyPlacingAnOrderByAddingPartsThroughNavigation" time="0.000" classname="com.selenium.ebiz.shoppingCart_UI.VerifyPlacingAnOrderByAddingPartsThroughNavigation">
    <skipped/>
  </testcase> <!-- shoppingcartUI_VerifyPlacingAnOrderByAddingPartsThroughNavigation -->
</testsuite> <!-- com.selenium.ebiz.shoppingCart_UI.VerifyPlacingAnOrderByAddingPartsThroughNavigation -->
