<?xml version="1.0" encoding="UTF-8"?>
<!-- Generated by org.testng.reporters.JUnitReportReporter -->
<testsuite skipped="0" hostname="W7VDIHPQC16WPL" name="com.selenium.ebiz.search.VerifyLookAheadCountForBloomReach" tests="1" failures="0" timestamp="03 Jun 2019 08:19:07 GMT" time="12.233" errors="0">
  <testcase name="search_VerifyLookAheadCountForBloomReach" time="12.233" classname="com.selenium.ebiz.search.VerifyLookAheadCountForBloomReach"/>
</testsuite> <!-- com.selenium.ebiz.search.VerifyLookAheadCountForBloomReach -->
