<?xml version="1.0" encoding="UTF-8"?>
<!-- Generated by org.testng.reporters.JUnitReportReporter -->
<testsuite skipped="0" hostname="W7VDIHPQC16WPL" name="com.selenium.ebiz.add_to_cart.addToCart_grid.VerifyIfItemCanBeAddedToCartFromOrderHistoryDetailPageIndividualitems_Grid" tests="1" failures="0" timestamp="06 Aug 2019 07:29:44 GMT" time="50.129" errors="0">
  <testcase name="addtocart_VerifyItemFromOrderHistoryPageCanBeAddedToCS" time="50.129" classname="com.selenium.ebiz.add_to_cart.addToCart_grid.VerifyIfItemCanBeAddedToCartFromOrderHistoryDetailPageIndividualitems_Grid"/>
</testsuite> <!-- com.selenium.ebiz.add_to_cart.addToCart_grid.VerifyIfItemCanBeAddedToCartFromOrderHistoryDetailPageIndividualitems_Grid -->
