<?xml version="1.0" encoding="UTF-8"?>
<!-- Generated by org.testng.reporters.JUnitReportReporter -->
<testsuite skipped="0" hostname="W7VDIHPQC16WPL" name="com.selenium.ebiz.account_management.login.RememberLoginDetailsGuestUser_WORKING" tests="2" failures="0" timestamp="13 Mar 2019 08:11:46 GMT" time="57.134" errors="0">
  <testcase name="verifyloginToHdSupplySiteByNotSelectingRememberMeCheckbox" time="22.536" classname="com.selenium.ebiz.account_management.login.RememberLoginDetailsGuestUser_WORKING"/>
  <testcase name="verifySelectRememberMeCheckboxAndloginToHdSupplySite" time="34.598" classname="com.selenium.ebiz.account_management.login.RememberLoginDetailsGuestUser_WORKING"/>
</testsuite> <!-- com.selenium.ebiz.account_management.login.RememberLoginDetailsGuestUser_WORKING -->
