<?xml version="1.0" encoding="UTF-8"?>
<!-- Generated by org.testng.reporters.JUnitReportReporter -->
<testsuite skipped="0" hostname="W7VDIHPQC16WPL" name="com.selenium.ebiz.save_list.VerifyChangeTheNumberOfListsFunctionalityOnSavedListDetailsPageOnPagination" tests="10" failures="0" timestamp="24 Apr 2019 08:32:55 GMT" time="581.526" errors="0">
  <testcase name="savedList_VerifyChangeTheNumberOfListsFunctionalityOnSavedListDetailsPageOnPagination" time="52.139" classname="com.selenium.ebiz.save_list.VerifyChangeTheNumberOfListsFunctionalityOnSavedListDetailsPageOnPagination"/>
  <testcase name="savedList_VerifyChangeTheNumberOfListsFunctionalityOnSavedListDetailsPageOnPagination" time="63.694" classname="com.selenium.ebiz.save_list.VerifyChangeTheNumberOfListsFunctionalityOnSavedListDetailsPageOnPagination"/>
  <testcase name="savedList_VerifyChangeTheNumberOfListsFunctionalityOnSavedListDetailsPageOnPagination" time="68.432" classname="com.selenium.ebiz.save_list.VerifyChangeTheNumberOfListsFunctionalityOnSavedListDetailsPageOnPagination"/>
  <testcase name="savedList_VerifyChangeTheNumberOfListsFunctionalityOnSavedListDetailsPageOnPagination" time="48.749" classname="com.selenium.ebiz.save_list.VerifyChangeTheNumberOfListsFunctionalityOnSavedListDetailsPageOnPagination"/>
  <testcase name="savedList_VerifyChangeTheNumberOfListsFunctionalityOnSavedListDetailsPageOnPagination" time="48.018" classname="com.selenium.ebiz.save_list.VerifyChangeTheNumberOfListsFunctionalityOnSavedListDetailsPageOnPagination"/>
  <testcase name="savedList_VerifyChangeTheNumberOfListsFunctionalityOnSavedListDetailsPageOnPagination" time="45.291" classname="com.selenium.ebiz.save_list.VerifyChangeTheNumberOfListsFunctionalityOnSavedListDetailsPageOnPagination"/>
  <testcase name="savedList_VerifyChangeTheNumberOfListsFunctionalityOnSavedListDetailsPageOnPagination" time="46.575" classname="com.selenium.ebiz.save_list.VerifyChangeTheNumberOfListsFunctionalityOnSavedListDetailsPageOnPagination"/>
  <testcase name="savedList_VerifyChangeTheNumberOfListsFunctionalityOnSavedListDetailsPageOnPagination" time="87.125" classname="com.selenium.ebiz.save_list.VerifyChangeTheNumberOfListsFunctionalityOnSavedListDetailsPageOnPagination"/>
  <testcase name="savedList_VerifyChangeTheNumberOfListsFunctionalityOnSavedListDetailsPageOnPagination" time="70.335" classname="com.selenium.ebiz.save_list.VerifyChangeTheNumberOfListsFunctionalityOnSavedListDetailsPageOnPagination"/>
  <testcase name="savedList_VerifyChangeTheNumberOfListsFunctionalityOnSavedListDetailsPageOnPagination" time="51.168" classname="com.selenium.ebiz.save_list.VerifyChangeTheNumberOfListsFunctionalityOnSavedListDetailsPageOnPagination"/>
</testsuite> <!-- com.selenium.ebiz.save_list.VerifyChangeTheNumberOfListsFunctionalityOnSavedListDetailsPageOnPagination -->
