<?xml version="1.0" encoding="UTF-8"?>
<!-- Generated by org.testng.reporters.JUnitReportReporter -->
<testsuite skipped="1" hostname="W7VDIHPQC16WPL" name="com.selenium.ebiz.compareProducts.compareProducts_grid.VerifyCompareFromProductListingPage_Grid" tests="1" failures="0" timestamp="18 Nov 2019 09:54:51 GMT" time="0.000" errors="0">
  <testcase name="compProd__VerifyComparePriceFromPLP" time="0.000" classname="com.selenium.ebiz.compareProducts.compareProducts_grid.VerifyCompareFromProductListingPage_Grid">
    <skipped/>
  </testcase> <!-- compProd__VerifyComparePriceFromPLP -->
</testsuite> <!-- com.selenium.ebiz.compareProducts.compareProducts_grid.VerifyCompareFromProductListingPage_Grid -->
