<?xml version="1.0" encoding="UTF-8"?>
<!-- Generated by org.testng.reporters.JUnitReportReporter -->
<testsuite skipped="0" hostname="W7VDIHPQC16WPL" name="com.selenium.ebiz.product_listing_page.plp_NonParallelTests.ProductListingPageAuthenticatedUser_WORKING" tests="6" failures="0" timestamp="18 Mar 2019 13:43:33 GMT" time="131.229" errors="0">
  <testcase name="verifySubCategoryPageGridView" time="21.434" classname="com.selenium.ebiz.product_listing_page.plp_NonParallelTests.ProductListingPageAuthenticatedUser_WORKING"/>
  <testcase name="verifyProductSelectDeselectWidgetAndScrollUpDown" time="23.908" classname="com.selenium.ebiz.product_listing_page.plp_NonParallelTests.ProductListingPageAuthenticatedUser_WORKING"/>
  <testcase name="verifyProductSelectWidget" time="23.713" classname="com.selenium.ebiz.product_listing_page.plp_NonParallelTests.ProductListingPageAuthenticatedUser_WORKING"/>
  <testcase name="verifySortByDropDown" time="21.280" classname="com.selenium.ebiz.product_listing_page.plp_NonParallelTests.ProductListingPageAuthenticatedUser_WORKING"/>
  <testcase name="verifySubCategoryPageListView" time="20.224" classname="com.selenium.ebiz.product_listing_page.plp_NonParallelTests.ProductListingPageAuthenticatedUser_WORKING"/>
  <testcase name="verifyResultCounter" time="20.670" classname="com.selenium.ebiz.product_listing_page.plp_NonParallelTests.ProductListingPageAuthenticatedUser_WORKING"/>
</testsuite> <!-- com.selenium.ebiz.product_listing_page.plp_NonParallelTests.ProductListingPageAuthenticatedUser_WORKING -->
