<?xml version="1.0" encoding="UTF-8"?>
<!-- Generated by org.testng.reporters.JUnitReportReporter -->
<testsuite skipped="0" hostname="W7VDIHPQC16WPL" name="com.selenium.ebiz.add_to_list.grid_add_to_list_tests.VerifyAddItemsToSavedListFromPLPGridAndListView_Grid" tests="4" failures="0" timestamp="02 Apr 2019 11:32:19 GMT" time="139.973" errors="0">
  <testcase name="addtolist_searchSecondProductByKeywordAndAddToExistingListFromPLPGridView" time="28.074" classname="com.selenium.ebiz.add_to_list.grid_add_to_list_tests.VerifyAddItemsToSavedListFromPLPGridAndListView_Grid"/>
  <testcase name="addtolist_searchtProductByKeywordAndAddToListFromPLPListView" time="34.655" classname="com.selenium.ebiz.add_to_list.grid_add_to_list_tests.VerifyAddItemsToSavedListFromPLPGridAndListView_Grid"/>
  <testcase name="addtolist_addFirstProductFromPLPGridViewToNewList" time="39.207" classname="com.selenium.ebiz.add_to_list.grid_add_to_list_tests.VerifyAddItemsToSavedListFromPLPGridAndListView_Grid"/>
  <testcase name="addtolist_searchSecondProductByKeywordAndAddToExistingListFromPLPListView" time="38.037" classname="com.selenium.ebiz.add_to_list.grid_add_to_list_tests.VerifyAddItemsToSavedListFromPLPGridAndListView_Grid"/>
</testsuite> <!-- com.selenium.ebiz.add_to_list.grid_add_to_list_tests.VerifyAddItemsToSavedListFromPLPGridAndListView_Grid -->
