<?xml version="1.0" encoding="UTF-8"?>
<!-- Generated by org.testng.reporters.JUnitReportReporter -->
<testsuite skipped="0" hostname="W7VDIHPQC16WPL" name="com.selenium.ebiz.smoketest.SmokeTest_End_To_End_Scenario_7_New_V8" tests="15" failures="0" timestamp="07 Jan 2019 07:54:23 GMT" time="58.730" errors="0">
  <testcase name="testLogin" time="5.719" classname="com.selenium.ebiz.smoketest.SmokeTest_End_To_End_Scenario_7_New_V8"/>
  <testcase name="testClearCart" time="6.493" classname="com.selenium.ebiz.smoketest.SmokeTest_End_To_End_Scenario_7_New_V8"/>
  <testcase name="logout" time="0.940" classname="com.selenium.ebiz.smoketest.SmokeTest_End_To_End_Scenario_7_New_V8"/>
  <testcase name="navigateToProductListingPage" time="12.077" classname="com.selenium.ebiz.smoketest.SmokeTest_End_To_End_Scenario_7_New_V8"/>
  <testcase name="addProductToCartFromPLP" time="5.450" classname="com.selenium.ebiz.smoketest.SmokeTest_End_To_End_Scenario_7_New_V8"/>
  <testcase name="test_clickOnSCIcon" time="1.491" classname="com.selenium.ebiz.smoketest.SmokeTest_End_To_End_Scenario_7_New_V8"/>
  <testcase name="LoginFromShoppingCartPage" time="0.722" classname="com.selenium.ebiz.smoketest.SmokeTest_End_To_End_Scenario_7_New_V8"/>
  <testcase name="test_clickOnAddToList" time="3.187" classname="com.selenium.ebiz.smoketest.SmokeTest_End_To_End_Scenario_7_New_V8"/>
  <testcase name="createNewList" time="0.413" classname="com.selenium.ebiz.smoketest.SmokeTest_End_To_End_Scenario_7_New_V8"/>
  <testcase name="navigateToSavedList" time="9.543" classname="com.selenium.ebiz.smoketest.SmokeTest_End_To_End_Scenario_7_New_V8"/>
  <testcase name="validateProductInSavedList" time="0.074" classname="com.selenium.ebiz.smoketest.SmokeTest_End_To_End_Scenario_7_New_V8"/>
  <testcase name="addToCartFromSavedList" time="1.863" classname="com.selenium.ebiz.smoketest.SmokeTest_End_To_End_Scenario_7_New_V8"/>
  <testcase name="NavigateToAddPaymentAndCheckoutPage" time="0.151" classname="com.selenium.ebiz.smoketest.SmokeTest_End_To_End_Scenario_7_New_V8"/>
  <testcase name="placeWebOrder" time="10.533" classname="com.selenium.ebiz.smoketest.SmokeTest_End_To_End_Scenario_7_New_V8"/>
  <testcase name="captureWebOrderNumber" time="0.074" classname="com.selenium.ebiz.smoketest.SmokeTest_End_To_End_Scenario_7_New_V8"/>
</testsuite> <!-- com.selenium.ebiz.smoketest.SmokeTest_End_To_End_Scenario_7_New_V8 -->
