<?xml version="1.0" encoding="UTF-8"?>
<!-- Generated by org.testng.reporters.JUnitReportReporter -->
<testsuite skipped="0" hostname="W7VDIHPQC16WPL" name="com.selenium.ebiz.save_list.VerifyChangeNumberOfListsToDisplay" tests="10" failures="0" timestamp="15 Apr 2019 10:07:36 GMT" time="270.089" errors="0">
  <testcase name="savedList_VerifyingSortByFunctionalityOnSaveListPageSharedListView" time="34.458" classname="com.selenium.ebiz.save_list.VerifyChangeNumberOfListsToDisplay"/>
  <testcase name="savedList_VerifyingSortByFunctionalityOnSaveListPageSharedListView" time="25.287" classname="com.selenium.ebiz.save_list.VerifyChangeNumberOfListsToDisplay"/>
  <testcase name="savedList_VerifyingSortByFunctionalityOnSaveListPageSharedListView" time="22.803" classname="com.selenium.ebiz.save_list.VerifyChangeNumberOfListsToDisplay"/>
  <testcase name="savedList_VerifyingSortByFunctionalityOnSaveListPageSharedListView" time="25.203" classname="com.selenium.ebiz.save_list.VerifyChangeNumberOfListsToDisplay"/>
  <testcase name="savedList_VerifyingSortByFunctionalityOnSaveListPageSharedListView" time="36.514" classname="com.selenium.ebiz.save_list.VerifyChangeNumberOfListsToDisplay"/>
  <testcase name="savedList_VerifyingSortByFunctionalityOnSaveListPageSharedListView" time="25.113" classname="com.selenium.ebiz.save_list.VerifyChangeNumberOfListsToDisplay"/>
  <testcase name="savedList_VerifyingSortByFunctionalityOnSaveListPageSharedListView" time="22.485" classname="com.selenium.ebiz.save_list.VerifyChangeNumberOfListsToDisplay"/>
  <testcase name="savedList_VerifyingSortByFunctionalityOnSaveListPageSharedListView" time="25.965" classname="com.selenium.ebiz.save_list.VerifyChangeNumberOfListsToDisplay"/>
  <testcase name="savedList_VerifyingSortByFunctionalityOnSaveListPageSharedListView" time="24.856" classname="com.selenium.ebiz.save_list.VerifyChangeNumberOfListsToDisplay"/>
  <testcase name="savedList_VerifyingSortByFunctionalityOnSaveListPageSharedListView" time="27.405" classname="com.selenium.ebiz.save_list.VerifyChangeNumberOfListsToDisplay"/>
</testsuite> <!-- com.selenium.ebiz.save_list.VerifyChangeNumberOfListsToDisplay -->
