<?xml version="1.0" encoding="UTF-8"?>
<!-- Generated by org.testng.reporters.JUnitReportReporter -->
<testsuite skipped="0" hostname="W7VDIHPQC16WPL" name="com.selenium.ebiz.search.VerifyLightingCodeSearchResultsInProductListingPage" tests="10" failures="0" timestamp="10 Jun 2019 11:03:54 GMT" time="168.957" errors="0">
  <testcase name="savedList_VerifyLightingCodeSearchResultsInProductListingPage" time="13.466" classname="com.selenium.ebiz.search.VerifyLightingCodeSearchResultsInProductListingPage"/>
  <testcase name="savedList_VerifyLightingCodeSearchResultsInProductListingPage" time="14.133" classname="com.selenium.ebiz.search.VerifyLightingCodeSearchResultsInProductListingPage"/>
  <testcase name="savedList_VerifyLightingCodeSearchResultsInProductListingPage" time="14.518" classname="com.selenium.ebiz.search.VerifyLightingCodeSearchResultsInProductListingPage"/>
  <testcase name="savedList_VerifyLightingCodeSearchResultsInProductListingPage" time="13.699" classname="com.selenium.ebiz.search.VerifyLightingCodeSearchResultsInProductListingPage"/>
  <testcase name="savedList_VerifyLightingCodeSearchResultsInProductListingPage" time="16.477" classname="com.selenium.ebiz.search.VerifyLightingCodeSearchResultsInProductListingPage"/>
  <testcase name="savedList_VerifyLightingCodeSearchResultsInProductListingPage" time="17.723" classname="com.selenium.ebiz.search.VerifyLightingCodeSearchResultsInProductListingPage"/>
  <testcase name="savedList_VerifyLightingCodeSearchResultsInProductListingPage" time="15.211" classname="com.selenium.ebiz.search.VerifyLightingCodeSearchResultsInProductListingPage"/>
  <testcase name="savedList_VerifyLightingCodeSearchResultsInProductListingPage" time="15.506" classname="com.selenium.ebiz.search.VerifyLightingCodeSearchResultsInProductListingPage"/>
  <testcase name="savedList_VerifyLightingCodeSearchResultsInProductListingPage" time="14.344" classname="com.selenium.ebiz.search.VerifyLightingCodeSearchResultsInProductListingPage"/>
  <testcase name="savedList_VerifyLightingCodeSearchResultsInProductListingPage" time="33.880" classname="com.selenium.ebiz.search.VerifyLightingCodeSearchResultsInProductListingPage"/>
</testsuite> <!-- com.selenium.ebiz.search.VerifyLightingCodeSearchResultsInProductListingPage -->
