<?xml version="1.0" encoding="UTF-8"?>
<!-- Generated by org.testng.reporters.JUnitReportReporter -->
<testsuite skipped="0" hostname="W7VDIHPQC16WPL" name="com.selenium.ebiz.quotes.VerifyQuoteLandingPage" tests="1" failures="0" timestamp="03 Jul 2019 11:25:39 GMT" time="23.637" errors="0">
  <testcase name="quotes_VerifyQuoteLandingPage" time="23.637" classname="com.selenium.ebiz.quotes.VerifyQuoteLandingPage"/>
</testsuite> <!-- com.selenium.ebiz.quotes.VerifyQuoteLandingPage -->
