<?xml version="1.0" encoding="UTF-8"?>
<!-- Generated by org.testng.reporters.JUnitReportReporter -->
<testsuite skipped="0" hostname="W7VDIHPQC16WPL" name="com.selenium.ebiz.search.VerifyParWithSpace" tests="1" failures="0" timestamp="09 Sep 2019 13:04:12 GMT" time="17.057" errors="0">
  <testcase name="search_VerifyParWithSpace" time="17.057" classname="com.selenium.ebiz.search.VerifyParWithSpace"/>
</testsuite> <!-- com.selenium.ebiz.search.VerifyParWithSpace -->
