<?xml version="1.0" encoding="UTF-8"?>
<!-- Generated by org.testng.reporters.JUnitReportReporter -->
<testsuite skipped="0" hostname="W7VDIHPQC16WPL" name="com.selenium.ebiz.add_to_cart.grid_tests_add_to_cart.VerifyRichRelevanceRecommendationsection_Grid" tests="2" failures="0" timestamp="28 Mar 2019 07:17:48 GMT" time="261.178" errors="0">
  <testcase name="addtocart_NavigateToPLPPageUsingSearchAndVerifyRichRelevance" time="103.662" classname="com.selenium.ebiz.add_to_cart.grid_tests_add_to_cart.VerifyRichRelevanceRecommendationsection_Grid"/>
  <testcase name="addtocart_NavigateToPLPPageUsingNavigationAndVerifyRichRelevance" time="157.516" classname="com.selenium.ebiz.add_to_cart.grid_tests_add_to_cart.VerifyRichRelevanceRecommendationsection_Grid"/>
</testsuite> <!-- com.selenium.ebiz.add_to_cart.grid_tests_add_to_cart.VerifyRichRelevanceRecommendationsection_Grid -->
