<?xml version="1.0" encoding="UTF-8"?>
<!-- Generated by org.testng.reporters.JUnitReportReporter -->
<testsuite skipped="0" hostname="W7VDIHPQC16WPL" name="com.selenium.ebiz.smoketest.SmokeTest_End_To_End_Scenario_8_New_V8" tests="13" failures="0" timestamp="07 Jan 2019 09:56:18 GMT" time="53.198" errors="0">
  <testcase name="testLogin" time="5.571" classname="com.selenium.ebiz.smoketest.SmokeTest_End_To_End_Scenario_8_New_V8"/>
  <testcase name="navigateToFrequentlyPurchasedPage" time="2.657" classname="com.selenium.ebiz.smoketest.SmokeTest_End_To_End_Scenario_8_New_V8"/>
  <testcase name="clickOnFirstProdut" time="5.442" classname="com.selenium.ebiz.smoketest.SmokeTest_End_To_End_Scenario_8_New_V8"/>
  <testcase name="getPartNumberAndQuantityDisplayed" time="0.235" classname="com.selenium.ebiz.smoketest.SmokeTest_End_To_End_Scenario_8_New_V8"/>
  <testcase name="clickOnAddToCart" time="5.219" classname="com.selenium.ebiz.smoketest.SmokeTest_End_To_End_Scenario_8_New_V8"/>
  <testcase name="navigaeToFrequentlyPurchasePage" time="6.482" classname="com.selenium.ebiz.smoketest.SmokeTest_End_To_End_Scenario_8_New_V8"/>
  <testcase name="clickOnSecondProduct" time="1.779" classname="com.selenium.ebiz.smoketest.SmokeTest_End_To_End_Scenario_8_New_V8"/>
  <testcase name="AddProductToNewSaveList" time="2.860" classname="com.selenium.ebiz.smoketest.SmokeTest_End_To_End_Scenario_8_New_V8"/>
  <testcase name="AddListToCart" time="4.399" classname="com.selenium.ebiz.smoketest.SmokeTest_End_To_End_Scenario_8_New_V8"/>
  <testcase name="navigateToshoppingCart" time="8.605" classname="com.selenium.ebiz.smoketest.SmokeTest_End_To_End_Scenario_8_New_V8"/>
  <testcase name="NavigateToAddPaymentAndCheckoutPage" time="0.201" classname="com.selenium.ebiz.smoketest.SmokeTest_End_To_End_Scenario_8_New_V8"/>
  <testcase name="placeWebOrder" time="9.674" classname="com.selenium.ebiz.smoketest.SmokeTest_End_To_End_Scenario_8_New_V8"/>
  <testcase name="captureWebOrderNumber" time="0.074" classname="com.selenium.ebiz.smoketest.SmokeTest_End_To_End_Scenario_8_New_V8"/>
</testsuite> <!-- com.selenium.ebiz.smoketest.SmokeTest_End_To_End_Scenario_8_New_V8 -->
