<?xml version="1.0" encoding="UTF-8"?>
<!-- Generated by org.testng.reporters.JUnitReportReporter -->
<testsuite skipped="0" hostname="W7VDIHPQC16WPL" name="com.selenium.ebiz.shoppingCart_management.VerifyTheFunctioningOfHelpToolTipForFreight" tests="10" failures="0" timestamp="18 Apr 2019 12:38:17 GMT" time="346.261" errors="0">
  <testcase name="shopCartManagement__VerifyTheFunctioningOfHelpToolTipForFreight" time="33.862" classname="com.selenium.ebiz.shoppingCart_management.VerifyTheFunctioningOfHelpToolTipForFreight"/>
  <testcase name="shopCartManagement__VerifyTheFunctioningOfHelpToolTipForFreight" time="33.040" classname="com.selenium.ebiz.shoppingCart_management.VerifyTheFunctioningOfHelpToolTipForFreight"/>
  <testcase name="shopCartManagement__VerifyTheFunctioningOfHelpToolTipForFreight" time="35.623" classname="com.selenium.ebiz.shoppingCart_management.VerifyTheFunctioningOfHelpToolTipForFreight"/>
  <testcase name="shopCartManagement__VerifyTheFunctioningOfHelpToolTipForFreight" time="33.682" classname="com.selenium.ebiz.shoppingCart_management.VerifyTheFunctioningOfHelpToolTipForFreight"/>
  <testcase name="shopCartManagement__VerifyTheFunctioningOfHelpToolTipForFreight" time="35.351" classname="com.selenium.ebiz.shoppingCart_management.VerifyTheFunctioningOfHelpToolTipForFreight"/>
  <testcase name="shopCartManagement__VerifyTheFunctioningOfHelpToolTipForFreight" time="33.288" classname="com.selenium.ebiz.shoppingCart_management.VerifyTheFunctioningOfHelpToolTipForFreight"/>
  <testcase name="shopCartManagement__VerifyTheFunctioningOfHelpToolTipForFreight" time="36.619" classname="com.selenium.ebiz.shoppingCart_management.VerifyTheFunctioningOfHelpToolTipForFreight"/>
  <testcase name="shopCartManagement__VerifyTheFunctioningOfHelpToolTipForFreight" time="38.448" classname="com.selenium.ebiz.shoppingCart_management.VerifyTheFunctioningOfHelpToolTipForFreight"/>
  <testcase name="shopCartManagement__VerifyTheFunctioningOfHelpToolTipForFreight" time="34.136" classname="com.selenium.ebiz.shoppingCart_management.VerifyTheFunctioningOfHelpToolTipForFreight"/>
  <testcase name="shopCartManagement__VerifyTheFunctioningOfHelpToolTipForFreight" time="32.212" classname="com.selenium.ebiz.shoppingCart_management.VerifyTheFunctioningOfHelpToolTipForFreight"/>
</testsuite> <!-- com.selenium.ebiz.shoppingCart_management.VerifyTheFunctioningOfHelpToolTipForFreight -->
