<?xml version="1.0" encoding="UTF-8"?>
<!-- Generated by org.testng.reporters.JUnitReportReporter -->
<testsuite skipped="0" hostname="W7VDIHPQC16WPL" name="com.selenium.ebiz.product_listing_page.grid_tests_plp.VerifyMarketingSpotsInPLPTopCategoryAndCartPages" tests="1" failures="0" timestamp="04 Mar 2019 09:09:34 GMT" time="60.455" errors="0">
  <testcase name="plp_VerifyBMediaSpotDisplayedInShoppingCartPage" time="60.455" classname="com.selenium.ebiz.product_listing_page.grid_tests_plp.VerifyMarketingSpotsInPLPTopCategoryAndCartPages"/>
</testsuite> <!-- com.selenium.ebiz.product_listing_page.grid_tests_plp.VerifyMarketingSpotsInPLPTopCategoryAndCartPages -->
