<?xml version="1.0" encoding="UTF-8"?>
<!-- Generated by org.testng.reporters.JUnitReportReporter -->
<testsuite skipped="1" hostname="W7VDIHPQC16WPL" name="com.selenium.ebiz.account_management.my_account.VerifyAllMyAccountLinkAuthenticatedUserFunctionality_WORKING" tests="2" failures="0" timestamp="23 Aug 2019 09:41:00 GMT" time="62.665" errors="0">
  <testcase name="myAccount_verifyShippingAddressErrorWithWrongInputs" time="62.665" classname="com.selenium.ebiz.account_management.my_account.VerifyAllMyAccountLinkAuthenticatedUserFunctionality_WORKING"/>
  <testcase name="myAccount_verifyEmailUpdateError" classname="com.selenium.ebiz.account_management.my_account.VerifyAllMyAccountLinkAuthenticatedUserFunctionality_WORKING">
    <skipped/>
  </testcase> <!-- myAccount_verifyEmailUpdateError -->
</testsuite> <!-- com.selenium.ebiz.account_management.my_account.VerifyAllMyAccountLinkAuthenticatedUserFunctionality_WORKING -->
