<?xml version="1.0" encoding="UTF-8"?>
<!-- Generated by org.testng.reporters.JUnitReportReporter -->
<testsuite skipped="0" hostname="W7VDIHPQC16WPL" name="com.selenium.ebiz.header.HeaderShopByCategory_WORKING" tests="1" failures="0" timestamp="28 Feb 2019 08:30:29 GMT" time="656.066" errors="0">
  <testcase name="header_verifyAllSubCategoryPagesUnderHVAC" time="656.066" classname="com.selenium.ebiz.header.HeaderShopByCategory_WORKING"/>
</testsuite> <!-- com.selenium.ebiz.header.HeaderShopByCategory_WORKING -->
