<?xml version="1.0" encoding="UTF-8"?>
<!-- Generated by org.testng.reporters.JUnitReportReporter -->
<testsuite skipped="0" hostname="W7VDIHPQC16WPL" name="com.selenium.ebiz.add_to_cart.FMQA2364" tests="5" failures="0" timestamp="27 Dec 2018 16:12:34 GMT" time="18.883" errors="0">
  <testcase name="testClearCart" time="3.213" classname="com.selenium.ebiz.add_to_cart.FMQA2364"/>
  <testcase name="test_searchByProductNumber" time="6.545" classname="com.selenium.ebiz.add_to_cart.FMQA2364"/>
  <testcase name="test_AddProductFromPDP" time="7.285" classname="com.selenium.ebiz.add_to_cart.FMQA2364"/>
  <testcase name="test_verifyProductOnSCPage" time="1.796" classname="com.selenium.ebiz.add_to_cart.FMQA2364"/>
  <testcase name="test_verifyAddressBookSourceCode" time="0.044" classname="com.selenium.ebiz.add_to_cart.FMQA2364"/>
</testsuite> <!-- com.selenium.ebiz.add_to_cart.FMQA2364 -->
