<?xml version="1.0" encoding="UTF-8"?>
<!-- Generated by org.testng.reporters.JUnitReportReporter -->
<testsuite skipped="0" hostname="W7VDIHPQC16WPL" name="com.selenium.ebiz.search.ValidateDiscontinuedProductsAlternativeSearchOption" tests="10" failures="0" timestamp="30 May 2019 07:07:58 GMT" time="291.923" errors="0">
  <testcase name="savedList_ValidateDiscontinuedProductsAlternativeSearchOption" time="24.042" classname="com.selenium.ebiz.search.ValidateDiscontinuedProductsAlternativeSearchOption"/>
  <testcase name="savedList_ValidateDiscontinuedProductsAlternativeSearchOption" time="42.012" classname="com.selenium.ebiz.search.ValidateDiscontinuedProductsAlternativeSearchOption"/>
  <testcase name="savedList_ValidateDiscontinuedProductsAlternativeSearchOption" time="24.405" classname="com.selenium.ebiz.search.ValidateDiscontinuedProductsAlternativeSearchOption"/>
  <testcase name="savedList_ValidateDiscontinuedProductsAlternativeSearchOption" time="22.198" classname="com.selenium.ebiz.search.ValidateDiscontinuedProductsAlternativeSearchOption"/>
  <testcase name="savedList_ValidateDiscontinuedProductsAlternativeSearchOption" time="46.969" classname="com.selenium.ebiz.search.ValidateDiscontinuedProductsAlternativeSearchOption"/>
  <testcase name="savedList_ValidateDiscontinuedProductsAlternativeSearchOption" time="20.232" classname="com.selenium.ebiz.search.ValidateDiscontinuedProductsAlternativeSearchOption"/>
  <testcase name="savedList_ValidateDiscontinuedProductsAlternativeSearchOption" time="23.096" classname="com.selenium.ebiz.search.ValidateDiscontinuedProductsAlternativeSearchOption"/>
  <testcase name="savedList_ValidateDiscontinuedProductsAlternativeSearchOption" time="22.465" classname="com.selenium.ebiz.search.ValidateDiscontinuedProductsAlternativeSearchOption"/>
  <testcase name="savedList_ValidateDiscontinuedProductsAlternativeSearchOption" time="23.578" classname="com.selenium.ebiz.search.ValidateDiscontinuedProductsAlternativeSearchOption"/>
  <testcase name="savedList_ValidateDiscontinuedProductsAlternativeSearchOption" time="42.926" classname="com.selenium.ebiz.search.ValidateDiscontinuedProductsAlternativeSearchOption"/>
</testsuite> <!-- com.selenium.ebiz.search.ValidateDiscontinuedProductsAlternativeSearchOption -->
