<?xml version="1.0" encoding="UTF-8"?>
<!-- Generated by org.testng.reporters.JUnitReportReporter -->
<testsuite skipped="0" hostname="W7VDIHPQC16WPL" name="com.selenium.ebiz.quotes.VerifyingDeleteQuoteOnQuoteLandingPage" tests="10" failures="0" timestamp="26 Jul 2019 09:44:47 GMT" time="269.917" errors="0">
  <testcase name="quotes_VerifyingDeleteQuoteOnQuoteLandingPage" time="24.688" classname="com.selenium.ebiz.quotes.VerifyingDeleteQuoteOnQuoteLandingPage"/>
  <testcase name="quotes_VerifyingDeleteQuoteOnQuoteLandingPage" time="28.022" classname="com.selenium.ebiz.quotes.VerifyingDeleteQuoteOnQuoteLandingPage"/>
  <testcase name="quotes_VerifyingDeleteQuoteOnQuoteLandingPage" time="26.242" classname="com.selenium.ebiz.quotes.VerifyingDeleteQuoteOnQuoteLandingPage"/>
  <testcase name="quotes_VerifyingDeleteQuoteOnQuoteLandingPage" time="27.340" classname="com.selenium.ebiz.quotes.VerifyingDeleteQuoteOnQuoteLandingPage"/>
  <testcase name="quotes_VerifyingDeleteQuoteOnQuoteLandingPage" time="26.438" classname="com.selenium.ebiz.quotes.VerifyingDeleteQuoteOnQuoteLandingPage"/>
  <testcase name="quotes_VerifyingDeleteQuoteOnQuoteLandingPage" time="28.624" classname="com.selenium.ebiz.quotes.VerifyingDeleteQuoteOnQuoteLandingPage"/>
  <testcase name="quotes_VerifyingDeleteQuoteOnQuoteLandingPage" time="26.811" classname="com.selenium.ebiz.quotes.VerifyingDeleteQuoteOnQuoteLandingPage"/>
  <testcase name="quotes_VerifyingDeleteQuoteOnQuoteLandingPage" time="25.967" classname="com.selenium.ebiz.quotes.VerifyingDeleteQuoteOnQuoteLandingPage"/>
  <testcase name="quotes_VerifyingDeleteQuoteOnQuoteLandingPage" time="27.209" classname="com.selenium.ebiz.quotes.VerifyingDeleteQuoteOnQuoteLandingPage"/>
  <testcase name="quotes_VerifyingDeleteQuoteOnQuoteLandingPage" time="28.576" classname="com.selenium.ebiz.quotes.VerifyingDeleteQuoteOnQuoteLandingPage"/>
</testsuite> <!-- com.selenium.ebiz.quotes.VerifyingDeleteQuoteOnQuoteLandingPage -->
