<?xml version="1.0" encoding="UTF-8"?>
<!-- Generated by org.testng.reporters.JUnitReportReporter -->
<testsuite skipped="1" hostname="W7VDIHPQC16WPL" name="com.selenium.ebiz.search.SearchPartWithGuestUser" tests="6" failures="0" timestamp="22 Mar 2019 08:27:10 GMT" time="279.219" errors="0">
  <testcase name="searchByPartNumberGuestUserTest" time="85.233" classname="com.selenium.ebiz.search.SearchPartWithGuestUser"/>
  <testcase name="verifySearchResultsListView" time="53.974" classname="com.selenium.ebiz.search.SearchPartWithGuestUser"/>
  <testcase name="searchItemInL2CategoryGuestUserTest" time="72.054" classname="com.selenium.ebiz.search.SearchPartWithGuestUser"/>
  <testcase name="verifySearchResultPageUnauthorizedUser" time="24.415" classname="com.selenium.ebiz.search.SearchPartWithGuestUser"/>
  <testcase name="noResultSearchPageGuestUser" time="43.543" classname="com.selenium.ebiz.search.SearchPartWithGuestUser"/>
  <testcase name="discontinuedPartwithReplacementGuestUser" classname="com.selenium.ebiz.search.SearchPartWithGuestUser">
    <skipped/>
  </testcase> <!-- discontinuedPartwithReplacementGuestUser -->
</testsuite> <!-- com.selenium.ebiz.search.SearchPartWithGuestUser -->
