<?xml version="1.0" encoding="UTF-8"?>
<!-- Generated by org.testng.reporters.JUnitReportReporter -->
<testsuite skipped="0" hostname="W7VDIHPQC16WPL" name="com.selenium.ebiz.navigation.HomePageBreadCrumbLoggedInUser_WORKING" tests="1" failures="0" timestamp="11 Feb 2019 08:02:45 GMT" time="23.737" errors="0">
  <testcase name="verifyBreadCrumbForCurrentPageAutheticateduser" time="23.737" classname="com.selenium.ebiz.navigation.HomePageBreadCrumbLoggedInUser_WORKING"/>
</testsuite> <!-- com.selenium.ebiz.navigation.HomePageBreadCrumbLoggedInUser_WORKING -->
