<?xml version="1.0" encoding="UTF-8"?>
<!-- Generated by org.testng.reporters.JUnitReportReporter -->
<testsuite skipped="0" hostname="W7VDIHPQC16WPL" name="com.selenium.ebiz.quotes.VerifyingCancelDeleteOnQuoteLandingPage" tests="1" failures="0" timestamp="03 Jul 2019 11:25:39 GMT" time="59.525" errors="0">
  <testcase name="quotes_VerifyingCancelDeleteOnQuoteLandingPage" time="59.525" classname="com.selenium.ebiz.quotes.VerifyingCancelDeleteOnQuoteLandingPage"/>
</testsuite> <!-- com.selenium.ebiz.quotes.VerifyingCancelDeleteOnQuoteLandingPage -->
