<?xml version="1.0" encoding="UTF-8"?>
<!-- Generated by org.testng.reporters.JUnitReportReporter -->
<testsuite skipped="0" hostname="W7VDIHPQC16WPL" name="com.selenium.ebiz.add_to_cart.AddToCartSubCategoryPage_BeforeLogin_Working" tests="3" failures="0" timestamp="20 Dec 2018 11:58:29 GMT" time="5.030" errors="0">
  <testcase name="test_VerifyLeftNavigationisDispplayed" time="0.379" classname="com.selenium.ebiz.add_to_cart.AddToCartSubCategoryPage_BeforeLogin_Working"/>
  <testcase name="test_verifyListViewDisplayed" time="4.283" classname="com.selenium.ebiz.add_to_cart.AddToCartSubCategoryPage_BeforeLogin_Working"/>
  <testcase name="test_addToCartSubCategoryAndVerifyMessage" time="0.368" classname="com.selenium.ebiz.add_to_cart.AddToCartSubCategoryPage_BeforeLogin_Working"/>
</testsuite> <!-- com.selenium.ebiz.add_to_cart.AddToCartSubCategoryPage_BeforeLogin_Working -->
