<?xml version="1.0" encoding="UTF-8"?>
<!-- Generated by org.testng.reporters.JUnitReportReporter -->
<testsuite skipped="5" hostname="W7VDIHPQC16WPL" name="com.selenium.ebiz.product_listing_page.grid_tests_plp.VerifyLeft_Nav_Filter_Tabs" tests="6" failures="0" timestamp="04 Mar 2019 12:46:26 GMT" time="35.931" errors="0">
  <testcase name="plp_VerifyShowMoreReturnMoreFilters" time="35.931" classname="com.selenium.ebiz.product_listing_page.grid_tests_plp.VerifyLeft_Nav_Filter_Tabs"/>
  <testcase name="plp_VerifyShowMoreFilterInPLP" classname="com.selenium.ebiz.product_listing_page.grid_tests_plp.VerifyLeft_Nav_Filter_Tabs">
    <skipped/>
  </testcase> <!-- plp_VerifyShowMoreFilterInPLP -->
  <testcase name="plp_NavigateBackFromPDPWithTwoFilters" classname="com.selenium.ebiz.product_listing_page.grid_tests_plp.VerifyLeft_Nav_Filter_Tabs">
    <skipped/>
  </testcase> <!-- plp_NavigateBackFromPDPWithTwoFilters -->
  <testcase name="plp_SelectFilterAndVerifyResult" classname="com.selenium.ebiz.product_listing_page.grid_tests_plp.VerifyLeft_Nav_Filter_Tabs">
    <skipped/>
  </testcase> <!-- plp_SelectFilterAndVerifyResult -->
  <testcase name="plp_SelectSubCategoryFilterAndVerifyResult" classname="com.selenium.ebiz.product_listing_page.grid_tests_plp.VerifyLeft_Nav_Filter_Tabs">
    <skipped/>
  </testcase> <!-- plp_SelectSubCategoryFilterAndVerifyResult -->
  <testcase name="plp_NavigateBackFromPDPWithFilteredProduct" classname="com.selenium.ebiz.product_listing_page.grid_tests_plp.VerifyLeft_Nav_Filter_Tabs">
    <skipped/>
  </testcase> <!-- plp_NavigateBackFromPDPWithFilteredProduct -->
</testsuite> <!-- com.selenium.ebiz.product_listing_page.grid_tests_plp.VerifyLeft_Nav_Filter_Tabs -->
