<?xml version="1.0" encoding="UTF-8"?>
<!-- Generated by org.testng.reporters.JUnitReportReporter -->
<testsuite skipped="0" hostname="W7VDIHPQC16WPL" name="com.selenium.ebiz.compare_products.grid_compare_products_tests.VerifyAddToExistingSavedListFromCompareResultsPage_Grid" tests="1" failures="0" timestamp="03 Apr 2019 10:19:30 GMT" time="33.794" errors="0">
  <testcase name="compProd__VerifyAddToExistingSavedListFromCompareResultsPage_Grid" time="33.794" classname="com.selenium.ebiz.compare_products.grid_compare_products_tests.VerifyAddToExistingSavedListFromCompareResultsPage_Grid"/>
</testsuite> <!-- com.selenium.ebiz.compare_products.grid_compare_products_tests.VerifyAddToExistingSavedListFromCompareResultsPage_Grid -->
