<?xml version="1.0" encoding="UTF-8"?>
<!-- Generated by org.testng.reporters.JUnitReportReporter -->
<testsuite skipped="0" hostname="W7VDIHPQC16WPL" name="com.selenium.ebiz.add_to_list.grid_add_to_list_tests.VerifyAddAllToSavedListFromShoppingCartPage_Grid" tests="1" failures="0" timestamp="02 Apr 2019 11:35:17 GMT" time="43.614" errors="0">
  <testcase name="addtolist_CreateNewListAndVerifyListWasCreatedWithAddedPrices" time="43.614" classname="com.selenium.ebiz.add_to_list.grid_add_to_list_tests.VerifyAddAllToSavedListFromShoppingCartPage_Grid"/>
</testsuite> <!-- com.selenium.ebiz.add_to_list.grid_add_to_list_tests.VerifyAddAllToSavedListFromShoppingCartPage_Grid -->
