<?xml version="1.0" encoding="UTF-8"?>
<!-- Generated by org.testng.reporters.JUnitReportReporter -->
<testsuite skipped="0" hostname="W7VDIHPQC16WPL" name="com.selenium.ebiz.order_history.grid_tests_orderHistory.ViewOrderHistoryHeader_WORKING_Grid" tests="1" failures="0" timestamp="08 Apr 2019 10:12:26 GMT" time="119.550" errors="0">
  <testcase name="orderHistory_verifyOrderHistoryHeadingText" time="119.550" classname="com.selenium.ebiz.order_history.grid_tests_orderHistory.ViewOrderHistoryHeader_WORKING_Grid"/>
</testsuite> <!-- com.selenium.ebiz.order_history.grid_tests_orderHistory.ViewOrderHistoryHeader_WORKING_Grid -->
