<?xml version="1.0" encoding="UTF-8"?>
<!-- Generated by org.testng.reporters.JUnitReportReporter -->
<testsuite skipped="0" hostname="W7VDIHPQC16WPL" name="com.selenium.ebiz.shoppingCart_management.VerifyTheFunctioningOfHelpToolTip" tests="1" failures="0" timestamp="05 Apr 2019 09:57:14 GMT" time="43.549" errors="0">
  <testcase name="shopCartManagement__VerifyTheFunctioningOfHelpToolTipForFreight" time="43.549" classname="com.selenium.ebiz.shoppingCart_management.VerifyTheFunctioningOfHelpToolTip"/>
</testsuite> <!-- com.selenium.ebiz.shoppingCart_management.VerifyTheFunctioningOfHelpToolTip -->
