<?xml version="1.0" encoding="UTF-8"?>
<!-- Generated by org.testng.reporters.JUnitReportReporter -->
<testsuite skipped="0" hostname="W7VDIHPQC16WPL" name="com.selenium.ebiz.shoppingCart_management.VerifySelectingInvalidAlternateShippingAddress" tests="10" failures="0" timestamp="21 May 2019 12:46:30 GMT" time="700.218" errors="0">
  <testcase name="shopCartManagement__VerifySelectingInvalidAlternateShippingAddress" time="81.100" classname="com.selenium.ebiz.shoppingCart_management.VerifySelectingInvalidAlternateShippingAddress"/>
  <testcase name="shopCartManagement__VerifySelectingInvalidAlternateShippingAddress" time="92.133" classname="com.selenium.ebiz.shoppingCart_management.VerifySelectingInvalidAlternateShippingAddress"/>
  <testcase name="shopCartManagement__VerifySelectingInvalidAlternateShippingAddress" time="65.598" classname="com.selenium.ebiz.shoppingCart_management.VerifySelectingInvalidAlternateShippingAddress"/>
  <testcase name="shopCartManagement__VerifySelectingInvalidAlternateShippingAddress" time="58.913" classname="com.selenium.ebiz.shoppingCart_management.VerifySelectingInvalidAlternateShippingAddress"/>
  <testcase name="shopCartManagement__VerifySelectingInvalidAlternateShippingAddress" time="46.425" classname="com.selenium.ebiz.shoppingCart_management.VerifySelectingInvalidAlternateShippingAddress"/>
  <testcase name="shopCartManagement__VerifySelectingInvalidAlternateShippingAddress" time="51.255" classname="com.selenium.ebiz.shoppingCart_management.VerifySelectingInvalidAlternateShippingAddress"/>
  <testcase name="shopCartManagement__VerifySelectingInvalidAlternateShippingAddress" time="91.426" classname="com.selenium.ebiz.shoppingCart_management.VerifySelectingInvalidAlternateShippingAddress"/>
  <testcase name="shopCartManagement__VerifySelectingInvalidAlternateShippingAddress" time="95.857" classname="com.selenium.ebiz.shoppingCart_management.VerifySelectingInvalidAlternateShippingAddress"/>
  <testcase name="shopCartManagement__VerifySelectingInvalidAlternateShippingAddress" time="64.806" classname="com.selenium.ebiz.shoppingCart_management.VerifySelectingInvalidAlternateShippingAddress"/>
  <testcase name="shopCartManagement__VerifySelectingInvalidAlternateShippingAddress" time="52.705" classname="com.selenium.ebiz.shoppingCart_management.VerifySelectingInvalidAlternateShippingAddress"/>
</testsuite> <!-- com.selenium.ebiz.shoppingCart_management.VerifySelectingInvalidAlternateShippingAddress -->
