<?xml version="1.0" encoding="UTF-8"?>
<!-- Generated by org.testng.reporters.JUnitReportReporter -->
<testsuite skipped="0" hostname="W7VDIHPQC16WPL" name="com.selenium.ebiz.checkOut.AddQuickCheckoutButtonToTheQOPage" tests="1" failures="0" timestamp="08 Jul 2019 11:43:23 GMT" time="48.532" errors="0">
  <testcase name="addtocart_VerifyIfItemCanBeAddedToCartFromOrderHistoryDetailPageAllitem" time="48.532" classname="com.selenium.ebiz.checkOut.AddQuickCheckoutButtonToTheQOPage"/>
</testsuite> <!-- com.selenium.ebiz.checkOut.AddQuickCheckoutButtonToTheQOPage -->
