<?xml version="1.0" encoding="UTF-8"?>
<!-- Generated by org.testng.reporters.JUnitReportReporter -->
<testsuite skipped="2" hostname="W7VDIHPQC16WPL" name="com.selenium.ebiz.account_management.login.HomePageAuthenticatedUser" tests="2" failures="0" timestamp="18 Nov 2019 09:54:51 GMT" time="0.000" errors="0">
  <testcase name="login_verifyYouTubeLink" time="0.000" classname="com.selenium.ebiz.account_management.login.HomePageAuthenticatedUser">
    <skipped/>
  </testcase> <!-- login_verifyYouTubeLink -->
  <testcase name="login_verifyOnceOrderSection" classname="com.selenium.ebiz.account_management.login.HomePageAuthenticatedUser">
    <skipped/>
  </testcase> <!-- login_verifyOnceOrderSection -->
</testsuite> <!-- com.selenium.ebiz.account_management.login.HomePageAuthenticatedUser -->
