<?xml version="1.0" encoding="UTF-8"?>
<!-- Generated by org.testng.reporters.JUnitReportReporter -->
<testsuite skipped="0" hostname="W7VDIHPQC16WPL" name="com.selenium.ebiz.save_list.VerifyChangeNumberOfListsToDisplayOnSavedListDetailPage" tests="1" failures="0" timestamp="16 Apr 2019 10:07:06 GMT" time="55.317" errors="0">
  <testcase name="savedList_VerifyChangeNumberOfListsToDisplayOnSavedListDetailPage" time="55.317" classname="com.selenium.ebiz.save_list.VerifyChangeNumberOfListsToDisplayOnSavedListDetailPage"/>
</testsuite> <!-- com.selenium.ebiz.save_list.VerifyChangeNumberOfListsToDisplayOnSavedListDetailPage -->
