<?xml version="1.0" encoding="UTF-8"?>
<!-- Generated by org.testng.reporters.JUnitReportReporter -->
<testsuite skipped="0" hostname="W7VDIHPQC16WPL" name="com.selenium.ebiz.smoketest.SmokeTest_End_To_End_Scenario_1_New_V8_Grid" tests="10" failures="0" timestamp="18 Apr 2019 11:40:34 GMT" time="919.787" errors="0">
  <testcase name="test_SmokeTest_End_to_End_Scenario_1_" time="122.661" classname="com.selenium.ebiz.smoketest.SmokeTest_End_To_End_Scenario_1_New_V8_Grid"/>
  <testcase name="test_SmokeTest_End_to_End_Scenario_1_" time="70.426" classname="com.selenium.ebiz.smoketest.SmokeTest_End_To_End_Scenario_1_New_V8_Grid"/>
  <testcase name="test_SmokeTest_End_to_End_Scenario_1_" time="85.070" classname="com.selenium.ebiz.smoketest.SmokeTest_End_To_End_Scenario_1_New_V8_Grid"/>
  <testcase name="test_SmokeTest_End_to_End_Scenario_1_" time="63.285" classname="com.selenium.ebiz.smoketest.SmokeTest_End_To_End_Scenario_1_New_V8_Grid"/>
  <testcase name="test_SmokeTest_End_to_End_Scenario_1_" time="84.368" classname="com.selenium.ebiz.smoketest.SmokeTest_End_To_End_Scenario_1_New_V8_Grid"/>
  <testcase name="test_SmokeTest_End_to_End_Scenario_1_" time="81.273" classname="com.selenium.ebiz.smoketest.SmokeTest_End_To_End_Scenario_1_New_V8_Grid"/>
  <testcase name="test_SmokeTest_End_to_End_Scenario_1_" time="84.264" classname="com.selenium.ebiz.smoketest.SmokeTest_End_To_End_Scenario_1_New_V8_Grid"/>
  <testcase name="test_SmokeTest_End_to_End_Scenario_1_" time="144.529" classname="com.selenium.ebiz.smoketest.SmokeTest_End_To_End_Scenario_1_New_V8_Grid"/>
  <testcase name="test_SmokeTest_End_to_End_Scenario_1_" time="114.651" classname="com.selenium.ebiz.smoketest.SmokeTest_End_To_End_Scenario_1_New_V8_Grid"/>
  <testcase name="test_SmokeTest_End_to_End_Scenario_1_" time="69.260" classname="com.selenium.ebiz.smoketest.SmokeTest_End_To_End_Scenario_1_New_V8_Grid"/>
</testsuite> <!-- com.selenium.ebiz.smoketest.SmokeTest_End_To_End_Scenario_1_New_V8_Grid -->
