<?xml version="1.0" encoding="UTF-8"?>
<!-- Generated by org.testng.reporters.JUnitReportReporter -->
<testsuite skipped="0" hostname="W7VDIHPQC16WPL" name="com.selenium.ebiz.product_detail_page.VerifyProductDetailPageMarketingBulletsAndProductAttributes" tests="1" failures="0" timestamp="22 May 2019 06:36:42 GMT" time="50.652" errors="0">
  <testcase name="pdp_VerifyProductDetailPageMarketingBulletsAndProductAttributes" time="50.652" classname="com.selenium.ebiz.product_detail_page.VerifyProductDetailPageMarketingBulletsAndProductAttributes"/>
</testsuite> <!-- com.selenium.ebiz.product_detail_page.VerifyProductDetailPageMarketingBulletsAndProductAttributes -->
