<?xml version="1.0" encoding="UTF-8"?>
<!-- Generated by org.testng.reporters.JUnitReportReporter -->
<testsuite skipped="0" hostname="W7VDIHPQC16WPL" name="com.selenium.ebiz.pool_water_testing.CreatePoolWaterTestingPageAndResultsPageGuestUser" tests="8" failures="0" timestamp="20 Sep 2019 07:51:00 GMT" time="1884.539" errors="0">
  <testcase name="pwt_VerifyCreatePoolWaterTestingPageAndResultsPageForLitersGuestUser" time="133.243" classname="com.selenium.ebiz.pool_water_testing.CreatePoolWaterTestingPageAndResultsPageGuestUser"/>
  <testcase name="pwt_VerifyAddToQuoteFromRecommendedProductGuestUser" time="25.678" classname="com.selenium.ebiz.pool_water_testing.CreatePoolWaterTestingPageAndResultsPageGuestUser"/>
  <testcase name="pwt_VerifyCreatePoolWaterTestingPageAndResultsPageForGallonsGuestUser" time="204.741" classname="com.selenium.ebiz.pool_water_testing.CreatePoolWaterTestingPageAndResultsPageGuestUser"/>
  <testcase name="pwt_VerifyAddToListFromRecommendedProductGuestUser" time="399.737" classname="com.selenium.ebiz.pool_water_testing.CreatePoolWaterTestingPageAndResultsPageGuestUser"/>
  <testcase name="pwt_VerifyAddToCartFromRecommendedProductGuestUser" time="280.299" classname="com.selenium.ebiz.pool_water_testing.CreatePoolWaterTestingPageAndResultsPageGuestUser"/>
  <testcase name="pwt_VerifyMandatoryAttributesForGuestUer" time="187.180" classname="com.selenium.ebiz.pool_water_testing.CreatePoolWaterTestingPageAndResultsPageGuestUser"/>
  <testcase name="pwt_VerifyNavigateToPDPFromRecommendedProductGuestUser" time="358.136" classname="com.selenium.ebiz.pool_water_testing.CreatePoolWaterTestingPageAndResultsPageGuestUser"/>
  <testcase name="pwt_VerifyErrorMessageOnPoolWaterTestGuestUser" time="295.525" classname="com.selenium.ebiz.pool_water_testing.CreatePoolWaterTestingPageAndResultsPageGuestUser"/>
</testsuite> <!-- com.selenium.ebiz.pool_water_testing.CreatePoolWaterTestingPageAndResultsPageGuestUser -->
