<?xml version="1.0" encoding="UTF-8"?>
<!-- Generated by org.testng.reporters.JUnitReportReporter -->
<testsuite skipped="0" hostname="W7VDIHPQC16WPL" name="com.selenium.ebiz.header.MyAccountQuickLinksInUtilityBarLoggedInUser_WORKING" tests="1" failures="0" timestamp="18 Feb 2019 06:42:33 GMT" time="22.265" errors="0">
  <testcase name="verifyMyAccountQuickLinksInUtilityBar" time="22.265" classname="com.selenium.ebiz.header.MyAccountQuickLinksInUtilityBarLoggedInUser_WORKING"/>
</testsuite> <!-- com.selenium.ebiz.header.MyAccountQuickLinksInUtilityBarLoggedInUser_WORKING -->
