<?xml version="1.0" encoding="UTF-8"?>
<!-- Generated by org.testng.reporters.JUnitReportReporter -->
<testsuite skipped="0" hostname="W7VDIHPQC16WPL" name="com.selenium.ebiz.shoppingCart_management.VerifyUserCanEnterSourceCode" tests="10" failures="0" timestamp="29 Apr 2019 11:07:11 GMT" time="427.370" errors="0">
  <testcase name="shopCartManagement__VerifyUserCanEnterSourceCode" time="56.169" classname="com.selenium.ebiz.shoppingCart_management.VerifyUserCanEnterSourceCode"/>
  <testcase name="shopCartManagement__VerifyUserCanEnterSourceCode" time="36.404" classname="com.selenium.ebiz.shoppingCart_management.VerifyUserCanEnterSourceCode"/>
  <testcase name="shopCartManagement__VerifyUserCanEnterSourceCode" time="50.503" classname="com.selenium.ebiz.shoppingCart_management.VerifyUserCanEnterSourceCode"/>
  <testcase name="shopCartManagement__VerifyUserCanEnterSourceCode" time="50.666" classname="com.selenium.ebiz.shoppingCart_management.VerifyUserCanEnterSourceCode"/>
  <testcase name="shopCartManagement__VerifyUserCanEnterSourceCode" time="34.670" classname="com.selenium.ebiz.shoppingCart_management.VerifyUserCanEnterSourceCode"/>
  <testcase name="shopCartManagement__VerifyUserCanEnterSourceCode" time="35.294" classname="com.selenium.ebiz.shoppingCart_management.VerifyUserCanEnterSourceCode"/>
  <testcase name="shopCartManagement__VerifyUserCanEnterSourceCode" time="38.185" classname="com.selenium.ebiz.shoppingCart_management.VerifyUserCanEnterSourceCode"/>
  <testcase name="shopCartManagement__VerifyUserCanEnterSourceCode" time="34.622" classname="com.selenium.ebiz.shoppingCart_management.VerifyUserCanEnterSourceCode"/>
  <testcase name="shopCartManagement__VerifyUserCanEnterSourceCode" time="39.335" classname="com.selenium.ebiz.shoppingCart_management.VerifyUserCanEnterSourceCode"/>
  <testcase name="shopCartManagement__VerifyUserCanEnterSourceCode" time="51.522" classname="com.selenium.ebiz.shoppingCart_management.VerifyUserCanEnterSourceCode"/>
</testsuite> <!-- com.selenium.ebiz.shoppingCart_management.VerifyUserCanEnterSourceCode -->
