<?xml version="1.0" encoding="UTF-8"?>
<!-- Generated by org.testng.reporters.JUnitReportReporter -->
<testsuite skipped="0" hostname="W7VDIHPQC16WPL" name="com.selenium.ebiz.shoppingCart_management.VerifyRichRelevanceSection$VerifySelectingInvalidAlternateShippingAddress" tests="1" failures="0" timestamp="26 Mar 2019 09:58:48 GMT" time="41.226" errors="0">
  <testcase name="shopCartManagement__VerifyTheFunctioningOfHelpToolTipForFreight" time="41.226" classname="com.selenium.ebiz.shoppingCart_management.VerifyRichRelevanceSection$VerifySelectingInvalidAlternateShippingAddress"/>
</testsuite> <!-- com.selenium.ebiz.shoppingCart_management.VerifyRichRelevanceSection$VerifySelectingInvalidAlternateShippingAddress -->
