<?xml version="1.0" encoding="UTF-8"?>
<!-- Generated by org.testng.reporters.JUnitReportReporter -->
<testsuite skipped="2" hostname="W7VDIHPQC16WPL" name="com.selenium.ebiz.account_management.login.LoginTestAllScenarios_NOTWORKING" tests="3" failures="0" timestamp="08 Mar 2019 12:50:36 GMT" time="0.545" errors="0">
  <testcase name="displayHomePageForUnAuthenticatedUserTest" time="0.545" classname="com.selenium.ebiz.account_management.login.LoginTestAllScenarios_NOTWORKING"/>
  <testcase name="validateGuestContentHero" classname="com.selenium.ebiz.account_management.login.LoginTestAllScenarios_NOTWORKING">
    <skipped/>
  </testcase> <!-- validateGuestContentHero -->
  <testcase name="verifyLearnSomethingNew" classname="com.selenium.ebiz.account_management.login.LoginTestAllScenarios_NOTWORKING">
    <skipped/>
  </testcase> <!-- verifyLearnSomethingNew -->
</testsuite> <!-- com.selenium.ebiz.account_management.login.LoginTestAllScenarios_NOTWORKING -->
