<?xml version="1.0" encoding="UTF-8"?>
<!-- Generated by org.testng.reporters.JUnitReportReporter -->
<testsuite skipped="0" hostname="W7VDIHPQC16WPL" name="com.selenium.ebiz.search.VerifyKeywordSearchResultsInOneProductMustBeDisplayedAsProductListingPage" tests="10" failures="0" timestamp="10 Jun 2019 11:42:12 GMT" time="324.884" errors="0">
  <testcase name="savedList_VerifyKeywordSearchResultsInOneProductMustBeDisplayedAsProductListingPage" time="39.091" classname="com.selenium.ebiz.search.VerifyKeywordSearchResultsInOneProductMustBeDisplayedAsProductListingPage"/>
  <testcase name="savedList_VerifyKeywordSearchResultsInOneProductMustBeDisplayedAsProductListingPage" time="19.364" classname="com.selenium.ebiz.search.VerifyKeywordSearchResultsInOneProductMustBeDisplayedAsProductListingPage"/>
  <testcase name="savedList_VerifyKeywordSearchResultsInOneProductMustBeDisplayedAsProductListingPage" time="26.565" classname="com.selenium.ebiz.search.VerifyKeywordSearchResultsInOneProductMustBeDisplayedAsProductListingPage"/>
  <testcase name="savedList_VerifyKeywordSearchResultsInOneProductMustBeDisplayedAsProductListingPage" time="39.515" classname="com.selenium.ebiz.search.VerifyKeywordSearchResultsInOneProductMustBeDisplayedAsProductListingPage"/>
  <testcase name="savedList_VerifyKeywordSearchResultsInOneProductMustBeDisplayedAsProductListingPage" time="20.543" classname="com.selenium.ebiz.search.VerifyKeywordSearchResultsInOneProductMustBeDisplayedAsProductListingPage"/>
  <testcase name="savedList_VerifyKeywordSearchResultsInOneProductMustBeDisplayedAsProductListingPage" time="19.430" classname="com.selenium.ebiz.search.VerifyKeywordSearchResultsInOneProductMustBeDisplayedAsProductListingPage"/>
  <testcase name="savedList_VerifyKeywordSearchResultsInOneProductMustBeDisplayedAsProductListingPage" time="19.413" classname="com.selenium.ebiz.search.VerifyKeywordSearchResultsInOneProductMustBeDisplayedAsProductListingPage"/>
  <testcase name="savedList_VerifyKeywordSearchResultsInOneProductMustBeDisplayedAsProductListingPage" time="40.035" classname="com.selenium.ebiz.search.VerifyKeywordSearchResultsInOneProductMustBeDisplayedAsProductListingPage"/>
  <testcase name="savedList_VerifyKeywordSearchResultsInOneProductMustBeDisplayedAsProductListingPage" time="41.527" classname="com.selenium.ebiz.search.VerifyKeywordSearchResultsInOneProductMustBeDisplayedAsProductListingPage"/>
  <testcase name="savedList_VerifyKeywordSearchResultsInOneProductMustBeDisplayedAsProductListingPage" time="59.401" classname="com.selenium.ebiz.search.VerifyKeywordSearchResultsInOneProductMustBeDisplayedAsProductListingPage"/>
</testsuite> <!-- com.selenium.ebiz.search.VerifyKeywordSearchResultsInOneProductMustBeDisplayedAsProductListingPage -->
