<?xml version="1.0" encoding="UTF-8"?>
<!-- Generated by org.testng.reporters.JUnitReportReporter -->
<testsuite skipped="0" hostname="W7VDIHPQC16WPL" name="com.selenium.ebiz.add_to_list.grid_add_to_list_tests.VerifyNewListCanBeCreatedThroughQuickOrder_Grid" tests="3" failures="0" timestamp="02 Apr 2019 11:32:19 GMT" time="72.894" errors="0">
  <testcase name="addtolist_AddProductToNewListFromHomePageQuickOrder" time="26.600" classname="com.selenium.ebiz.add_to_list.grid_add_to_list_tests.VerifyNewListCanBeCreatedThroughQuickOrder_Grid"/>
  <testcase name="addtolist_AddSecondPartInHomePageOrderPadAndAddToExistingList" time="23.668" classname="com.selenium.ebiz.add_to_list.grid_add_to_list_tests.VerifyNewListCanBeCreatedThroughQuickOrder_Grid"/>
  <testcase name="addtolist_AddThirdPartToExistingListFromQuickOrderPad" time="22.626" classname="com.selenium.ebiz.add_to_list.grid_add_to_list_tests.VerifyNewListCanBeCreatedThroughQuickOrder_Grid"/>
</testsuite> <!-- com.selenium.ebiz.add_to_list.grid_add_to_list_tests.VerifyNewListCanBeCreatedThroughQuickOrder_Grid -->
