<?xml version="1.0" encoding="UTF-8"?>
<!-- Generated by org.testng.reporters.JUnitReportReporter -->
<testsuite skipped="0" hostname="W7VDIHPQC16WPL" name="com.selenium.ebiz.shoppingCart_UI.ShoppingCartUIPostLoginVerifyChangeQTYandAddToSavedListLink" tests="10" failures="0" timestamp="26 Jul 2019 10:50:02 GMT" time="347.328" errors="0">
  <testcase name="shoppingcartUI_ShoppingCartUIPostLoginVerifyChangeQTYandAddToSavedListLink" time="36.524" classname="com.selenium.ebiz.shoppingCart_UI.ShoppingCartUIPostLoginVerifyChangeQTYandAddToSavedListLink"/>
  <testcase name="shoppingcartUI_ShoppingCartUIPostLoginVerifyChangeQTYandAddToSavedListLink" time="30.749" classname="com.selenium.ebiz.shoppingCart_UI.ShoppingCartUIPostLoginVerifyChangeQTYandAddToSavedListLink"/>
  <testcase name="shoppingcartUI_ShoppingCartUIPostLoginVerifyChangeQTYandAddToSavedListLink" time="31.552" classname="com.selenium.ebiz.shoppingCart_UI.ShoppingCartUIPostLoginVerifyChangeQTYandAddToSavedListLink"/>
  <testcase name="shoppingcartUI_ShoppingCartUIPostLoginVerifyChangeQTYandAddToSavedListLink" time="36.182" classname="com.selenium.ebiz.shoppingCart_UI.ShoppingCartUIPostLoginVerifyChangeQTYandAddToSavedListLink"/>
  <testcase name="shoppingcartUI_ShoppingCartUIPostLoginVerifyChangeQTYandAddToSavedListLink" time="35.984" classname="com.selenium.ebiz.shoppingCart_UI.ShoppingCartUIPostLoginVerifyChangeQTYandAddToSavedListLink"/>
  <testcase name="shoppingcartUI_ShoppingCartUIPostLoginVerifyChangeQTYandAddToSavedListLink" time="27.983" classname="com.selenium.ebiz.shoppingCart_UI.ShoppingCartUIPostLoginVerifyChangeQTYandAddToSavedListLink"/>
  <testcase name="shoppingcartUI_ShoppingCartUIPostLoginVerifyChangeQTYandAddToSavedListLink" time="37.003" classname="com.selenium.ebiz.shoppingCart_UI.ShoppingCartUIPostLoginVerifyChangeQTYandAddToSavedListLink"/>
  <testcase name="shoppingcartUI_ShoppingCartUIPostLoginVerifyChangeQTYandAddToSavedListLink" time="40.197" classname="com.selenium.ebiz.shoppingCart_UI.ShoppingCartUIPostLoginVerifyChangeQTYandAddToSavedListLink"/>
  <testcase name="shoppingcartUI_ShoppingCartUIPostLoginVerifyChangeQTYandAddToSavedListLink" time="34.610" classname="com.selenium.ebiz.shoppingCart_UI.ShoppingCartUIPostLoginVerifyChangeQTYandAddToSavedListLink"/>
  <testcase name="shoppingcartUI_ShoppingCartUIPostLoginVerifyChangeQTYandAddToSavedListLink" time="36.544" classname="com.selenium.ebiz.shoppingCart_UI.ShoppingCartUIPostLoginVerifyChangeQTYandAddToSavedListLink"/>
</testsuite> <!-- com.selenium.ebiz.shoppingCart_UI.ShoppingCartUIPostLoginVerifyChangeQTYandAddToSavedListLink -->
