<?xml version="1.0" encoding="UTF-8"?>
<!-- Generated by org.testng.reporters.JUnitReportReporter -->
<testsuite skipped="0" hostname="W7VDIHPQC16WPL" name="com.selenium.ebiz.quotes.VerifyingDeleteQuotesOnDeleteTab" tests="10" failures="0" timestamp="29 Jul 2019 10:14:52 GMT" time="274.381" errors="0">
  <testcase name="quotes_VerifyingDeleteQuotesOnDeleteTab" time="27.095" classname="com.selenium.ebiz.quotes.VerifyingDeleteQuotesOnDeleteTab"/>
  <testcase name="quotes_VerifyingDeleteQuotesOnDeleteTab" time="27.939" classname="com.selenium.ebiz.quotes.VerifyingDeleteQuotesOnDeleteTab"/>
  <testcase name="quotes_VerifyingDeleteQuotesOnDeleteTab" time="26.756" classname="com.selenium.ebiz.quotes.VerifyingDeleteQuotesOnDeleteTab"/>
  <testcase name="quotes_VerifyingDeleteQuotesOnDeleteTab" time="25.475" classname="com.selenium.ebiz.quotes.VerifyingDeleteQuotesOnDeleteTab"/>
  <testcase name="quotes_VerifyingDeleteQuotesOnDeleteTab" time="28.292" classname="com.selenium.ebiz.quotes.VerifyingDeleteQuotesOnDeleteTab"/>
  <testcase name="quotes_VerifyingDeleteQuotesOnDeleteTab" time="29.374" classname="com.selenium.ebiz.quotes.VerifyingDeleteQuotesOnDeleteTab"/>
  <testcase name="quotes_VerifyingDeleteQuotesOnDeleteTab" time="26.034" classname="com.selenium.ebiz.quotes.VerifyingDeleteQuotesOnDeleteTab"/>
  <testcase name="quotes_VerifyingDeleteQuotesOnDeleteTab" time="29.312" classname="com.selenium.ebiz.quotes.VerifyingDeleteQuotesOnDeleteTab"/>
  <testcase name="quotes_VerifyingDeleteQuotesOnDeleteTab" time="26.660" classname="com.selenium.ebiz.quotes.VerifyingDeleteQuotesOnDeleteTab"/>
  <testcase name="quotes_VerifyingDeleteQuotesOnDeleteTab" time="27.444" classname="com.selenium.ebiz.quotes.VerifyingDeleteQuotesOnDeleteTab"/>
</testsuite> <!-- com.selenium.ebiz.quotes.VerifyingDeleteQuotesOnDeleteTab -->
