<?xml version="1.0" encoding="UTF-8"?>
<!-- Generated by org.testng.reporters.JUnitReportReporter -->
<testsuite skipped="0" hostname="W7VDIHPQC16WPL" name="com.selenium.ebiz.quickCheckout.VerifyIPCCanBeCustomizedOnQCO" tests="1" failures="0" timestamp="25 Jul 2019 07:57:23 GMT" time="47.009" errors="0">
  <testcase name="quickCheckout_VerifyIPCCanBeCustomizedOnQCO" time="47.009" classname="com.selenium.ebiz.quickCheckout.VerifyIPCCanBeCustomizedOnQCO"/>
</testsuite> <!-- com.selenium.ebiz.quickCheckout.VerifyIPCCanBeCustomizedOnQCO -->
