<?xml version="1.0" encoding="UTF-8"?>
<!-- Generated by org.testng.reporters.JUnitReportReporter -->
<testsuite skipped="0" hostname="W7VDIHPQC16WPL" name="com.selenium.ebiz.add_to_list.addToList_grid.VerifyAddItemsToSavedListFromPLPGridAndListView_Grid" tests="1" failures="0" timestamp="08 May 2019 06:39:51 GMT" time="40.254" errors="0">
  <testcase name="addtolist_searchSecondProductByKeywordAndAddToExistingListFromPLPGridView" time="40.254" classname="com.selenium.ebiz.add_to_list.addToList_grid.VerifyAddItemsToSavedListFromPLPGridAndListView_Grid"/>
</testsuite> <!-- com.selenium.ebiz.add_to_list.addToList_grid.VerifyAddItemsToSavedListFromPLPGridAndListView_Grid -->
