<?xml version="1.0" encoding="UTF-8"?>
<!-- Generated by org.testng.reporters.JUnitReportReporter -->
<testsuite skipped="0" hostname="W7VDIHPQC16WPL" name="com.selenium.ebiz.pool_water_testing.CreatePoolWaterTestingPageAndResultsPage" tests="1" failures="0" timestamp="21 Aug 2019 07:36:20 GMT" time="36.380" errors="0">
  <testcase name="pwt_VerifyNavigateToPDPFromRecommendedProductLoggedInUser" time="36.380" classname="com.selenium.ebiz.pool_water_testing.CreatePoolWaterTestingPageAndResultsPage"/>
</testsuite> <!-- com.selenium.ebiz.pool_water_testing.CreatePoolWaterTestingPageAndResultsPage -->
