<?xml version="1.0" encoding="UTF-8"?>
<!-- Generated by org.testng.reporters.JUnitReportReporter -->
<testsuite skipped="0" hostname="W7VDIHPQC16WPL" name="com.selenium.ebiz.search.VerifySearchByDescriptionReturnsResults" tests="20" failures="0" timestamp="04 Jun 2019 07:27:45 GMT" time="649.800" errors="0">
  <testcase name="savedList_VerifySearchByDescriptionReturnsResultsGuestUser" time="13.420" classname="com.selenium.ebiz.search.VerifySearchByDescriptionReturnsResults"/>
  <testcase name="savedList_VerifySearchByDescriptionReturnsResultsLoggedInUser" time="64.061" classname="com.selenium.ebiz.search.VerifySearchByDescriptionReturnsResults"/>
  <testcase name="savedList_VerifySearchByDescriptionReturnsResultsGuestUser" time="26.991" classname="com.selenium.ebiz.search.VerifySearchByDescriptionReturnsResults"/>
  <testcase name="savedList_VerifySearchByDescriptionReturnsResultsGuestUser" time="32.013" classname="com.selenium.ebiz.search.VerifySearchByDescriptionReturnsResults"/>
  <testcase name="savedList_VerifySearchByDescriptionReturnsResultsGuestUser" time="55.357" classname="com.selenium.ebiz.search.VerifySearchByDescriptionReturnsResults"/>
  <testcase name="savedList_VerifySearchByDescriptionReturnsResultsLoggedInUser" time="45.641" classname="com.selenium.ebiz.search.VerifySearchByDescriptionReturnsResults"/>
  <testcase name="savedList_VerifySearchByDescriptionReturnsResultsLoggedInUser" time="20.448" classname="com.selenium.ebiz.search.VerifySearchByDescriptionReturnsResults"/>
  <testcase name="savedList_VerifySearchByDescriptionReturnsResultsLoggedInUser" time="21.062" classname="com.selenium.ebiz.search.VerifySearchByDescriptionReturnsResults"/>
  <testcase name="savedList_VerifySearchByDescriptionReturnsResultsLoggedInUser" time="20.354" classname="com.selenium.ebiz.search.VerifySearchByDescriptionReturnsResults"/>
  <testcase name="savedList_VerifySearchByDescriptionReturnsResultsGuestUser" time="13.919" classname="com.selenium.ebiz.search.VerifySearchByDescriptionReturnsResults"/>
  <testcase name="savedList_VerifySearchByDescriptionReturnsResultsGuestUser" time="32.811" classname="com.selenium.ebiz.search.VerifySearchByDescriptionReturnsResults"/>
  <testcase name="savedList_VerifySearchByDescriptionReturnsResultsLoggedInUser" time="24.447" classname="com.selenium.ebiz.search.VerifySearchByDescriptionReturnsResults"/>
  <testcase name="savedList_VerifySearchByDescriptionReturnsResultsGuestUser" time="32.755" classname="com.selenium.ebiz.search.VerifySearchByDescriptionReturnsResults"/>
  <testcase name="savedList_VerifySearchByDescriptionReturnsResultsGuestUser" time="17.068" classname="com.selenium.ebiz.search.VerifySearchByDescriptionReturnsResults"/>
  <testcase name="savedList_VerifySearchByDescriptionReturnsResultsLoggedInUser" time="62.632" classname="com.selenium.ebiz.search.VerifySearchByDescriptionReturnsResults"/>
  <testcase name="savedList_VerifySearchByDescriptionReturnsResultsGuestUser" time="33.744" classname="com.selenium.ebiz.search.VerifySearchByDescriptionReturnsResults"/>
  <testcase name="savedList_VerifySearchByDescriptionReturnsResultsLoggedInUser" time="20.915" classname="com.selenium.ebiz.search.VerifySearchByDescriptionReturnsResults"/>
  <testcase name="savedList_VerifySearchByDescriptionReturnsResultsLoggedInUser" time="32.721" classname="com.selenium.ebiz.search.VerifySearchByDescriptionReturnsResults"/>
  <testcase name="savedList_VerifySearchByDescriptionReturnsResultsGuestUser" time="56.088" classname="com.selenium.ebiz.search.VerifySearchByDescriptionReturnsResults"/>
  <testcase name="savedList_VerifySearchByDescriptionReturnsResultsLoggedInUser" time="23.353" classname="com.selenium.ebiz.search.VerifySearchByDescriptionReturnsResults"/>
</testsuite> <!-- com.selenium.ebiz.search.VerifySearchByDescriptionReturnsResults -->
