<?xml version="1.0" encoding="UTF-8"?>
<!-- Generated by org.testng.reporters.JUnitReportReporter -->
<testsuite skipped="0" hostname="W7VDIHPQC16WPL" name="com.selenium.ebiz.navigation.HomePageBreadCrumbBySubCategory" tests="1" failures="0" timestamp="11 Feb 2019 07:43:47 GMT" time="46.645" errors="0">
  <testcase name="breadCrumbToHomePageGuestUserTest" time="46.645" classname="com.selenium.ebiz.navigation.HomePageBreadCrumbBySubCategory"/>
</testsuite> <!-- com.selenium.ebiz.navigation.HomePageBreadCrumbBySubCategory -->
