<?xml version="1.0" encoding="UTF-8"?>
<!-- Generated by org.testng.reporters.JUnitReportReporter -->
<testsuite skipped="0" hostname="W7VDIHPQC16WPL" name="com.selenium.ebiz.shoppingCart_UI.ValidatePromotionsPageProductListCount" tests="1" failures="0" timestamp="08 May 2019 09:34:00 GMT" time="49.809" errors="0">
  <testcase name="shoppingcartUI_ValidatePromotionsPageProductListCount" time="49.809" classname="com.selenium.ebiz.shoppingCart_UI.ValidatePromotionsPageProductListCount"/>
</testsuite> <!-- com.selenium.ebiz.shoppingCart_UI.ValidatePromotionsPageProductListCount -->
