<?xml version="1.0" encoding="UTF-8"?>
<!-- Generated by org.testng.reporters.JUnitReportReporter -->
<testsuite skipped="0" hostname="LP1-AP-51860169" name="com.crm.qa.FreeCrmTest" tests="1" failures="0" timestamp="02 May 2021 07:34:10 GMT" time="29.923" errors="0">
  <testcase name="freeCrmTitleTest" time="29.923" classname="com.crm.qa.FreeCrmTest"/>
</testsuite> <!-- com.crm.qa.FreeCrmTest -->
