<?xml version="1.0" encoding="UTF-8"?>
<!-- Generated by org.testng.reporters.JUnitReportReporter -->
<testsuite name="practise.AppiumFramework.Ecommerce_tc_4" tests="1" time="35.804" ignored="0" failures="0" timestamp="22 Jul 2020 08:44:06 GMT" skipped="0" hostname="LP1-AP-51860169" errors="0">
  <testcase name="totalValidation" time="35.804" classname="practise.AppiumFramework.Ecommerce_tc_4"/>
</testsuite> <!-- practise.AppiumFramework.Ecommerce_tc_4 -->
