<?xml version="1.0" encoding="UTF-8"?>
<!-- Generated by org.testng.reporters.JUnitReportReporter -->
<testsuite skipped="0" hostname="W7VDIHPQC16WPL" name="SeleniumFunctionality.headless" tests="1" failures="0" timestamp="07 Nov 2019 07:37:30 GMT" time="6.566" errors="0">
  <testcase name="phantomHeadlessTest" time="6.566" classname="SeleniumFunctionality.headless"/>
</testsuite> <!-- SeleniumFunctionality.headless -->
