<?xml version="1.0" encoding="UTF-8"?>
<!-- Generated by org.testng.reporters.JUnitReportReporter -->
<testsuite skipped="0" hostname="W7VDIHPQC16WPL" name="Task2.Alertprogram" tests="1" failures="0" timestamp="24 Jul 2019 11:57:59 GMT" time="3.380" errors="0">
  <testcase name="alertandframe" time="3.380" classname="Task2.Alertprogram"/>
</testsuite> <!-- Task2.Alertprogram -->
