<?xml version="1.0" encoding="UTF-8"?>
<!-- Generated by org.testng.reporters.JUnitReportReporter -->
<testsuite skipped="0" hostname="Infva06529" name="Task2.HandleProgram" tests="1" failures="0" timestamp="14 Jun 2018 06:16:57 GMT" time="14.887" errors="0">
  <testcase name="frameProgram" time="14.887" classname="Task2.HandleProgram"/>
</testsuite> <!-- Task2.HandleProgram -->
