<?xml version="1.0" encoding="UTF-8"?>
<!-- Generated by org.testng.reporters.JUnitReportReporter -->
<testsuite skipped="0" hostname="W7VDIHPQC16WPL" name="udemyApiTest.PostGoogleApiSerialization" tests="1" failures="0" timestamp="13 Jan 2020 10:52:52 GMT" time="2.597" errors="0">
  <testcase name="PostGoogleApiSerialization" time="2.597" classname="udemyApiTest.PostGoogleApiSerialization"/>
</testsuite> <!-- udemyApiTest.PostGoogleApiSerialization -->
