<?xml version="1.0" encoding="UTF-8"?>
<!-- Generated by org.testng.reporters.JUnitReportReporter -->
<testsuite skipped="0" hostname="DJ-HP" name="udemyApiTest.LibraryApi" tests="4" failures="0" timestamp="24 Sep 2019 07:47:33 GMT" time="6.832" errors="0">
  <testcase name="postBookFromJsonFile" time="6.202" classname="udemyApiTest.LibraryApi"/>
  <testcase name="postBooks" time="0.206" classname="udemyApiTest.LibraryApi"/>
  <testcase name="postBooks" time="0.220" classname="udemyApiTest.LibraryApi"/>
  <testcase name="postBooks" time="0.204" classname="udemyApiTest.LibraryApi"/>
</testsuite> <!-- udemyApiTest.LibraryApi -->
