<?xml version="1.0" encoding="UTF-8"?>
<!-- Generated by org.testng.reporters.JUnitReportReporter -->
<testsuite skipped="0" hostname="W7VDIHPQC16WPL" name="dataDrivenApproach.DataDrivenTest" tests="3" failures="0" timestamp="10 Jul 2019 18:23:15 GMT" time="2.138" errors="0">
  <testcase name="postEmployeeData" time="0.218" classname="dataDrivenApproach.DataDrivenTest"/>
  <testcase name="postEmployeeData" time="1.695" classname="dataDrivenApproach.DataDrivenTest"/>
  <testcase name="postEmployeeData" time="0.225" classname="dataDrivenApproach.DataDrivenTest"/>
</testsuite> <!-- dataDrivenApproach.DataDrivenTest -->
