<?xml version="1.0" encoding="UTF-8"?>
<!-- Generated by org.testng.reporters.JUnitReportReporter -->
<testsuite skipped="0" hostname="LP1-AP-51860169" name="udemyApiTest.GetApi" tests="1" failures="0" timestamp="14 Feb 2020 08:39:55 GMT" time="4.086" errors="0">
  <testcase name="getAllGooglePlaceIds" time="4.086" classname="udemyApiTest.GetApi"/>
</testsuite> <!-- udemyApiTest.GetApi -->
