<?xml version="1.0" encoding="UTF-8"?>
<!-- Generated by org.testng.reporters.JUnitReportReporter -->
<testsuite skipped="0" hostname="W7VDIHPQC16WPL" name="udemyApiTest.OAuth2validation" tests="1" failures="0" timestamp="10 Jan 2020 12:04:49 GMT" time="22.844" errors="0">
  <testcase name="getCourses" time="22.844" classname="udemyApiTest.OAuth2validation"/>
</testsuite> <!-- udemyApiTest.OAuth2validation -->
