<?xml version="1.0" encoding="UTF-8"?>
<!-- Generated by org.testng.reporters.JUnitReportReporter -->
<testsuite skipped="0" hostname="DJ-HP" name="udemyApiTest.PostDeleteApi" tests="5" failures="0" timestamp="24 Sep 2019 09:03:41 GMT" time="8.029" errors="0">
  <testcase name="postAndDeleteGooglePlace" time="0.326" classname="udemyApiTest.PostDeleteApi"/>
  <testcase name="postAndDeleteGooglePlace" time="0.310" classname="udemyApiTest.PostDeleteApi"/>
  <testcase name="postAndDeleteGooglePlace" time="0.299" classname="udemyApiTest.PostDeleteApi"/>
  <testcase name="postAndDeleteGooglePlace" time="6.803" classname="udemyApiTest.PostDeleteApi"/>
  <testcase name="postAndDeleteGooglePlace" time="0.291" classname="udemyApiTest.PostDeleteApi"/>
</testsuite> <!-- udemyApiTest.PostDeleteApi -->
