<?xml version="1.0" encoding="UTF-8"?>
<!-- Generated by org.testng.reporters.JUnitReportReporter -->
<testsuite skipped="0" hostname="LAPTOP-HRIFHJNH" name="udemyApiTest.PostApi" tests="1" failures="0" timestamp="10 Nov 2019 14:34:12 GMT" time="3.260" errors="0">
  <testcase name="postGooglePlace" time="3.260" classname="udemyApiTest.PostApi"/>
</testsuite> <!-- udemyApiTest.PostApi -->
