<?xml version="1.0" encoding="UTF-8"?>
<!-- Generated by org.testng.reporters.JUnitReportReporter -->
<testsuite skipped="0" hostname="W7VDIHPQC16WPL" name="com.selenium.employee.GetSingleEmployee" tests="1" failures="0" timestamp="11 Jul 2019 12:54:13 GMT" time="0.022" errors="0">
  <testcase name="checkResponseBody" time="0.022" classname="com.selenium.employee.GetSingleEmployee"/>
</testsuite> <!-- com.selenium.employee.GetSingleEmployee -->
