<?xml version="1.0" encoding="UTF-8"?>
<!-- Generated by org.testng.reporters.JUnitReportReporter -->
<testsuite skipped="0" hostname="W7VDIHPQC16WPL" name="udemyApiAutomation.GetApi" tests="1" failures="0" timestamp="22 Jul 2019 17:26:51 GMT" time="3.243" errors="0">
  <testcase name="getGoogleapi" time="3.243" classname="udemyApiAutomation.GetApi"/>
</testsuite> <!-- udemyApiAutomation.GetApi -->
