<?xml version="1.0" encoding="UTF-8"?>
<!-- Generated by org.testng.reporters.JUnitReportReporter -->
<testsuite skipped="0" hostname="LAPTOP-HRIFHJNH" name="udemyApiTest.GetApi" tests="1" failures="0" timestamp="10 Nov 2019 13:51:30 GMT" time="5.683" errors="0">
  <testcase name="getFirstGooglePlaceId" time="5.683" classname="udemyApiTest.GetApi"/>
</testsuite> <!-- udemyApiTest.GetApi -->
