<?xml version="1.0" encoding="UTF-8"?>
<!-- Generated by org.testng.reporters.JUnitReportReporter -->
<testsuite skipped="0" hostname="W7VDIHPQC16WPL" name="udemyApiTest.PostGoogleApiSerializationWithSpecBuilders" tests="1" failures="0" timestamp="13 Jan 2020 11:01:22 GMT" time="2.736" errors="0">
  <testcase name="PostGoogleApiSerialization" time="2.736" classname="udemyApiTest.PostGoogleApiSerializationWithSpecBuilders"/>
</testsuite> <!-- udemyApiTest.PostGoogleApiSerializationWithSpecBuilders -->
