<?xml version="1.0" encoding="UTF-8"?>
<!-- Generated by org.testng.reporters.JUnitReportReporter -->
<testsuite skipped="0" hostname="W7VDIHPQC16WPL" name="udemyApiTest.OAuth2validation" tests="1" failures="0" timestamp="27 Dec 2019 12:25:55 GMT" time="23.599" errors="0">
  <testcase name="getCourses" time="23.599" classname="udemyApiTest.OAuth2validation"/>
</testsuite> <!-- udemyApiTest.OAuth2validation -->
