<?xml version="1.0" encoding="UTF-8"?>
<!-- Generated by org.testng.reporters.JUnitReportReporter -->
<testsuite skipped="0" hostname="LAPTOP-HRIFHJNH" name="udemyApiTest.OAuth2validation" tests="1" failures="0" timestamp="19 Nov 2019 17:23:48 GMT" time="35.226" errors="0">
  <testcase name="postGooglePlace" time="35.226" classname="udemyApiTest.OAuth2validation"/>
</testsuite> <!-- udemyApiTest.OAuth2validation -->
