<?xml version="1.0" encoding="UTF-8"?>
<!-- Generated by org.testng.reporters.JUnitReportReporter -->
<testsuite skipped="0" hostname="LAPTOP-HRIFHJNH" name="udemyApiTest.JiraApi" tests="1" failures="0" timestamp="13 Nov 2019 05:25:46 GMT" time="4.401" errors="0">
  <testcase name="createIssueAndAddUpdateComment" time="4.401" classname="udemyApiTest.JiraApi"/>
</testsuite> <!-- udemyApiTest.JiraApi -->
