<?xml version="1.0" encoding="UTF-8"?>
<!-- Generated by org.testng.reporters.JUnitReportReporter -->
<testsuite skipped="0" hostname="W7VDIHPQC16WPL" name="udemyApiTest.GetApi" tests="1" failures="0" timestamp="27 Dec 2019 12:24:41 GMT" time="8.200" errors="0">
  <testcase name="getFirstGooglePlaceId" time="8.200" classname="udemyApiTest.GetApi"/>
</testsuite> <!-- udemyApiTest.GetApi -->
