<?xml version="1.0" encoding="UTF-8"?>
<!-- Generated by org.testng.reporters.JUnitReportReporter -->
<testsuite skipped="0" hostname="W7VDIHPQC16WPL" name="com.selenium.employee.AddEmployee" tests="2" failures="0" timestamp="11 Jul 2019 14:50:36 GMT" time="0.012" errors="0">
  <testcase name="getBody" time="0.007" classname="com.selenium.employee.AddEmployee"/>
  <testcase name="getStatusCode" time="0.005" classname="com.selenium.employee.AddEmployee"/>
</testsuite> <!-- com.selenium.employee.AddEmployee -->
