<?xml version="1.0" encoding="UTF-8"?>
<!-- Generated by org.testng.reporters.JUnitReportReporter -->
<testsuite hostname="W7VDIHPQC16WPL" failures="0" tests="1" name="com.selenium.ebiz.AccountManagement.LOGIN.Registration_WORKING" time="91.370" errors="0" timestamp="01 Oct 2018 07:51:13 GMT" skipped="0">
  <testcase classname="com.selenium.ebiz.AccountManagement.LOGIN.Registration_WORKING" name="verifyCompanyTypeAndUnitOfMeasurement" time="91.370"/>
</testsuite> <!-- com.selenium.ebiz.AccountManagement.LOGIN.Registration_WORKING -->
