<?xml version="1.0" encoding="UTF-8"?>
<!-- Generated by org.testng.reporters.JUnitReportReporter -->
<testsuite hostname="W7VDIHPQC16WPL" failures="0" tests="1" name="com.selenium.ebiz.SEARCH.NoSearchResultGuestUser" time="37.036" errors="0" timestamp="10 Oct 2018 06:59:42 GMT" skipped="0">
  <testcase classname="com.selenium.ebiz.SEARCH.NoSearchResultGuestUser" name="noResultSearchPageLoggedInUser" time="37.036"/>
</testsuite> <!-- com.selenium.ebiz.SEARCH.NoSearchResultGuestUser -->
