<?xml version="1.0" encoding="UTF-8"?>
<!-- Generated by org.testng.reporters.JUnitReportReporter -->
<testsuite hostname="W7VDIHPQC16WPL" failures="0" tests="2" name="com.selenium.ebiz.NAVIGATION.VerifyL2CategoryProductBlank" time="31.305" errors="0" timestamp="12 Nov 2018 11:27:11 GMT" skipped="0">
  <testcase classname="com.selenium.ebiz.NAVIGATION.VerifyL2CategoryProductBlank" name="verifyL2CategoryProductAuthenticateUserTest" time="22.000"/>
  <testcase classname="com.selenium.ebiz.NAVIGATION.VerifyL2CategoryProductBlank" name="verifyL2CategoryProductGuestUserTest" time="9.305"/>
</testsuite> <!-- com.selenium.ebiz.NAVIGATION.VerifyL2CategoryProductBlank -->
