<?xml version="1.0" encoding="UTF-8"?>
<!-- Generated by org.testng.reporters.JUnitReportReporter -->
<testsuite hostname="W7VDIHPQC16WPL" failures="0" tests="1" name="com.selenium.ebiz.AccountManagement.MY_ACCOUNT.MyAccountsChangeEmailAddress_WORKING" time="32.911" errors="0" timestamp="16 Nov 2018 11:23:14 GMT" skipped="0">
  <testcase classname="com.selenium.ebiz.AccountManagement.MY_ACCOUNT.MyAccountsChangeEmailAddress_WORKING" name="verifyMyAccountsChangeEmailAddress" time="32.911"/>
</testsuite> <!-- com.selenium.ebiz.AccountManagement.MY_ACCOUNT.MyAccountsChangeEmailAddress_WORKING -->
