<?xml version="1.0" encoding="UTF-8"?>
<!-- Generated by org.testng.reporters.JUnitReportReporter -->
<testsuite hostname="W7VDIHPQC16WPL" failures="0" tests="1" name="com.selenium.ebiz.AccountManagement.SUMA.SumaUserPropertySelectionModal_WORKING" time="38.327" errors="0" timestamp="12 Nov 2018 06:01:59 GMT" skipped="0">
  <testcase classname="com.selenium.ebiz.AccountManagement.SUMA.SumaUserPropertySelectionModal_WORKING" name="verifySumaUserPropertySelectionModal" time="38.327"/>
</testsuite> <!-- com.selenium.ebiz.AccountManagement.SUMA.SumaUserPropertySelectionModal_WORKING -->
