<?xml version="1.0" encoding="UTF-8"?>
<!-- Generated by org.testng.reporters.JUnitReportReporter -->
<testsuite hostname="W7VDIHPQC16WPL" failures="0" tests="1" name="com.selenium.ebiz.NAVIGATION.PaginationSubCategory" time="72.631" errors="0" timestamp="12 Nov 2018 13:03:45 GMT" skipped="0">
  <testcase classname="com.selenium.ebiz.NAVIGATION.PaginationSubCategory" name="paginationSubCategoryGuestUserTest" time="72.631"/>
</testsuite> <!-- com.selenium.ebiz.NAVIGATION.PaginationSubCategory -->
