<?xml version="1.0" encoding="UTF-8"?>
<!-- Generated by org.testng.reporters.JUnitReportReporter -->
<testsuite hostname="W7VDIHPQC16WPL" failures="0" tests="8" name="com.selenium.ebiz.HEADER.HeaderShopByCategory_WORKING" time="61.993" errors="0" timestamp="14 Nov 2018 11:56:27 GMT" skipped="0">
  <testcase classname="com.selenium.ebiz.HEADER.HeaderShopByCategory_WORKING" name="clickOnDoorAndMouldingLinks" time="8.509"/>
  <testcase classname="com.selenium.ebiz.HEADER.HeaderShopByCategory_WORKING" name="clickOnElectricalLinks" time="7.543"/>
  <testcase classname="com.selenium.ebiz.HEADER.HeaderShopByCategory_WORKING" name="clickOnFlooringCeilingLinks" time="7.137"/>
  <testcase classname="com.selenium.ebiz.HEADER.HeaderShopByCategory_WORKING" name="clickOnHealthcareSuppliesLinks" time="7.328"/>
  <testcase classname="com.selenium.ebiz.HEADER.HeaderShopByCategory_WORKING" name="clickOnHospitalitySuppliesLinks" time="7.274"/>
  <testcase classname="com.selenium.ebiz.HEADER.HeaderShopByCategory_WORKING" name="clickOnHVACLinks" time="7.233"/>
  <testcase classname="com.selenium.ebiz.HEADER.HeaderShopByCategory_WORKING" name="clickOnJanitorialLinks" time="9.029"/>
  <testcase classname="com.selenium.ebiz.HEADER.HeaderShopByCategory_WORKING" name="clickOnToolsLinks" time="7.940"/>
</testsuite> <!-- com.selenium.ebiz.HEADER.HeaderShopByCategory_WORKING -->
