<?xml version="1.0" encoding="UTF-8"?>
<!-- Generated by org.testng.reporters.JUnitReportReporter -->
<testsuite hostname="W7VDIHPQC16WPL" failures="0" tests="1" name="com.selenium.ebiz.AccountManagement.LOGIN.LoginTestAllScenarios_WORKING" time="6.814" errors="0" timestamp="03 Oct 2018 14:26:15 GMT" skipped="0">
  <testcase classname="com.selenium.ebiz.AccountManagement.LOGIN.LoginTestAllScenarios_WORKING" name="displayHomePageForUnAuthenticatedUserTest" time="6.814"/>
</testsuite> <!-- com.selenium.ebiz.AccountManagement.LOGIN.LoginTestAllScenarios_WORKING -->
