<?xml version="1.0" encoding="UTF-8"?>
<!-- Generated by org.testng.reporters.JUnitReportReporter -->
<testsuite hostname="W7VDIHPQC16WPL" failures="0" tests="1" name="com.selenium.ebiz.ADD_TO_CART.AddToCartSubCategoryPageLoggedInUser_WORKING" time="60.162" errors="0" timestamp="13 Nov 2018 07:09:20 GMT" skipped="0">
  <testcase classname="com.selenium.ebiz.ADD_TO_CART.AddToCartSubCategoryPageLoggedInUser_WORKING" name="addToCartSubCategoryAuthenticateUserTest" time="60.162"/>
</testsuite> <!-- com.selenium.ebiz.ADD_TO_CART.AddToCartSubCategoryPageLoggedInUser_WORKING -->
