<?xml version="1.0" encoding="UTF-8"?>
<!-- Generated by org.testng.reporters.JUnitReportReporter -->
<testsuite hostname="W7VDIHPQC16WPL" failures="0" tests="1" name="com.selenium.ebiz.ADD_TO_CART.ShoppingCartDefaultShippingAddress_NOTWORKING" time="78.884" errors="0" timestamp="24 Oct 2018 09:48:39 GMT" skipped="0">
  <testcase classname="com.selenium.ebiz.ADD_TO_CART.ShoppingCartDefaultShippingAddress_NOTWORKING" name="verifyShoppingCartDefaultShippingAddress" time="78.884"/>
</testsuite> <!-- com.selenium.ebiz.ADD_TO_CART.ShoppingCartDefaultShippingAddress_NOTWORKING -->
