<?xml version="1.0" encoding="UTF-8"?>
<!-- Generated by org.testng.reporters.JUnitReportReporter -->
<testsuite hostname="W7VDIHPQC16WPL" failures="0" tests="1" name="com.selenium.ebiz.AccountManagement.MY_ACCOUNT.UpdateCommunicationPreferences_WORKING" time="44.581" errors="0" timestamp="17 Nov 2018 06:06:36 GMT" skipped="0">
  <testcase classname="com.selenium.ebiz.AccountManagement.MY_ACCOUNT.UpdateCommunicationPreferences_WORKING" name="updateCommunucationPreferences" time="44.581"/>
</testsuite> <!-- com.selenium.ebiz.AccountManagement.MY_ACCOUNT.UpdateCommunicationPreferences_WORKING -->
