<?xml version="1.0" encoding="UTF-8"?>
<!-- Generated by org.testng.reporters.JUnitReportReporter -->
<testsuite hostname="W7VDIHPQC16WPL" failures="0" tests="1" name="com.selenium.ebiz.AccountManagement.MY_ACCOUNT.AddNewShippingAddress_WORKING" time="102.757" errors="0" timestamp="01 Nov 2018 04:59:56 GMT" skipped="0">
  <testcase classname="com.selenium.ebiz.AccountManagement.MY_ACCOUNT.AddNewShippingAddress_WORKING" name="validateAddNewShippingAddress" time="102.757"/>
</testsuite> <!-- com.selenium.ebiz.AccountManagement.MY_ACCOUNT.AddNewShippingAddress_WORKING -->
