<?xml version="1.0" encoding="UTF-8"?>
<!-- Generated by org.testng.reporters.JUnitReportReporter -->
<testsuite hostname="W7VDIHPQC16WPL" failures="0" tests="1" name="com.selenium.ebiz.NAVIGATION.ProductAttributesSubCategory" time="24.112" errors="0" timestamp="12 Nov 2018 11:56:22 GMT" skipped="0">
  <testcase classname="com.selenium.ebiz.NAVIGATION.ProductAttributesSubCategory" name="productAttributeSubCategoryGuestUserTest" time="24.112"/>
</testsuite> <!-- com.selenium.ebiz.NAVIGATION.ProductAttributesSubCategory -->
