<?xml version="1.0" encoding="UTF-8"?>
<!-- Generated by org.testng.reporters.JUnitReportReporter -->
<testsuite skipped="0" hostname="W7VDIHPQC16WPL" name="com.selenium.ebiz.account_management.login.HomePageAuthenticatedUser_NOTWORKING" tests="1" failures="0" timestamp="21 Nov 2018 06:33:18 GMT" time="15.624" errors="0">
  <testcase name="verifyHDSupplyLogoTest" time="15.624" classname="com.selenium.ebiz.account_management.login.HomePageAuthenticatedUser_NOTWORKING"/>
</testsuite> <!-- com.selenium.ebiz.account_management.login.HomePageAuthenticatedUser_NOTWORKING -->
