<?xml version="1.0" encoding="UTF-8"?>
<!-- Generated by org.testng.reporters.JUnitReportReporter -->
<testsuite hostname="W7VDIHPQC16WPL" failures="0" tests="2" name="com.selenium.ebiz.NAVIGATION.AlternateTopLevelCategoriesPage" time="47.482" errors="0" timestamp="12 Nov 2018 06:57:35 GMT" skipped="0">
  <testcase classname="com.selenium.ebiz.NAVIGATION.AlternateTopLevelCategoriesPage" name="verifyL3CategoriesAlternatelyAuthenticateUserTest" time="26.060"/>
  <testcase classname="com.selenium.ebiz.NAVIGATION.AlternateTopLevelCategoriesPage" name="verifyL3CategoriesAlternatelyGuestUserTest" time="21.422"/>
</testsuite> <!-- com.selenium.ebiz.NAVIGATION.AlternateTopLevelCategoriesPage -->
