<?xml version="1.0" encoding="UTF-8"?>
<!-- Generated by org.testng.reporters.JUnitReportReporter -->
<testsuite hostname="W7VDIHPQC16WPL" failures="0" tests="1" name="com.selenium.ebiz.PRODUCT_LISTING_PAGE.ProductDetailsPageGuestUser_NOTWORKING" time="16.693" errors="0" timestamp="12 Nov 2018 06:22:23 GMT" skipped="0">
  <testcase classname="com.selenium.ebiz.PRODUCT_LISTING_PAGE.ProductDetailsPageGuestUser_NOTWORKING" name="specificationAndDetailsOfProduct" time="16.693"/>
</testsuite> <!-- com.selenium.ebiz.PRODUCT_LISTING_PAGE.ProductDetailsPageGuestUser_NOTWORKING -->
