<?xml version="1.0" encoding="UTF-8"?>
<!-- Generated by org.testng.reporters.JUnitReportReporter -->
<testsuite hostname="W7VDIHPQC16WPL" failures="0" tests="2" name="com.selenium.ebiz.AccountManagement.LOGIN.RememberLoginDetailsGuestUser_Working" time="78.605" errors="0" timestamp="01 Nov 2018 04:59:56 GMT" skipped="0">
  <testcase classname="com.selenium.ebiz.AccountManagement.LOGIN.RememberLoginDetailsGuestUser_Working" name="verifySelectRememberMeCheckboxAndloginToHdSupplySite" time="42.146"/>
  <testcase classname="com.selenium.ebiz.AccountManagement.LOGIN.RememberLoginDetailsGuestUser_Working" name="verifyloginToHdSupplySiteByNotSelectingRememberMeCheckbox" time="36.459"/>
</testsuite> <!-- com.selenium.ebiz.AccountManagement.LOGIN.RememberLoginDetailsGuestUser_Working -->
