<?xml version="1.0" encoding="UTF-8"?>
<!-- Generated by org.testng.reporters.JUnitReportReporter -->
<testsuite hostname="W7VDIHPQC16WPL" failures="0" tests="2" name="com.selenium.ebiz.FREQUENTLY_PURCHASED.FrequentlyPurchasedPageAuthenticatedUser_WORKING" time="488.139" errors="0" timestamp="13 Nov 2018 09:40:24 GMT" skipped="0">
  <testcase classname="com.selenium.ebiz.FREQUENTLY_PURCHASED.FrequentlyPurchasedPageAuthenticatedUser_WORKING" name="verifyFrequentlyPurchasedPageFilters" time="66.298"/>
  <testcase classname="com.selenium.ebiz.FREQUENTLY_PURCHASED.FrequentlyPurchasedPageAuthenticatedUser_WORKING" name="verifyFrequentlyPurchasedPagePagination" time="421.841"/>
</testsuite> <!-- com.selenium.ebiz.FREQUENTLY_PURCHASED.FrequentlyPurchasedPageAuthenticatedUser_WORKING -->
