<?xml version="1.0" encoding="UTF-8"?>
<!-- Generated by org.testng.reporters.JUnitReportReporter -->
<testsuite skipped="0" hostname="W7VDIHPQC16WPL" name="com.selenium.ebiz.smoketest.SmokeTest_End_To_End_Scenario2" tests="15" failures="0" timestamp="23 Nov 2018 07:53:16 GMT" time="114.588" errors="0">
  <testcase name="testLogin" time="14.624" classname="com.selenium.ebiz.smoketest.SmokeTest_End_To_End_Scenario2"/>
  <testcase name="testClearCart" time="19.458" classname="com.selenium.ebiz.smoketest.SmokeTest_End_To_End_Scenario2"/>
  <testcase name="searchByProductDescription" time="5.228" classname="com.selenium.ebiz.smoketest.SmokeTest_End_To_End_Scenario2"/>
  <testcase name="AddProductToCartFromPLP" time="4.577" classname="com.selenium.ebiz.smoketest.SmokeTest_End_To_End_Scenario2"/>
  <testcase name="AddProductToNewSaveList" time="1.442" classname="com.selenium.ebiz.smoketest.SmokeTest_End_To_End_Scenario2"/>
  <testcase name="ValidateAddreessOnShoppingCart" time="16.085" classname="com.selenium.ebiz.smoketest.SmokeTest_End_To_End_Scenario2"/>
  <testcase name="QuickOrderPeachTreeProductFromShoppingCart" time="7.597" classname="com.selenium.ebiz.smoketest.SmokeTest_End_To_End_Scenario2"/>
  <testcase name="verifyPeachTreeProductOnShoppingCartBeforeCustomization" time="0.058" classname="com.selenium.ebiz.smoketest.SmokeTest_End_To_End_Scenario2"/>
  <testcase name="validatePTConfiguratorTextWindow" time="3.297" classname="com.selenium.ebiz.smoketest.SmokeTest_End_To_End_Scenario2"/>
  <testcase name="customizePeachTreeProductAndAddToCart" time="20.668" classname="com.selenium.ebiz.smoketest.SmokeTest_End_To_End_Scenario2"/>
  <testcase name="verifyPeachTreeProductOnShoppingCartAfterCustomization" time="0.028" classname="com.selenium.ebiz.smoketest.SmokeTest_End_To_End_Scenario2"/>
  <testcase name="NavigateToAddPaymentAndCheckoutPage" time="9.926" classname="com.selenium.ebiz.smoketest.SmokeTest_End_To_End_Scenario2"/>
  <testcase name="validateCartSummary" time="0.131" classname="com.selenium.ebiz.smoketest.SmokeTest_End_To_End_Scenario2"/>
  <testcase name="placeWebOrder" time="11.439" classname="com.selenium.ebiz.smoketest.SmokeTest_End_To_End_Scenario2"/>
  <testcase name="captureWebOrderNumber" time="0.030" classname="com.selenium.ebiz.smoketest.SmokeTest_End_To_End_Scenario2"/>
</testsuite> <!-- com.selenium.ebiz.smoketest.SmokeTest_End_To_End_Scenario2 -->
