<?xml version="1.0" encoding="UTF-8"?>
<!-- Generated by org.testng.reporters.JUnitReportReporter -->
<testsuite hostname="W7VDIHPQC16WPL" failures="0" tests="1" name="com.selenium.ebiz.NAVIGATION.HomePageBreadCrumbLoggedInUser_NOTWORKING" time="40.287" errors="0" timestamp="29 Oct 2018 08:10:15 GMT" skipped="0">
  <testcase classname="com.selenium.ebiz.NAVIGATION.HomePageBreadCrumbLoggedInUser_NOTWORKING" name="verifyBreadCrumbForCurrentPageAutheticateduser" time="40.287"/>
</testsuite> <!-- com.selenium.ebiz.NAVIGATION.HomePageBreadCrumbLoggedInUser_NOTWORKING -->
