<?xml version="1.0" encoding="UTF-8"?>
<!-- Generated by org.testng.reporters.JUnitReportReporter -->
<testsuite hostname="W7VDIHPQC16WPL" failures="0" tests="1" name="com.selenium.ebiz.ADD_TO_CART.AddToCartSubCategoryPage" time="71.996" errors="0" timestamp="13 Nov 2018 07:01:44 GMT" skipped="0">
  <testcase classname="com.selenium.ebiz.ADD_TO_CART.AddToCartSubCategoryPage" name="addToCartSubCategoryTest" time="71.996"/>
</testsuite> <!-- com.selenium.ebiz.ADD_TO_CART.AddToCartSubCategoryPage -->
