<?xml version="1.0" encoding="UTF-8"?>
<!-- Generated by org.testng.reporters.JUnitReportReporter -->
<testsuite hostname="W7VDIHPQC16WPL" failures="0" tests="1" name="com.selenium.ebiz.AccountManagement.LOGIN.HomePageContentLearnSomethingNew" time="15.937" errors="0" timestamp="28 Sep 2018 10:12:17 GMT" skipped="0">
  <testcase classname="com.selenium.ebiz.AccountManagement.LOGIN.HomePageContentLearnSomethingNew" name="verifyLearnSomethingNew" time="15.937"/>
</testsuite> <!-- com.selenium.ebiz.AccountManagement.LOGIN.HomePageContentLearnSomethingNew -->
