<?xml version="1.0" encoding="UTF-8"?>
<!-- Generated by org.testng.reporters.JUnitReportReporter -->
<testsuite hostname="W7VDIHPQC16WPL" failures="0" tests="1" name="com.selenium.ebiz.PRODUCT_LISTING_PAGE.ProductDetailsPageAuthenticatedUser_WORKING" time="36.308" errors="0" timestamp="12 Nov 2018 06:11:53 GMT" skipped="0">
  <testcase classname="com.selenium.ebiz.PRODUCT_LISTING_PAGE.ProductDetailsPageAuthenticatedUser_WORKING" name="specificationAndDetailsOfProduct" time="36.308"/>
</testsuite> <!-- com.selenium.ebiz.PRODUCT_LISTING_PAGE.ProductDetailsPageAuthenticatedUser_WORKING -->
