<?xml version="1.0" encoding="UTF-8"?>
<!-- Generated by org.testng.reporters.JUnitReportReporter -->
<testsuite hostname="W7VDIHPQC16WPL" failures="0" tests="1" name="com.selenium.ebiz.HEADER.HomepageHeaderDisplayLoggedInUser_WORKING" time="18.007" errors="0" timestamp="14 Nov 2018 11:56:27 GMT" skipped="0">
  <testcase classname="com.selenium.ebiz.HEADER.HomepageHeaderDisplayLoggedInUser_WORKING" name="verifyDisplayHeaderForLoggeduser" time="18.007"/>
</testsuite> <!-- com.selenium.ebiz.HEADER.HomepageHeaderDisplayLoggedInUser_WORKING -->
