<?xml version="1.0" encoding="UTF-8"?>
<!-- Generated by org.testng.reporters.JUnitReportReporter -->
<testsuite hostname="W7VDIHPQC16WPL" failures="0" tests="1" name="com.selenium.ebiz.SMOKETEST.SmokeTest_End_To_End_SingleTestCase" time="408.169" errors="0" timestamp="29 Oct 2018 02:02:03 GMT" skipped="0">
  <testcase classname="com.selenium.ebiz.SMOKETEST.SmokeTest_End_To_End_SingleTestCase" name="executeSmokeTestScenarios" time="408.169"/>
</testsuite> <!-- com.selenium.ebiz.SMOKETEST.SmokeTest_End_To_End_SingleTestCase -->
