<?xml version="1.0" encoding="UTF-8"?>
<!-- Generated by org.testng.reporters.JUnitReportReporter -->
<testsuite hostname="W7VDIHPQC16WPL" failures="0" tests="4" name="com.selenium.ebiz.PRODUCT_LISTING_PAGE.ProductListingPageGuestUser_WORKING" time="86.172" errors="0" timestamp="12 Nov 2018 06:11:53 GMT" skipped="0">
  <testcase classname="com.selenium.ebiz.PRODUCT_LISTING_PAGE.ProductListingPageGuestUser_WORKING" name="verifySubCategoryPageGridView" time="20.365"/>
  <testcase classname="com.selenium.ebiz.PRODUCT_LISTING_PAGE.ProductListingPageGuestUser_WORKING" name="verifySubCategoryPageListView" time="13.010"/>
  <testcase classname="com.selenium.ebiz.PRODUCT_LISTING_PAGE.ProductListingPageGuestUser_WORKING" name="verifyProductSelectWidget" time="31.167"/>
  <testcase classname="com.selenium.ebiz.PRODUCT_LISTING_PAGE.ProductListingPageGuestUser_WORKING" name="verifyProductSelectDeselectWidgetAndScrollUpDown" time="21.630"/>
</testsuite> <!-- com.selenium.ebiz.PRODUCT_LISTING_PAGE.ProductListingPageGuestUser_WORKING -->
