<?xml version="1.0" encoding="UTF-8"?>
<!-- Generated by org.testng.reporters.JUnitReportReporter -->
<testsuite hostname="W7VDIHPQC16WPL" failures="0" tests="1" name="com.selenium.ebiz.NAVIGATION.ViewCategoryProductsFromLeftNavigation_WORKING" time="14.607" errors="0" timestamp="31 Oct 2018 15:55:08 GMT" skipped="0">
  <testcase classname="com.selenium.ebiz.NAVIGATION.ViewCategoryProductsFromLeftNavigation_WORKING" name="verifyCategoryProductViewFromLeftNavigation" time="14.607"/>
</testsuite> <!-- com.selenium.ebiz.NAVIGATION.ViewCategoryProductsFromLeftNavigation_WORKING -->
