<?xml version="1.0" encoding="UTF-8"?>
<!-- Generated by org.testng.reporters.JUnitReportReporter -->
<testsuite hostname="W7VDIHPQC16WPL" failures="0" tests="1" name="com.selenium.ebiz.SEARCH.SearchResultsPageListViewGuestUser" time="39.572" errors="0" timestamp="11 Oct 2018 08:58:54 GMT" skipped="0">
  <testcase classname="com.selenium.ebiz.SEARCH.SearchResultsPageListViewGuestUser" name="verifySearchResultsListViewLoggedInUser" time="39.572"/>
</testsuite> <!-- com.selenium.ebiz.SEARCH.SearchResultsPageListViewGuestUser -->
