<?xml version="1.0" encoding="UTF-8"?>
<!-- Generated by org.testng.reporters.JUnitReportReporter -->
<testsuite hostname="W7VDIHPQC16WPL" failures="0" tests="1" name="com.selenium.ebiz.NAVIGATION.HomePageBreadCrumbGuestUser_NOTWORKING" time="44.033" errors="0" timestamp="29 Oct 2018 08:09:00 GMT" skipped="0">
  <testcase classname="com.selenium.ebiz.NAVIGATION.HomePageBreadCrumbGuestUser_NOTWORKING" name="verifyBreadCrumbForCurrentPageUnautheticateduser" time="44.033"/>
</testsuite> <!-- com.selenium.ebiz.NAVIGATION.HomePageBreadCrumbGuestUser_NOTWORKING -->
