<?xml version="1.0" encoding="UTF-8"?>
<!-- Generated by org.testng.reporters.JUnitReportReporter -->
<testsuite hostname="W7VDIHPQC16WPL" failures="0" tests="1" name="com.selenium.ebiz.FREQUENTLY_PURCHASED.AccountHighLightsFrePurchasedLink_WORKING" time="30.383" errors="0" timestamp="31 Oct 2018 15:55:08 GMT" skipped="0">
  <testcase classname="com.selenium.ebiz.FREQUENTLY_PURCHASED.AccountHighLightsFrePurchasedLink_WORKING" name="verifyFrePurchasLink" time="30.383"/>
</testsuite> <!-- com.selenium.ebiz.FREQUENTLY_PURCHASED.AccountHighLightsFrePurchasedLink_WORKING -->
