<?xml version="1.0" encoding="UTF-8"?>
<!-- Generated by org.testng.reporters.JUnitReportReporter -->
<testsuite hostname="W7VDIHPQC16WPL" failures="0" tests="2" name="com.selenium.ebiz.SEARCH.PartNumberSearch" time="59.451" errors="0" timestamp="10 Oct 2018 06:59:42 GMT" skipped="0">
  <testcase classname="com.selenium.ebiz.SEARCH.PartNumberSearch" name="searchByPartNumberLoggedInUserTest" time="25.787"/>
  <testcase classname="com.selenium.ebiz.SEARCH.PartNumberSearch" name="searchByPartNumberGuestUserTest" time="33.664"/>
</testsuite> <!-- com.selenium.ebiz.SEARCH.PartNumberSearch -->
