<?xml version="1.0" encoding="UTF-8"?>
<!-- Generated by org.testng.reporters.JUnitReportReporter -->
<testsuite hostname="W7VDIHPQC16WPL" failures="0" tests="2" name="com.selenium.ebiz.NAVIGATION.ImageMouseOverSubCategory" time="66.011" errors="0" timestamp="12 Nov 2018 12:01:57 GMT" skipped="0">
  <testcase classname="com.selenium.ebiz.NAVIGATION.ImageMouseOverSubCategory" name="imageMouseOverZoomAuthenticateUserTest" time="38.740"/>
  <testcase classname="com.selenium.ebiz.NAVIGATION.ImageMouseOverSubCategory" name="imageMouseOverZoomGuestUserTest" time="27.271"/>
</testsuite> <!-- com.selenium.ebiz.NAVIGATION.ImageMouseOverSubCategory -->
