<?xml version="1.0" encoding="UTF-8"?>
<!-- Generated by org.testng.reporters.JUnitReportReporter -->
<testsuite hostname="W7VDIHPQC16WPL" failures="0" tests="1" name="com.selenium.ebiz.NAVIGATION.IncreaseDecreaseQuantitySubCategroy" time="25.034" errors="0" timestamp="12 Nov 2018 07:07:08 GMT" skipped="0">
  <testcase classname="com.selenium.ebiz.NAVIGATION.IncreaseDecreaseQuantitySubCategroy" name="increaseDecreaseQuantitySubCategoryTest" time="25.034"/>
</testsuite> <!-- com.selenium.ebiz.NAVIGATION.IncreaseDecreaseQuantitySubCategroy -->
