<?xml version="1.0" encoding="UTF-8"?>
<!-- Generated by org.testng.reporters.JUnitReportReporter -->
<testsuite hostname="W7VDIHPQC16WPL" failures="0" tests="6" name="com.selenium.ebiz.PRODUCT_LISTING_PAGE.ProductListingPageAuthenticatedUser_WORKING" time="150.424" errors="0" timestamp="12 Nov 2018 06:11:53 GMT" skipped="0">
  <testcase classname="com.selenium.ebiz.PRODUCT_LISTING_PAGE.ProductListingPageAuthenticatedUser_WORKING" name="verifySubCategoryPageGridView" time="20.317"/>
  <testcase classname="com.selenium.ebiz.PRODUCT_LISTING_PAGE.ProductListingPageAuthenticatedUser_WORKING" name="verifySubCategoryPageListView" time="20.528"/>
  <testcase classname="com.selenium.ebiz.PRODUCT_LISTING_PAGE.ProductListingPageAuthenticatedUser_WORKING" name="verifyProductSelectWidget" time="29.174"/>
  <testcase classname="com.selenium.ebiz.PRODUCT_LISTING_PAGE.ProductListingPageAuthenticatedUser_WORKING" name="verifySortByDropDown" time="29.698"/>
  <testcase classname="com.selenium.ebiz.PRODUCT_LISTING_PAGE.ProductListingPageAuthenticatedUser_WORKING" name="verifyProductSelectDeselectWidgetAndScrollUpDown" time="29.685"/>
  <testcase classname="com.selenium.ebiz.PRODUCT_LISTING_PAGE.ProductListingPageAuthenticatedUser_WORKING" name="verifyResultCounter" time="21.022"/>
</testsuite> <!-- com.selenium.ebiz.PRODUCT_LISTING_PAGE.ProductListingPageAuthenticatedUser_WORKING -->
