<?xml version="1.0" encoding="UTF-8"?>
<!-- Generated by org.testng.reporters.JUnitReportReporter -->
<testsuite skipped="0" hostname="W7VDIHPQC16WPL" name="com.selenium.ebiz.smoketest.SmokeTest_End_To_End_Scenario7" tests="16" failures="0" timestamp="23 Nov 2018 07:56:45 GMT" time="143.607" errors="0">
  <testcase name="testLogin" time="14.444" classname="com.selenium.ebiz.smoketest.SmokeTest_End_To_End_Scenario7"/>
  <testcase name="testClearCart" time="26.258" classname="com.selenium.ebiz.smoketest.SmokeTest_End_To_End_Scenario7"/>
  <testcase name="logoutAndLogin" time="6.120" classname="com.selenium.ebiz.smoketest.SmokeTest_End_To_End_Scenario7"/>
  <testcase name="navigateToProductListingPage" time="18.966" classname="com.selenium.ebiz.smoketest.SmokeTest_End_To_End_Scenario7"/>
  <testcase name="addProductToCartFromPLP" time="0.330" classname="com.selenium.ebiz.smoketest.SmokeTest_End_To_End_Scenario7"/>
  <testcase name="validateAddToCartSuccessModal" time="2.196" classname="com.selenium.ebiz.smoketest.SmokeTest_End_To_End_Scenario7"/>
  <testcase name="clickOnAddToCart" time="5.439" classname="com.selenium.ebiz.smoketest.SmokeTest_End_To_End_Scenario7"/>
  <testcase name="verifyPartNumberAndQuantity" time="20.475" classname="com.selenium.ebiz.smoketest.SmokeTest_End_To_End_Scenario7"/>
  <testcase name="clickOnAddToList" time="0.259" classname="com.selenium.ebiz.smoketest.SmokeTest_End_To_End_Scenario7"/>
  <testcase name="createNewList" time="1.421" classname="com.selenium.ebiz.smoketest.SmokeTest_End_To_End_Scenario7"/>
  <testcase name="navigateToSavedList" time="8.264" classname="com.selenium.ebiz.smoketest.SmokeTest_End_To_End_Scenario7"/>
  <testcase name="validateProductInSavedList" time="0.080" classname="com.selenium.ebiz.smoketest.SmokeTest_End_To_End_Scenario7"/>
  <testcase name="addToCartFromSavedList" time="5.712" classname="com.selenium.ebiz.smoketest.SmokeTest_End_To_End_Scenario7"/>
  <testcase name="NavigateToAddPaymentAndCheckoutPage" time="11.049" classname="com.selenium.ebiz.smoketest.SmokeTest_End_To_End_Scenario7"/>
  <testcase name="placeWebOrder" time="22.564" classname="com.selenium.ebiz.smoketest.SmokeTest_End_To_End_Scenario7"/>
  <testcase name="captureWebOrderNumber" time="0.030" classname="com.selenium.ebiz.smoketest.SmokeTest_End_To_End_Scenario7"/>
</testsuite> <!-- com.selenium.ebiz.smoketest.SmokeTest_End_To_End_Scenario7 -->
