<?xml version="1.0" encoding="UTF-8"?>
<!-- Generated by org.testng.reporters.JUnitReportReporter -->
<testsuite hostname="W7VDIHPQC16WPL" failures="0" tests="1" name="com.selenium.ebiz.ADD_TO_CART.ShoppingCartLinksButtons_NOTWORKING" time="103.723" errors="0" timestamp="25 Oct 2018 10:15:45 GMT" skipped="0">
  <testcase classname="com.selenium.ebiz.ADD_TO_CART.ShoppingCartLinksButtons_NOTWORKING" name="verifyShoppingCartLinksButtons" time="103.723"/>
</testsuite> <!-- com.selenium.ebiz.ADD_TO_CART.ShoppingCartLinksButtons_NOTWORKING -->
