<?xml version="1.0" encoding="UTF-8"?>
<!-- Generated by org.testng.reporters.JUnitReportReporter -->
<testsuite hostname="W7VDIHPQC16WPL" failures="0" tests="8" name="com.selenium.ebiz.HEADER.HeaderShopByCategory" time="64.918" errors="0" timestamp="05 Oct 2018 09:46:13 GMT" skipped="0">
  <testcase classname="com.selenium.ebiz.HEADER.HeaderShopByCategory" name="clickOnDoorAndMouldingLinks" time="8.488"/>
  <testcase classname="com.selenium.ebiz.HEADER.HeaderShopByCategory" name="clickOnElectricalLinks" time="8.162"/>
  <testcase classname="com.selenium.ebiz.HEADER.HeaderShopByCategory" name="clickOnFlooringCeilingLinks" time="7.955"/>
  <testcase classname="com.selenium.ebiz.HEADER.HeaderShopByCategory" name="clickOnHealthcareSuppliesLinks" time="8.143"/>
  <testcase classname="com.selenium.ebiz.HEADER.HeaderShopByCategory" name="clickOnHospitalitySuppliesLinks" time="8.301"/>
  <testcase classname="com.selenium.ebiz.HEADER.HeaderShopByCategory" name="clickOnHVACLinks" time="7.848"/>
  <testcase classname="com.selenium.ebiz.HEADER.HeaderShopByCategory" name="clickOnJanitorialLinks" time="7.995"/>
  <testcase classname="com.selenium.ebiz.HEADER.HeaderShopByCategory" name="clickOnToolsLinks" time="8.026"/>
</testsuite> <!-- com.selenium.ebiz.HEADER.HeaderShopByCategory -->
