<?xml version="1.0" encoding="UTF-8"?>
<!-- Generated by org.testng.reporters.JUnitReportReporter -->
<testsuite hostname="W7VDIHPQC16WPL" failures="0" tests="1" name="com.selenium.ebiz.SEARCH.DiscontinuedPartwithReplacementLoggedInUser" time="0.000" errors="0" timestamp="10 Oct 2018 06:22:01 GMT" skipped="1">
  <testcase classname="com.selenium.ebiz.SEARCH.DiscontinuedPartwithReplacementLoggedInUser" name="DiscontinuedPartwithReplacement" time="0.000">
    <skipped/>
  </testcase> <!-- DiscontinuedPartwithReplacement -->
</testsuite> <!-- com.selenium.ebiz.SEARCH.DiscontinuedPartwithReplacementLoggedInUser -->
