<?xml version="1.0" encoding="UTF-8"?>
<!-- Generated by org.testng.reporters.JUnitReportReporter -->
<testsuite hostname="W7VDIHPQC16WPL" failures="0" tests="1" name="com.selenium.ebiz.ADD_TO_CART.ShoppingCartDeliveryDatesAvailableProducts_NOTWORKING" time="26.840" errors="0" timestamp="24 Oct 2018 13:25:16 GMT" skipped="0">
  <testcase classname="com.selenium.ebiz.ADD_TO_CART.ShoppingCartDeliveryDatesAvailableProducts_NOTWORKING" name="verifyShoppingCartDeliveryDatesAvailableProducts" time="26.840"/>
</testsuite> <!-- com.selenium.ebiz.ADD_TO_CART.ShoppingCartDeliveryDatesAvailableProducts_NOTWORKING -->
