<?xml version="1.0" encoding="UTF-8"?>
<!-- Generated by org.testng.reporters.JUnitReportReporter -->
<testsuite hostname="W7VDIHPQC16WPL" failures="0" tests="1" name="com.selenium.ebiz.SAVED_LIST.AccessSavedListPage" time="58.160" errors="0" timestamp="29 Oct 2018 02:02:03 GMT" skipped="0">
  <testcase classname="com.selenium.ebiz.SAVED_LIST.AccessSavedListPage" name="verifySavedListLink" time="58.160"/>
</testsuite> <!-- com.selenium.ebiz.SAVED_LIST.AccessSavedListPage -->
