<?xml version="1.0" encoding="UTF-8"?>
<!-- Generated by org.testng.reporters.JUnitReportReporter -->
<testsuite hostname="W7VDIHPQC16WPL" failures="0" tests="1" name="com.selenium.ebiz.HEADER.HeaderHDLogo" time="88.394" errors="0" timestamp="14 Nov 2018 12:59:03 GMT" skipped="0">
  <testcase classname="com.selenium.ebiz.HEADER.HeaderHDLogo" name="verifyHDLogoAuthenticateUserTest" time="88.394"/>
</testsuite> <!-- com.selenium.ebiz.HEADER.HeaderHDLogo -->
