<?xml version="1.0" encoding="UTF-8"?>
<!-- Generated by org.testng.reporters.JUnitReportReporter -->
<testsuite hostname="W7VDIHPQC16WPL" failures="0" tests="1" name="com.selenium.ebiz.CHECK_OUT.GuestUserCheckout" time="58.914" errors="0" timestamp="13 Nov 2018 09:46:19 GMT" skipped="0">
  <testcase classname="com.selenium.ebiz.CHECK_OUT.GuestUserCheckout" name="verifyGuestUserCheckout" time="58.914"/>
</testsuite> <!-- com.selenium.ebiz.CHECK_OUT.GuestUserCheckout -->
