<?xml version="1.0" encoding="UTF-8"?>
<!-- Generated by org.testng.reporters.JUnitReportReporter -->
<testsuite hostname="W7VDIHPQC16WPL" failures="0" tests="2" name="com.selenium.ebiz.NAVIGATION.TopLevelCategoriesBreadcrumbToHomepage" time="46.036" errors="0" timestamp="31 Oct 2018 15:55:08 GMT" skipped="0">
  <testcase classname="com.selenium.ebiz.NAVIGATION.TopLevelCategoriesBreadcrumbToHomepage" name="topLevelCategoriesBreadcrumbToHomepageAuthenticateUserTest" time="29.754"/>
  <testcase classname="com.selenium.ebiz.NAVIGATION.TopLevelCategoriesBreadcrumbToHomepage" name="topLevelCategoriesBreadcrumbToHomepageGuestUserTest" time="16.282"/>
</testsuite> <!-- com.selenium.ebiz.NAVIGATION.TopLevelCategoriesBreadcrumbToHomepage -->
