<?xml version="1.0" encoding="UTF-8"?>
<!-- Generated by org.testng.reporters.JUnitReportReporter -->
<testsuite hostname="W7VDIHPQC16WPL" failures="0" tests="1" name="com.selenium.ebiz.SEARCH.SearchResultPageGuestUser" time="121.895" errors="0" timestamp="11 Oct 2018 08:41:12 GMT" skipped="0">
  <testcase classname="com.selenium.ebiz.SEARCH.SearchResultPageGuestUser" name="verifySearchResultPageUnauthorizedUser" time="121.895"/>
</testsuite> <!-- com.selenium.ebiz.SEARCH.SearchResultPageGuestUser -->
