<?xml version="1.0" encoding="UTF-8"?>
<!-- Generated by org.testng.reporters.JUnitReportReporter -->
<testsuite skipped="0" hostname="W7VDIHPQC16WPL" name="com.selenium.ebiz.smoketest.SmokeTest_End_To_End_Scenario8" tests="15" failures="0" timestamp="23 Nov 2018 08:00:23 GMT" time="137.656" errors="0">
  <testcase name="testLogin" time="14.284" classname="com.selenium.ebiz.smoketest.SmokeTest_End_To_End_Scenario8"/>
  <testcase name="navigateToFrequentlyPurchasedPage" time="3.578" classname="com.selenium.ebiz.smoketest.SmokeTest_End_To_End_Scenario8"/>
  <testcase name="clickOnFirstProdut" time="5.768" classname="com.selenium.ebiz.smoketest.SmokeTest_End_To_End_Scenario8"/>
  <testcase name="getPartNumberAndQuantityDisplayed" time="0.186" classname="com.selenium.ebiz.smoketest.SmokeTest_End_To_End_Scenario8"/>
  <testcase name="clickOnAddToCart" time="0.175" classname="com.selenium.ebiz.smoketest.SmokeTest_End_To_End_Scenario8"/>
  <testcase name="verifyPartNumberAndQuantity" time="3.135" classname="com.selenium.ebiz.smoketest.SmokeTest_End_To_End_Scenario8"/>
  <testcase name="closeAddToCartSuccessPopup" time="10.057" classname="com.selenium.ebiz.smoketest.SmokeTest_End_To_End_Scenario8"/>
  <testcase name="navigaeToFrequentlyPurchasePage" time="11.340" classname="com.selenium.ebiz.smoketest.SmokeTest_End_To_End_Scenario8"/>
  <testcase name="clickOnSecondProdut" time="3.290" classname="com.selenium.ebiz.smoketest.SmokeTest_End_To_End_Scenario8"/>
  <testcase name="AddProductToNewSaveList" time="3.252" classname="com.selenium.ebiz.smoketest.SmokeTest_End_To_End_Scenario8"/>
  <testcase name="AddListToCart" time="16.912" classname="com.selenium.ebiz.smoketest.SmokeTest_End_To_End_Scenario8"/>
  <testcase name="navigateToshoppingCart" time="30.576" classname="com.selenium.ebiz.smoketest.SmokeTest_End_To_End_Scenario8"/>
  <testcase name="NavigateToAddPaymentAndCheckoutPage" time="13.564" classname="com.selenium.ebiz.smoketest.SmokeTest_End_To_End_Scenario8"/>
  <testcase name="placeWebOrder" time="21.508" classname="com.selenium.ebiz.smoketest.SmokeTest_End_To_End_Scenario8"/>
  <testcase name="captureWebOrderNumber" time="0.031" classname="com.selenium.ebiz.smoketest.SmokeTest_End_To_End_Scenario8"/>
</testsuite> <!-- com.selenium.ebiz.smoketest.SmokeTest_End_To_End_Scenario8 -->
