<?xml version="1.0" encoding="UTF-8"?>
<!-- Generated by org.testng.reporters.JUnitReportReporter -->
<testsuite skipped="0" hostname="W7VDIHPQC16WPL" name="com.selenium.ebiz.smoketest.SmokeTest_End_To_End_Scenario1" tests="17" failures="0" timestamp="23 Nov 2018 07:47:32 GMT" time="128.906" errors="0">
  <testcase name="testLogin" time="14.317" classname="com.selenium.ebiz.smoketest.SmokeTest_End_To_End_Scenario1"/>
  <testcase name="testClearCart" time="19.349" classname="com.selenium.ebiz.smoketest.SmokeTest_End_To_End_Scenario1"/>
  <testcase name="searchByProductNumber" time="7.300" classname="com.selenium.ebiz.smoketest.SmokeTest_End_To_End_Scenario1"/>
  <testcase name="AddProductFromPDP" time="1.857" classname="com.selenium.ebiz.smoketest.SmokeTest_End_To_End_Scenario1"/>
  <testcase name="SearchByProductDesc" time="6.206" classname="com.selenium.ebiz.smoketest.SmokeTest_End_To_End_Scenario1"/>
  <testcase name="AddProductFromPLP" time="2.206" classname="com.selenium.ebiz.smoketest.SmokeTest_End_To_End_Scenario1"/>
  <testcase name="clickOnCheckOutModal" time="7.276" classname="com.selenium.ebiz.smoketest.SmokeTest_End_To_End_Scenario1"/>
  <testcase name="QuickOrderFromShoppingCart" time="13.226" classname="com.selenium.ebiz.smoketest.SmokeTest_End_To_End_Scenario1"/>
  <testcase name="addToSavedListFromShoppingCart" time="12.367" classname="com.selenium.ebiz.smoketest.SmokeTest_End_To_End_Scenario1"/>
  <testcase name="createNewSavedList" time="8.885" classname="com.selenium.ebiz.smoketest.SmokeTest_End_To_End_Scenario1"/>
  <testcase name="validatePrintBinLabels" time="1.548" classname="com.selenium.ebiz.smoketest.SmokeTest_End_To_End_Scenario1"/>
  <testcase name="clickShoppingCartIcon" time="2.950" classname="com.selenium.ebiz.smoketest.SmokeTest_End_To_End_Scenario1"/>
  <testcase name="validatePNA" time="0.168" classname="com.selenium.ebiz.smoketest.SmokeTest_End_To_End_Scenario1"/>
  <testcase name="addPaymentAndCheckoutPage" time="19.356" classname="com.selenium.ebiz.smoketest.SmokeTest_End_To_End_Scenario1"/>
  <testcase name="validatePNAResults" time="0.158" classname="com.selenium.ebiz.smoketest.SmokeTest_End_To_End_Scenario1"/>
  <testcase name="placeWebOrder" time="11.705" classname="com.selenium.ebiz.smoketest.SmokeTest_End_To_End_Scenario1"/>
  <testcase name="captureWebOrderNumber" time="0.032" classname="com.selenium.ebiz.smoketest.SmokeTest_End_To_End_Scenario1"/>
</testsuite> <!-- com.selenium.ebiz.smoketest.SmokeTest_End_To_End_Scenario1 -->
