<?xml version="1.0" encoding="UTF-8"?>
<!-- Generated by org.testng.reporters.JUnitReportReporter -->
<testsuite hostname="W7VDIHPQC16WPL" failures="0" tests="2" name="com.selenium.ebiz.NAVIGATION.TopLevelCategorieseSpot" time="27.342" errors="0" timestamp="31 Oct 2018 15:55:08 GMT" skipped="0">
  <testcase classname="com.selenium.ebiz.NAVIGATION.TopLevelCategorieseSpot" name="eSpotTopCategoriesAuthenticateUserTest" time="14.647"/>
  <testcase classname="com.selenium.ebiz.NAVIGATION.TopLevelCategorieseSpot" name="eSpotTopCategoriesGuestUserTest" time="12.695"/>
</testsuite> <!-- com.selenium.ebiz.NAVIGATION.TopLevelCategorieseSpot -->
