<?xml version="1.0" encoding="UTF-8"?>
<!-- Generated by org.testng.reporters.JUnitReportReporter -->
<testsuite hostname="W7VDIHPQC16WPL" failures="0" tests="1" name="com.selenium.ebiz.AccountManagement.LOGIN.HomePageAuthenticatedUser_WORKING" time="28.768" errors="0" timestamp="24 Sep 2018 13:37:12 GMT" skipped="0">
  <testcase classname="com.selenium.ebiz.AccountManagement.LOGIN.HomePageAuthenticatedUser_WORKING" name="verifyOnceOrderSection" time="28.768"/>
</testsuite> <!-- com.selenium.ebiz.AccountManagement.LOGIN.HomePageAuthenticatedUser_WORKING -->
