<?xml version="1.0" encoding="UTF-8"?>
<!-- Generated by org.testng.reporters.JUnitReportReporter -->
<testsuite hostname="W7VDIHPQC16WPL" failures="0" tests="1" name="com.selenium.ebiz.HEADER.HomepageHeaderDisplayGuestsUser" time="9.039" errors="0" timestamp="05 Oct 2018 10:21:28 GMT" skipped="0">
  <testcase classname="com.selenium.ebiz.HEADER.HomepageHeaderDisplayGuestsUser" name="verifyDisplayHeaderForGuestuser" time="9.039"/>
</testsuite> <!-- com.selenium.ebiz.HEADER.HomepageHeaderDisplayGuestsUser -->
