<?xml version="1.0" encoding="UTF-8"?>
<!-- Generated by org.testng.reporters.JUnitReportReporter -->
<testsuite hostname="W7VDIHPQC16WPL" failures="0" tests="2" name="com.selenium.ebiz.NAVIGATION.HomePageBreadCrumbBySubCategory" time="88.243" errors="0" timestamp="12 Nov 2018 07:04:21 GMT" skipped="0">
  <testcase classname="com.selenium.ebiz.NAVIGATION.HomePageBreadCrumbBySubCategory" name="breadCrumbToHomePageAuthenticateUserTest" time="52.187"/>
  <testcase classname="com.selenium.ebiz.NAVIGATION.HomePageBreadCrumbBySubCategory" name="breadCrumbToHomePageGuestUserTest" time="36.056"/>
</testsuite> <!-- com.selenium.ebiz.NAVIGATION.HomePageBreadCrumbBySubCategory -->
