<?xml version="1.0" encoding="UTF-8"?>
<!-- Generated by org.testng.reporters.JUnitReportReporter -->
<testsuite hostname="W7VDIHPQC16WPL" failures="0" tests="1" name="com.selenium.ebiz.HEADER.CobrandLogoInHeader_NOTWORKING" time="28.470" errors="0" timestamp="05 Oct 2018 07:27:43 GMT" skipped="0">
  <testcase classname="com.selenium.ebiz.HEADER.CobrandLogoInHeader_NOTWORKING" name="verifyCobrandLogoInHeader" time="28.470"/>
</testsuite> <!-- com.selenium.ebiz.HEADER.CobrandLogoInHeader_NOTWORKING -->
