<?xml version="1.0" encoding="UTF-8"?>
<!-- Generated by org.testng.reporters.JUnitReportReporter -->
<testsuite hostname="W7VDIHPQC16WPL" failures="0" tests="1" name="com.selenium.ebiz.MY_ACCOUNT.OrderConfirmationPageTest_WORKING" time="216.144" errors="0" timestamp="08 Oct 2018 12:52:52 GMT" skipped="0">
  <testcase classname="com.selenium.ebiz.MY_ACCOUNT.OrderConfirmationPageTest_WORKING" name="oderConfirmationPage" time="216.144"/>
</testsuite> <!-- com.selenium.ebiz.MY_ACCOUNT.OrderConfirmationPageTest_WORKING -->
