<?xml version="1.0" encoding="UTF-8"?>
<!-- Generated by org.testng.reporters.JUnitReportReporter -->
<testsuite hostname="W7VDIHPQC16WPL" failures="0" tests="1" name="com.selenium.ebiz.PRODUCT_LISTING_PAGE.CompareTheseItemsPageAuthenticatedUser_WORKING" time="122.253" errors="0" timestamp="16 Nov 2018 08:01:44 GMT" skipped="0">
  <testcase classname="com.selenium.ebiz.PRODUCT_LISTING_PAGE.CompareTheseItemsPageAuthenticatedUser_WORKING" name="verifyProductTilesWithButtons" time="122.253"/>
</testsuite> <!-- com.selenium.ebiz.PRODUCT_LISTING_PAGE.CompareTheseItemsPageAuthenticatedUser_WORKING -->
