<?xml version="1.0" encoding="UTF-8"?>
<!-- Generated by org.testng.reporters.JUnitReportReporter -->
<testsuite hostname="W7VDIHPQC16WPL" failures="0" tests="1" name="com.selenium.ebiz.ADD_TO_CART.MergeProductsAfterLogin" time="317.255" errors="0" timestamp="14 Sep 2018 12:39:50 GMT" skipped="0">
  <testcase classname="com.selenium.ebiz.ADD_TO_CART.MergeProductsAfterLogin" name="verifyMergeCartForPeachTreePartForExistingUserLogInFromHeader" time="317.255"/>
</testsuite> <!-- com.selenium.ebiz.ADD_TO_CART.MergeProductsAfterLogin -->
