<?xml version="1.0" encoding="UTF-8"?>
<!-- Generated by org.testng.reporters.JUnitReportReporter -->
<testsuite hostname="W7VDIHPQC16WPL" failures="0" tests="1" name="com.selenium.ebiz.HEADER.QuickOrderAuthenticatedUser_WORKING" time="24.764" errors="0" timestamp="14 Nov 2018 12:56:03 GMT" skipped="0">
  <testcase classname="com.selenium.ebiz.HEADER.QuickOrderAuthenticatedUser_WORKING" name="addProductsUsingQuickOrder" time="24.764"/>
</testsuite> <!-- com.selenium.ebiz.HEADER.QuickOrderAuthenticatedUser_WORKING -->
