<?xml version="1.0" encoding="UTF-8"?>
<!-- Generated by org.testng.reporters.JUnitReportReporter -->
<testsuite hostname="W7VDIHPQC16WPL" failures="0" tests="1" name="com.selenium.ebiz.ADD_TO_CART.ShoppingCartForUnavailableProducts_NOTWORKING" time="85.221" errors="0" timestamp="25 Oct 2018 07:21:49 GMT" skipped="0">
  <testcase classname="com.selenium.ebiz.ADD_TO_CART.ShoppingCartForUnavailableProducts_NOTWORKING" name="verifyShoppingCartForUnavailableProducts" time="85.221"/>
</testsuite> <!-- com.selenium.ebiz.ADD_TO_CART.ShoppingCartForUnavailableProducts_NOTWORKING -->
