<?xml version="1.0" encoding="UTF-8"?>
<!-- Generated by org.testng.reporters.JUnitReportReporter -->
<testsuite hostname="W7VDIHPQC16WPL" failures="0" tests="1" name="com.selenium.ebiz.AccountManagement.LOGIN.HomePageAuthenticatedUser_NOTWORKING" time="14.337" errors="0" timestamp="17 Nov 2018 05:21:03 GMT" skipped="0">
  <testcase classname="com.selenium.ebiz.AccountManagement.LOGIN.HomePageAuthenticatedUser_NOTWORKING" name="verifyHDSupplyLogoTest" time="14.337"/>
</testsuite> <!-- com.selenium.ebiz.AccountManagement.LOGIN.HomePageAuthenticatedUser_NOTWORKING -->
