<?xml version="1.0" encoding="UTF-8"?>
<!-- Generated by org.testng.reporters.JUnitReportReporter -->
<testsuite hostname="W7VDIHPQC16WPL" failures="0" tests="1" name="com.selenium.ebiz.AccountManagement.MY_ACCOUNT.ManageExistingShippingAddress_WORKING" time="114.933" errors="0" timestamp="01 Nov 2018 07:04:48 GMT" skipped="0">
  <testcase classname="com.selenium.ebiz.AccountManagement.MY_ACCOUNT.ManageExistingShippingAddress_WORKING" name="verifyUpdateAddress" time="114.933"/>
</testsuite> <!-- com.selenium.ebiz.AccountManagement.MY_ACCOUNT.ManageExistingShippingAddress_WORKING -->
