<?xml version="1.0" encoding="UTF-8"?>
<!-- Generated by org.testng.reporters.JUnitReportReporter -->
<testsuite hostname="W7VDIHPQC16WPL" failures="0" tests="1" name="com.selenium.ebiz.HEADER.QuickOrderMiniFormCheckout" time="38.688" errors="0" timestamp="05 Oct 2018 09:46:13 GMT" skipped="0">
  <testcase classname="com.selenium.ebiz.HEADER.QuickOrderMiniFormCheckout" name="addProductsUsingQuickOrder" time="38.688"/>
</testsuite> <!-- com.selenium.ebiz.HEADER.QuickOrderMiniFormCheckout -->
