<?xml version="1.0" encoding="UTF-8"?>
<!-- Generated by org.testng.reporters.JUnitReportReporter -->
<testsuite hostname="W7VDIHPQC16WPL" failures="0" tests="1" name="com.selenium.ebiz.AccountManagement.LOGIN.ExistingUserLogin" time="267.716" errors="0" timestamp="28 Sep 2018 07:32:56 GMT" skipped="0">
  <testcase classname="com.selenium.ebiz.AccountManagement.LOGIN.ExistingUserLogin" name="verifyMergeCartForExistingUserLogIn" time="267.716"/>
</testsuite> <!-- com.selenium.ebiz.AccountManagement.LOGIN.ExistingUserLogin -->
