<?xml version="1.0" encoding="UTF-8"?>
<!-- Generated by org.testng.reporters.JUnitReportReporter -->
<testsuite hostname="W7VDIHPQC16WPL" failures="0" tests="1" name="com.selenium.ebiz.ADD_TO_CART.AddToCartSubCategoryPageLoggedInUser" time="29.232" errors="0" timestamp="25 Oct 2018 06:36:37 GMT" skipped="0">
  <testcase classname="com.selenium.ebiz.ADD_TO_CART.AddToCartSubCategoryPageLoggedInUser" name="addToCartSubCategoryAuthenticateUserTest" time="29.232"/>
</testsuite> <!-- com.selenium.ebiz.ADD_TO_CART.AddToCartSubCategoryPageLoggedInUser -->
