<?xml version="1.0" encoding="UTF-8"?>
<!-- Generated by org.testng.reporters.JUnitReportReporter -->
<testsuite hostname="W7VDIHPQC16WPL" failures="0" tests="17" name="com.selenium.ebiz.SMOKETEST.SmokeTest_Mul_End_To_End" time="436.466" errors="0" timestamp="05 Nov 2018 06:32:31 GMT" skipped="0">
  <testcase classname="com.selenium.ebiz.SMOKETEST.SmokeTest_Mul_End_To_End" name="testLogin" time="39.621"/>
  <testcase classname="com.selenium.ebiz.SMOKETEST.SmokeTest_Mul_End_To_End" name="testClearCart" time="195.085"/>
  <testcase classname="com.selenium.ebiz.SMOKETEST.SmokeTest_Mul_End_To_End" name="searchByProductNumber" time="25.521"/>
  <testcase classname="com.selenium.ebiz.SMOKETEST.SmokeTest_Mul_End_To_End" name="AddProductFromPDP" time="25.287"/>
  <testcase classname="com.selenium.ebiz.SMOKETEST.SmokeTest_Mul_End_To_End" name="SearchByProductDesc" time="23.601"/>
  <testcase classname="com.selenium.ebiz.SMOKETEST.SmokeTest_Mul_End_To_End" name="AddProductFromPLP" time="20.215"/>
  <testcase classname="com.selenium.ebiz.SMOKETEST.SmokeTest_Mul_End_To_End" name="clickOnCheckOutModal" time="3.772"/>
  <testcase classname="com.selenium.ebiz.SMOKETEST.SmokeTest_Mul_End_To_End" name="QuickOrderFromShoppingCart" time="14.189"/>
  <testcase classname="com.selenium.ebiz.SMOKETEST.SmokeTest_Mul_End_To_End" name="addToSavedListFromShoppingCart" time="2.070"/>
  <testcase classname="com.selenium.ebiz.SMOKETEST.SmokeTest_Mul_End_To_End" name="createNewSavedList" time="12.747"/>
  <testcase classname="com.selenium.ebiz.SMOKETEST.SmokeTest_Mul_End_To_End" name="validatePrintBinLabels" time="20.681"/>
  <testcase classname="com.selenium.ebiz.SMOKETEST.SmokeTest_Mul_End_To_End" name="clickShoppingCartIcon" time="20.608"/>
  <testcase classname="com.selenium.ebiz.SMOKETEST.SmokeTest_Mul_End_To_End" name="validatePNA" time="0.182"/>
  <testcase classname="com.selenium.ebiz.SMOKETEST.SmokeTest_Mul_End_To_End" name="addPaymentAndCheckoutPage" time="25.409"/>
  <testcase classname="com.selenium.ebiz.SMOKETEST.SmokeTest_Mul_End_To_End" name="validatePNAResults" time="0.189"/>
  <testcase classname="com.selenium.ebiz.SMOKETEST.SmokeTest_Mul_End_To_End" name="placeWebOrder" time="7.242"/>
  <testcase classname="com.selenium.ebiz.SMOKETEST.SmokeTest_Mul_End_To_End" name="captureWebOrderNumber" time="0.047"/>
</testsuite> <!-- com.selenium.ebiz.SMOKETEST.SmokeTest_Mul_End_To_End -->
