<?xml version="1.0" encoding="UTF-8"?>
<!-- Generated by org.testng.reporters.JUnitReportReporter -->
<testsuite hostname="W7VDIHPQC16WPL" failures="0" tests="1" name="com.selenium.ebiz.FREQUENTLY_PURCHASED.AccountHighLightsFrePurchasedLink_NOTWORKING" time="21.912" errors="0" timestamp="13 Nov 2018 09:25:44 GMT" skipped="0">
  <testcase classname="com.selenium.ebiz.FREQUENTLY_PURCHASED.AccountHighLightsFrePurchasedLink_NOTWORKING" name="verifyFrePurchasLink" time="21.912"/>
</testsuite> <!-- com.selenium.ebiz.FREQUENTLY_PURCHASED.AccountHighLightsFrePurchasedLink_NOTWORKING -->
