<?xml version="1.0" encoding="UTF-8"?>
<!-- Generated by org.testng.reporters.JUnitReportReporter -->
<testsuite hostname="W7VDIHPQC16WPL" failures="0" tests="1" name="com.selenium.ebiz.ORDER_HISTORY.ViewOrderHistory_WORKING" time="22.094" errors="0" timestamp="12 Nov 2018 06:26:31 GMT" skipped="0">
  <testcase classname="com.selenium.ebiz.ORDER_HISTORY.ViewOrderHistory_WORKING" name="verifyOrderHistory" time="22.094"/>
</testsuite> <!-- com.selenium.ebiz.ORDER_HISTORY.ViewOrderHistory_WORKING -->
