<?xml version="1.0" encoding="UTF-8"?>
<!-- Generated by org.testng.reporters.JUnitReportReporter -->
<testsuite hostname="W7VDIHPQC16WPL" failures="0" tests="1" name="com.selenium.ebiz.AccountManagement.LOGIN.MostPopularTopCategoriesGuestUser_NOTWORKING" time="8.235" errors="0" timestamp="01 Oct 2018 07:38:08 GMT" skipped="0">
  <testcase classname="com.selenium.ebiz.AccountManagement.LOGIN.MostPopularTopCategoriesGuestUser_NOTWORKING" name="verifyMostPopularTopCategories" time="8.235"/>
</testsuite> <!-- com.selenium.ebiz.AccountManagement.LOGIN.MostPopularTopCategoriesGuestUser_NOTWORKING -->
