<?xml version="1.0" encoding="UTF-8"?>
<!-- Generated by org.testng.reporters.JUnitReportReporter -->
<testsuite hostname="W7VDIHPQC16WPL" failures="0" tests="1" name="com.selenium.ebiz.SEARCH.SearchFilteringOptionsSubCategory" time="20.579" errors="0" timestamp="11 Oct 2018 07:40:15 GMT" skipped="0">
  <testcase classname="com.selenium.ebiz.SEARCH.SearchFilteringOptionsSubCategory" name="searchItemInL2CategoryAuthenticateUserTest" time="20.579"/>
</testsuite> <!-- com.selenium.ebiz.SEARCH.SearchFilteringOptionsSubCategory -->
