<?xml version="1.0" encoding="UTF-8"?>
<!-- Generated by org.testng.reporters.JUnitReportReporter -->
<testsuite hostname="W7VDIHPQC16WPL" failures="0" tests="1" name="com.selenium.ebiz.STATIC_LINKS.Error400Page_WORKING" time="220.483" errors="0" timestamp="16 Nov 2018 08:34:50 GMT" skipped="0">
  <testcase classname="com.selenium.ebiz.STATIC_LINKS.Error400Page_WORKING" name="verify400ErrorPage" time="220.483"/>
</testsuite> <!-- com.selenium.ebiz.STATIC_LINKS.Error400Page_WORKING -->
