<?xml version="1.0" encoding="UTF-8"?>
<!-- Generated by org.testng.reporters.JUnitReportReporter -->
<testsuite hostname="W7VDIHPQC16WPL" failures="0" tests="1" name="com.selenium.ebiz.AccountManagement.SUMA.SumaUserHeader_WORKING" time="16.226" errors="0" timestamp="12 Nov 2018 06:01:59 GMT" skipped="0">
  <testcase classname="com.selenium.ebiz.AccountManagement.SUMA.SumaUserHeader_WORKING" name="verifySumaUserHeader" time="16.226"/>
</testsuite> <!-- com.selenium.ebiz.AccountManagement.SUMA.SumaUserHeader_WORKING -->
