<?xml version="1.0" encoding="UTF-8"?>
<!-- Generated by org.testng.reporters.JUnitReportReporter -->
<testsuite hostname="W7VDIHPQC16WPL" failures="0" tests="1" name="com.selenium.ebiz.EMAIL_AND_PRINT_PAGES.printPageTest" time="24.496" errors="0" timestamp="13 Nov 2018 09:49:38 GMT" skipped="0">
  <testcase classname="com.selenium.ebiz.EMAIL_AND_PRINT_PAGES.printPageTest" name="verifyprintAPage" time="24.496"/>
</testsuite> <!-- com.selenium.ebiz.EMAIL_AND_PRINT_PAGES.printPageTest -->
