<?xml version="1.0" encoding="UTF-8"?>
<!-- Generated by org.testng.reporters.JUnitReportReporter -->
<testsuite hostname="W7VDIHPQC16WPL" failures="0" tests="1" name="com.selenium.ebiz.PRODUCT_LISTING_PAGE.CompareTheseItemsPageGuestUser_WORKING" time="103.705" errors="0" timestamp="16 Nov 2018 08:05:44 GMT" skipped="0">
  <testcase classname="com.selenium.ebiz.PRODUCT_LISTING_PAGE.CompareTheseItemsPageGuestUser_WORKING" name="verifyProductTilesWithButtons" time="103.705"/>
</testsuite> <!-- com.selenium.ebiz.PRODUCT_LISTING_PAGE.CompareTheseItemsPageGuestUser_WORKING -->
