<?xml version="1.0" encoding="UTF-8"?>
<!-- Generated by org.testng.reporters.JUnitReportReporter -->
<testsuite hostname="W7VDIHPQC16WPL" failures="0" tests="1" name="com.selenium.ebiz.NAVIGATION.HomePageBreadCrumbGuestUser_WORKING" time="19.649" errors="0" timestamp="12 Nov 2018 07:04:21 GMT" skipped="0">
  <testcase classname="com.selenium.ebiz.NAVIGATION.HomePageBreadCrumbGuestUser_WORKING" name="verifyBreadCrumbForCurrentPageUnautheticateduser" time="19.649"/>
</testsuite> <!-- com.selenium.ebiz.NAVIGATION.HomePageBreadCrumbGuestUser_WORKING -->
