<?xml version="1.0" encoding="UTF-8"?>
<!-- Generated by org.testng.reporters.JUnitReportReporter -->
<testsuite hostname="W7VDIHPQC16WPL" failures="0" tests="2" name="com.selenium.ebiz.NAVIGATION.TopProductsCategoryCarousel" time="33.184" errors="0" timestamp="31 Oct 2018 15:55:08 GMT" skipped="0">
  <testcase classname="com.selenium.ebiz.NAVIGATION.TopProductsCategoryCarousel" name="contentCarouselTopCategoriesAuthenticateUserTest" time="22.595"/>
  <testcase classname="com.selenium.ebiz.NAVIGATION.TopProductsCategoryCarousel" name="contentCarouselTopCategoriesGuestUserTest" time="10.589"/>
</testsuite> <!-- com.selenium.ebiz.NAVIGATION.TopProductsCategoryCarousel -->
