<?xml version="1.0" encoding="UTF-8"?>
<!-- Generated by org.testng.reporters.JUnitReportReporter -->
<testsuite hostname="W7VDIHPQC16WPL" failures="0" tests="1" name="com.selenium.ebiz.AccountManagement.LOGIN.HomePageLeftNavCategoriesLoggedInUser_NOTWORKING" time="424.306" errors="0" timestamp="01 Oct 2018 06:39:14 GMT" skipped="0">
  <testcase classname="com.selenium.ebiz.AccountManagement.LOGIN.HomePageLeftNavCategoriesLoggedInUser_NOTWORKING" name="leftNavCategoryValidation" time="424.306"/>
</testsuite> <!-- com.selenium.ebiz.AccountManagement.LOGIN.HomePageLeftNavCategoriesLoggedInUser_NOTWORKING -->
