<?xml version="1.0" encoding="UTF-8"?>
<!-- Generated by org.testng.reporters.JUnitReportReporter -->
<testsuite skipped="0" hostname="W7VDIHPQC16WPL" name="com.selenium.ebiz.smoketest.SmokeTest_End_To_End_Scenario9" tests="8" failures="0" timestamp="23 Nov 2018 08:02:56 GMT" time="85.055" errors="0">
  <testcase name="testLogin" time="14.247" classname="com.selenium.ebiz.smoketest.SmokeTest_End_To_End_Scenario9"/>
  <testcase name="navigateToFrequentlyPurchasedPage" time="9.466" classname="com.selenium.ebiz.smoketest.SmokeTest_End_To_End_Scenario9"/>
  <testcase name="clickOnFirstProdut" time="6.071" classname="com.selenium.ebiz.smoketest.SmokeTest_End_To_End_Scenario9"/>
  <testcase name="clickOnAddToQuote" time="29.293" classname="com.selenium.ebiz.smoketest.SmokeTest_End_To_End_Scenario9"/>
  <testcase name="navigateToQuotesPage" time="2.245" classname="com.selenium.ebiz.smoketest.SmokeTest_End_To_End_Scenario9"/>
  <testcase name="navigateToPaymentsAndCheckoutPage" time="11.901" classname="com.selenium.ebiz.smoketest.SmokeTest_End_To_End_Scenario9"/>
  <testcase name="placeWebOrder" time="11.799" classname="com.selenium.ebiz.smoketest.SmokeTest_End_To_End_Scenario9"/>
  <testcase name="captureWebOrderNumber" time="0.033" classname="com.selenium.ebiz.smoketest.SmokeTest_End_To_End_Scenario9"/>
</testsuite> <!-- com.selenium.ebiz.smoketest.SmokeTest_End_To_End_Scenario9 -->
