<?xml version="1.0" encoding="UTF-8"?>
<!-- Generated by org.testng.reporters.JUnitReportReporter -->
<testsuite hostname="W7VDIHPQC16WPL" failures="0" tests="1" name="com.selenium.ebiz.FREQUENTLY_PURCHASED.AccountHighLightsFrePurchasedLink" time="23.236" errors="0" timestamp="13 Nov 2018 09:28:05 GMT" skipped="0">
  <testcase classname="com.selenium.ebiz.FREQUENTLY_PURCHASED.AccountHighLightsFrePurchasedLink" name="verifyFrePurchasLink" time="23.236"/>
</testsuite> <!-- com.selenium.ebiz.FREQUENTLY_PURCHASED.AccountHighLightsFrePurchasedLink -->
