<?xml version="1.0" encoding="UTF-8"?>
<!-- Generated by org.testng.reporters.JUnitReportReporter -->
<testsuite hostname="W7VDIHPQC16WPL" failures="0" tests="1" name="com.selenium.ebiz.HEADER.DisplayStaticWebsiteHelpInUtilityBar_WORKING" time="127.141" errors="0" timestamp="14 Nov 2018 14:54:00 GMT" skipped="0">
  <testcase classname="com.selenium.ebiz.HEADER.DisplayStaticWebsiteHelpInUtilityBar_WORKING" name="DisplayStaticWebsiteHelpInUtilityBarAllPagesTest" time="127.141"/>
</testsuite> <!-- com.selenium.ebiz.HEADER.DisplayStaticWebsiteHelpInUtilityBar_WORKING -->
