<?xml version="1.0" encoding="UTF-8"?>
<!-- Generated by org.testng.reporters.JUnitReportReporter -->
<testsuite hostname="W7VDIHPQC16WPL" failures="0" tests="1" name="com.selenium.ebiz.MY_ACCOUNT.CheckOutFinalPricingAndBillingTest_WORKING" time="200.908" errors="0" timestamp="08 Oct 2018 12:43:11 GMT" skipped="0">
  <testcase classname="com.selenium.ebiz.MY_ACCOUNT.CheckOutFinalPricingAndBillingTest_WORKING" name="VerifyCheckOutBillingPage" time="200.908"/>
</testsuite> <!-- com.selenium.ebiz.MY_ACCOUNT.CheckOutFinalPricingAndBillingTest_WORKING -->
