<?xml version="1.0" encoding="UTF-8"?>
<!-- Generated by org.testng.reporters.JUnitReportReporter -->
<testsuite hostname="W7VDIHPQC16WPL" failures="0" tests="1" name="com.selenium.ebiz.AccountManagement.LOGIN.MostPopularTopCategoriesGuestUser_WORKING" time="6.461" errors="0" timestamp="01 Nov 2018 04:59:56 GMT" skipped="0">
  <testcase classname="com.selenium.ebiz.AccountManagement.LOGIN.MostPopularTopCategoriesGuestUser_WORKING" name="verifyMostPopularTopCategories" time="6.461"/>
</testsuite> <!-- com.selenium.ebiz.AccountManagement.LOGIN.MostPopularTopCategoriesGuestUser_WORKING -->
