<?xml version="1.0" encoding="UTF-8"?>
<!-- Generated by org.testng.reporters.JUnitReportReporter -->
<testsuite hostname="W7VDIHPQC16WPL" failures="0" tests="1" name="com.selenium.ebiz.HEADER.HomepageHeaderDisplayLoggedInUser" time="34.239" errors="0" timestamp="05 Oct 2018 10:44:16 GMT" skipped="0">
  <testcase classname="com.selenium.ebiz.HEADER.HomepageHeaderDisplayLoggedInUser" name="verifyDisplayHeaderForLoggeduser" time="34.239"/>
</testsuite> <!-- com.selenium.ebiz.HEADER.HomepageHeaderDisplayLoggedInUser -->
