<?xml version="1.0" encoding="UTF-8"?>
<!-- Generated by org.testng.reporters.JUnitReportReporter -->
<testsuite hostname="W7VDIHPQC16WPL" failures="0" tests="1" name="com.selenium.ebiz.ADD_TO_CART.ShoppingCartDefaultShippingAddress_WORKING" time="148.604" errors="0" timestamp="13 Nov 2018 08:31:11 GMT" skipped="0">
  <testcase classname="com.selenium.ebiz.ADD_TO_CART.ShoppingCartDefaultShippingAddress_WORKING" name="verifyShoppingCartDefaultShippingAddress" time="148.604"/>
</testsuite> <!-- com.selenium.ebiz.ADD_TO_CART.ShoppingCartDefaultShippingAddress_WORKING -->
