<?xml version="1.0" encoding="UTF-8"?>
<!-- Generated by org.testng.reporters.JUnitReportReporter -->
<testsuite hostname="W7VDIHPQC16WPL" failures="0" tests="1" name="com.selenium.ebiz.ADD_TO_CART.MergeProductsAfterLogin_WORKING" time="354.039" errors="0" timestamp="13 Nov 2018 08:24:19 GMT" skipped="0">
  <testcase classname="com.selenium.ebiz.ADD_TO_CART.MergeProductsAfterLogin_WORKING" name="verifyMergeCartForPeachTreePartForExistingUserLogInFromLoginModal" time="354.039"/>
</testsuite> <!-- com.selenium.ebiz.ADD_TO_CART.MergeProductsAfterLogin_WORKING -->
