<?xml version="1.0" encoding="UTF-8"?>
<!-- Generated by org.testng.reporters.JUnitReportReporter -->
<testsuite hostname="W7VDIHPQC16WPL" failures="0" tests="1" name="com.selenium.ebiz.ADD_TO_CART.AddPartsToCart_ShoppingCart_WORKING" time="52.640" errors="0" timestamp="13 Nov 2018 06:50:39 GMT" skipped="0">
  <testcase classname="com.selenium.ebiz.ADD_TO_CART.AddPartsToCart_ShoppingCart_WORKING" name="verifyQuickAddPartsToCart" time="52.640"/>
</testsuite> <!-- com.selenium.ebiz.ADD_TO_CART.AddPartsToCart_ShoppingCart_WORKING -->
