<?xml version="1.0" encoding="UTF-8"?>
<!-- Generated by org.testng.reporters.JUnitReportReporter -->
<testsuite hostname="W7VDIHPQC16WPL" failures="0" tests="1" name="com.selenium.ebiz.STATIC_LINKS.PageLevelGlobalAlert" time="14.486" errors="0" timestamp="29 Oct 2018 02:02:03 GMT" skipped="0">
  <testcase classname="com.selenium.ebiz.STATIC_LINKS.PageLevelGlobalAlert" name="verifyPageLevelAlert" time="14.486"/>
</testsuite> <!-- com.selenium.ebiz.STATIC_LINKS.PageLevelGlobalAlert -->
