<?xml version="1.0" encoding="UTF-8"?>
<!-- Generated by org.testng.reporters.JUnitReportReporter -->
<testsuite hostname="W7VDIHPQC16WPL" failures="0" tests="1" name="com.selenium.ebiz.SEARCH.SearchResultsPageListViewLoggedInUser" time="33.041" errors="0" timestamp="11 Oct 2018 08:59:36 GMT" skipped="0">
  <testcase classname="com.selenium.ebiz.SEARCH.SearchResultsPageListViewLoggedInUser" name="verifySearchResultsListViewLoggedInUser" time="33.041"/>
</testsuite> <!-- com.selenium.ebiz.SEARCH.SearchResultsPageListViewLoggedInUser -->
