<?xml version="1.0" encoding="UTF-8"?>
<testsuite xmlns:xsi="http://www.w3.org/2001/XMLSchema-instance" xsi:noNamespaceSchemaLocation="https://maven.apache.org/surefire/maven-surefire-plugin/xsd/surefire-test-report.xsd" name="TestSuite" time="62.423" tests="2" errors="0" skipped="1" failures="1">
  <properties>
    <property name="sun.desktop" value="windows"/>
    <property name="awt.toolkit" value="sun.awt.windows.WToolkit"/>
    <property name="file.encoding.pkg" value="sun.io"/>
    <property name="java.specification.version" value="1.8"/>
    <property name="sun.cpu.isalist" value="amd64"/>
    <property name="sun.jnu.encoding" value="Cp1252"/>
    <property name="java.class.path" value="C:\DivyJain\DJ_Repo\v8-hds-selenium\target\test-classes;C:\DivyJain\DJ_Repo\v8-hds-selenium\target\classes;C:\Users\dj073227\.m2\repository\org\seleniumhq\selenium\selenium-java\3.4.0\selenium-java-3.4.0.jar;C:\Users\dj073227\.m2\repository\org\seleniumhq\selenium\selenium-api\3.4.0\selenium-api-3.4.0.jar;C:\Users\dj073227\.m2\repository\org\seleniumhq\selenium\selenium-chrome-driver\3.4.0\selenium-chrome-driver-3.4.0.jar;C:\Users\dj073227\.m2\repository\org\seleniumhq\selenium\selenium-edge-driver\3.4.0\selenium-edge-driver-3.4.0.jar;C:\Users\dj073227\.m2\repository\org\seleniumhq\selenium\selenium-firefox-driver\3.4.0\selenium-firefox-driver-3.4.0.jar;C:\Users\dj073227\.m2\repository\org\seleniumhq\selenium\selenium-ie-driver\3.4.0\selenium-ie-driver-3.4.0.jar;C:\Users\dj073227\.m2\repository\org\seleniumhq\selenium\selenium-opera-driver\3.4.0\selenium-opera-driver-3.4.0.jar;C:\Users\dj073227\.m2\repository\org\seleniumhq\selenium\selenium-remote-driver\3.4.0\selenium-remote-driver-3.4.0.jar;C:\Users\dj073227\.m2\repository\org\seleniumhq\selenium\selenium-safari-driver\3.4.0\selenium-safari-driver-3.4.0.jar;C:\Users\dj073227\.m2\repository\org\seleniumhq\selenium\selenium-support\3.4.0\selenium-support-3.4.0.jar;C:\Users\dj073227\.m2\repository\cglib\cglib-nodep\3.2.4\cglib-nodep-3.2.4.jar;C:\Users\dj073227\.m2\repository\org\apache\commons\commons-exec\1.3\commons-exec-1.3.jar;C:\Users\dj073227\.m2\repository\org\apache\commons\commons-lang3\3.5\commons-lang3-3.5.jar;C:\Users\dj073227\.m2\repository\commons-codec\commons-codec\1.10\commons-codec-1.10.jar;C:\Users\dj073227\.m2\repository\commons-io\commons-io\2.5\commons-io-2.5.jar;C:\Users\dj073227\.m2\repository\commons-logging\commons-logging\1.2\commons-logging-1.2.jar;C:\Users\dj073227\.m2\repository\org\w3c\css\sac\1.3\sac-1.3.jar;C:\Users\dj073227\.m2\repository\net\sourceforge\cssparser\cssparser\0.9.22\cssparser-0.9.22.jar;C:\Users\dj073227\.m2\repository\com\google\code\gson\gson\2.8.0\gson-2.8.0.jar;C:\Users\dj073227\.m2\repository\org\hamcrest\hamcrest-core\1.3\hamcrest-core-1.3.jar;C:\Users\dj073227\.m2\repository\net\sourceforge\htmlunit\htmlunit\2.26\htmlunit-2.26.jar;C:\Users\dj073227\.m2\repository\net\sourceforge\htmlunit\htmlunit-core-js\2.26\htmlunit-core-js-2.26.jar;C:\Users\dj073227\.m2\repository\net\sourceforge\htmlunit\neko-htmlunit\2.25\neko-htmlunit-2.25.jar;C:\Users\dj073227\.m2\repository\org\apache\httpcomponents\httpclient\4.5.3\httpclient-4.5.3.jar;C:\Users\dj073227\.m2\repository\org\apache\httpcomponents\httpcore\4.4.6\httpcore-4.4.6.jar;C:\Users\dj073227\.m2\repository\org\apache\httpcomponents\httpmime\4.5.3\httpmime-4.5.3.jar;C:\Users\dj073227\.m2\repository\org\eclipse\jetty\jetty-io\9.4.1.v20170120\jetty-io-9.4.1.v20170120.jar;C:\Users\dj073227\.m2\repository\org\eclipse\jetty\jetty-util\9.4.1.v20170120\jetty-util-9.4.1.v20170120.jar;C:\Users\dj073227\.m2\repository\net\java\dev\jna\jna\4.1.0\jna-4.1.0.jar;C:\Users\dj073227\.m2\repository\net\java\dev\jna\jna-platform\4.1.0\jna-platform-4.1.0.jar;C:\Users\dj073227\.m2\repository\junit\junit\4.12\junit-4.12.jar;C:\Users\dj073227\.m2\repository\com\codeborne\phantomjsdriver\1.4.0\phantomjsdriver-1.4.0.jar;C:\Users\dj073227\.m2\repository\org\seleniumhq\selenium\htmlunit-driver\2.26\htmlunit-driver-2.26.jar;C:\Users\dj073227\.m2\repository\javax\servlet\javax.servlet-api\3.1.0\javax.servlet-api-3.1.0.jar;C:\Users\dj073227\.m2\repository\org\eclipse\jetty\websocket\websocket-api\9.4.3.v20170317\websocket-api-9.4.3.v20170317.jar;C:\Users\dj073227\.m2\repository\org\eclipse\jetty\websocket\websocket-client\9.4.3.v20170317\websocket-client-9.4.3.v20170317.jar;C:\Users\dj073227\.m2\repository\org\eclipse\jetty\jetty-client\9.4.3.v20170317\jetty-client-9.4.3.v20170317.jar;C:\Users\dj073227\.m2\repository\org\eclipse\jetty\jetty-http\9.4.3.v20170317\jetty-http-9.4.3.v20170317.jar;C:\Users\dj073227\.m2\repository\org\eclipse\jetty\websocket\websocket-common\9.4.3.v20170317\websocket-common-9.4.3.v20170317.jar;C:\Users\dj073227\.m2\repository\xalan\serializer\2.7.2\serializer-2.7.2.jar;C:\Users\dj073227\.m2\repository\xalan\xalan\2.7.2\xalan-2.7.2.jar;C:\Users\dj073227\.m2\repository\xerces\xercesImpl\2.11.0\xercesImpl-2.11.0.jar;C:\Users\dj073227\.m2\repository\xml-apis\xml-apis\1.4.01\xml-apis-1.4.01.jar;C:\Users\dj073227\.m2\repository\org\seleniumhq\selenium\selenium-server\3.4.0\selenium-server-3.4.0.jar;C:\Users\dj073227\.m2\repository\com\beust\jcommander\1.48\jcommander-1.48.jar;C:\Users\dj073227\.m2\repository\net\jcip\jcip-annotations\1.0\jcip-annotations-1.0.jar;C:\Users\dj073227\.m2\repository\org\seleniumhq\selenium\jetty-repacked\9.4.1.v20170120\jetty-repacked-9.4.1.v20170120.jar;C:\Users\dj073227\.m2\repository\org\yaml\snakeyaml\1.15\snakeyaml-1.15.jar;C:\Users\dj073227\.m2\repository\org\testng\testng\6.11\testng-6.11.jar;C:\Users\dj073227\.m2\repository\org\apache\poi\poi\3.12\poi-3.12.jar;C:\Users\dj073227\.m2\repository\org\apache\poi\poi-ooxml\3.12\poi-ooxml-3.12.jar;C:\Users\dj073227\.m2\repository\org\apache\poi\poi-ooxml-schemas\3.12\poi-ooxml-schemas-3.12.jar;C:\Users\dj073227\.m2\repository\org\apache\xmlbeans\xmlbeans\2.6.0\xmlbeans-2.6.0.jar;C:\Users\dj073227\.m2\repository\stax\stax-api\1.0.1\stax-api-1.0.1.jar;C:\Users\dj073227\.m2\repository\org\apache\maven\plugins\maven-dependency-plugin\3.0.2\maven-dependency-plugin-3.0.2.jar;C:\Users\dj073227\.m2\repository\org\apache\maven\maven-artifact\3.0\maven-artifact-3.0.jar;C:\Users\dj073227\.m2\repository\org\apache\maven\maven-plugin-api\3.0\maven-plugin-api-3.0.jar;C:\Users\dj073227\.m2\repository\org\sonatype\sisu\sisu-inject-plexus\1.4.2\sisu-inject-plexus-1.4.2.jar;C:\Users\dj073227\.m2\repository\org\sonatype\sisu\sisu-inject-bean\1.4.2\sisu-inject-bean-1.4.2.jar;C:\Users\dj073227\.m2\repository\org\sonatype\sisu\sisu-guice\2.1.7\sisu-guice-2.1.7-noaop.jar;C:\Users\dj073227\.m2\repository\org\apache\maven\maven-model\3.0\maven-model-3.0.jar;C:\Users\dj073227\.m2\repository\org\apache\maven\maven-core\3.0\maven-core-3.0.jar;C:\Users\dj073227\.m2\repository\org\apache\maven\maven-settings\3.0\maven-settings-3.0.jar;C:\Users\dj073227\.m2\repository\org\apache\maven\maven-settings-builder\3.0\maven-settings-builder-3.0.jar;C:\Users\dj073227\.m2\repository\org\apache\maven\maven-model-builder\3.0\maven-model-builder-3.0.jar;C:\Users\dj073227\.m2\repository\org\apache\maven\maven-aether-provider\3.0\maven-aether-provider-3.0.jar;C:\Users\dj073227\.m2\repository\org\sonatype\aether\aether-impl\1.7\aether-impl-1.7.jar;C:\Users\dj073227\.m2\repository\org\sonatype\aether\aether-spi\1.7\aether-spi-1.7.jar;C:\Users\dj073227\.m2\repository\org\sonatype\aether\aether-api\1.7\aether-api-1.7.jar;C:\Users\dj073227\.m2\repository\org\sonatype\aether\aether-util\1.7\aether-util-1.7.jar;C:\Users\dj073227\.m2\repository\org\codehaus\plexus\plexus-interpolation\1.14\plexus-interpolation-1.14.jar;C:\Users\dj073227\.m2\repository\org\codehaus\plexus\plexus-classworlds\2.2.3\plexus-classworlds-2.2.3.jar;C:\Users\dj073227\.m2\repository\org\codehaus\plexus\plexus-component-annotations\1.5.5\plexus-component-annotations-1.5.5.jar;C:\Users\dj073227\.m2\repository\org\sonatype\plexus\plexus-sec-dispatcher\1.3\plexus-sec-dispatcher-1.3.jar;C:\Users\dj073227\.m2\repository\org\sonatype\plexus\plexus-cipher\1.4\plexus-cipher-1.4.jar;C:\Users\dj073227\.m2\repository\org\apache\maven\maven-repository-metadata\3.0\maven-repository-metadata-3.0.jar;C:\Users\dj073227\.m2\repository\org\apache\maven\reporting\maven-reporting-api\3.0\maven-reporting-api-3.0.jar;C:\Users\dj073227\.m2\repository\org\apache\maven\reporting\maven-reporting-impl\2.3\maven-reporting-impl-2.3.jar;C:\Users\dj073227\.m2\repository\org\apache\maven\doxia\doxia-core\1.2\doxia-core-1.2.jar;C:\Users\dj073227\.m2\repository\commons-validator\commons-validator\1.3.1\commons-validator-1.3.1.jar;C:\Users\dj073227\.m2\repository\commons-beanutils\commons-beanutils\1.7.0\commons-beanutils-1.7.0.jar;C:\Users\dj073227\.m2\repository\commons-digester\commons-digester\1.6\commons-digester-1.6.jar;C:\Users\dj073227\.m2\repository\org\apache\maven\doxia\doxia-sink-api\1.4\doxia-sink-api-1.4.jar;C:\Users\dj073227\.m2\repository\org\apache\maven\doxia\doxia-logging-api\1.4\doxia-logging-api-1.4.jar;C:\Users\dj073227\.m2\repository\org\apache\maven\doxia\doxia-site-renderer\1.4\doxia-site-renderer-1.4.jar;C:\Users\dj073227\.m2\repository\org\apache\maven\doxia\doxia-decoration-model\1.4\doxia-decoration-model-1.4.jar;C:\Users\dj073227\.m2\repository\org\apache\maven\doxia\doxia-module-xhtml\1.4\doxia-module-xhtml-1.4.jar;C:\Users\dj073227\.m2\repository\org\apache\maven\doxia\doxia-module-fml\1.4\doxia-module-fml-1.4.jar;C:\Users\dj073227\.m2\repository\org\codehaus\plexus\plexus-i18n\1.0-beta-7\plexus-i18n-1.0-beta-7.jar;C:\Users\dj073227\.m2\repository\org\codehaus\plexus\plexus-container-default\1.0-alpha-30\plexus-container-default-1.0-alpha-30.jar;C:\Users\dj073227\.m2\repository\org\codehaus\plexus\plexus-velocity\1.1.7\plexus-velocity-1.1.7.jar;C:\Users\dj073227\.m2\repository\org\apache\velocity\velocity\1.5\velocity-1.5.jar;C:\Users\dj073227\.m2\repository\oro\oro\2.0.8\oro-2.0.8.jar;C:\Users\dj073227\.m2\repository\org\apache\velocity\velocity-tools\2.0\velocity-tools-2.0.jar;C:\Users\dj073227\.m2\repository\commons-chain\commons-chain\1.1\commons-chain-1.1.jar;C:\Users\dj073227\.m2\repository\dom4j\dom4j\1.1\dom4j-1.1.jar;C:\Users\dj073227\.m2\repository\sslext\sslext\1.2-0\sslext-1.2-0.jar;C:\Users\dj073227\.m2\repository\org\apache\struts\struts-core\1.3.8\struts-core-1.3.8.jar;C:\Users\dj073227\.m2\repository\antlr\antlr\2.7.2\antlr-2.7.2.jar;C:\Users\dj073227\.m2\repository\org\apache\struts\struts-taglib\1.3.8\struts-taglib-1.3.8.jar;C:\Users\dj073227\.m2\repository\org\apache\struts\struts-tiles\1.3.8\struts-tiles-1.3.8.jar;C:\Users\dj073227\.m2\repository\org\codehaus\plexus\plexus-archiver\3.4\plexus-archiver-3.4.jar;C:\Users\dj073227\.m2\repository\org\apache\commons\commons-compress\1.11\commons-compress-1.11.jar;C:\Users\dj073227\.m2\repository\org\iq80\snappy\snappy\0.4\snappy-0.4.jar;C:\Users\dj073227\.m2\repository\org\tukaani\xz\1.5\xz-1.5.jar;C:\Users\dj073227\.m2\repository\org\codehaus\plexus\plexus-utils\3.0.24\plexus-utils-3.0.24.jar;C:\Users\dj073227\.m2\repository\org\apache\maven\shared\file-management\1.2.1\file-management-1.2.1.jar;C:\Users\dj073227\.m2\repository\org\apache\maven\shared\maven-shared-io\1.1\maven-shared-io-1.1.jar;C:\Users\dj073227\.m2\repository\org\apache\maven\wagon\wagon-provider-api\1.0-alpha-6\wagon-provider-api-1.0-alpha-6.jar;C:\Users\dj073227\.m2\repository\org\codehaus\plexus\plexus-io\2.4\plexus-io-2.4.jar;C:\Users\dj073227\.m2\repository\org\apache\maven\shared\maven-dependency-analyzer\1.7\maven-dependency-analyzer-1.7.jar;C:\Users\dj073227\.m2\repository\org\ow2\asm\asm\5.0.2\asm-5.0.2.jar;C:\Users\dj073227\.m2\repository\org\apache\maven\shared\maven-dependency-tree\3.0.1\maven-dependency-tree-3.0.1.jar;C:\Users\dj073227\.m2\repository\org\eclipse\aether\aether-util\0.9.0.M2\aether-util-0.9.0.M2.jar;C:\Users\dj073227\.m2\repository\org\apache\maven\shared\maven-common-artifact-filters\3.0.1\maven-common-artifact-filters-3.0.1.jar;C:\Users\dj073227\.m2\repository\org\apache\maven\shared\maven-artifact-transfer\0.9.1\maven-artifact-transfer-0.9.1.jar;C:\Users\dj073227\.m2\repository\org\slf4j\slf4j-api\1.7.5\slf4j-api-1.7.5.jar;C:\Users\dj073227\.m2\repository\org\apache\maven\shared\maven-shared-utils\3.2.0\maven-shared-utils-3.2.0.jar;C:\Users\dj073227\.m2\repository\commons-lang\commons-lang\2.6\commons-lang-2.6.jar;C:\Users\dj073227\.m2\repository\commons-collections\commons-collections\3.2.2\commons-collections-3.2.2.jar;C:\Users\dj073227\.m2\repository\classworlds\classworlds\1.1\classworlds-1.1.jar;C:\Users\dj073227\.m2\repository\io\qameta\allure\allure-testng\2.6.0\allure-testng-2.6.0.jar;C:\Users\dj073227\.m2\repository\io\qameta\allure\allure-descriptions-javadoc\2.6.0\allure-descriptions-javadoc-2.6.0.jar;C:\Users\dj073227\.m2\repository\io\qameta\allure\allure-java-commons\2.6.0\allure-java-commons-2.6.0.jar;C:\Users\dj073227\.m2\repository\io\qameta\allure\allure2-model-api\1.0-BETA6\allure2-model-api-1.0-BETA6.jar;C:\Users\dj073227\.m2\repository\io\qameta\allure\allure2-model-pojo\1.0-BETA6\allure2-model-pojo-1.0-BETA6.jar;C:\Users\dj073227\.m2\repository\org\apache\tika\tika-core\1.14\tika-core-1.14.jar;C:\Users\dj073227\.m2\repository\io\qameta\allure\allure2-model-jackson\1.0-BETA6\allure2-model-jackson-1.0-BETA6.jar;C:\Users\dj073227\.m2\repository\com\fasterxml\jackson\core\jackson-databind\2.7.0\jackson-databind-2.7.0.jar;C:\Users\dj073227\.m2\repository\com\fasterxml\jackson\core\jackson-annotations\2.7.0\jackson-annotations-2.7.0.jar;C:\Users\dj073227\.m2\repository\com\fasterxml\jackson\core\jackson-core\2.7.0\jackson-core-2.7.0.jar;C:\Users\dj073227\.m2\repository\com\fasterxml\jackson\module\jackson-module-jaxb-annotations\2.7.0\jackson-module-jaxb-annotations-2.7.0.jar;C:\Users\dj073227\.m2\repository\org\aspectj\aspectjrt\1.8.10\aspectjrt-1.8.10.jar;C:\Users\dj073227\.m2\repository\org\jooq\joor\0.9.6\joor-0.9.6.jar;C:\Users\dj073227\.m2\repository\com\saucelabs\sauce_testng\2.1.23\sauce_testng-2.1.23.jar;C:\Users\dj073227\.m2\repository\com\saucelabs\sauce_java_common\2.1.23\sauce_java_common-2.1.23.jar;C:\Users\dj073227\.m2\repository\com\googlecode\json-simple\json-simple\1.1.1\json-simple-1.1.1.jar;C:\Users\dj073227\.m2\repository\com\saucelabs\saucerest\1.0.32\saucerest-1.0.32.jar;C:\Users\dj073227\.m2\repository\log4j\log4j\1.2.17\log4j-1.2.17.jar;C:\Users\dj073227\.m2\repository\org\json\json\20160810\json-20160810.jar;C:\Users\dj073227\.m2\repository\com\google\guava\guava\21.0\guava-21.0.jar;C:\Users\dj073227\.m2\repository\net\sourceforge\jexcelapi\jxl\2.6.12\jxl-2.6.12.jar;C:\Users\dj073227\.m2\repository\com\relevantcodes\extentreports\2.41.2\extentreports-2.41.2.jar;C:\Users\dj073227\.m2\repository\org\jsoup\jsoup\1.8.3\jsoup-1.8.3.jar;C:\Users\dj073227\.m2\repository\org\xerial\sqlite-jdbc\3.8.11.1\sqlite-jdbc-3.8.11.1.jar;C:\Users\dj073227\.m2\repository\org\freemarker\freemarker\2.3.23\freemarker-2.3.23.jar;C:\Users\dj073227\.m2\repository\org\mongodb\mongodb-driver\3.0.4\mongodb-driver-3.0.4.jar;C:\Users\dj073227\.m2\repository\org\mongodb\bson\3.0.4\bson-3.0.4.jar;C:\Users\dj073227\.m2\repository\org\mongodb\mongodb-driver-core\3.0.4\mongodb-driver-core-3.0.4.jar;C:\Users\dj073227\.m2\repository\org\apache\maven\surefire\surefire-testng-utils\2.21.0\surefire-testng-utils-2.21.0.jar;C:\Users\dj073227\.m2\repository\org\apache\maven\surefire\surefire-grouper\2.21.0\surefire-grouper-2.21.0.jar;"/>
    <property name="java.vm.vendor" value="Oracle Corporation"/>
    <property name="environment.properties" value="/config/environment.properties"/>
    <property name="sun.arch.data.model" value="64"/>
    <property name="user.variant" value=""/>
    <property name="java.vendor.url" value="http://java.oracle.com/"/>
    <property name="user.timezone" value=""/>
    <property name="java.vm.specification.version" value="1.8"/>
    <property name="os.name" value="Windows 7"/>
    <property name="user.country" value="US"/>
    <property name="sun.java.launcher" value="SUN_STANDARD"/>
    <property name="sun.boot.library.path" value="C:\Program Files\Java\jdk1.8.0_191\jre\bin"/>
    <property name="sun.java.command" value="C:\Users\dj073227\AppData\Local\Temp\surefire315127621562169916\surefirebooter8645062521357907194.jar C:\Users\dj073227\AppData\Local\Temp\surefire315127621562169916 2019-04-08T15-09-54_037-jvmRun1 surefire3627912473334187682tmp surefire_0529605733020795086tmp"/>
    <property name="surefire.test.class.path" value="C:\DivyJain\DJ_Repo\v8-hds-selenium\target\test-classes;C:\DivyJain\DJ_Repo\v8-hds-selenium\target\classes;C:\Users\dj073227\.m2\repository\org\seleniumhq\selenium\selenium-java\3.4.0\selenium-java-3.4.0.jar;C:\Users\dj073227\.m2\repository\org\seleniumhq\selenium\selenium-api\3.4.0\selenium-api-3.4.0.jar;C:\Users\dj073227\.m2\repository\org\seleniumhq\selenium\selenium-chrome-driver\3.4.0\selenium-chrome-driver-3.4.0.jar;C:\Users\dj073227\.m2\repository\org\seleniumhq\selenium\selenium-edge-driver\3.4.0\selenium-edge-driver-3.4.0.jar;C:\Users\dj073227\.m2\repository\org\seleniumhq\selenium\selenium-firefox-driver\3.4.0\selenium-firefox-driver-3.4.0.jar;C:\Users\dj073227\.m2\repository\org\seleniumhq\selenium\selenium-ie-driver\3.4.0\selenium-ie-driver-3.4.0.jar;C:\Users\dj073227\.m2\repository\org\seleniumhq\selenium\selenium-opera-driver\3.4.0\selenium-opera-driver-3.4.0.jar;C:\Users\dj073227\.m2\repository\org\seleniumhq\selenium\selenium-remote-driver\3.4.0\selenium-remote-driver-3.4.0.jar;C:\Users\dj073227\.m2\repository\org\seleniumhq\selenium\selenium-safari-driver\3.4.0\selenium-safari-driver-3.4.0.jar;C:\Users\dj073227\.m2\repository\org\seleniumhq\selenium\selenium-support\3.4.0\selenium-support-3.4.0.jar;C:\Users\dj073227\.m2\repository\cglib\cglib-nodep\3.2.4\cglib-nodep-3.2.4.jar;C:\Users\dj073227\.m2\repository\org\apache\commons\commons-exec\1.3\commons-exec-1.3.jar;C:\Users\dj073227\.m2\repository\org\apache\commons\commons-lang3\3.5\commons-lang3-3.5.jar;C:\Users\dj073227\.m2\repository\commons-codec\commons-codec\1.10\commons-codec-1.10.jar;C:\Users\dj073227\.m2\repository\commons-io\commons-io\2.5\commons-io-2.5.jar;C:\Users\dj073227\.m2\repository\commons-logging\commons-logging\1.2\commons-logging-1.2.jar;C:\Users\dj073227\.m2\repository\org\w3c\css\sac\1.3\sac-1.3.jar;C:\Users\dj073227\.m2\repository\net\sourceforge\cssparser\cssparser\0.9.22\cssparser-0.9.22.jar;C:\Users\dj073227\.m2\repository\com\google\code\gson\gson\2.8.0\gson-2.8.0.jar;C:\Users\dj073227\.m2\repository\org\hamcrest\hamcrest-core\1.3\hamcrest-core-1.3.jar;C:\Users\dj073227\.m2\repository\net\sourceforge\htmlunit\htmlunit\2.26\htmlunit-2.26.jar;C:\Users\dj073227\.m2\repository\net\sourceforge\htmlunit\htmlunit-core-js\2.26\htmlunit-core-js-2.26.jar;C:\Users\dj073227\.m2\repository\net\sourceforge\htmlunit\neko-htmlunit\2.25\neko-htmlunit-2.25.jar;C:\Users\dj073227\.m2\repository\org\apache\httpcomponents\httpclient\4.5.3\httpclient-4.5.3.jar;C:\Users\dj073227\.m2\repository\org\apache\httpcomponents\httpcore\4.4.6\httpcore-4.4.6.jar;C:\Users\dj073227\.m2\repository\org\apache\httpcomponents\httpmime\4.5.3\httpmime-4.5.3.jar;C:\Users\dj073227\.m2\repository\org\eclipse\jetty\jetty-io\9.4.1.v20170120\jetty-io-9.4.1.v20170120.jar;C:\Users\dj073227\.m2\repository\org\eclipse\jetty\jetty-util\9.4.1.v20170120\jetty-util-9.4.1.v20170120.jar;C:\Users\dj073227\.m2\repository\net\java\dev\jna\jna\4.1.0\jna-4.1.0.jar;C:\Users\dj073227\.m2\repository\net\java\dev\jna\jna-platform\4.1.0\jna-platform-4.1.0.jar;C:\Users\dj073227\.m2\repository\junit\junit\4.12\junit-4.12.jar;C:\Users\dj073227\.m2\repository\com\codeborne\phantomjsdriver\1.4.0\phantomjsdriver-1.4.0.jar;C:\Users\dj073227\.m2\repository\org\seleniumhq\selenium\htmlunit-driver\2.26\htmlunit-driver-2.26.jar;C:\Users\dj073227\.m2\repository\javax\servlet\javax.servlet-api\3.1.0\javax.servlet-api-3.1.0.jar;C:\Users\dj073227\.m2\repository\org\eclipse\jetty\websocket\websocket-api\9.4.3.v20170317\websocket-api-9.4.3.v20170317.jar;C:\Users\dj073227\.m2\repository\org\eclipse\jetty\websocket\websocket-client\9.4.3.v20170317\websocket-client-9.4.3.v20170317.jar;C:\Users\dj073227\.m2\repository\org\eclipse\jetty\jetty-client\9.4.3.v20170317\jetty-client-9.4.3.v20170317.jar;C:\Users\dj073227\.m2\repository\org\eclipse\jetty\jetty-http\9.4.3.v20170317\jetty-http-9.4.3.v20170317.jar;C:\Users\dj073227\.m2\repository\org\eclipse\jetty\websocket\websocket-common\9.4.3.v20170317\websocket-common-9.4.3.v20170317.jar;C:\Users\dj073227\.m2\repository\xalan\serializer\2.7.2\serializer-2.7.2.jar;C:\Users\dj073227\.m2\repository\xalan\xalan\2.7.2\xalan-2.7.2.jar;C:\Users\dj073227\.m2\repository\xerces\xercesImpl\2.11.0\xercesImpl-2.11.0.jar;C:\Users\dj073227\.m2\repository\xml-apis\xml-apis\1.4.01\xml-apis-1.4.01.jar;C:\Users\dj073227\.m2\repository\org\seleniumhq\selenium\selenium-server\3.4.0\selenium-server-3.4.0.jar;C:\Users\dj073227\.m2\repository\com\beust\jcommander\1.48\jcommander-1.48.jar;C:\Users\dj073227\.m2\repository\net\jcip\jcip-annotations\1.0\jcip-annotations-1.0.jar;C:\Users\dj073227\.m2\repository\org\seleniumhq\selenium\jetty-repacked\9.4.1.v20170120\jetty-repacked-9.4.1.v20170120.jar;C:\Users\dj073227\.m2\repository\org\yaml\snakeyaml\1.15\snakeyaml-1.15.jar;C:\Users\dj073227\.m2\repository\org\testng\testng\6.11\testng-6.11.jar;C:\Users\dj073227\.m2\repository\org\apache\poi\poi\3.12\poi-3.12.jar;C:\Users\dj073227\.m2\repository\org\apache\poi\poi-ooxml\3.12\poi-ooxml-3.12.jar;C:\Users\dj073227\.m2\repository\org\apache\poi\poi-ooxml-schemas\3.12\poi-ooxml-schemas-3.12.jar;C:\Users\dj073227\.m2\repository\org\apache\xmlbeans\xmlbeans\2.6.0\xmlbeans-2.6.0.jar;C:\Users\dj073227\.m2\repository\stax\stax-api\1.0.1\stax-api-1.0.1.jar;C:\Users\dj073227\.m2\repository\org\apache\maven\plugins\maven-dependency-plugin\3.0.2\maven-dependency-plugin-3.0.2.jar;C:\Users\dj073227\.m2\repository\org\apache\maven\maven-artifact\3.0\maven-artifact-3.0.jar;C:\Users\dj073227\.m2\repository\org\apache\maven\maven-plugin-api\3.0\maven-plugin-api-3.0.jar;C:\Users\dj073227\.m2\repository\org\sonatype\sisu\sisu-inject-plexus\1.4.2\sisu-inject-plexus-1.4.2.jar;C:\Users\dj073227\.m2\repository\org\sonatype\sisu\sisu-inject-bean\1.4.2\sisu-inject-bean-1.4.2.jar;C:\Users\dj073227\.m2\repository\org\sonatype\sisu\sisu-guice\2.1.7\sisu-guice-2.1.7-noaop.jar;C:\Users\dj073227\.m2\repository\org\apache\maven\maven-model\3.0\maven-model-3.0.jar;C:\Users\dj073227\.m2\repository\org\apache\maven\maven-core\3.0\maven-core-3.0.jar;C:\Users\dj073227\.m2\repository\org\apache\maven\maven-settings\3.0\maven-settings-3.0.jar;C:\Users\dj073227\.m2\repository\org\apache\maven\maven-settings-builder\3.0\maven-settings-builder-3.0.jar;C:\Users\dj073227\.m2\repository\org\apache\maven\maven-model-builder\3.0\maven-model-builder-3.0.jar;C:\Users\dj073227\.m2\repository\org\apache\maven\maven-aether-provider\3.0\maven-aether-provider-3.0.jar;C:\Users\dj073227\.m2\repository\org\sonatype\aether\aether-impl\1.7\aether-impl-1.7.jar;C:\Users\dj073227\.m2\repository\org\sonatype\aether\aether-spi\1.7\aether-spi-1.7.jar;C:\Users\dj073227\.m2\repository\org\sonatype\aether\aether-api\1.7\aether-api-1.7.jar;C:\Users\dj073227\.m2\repository\org\sonatype\aether\aether-util\1.7\aether-util-1.7.jar;C:\Users\dj073227\.m2\repository\org\codehaus\plexus\plexus-interpolation\1.14\plexus-interpolation-1.14.jar;C:\Users\dj073227\.m2\repository\org\codehaus\plexus\plexus-classworlds\2.2.3\plexus-classworlds-2.2.3.jar;C:\Users\dj073227\.m2\repository\org\codehaus\plexus\plexus-component-annotations\1.5.5\plexus-component-annotations-1.5.5.jar;C:\Users\dj073227\.m2\repository\org\sonatype\plexus\plexus-sec-dispatcher\1.3\plexus-sec-dispatcher-1.3.jar;C:\Users\dj073227\.m2\repository\org\sonatype\plexus\plexus-cipher\1.4\plexus-cipher-1.4.jar;C:\Users\dj073227\.m2\repository\org\apache\maven\maven-repository-metadata\3.0\maven-repository-metadata-3.0.jar;C:\Users\dj073227\.m2\repository\org\apache\maven\reporting\maven-reporting-api\3.0\maven-reporting-api-3.0.jar;C:\Users\dj073227\.m2\repository\org\apache\maven\reporting\maven-reporting-impl\2.3\maven-reporting-impl-2.3.jar;C:\Users\dj073227\.m2\repository\org\apache\maven\doxia\doxia-core\1.2\doxia-core-1.2.jar;C:\Users\dj073227\.m2\repository\commons-validator\commons-validator\1.3.1\commons-validator-1.3.1.jar;C:\Users\dj073227\.m2\repository\commons-beanutils\commons-beanutils\1.7.0\commons-beanutils-1.7.0.jar;C:\Users\dj073227\.m2\repository\commons-digester\commons-digester\1.6\commons-digester-1.6.jar;C:\Users\dj073227\.m2\repository\org\apache\maven\doxia\doxia-sink-api\1.4\doxia-sink-api-1.4.jar;C:\Users\dj073227\.m2\repository\org\apache\maven\doxia\doxia-logging-api\1.4\doxia-logging-api-1.4.jar;C:\Users\dj073227\.m2\repository\org\apache\maven\doxia\doxia-site-renderer\1.4\doxia-site-renderer-1.4.jar;C:\Users\dj073227\.m2\repository\org\apache\maven\doxia\doxia-decoration-model\1.4\doxia-decoration-model-1.4.jar;C:\Users\dj073227\.m2\repository\org\apache\maven\doxia\doxia-module-xhtml\1.4\doxia-module-xhtml-1.4.jar;C:\Users\dj073227\.m2\repository\org\apache\maven\doxia\doxia-module-fml\1.4\doxia-module-fml-1.4.jar;C:\Users\dj073227\.m2\repository\org\codehaus\plexus\plexus-i18n\1.0-beta-7\plexus-i18n-1.0-beta-7.jar;C:\Users\dj073227\.m2\repository\org\codehaus\plexus\plexus-container-default\1.0-alpha-30\plexus-container-default-1.0-alpha-30.jar;C:\Users\dj073227\.m2\repository\org\codehaus\plexus\plexus-velocity\1.1.7\plexus-velocity-1.1.7.jar;C:\Users\dj073227\.m2\repository\org\apache\velocity\velocity\1.5\velocity-1.5.jar;C:\Users\dj073227\.m2\repository\oro\oro\2.0.8\oro-2.0.8.jar;C:\Users\dj073227\.m2\repository\org\apache\velocity\velocity-tools\2.0\velocity-tools-2.0.jar;C:\Users\dj073227\.m2\repository\commons-chain\commons-chain\1.1\commons-chain-1.1.jar;C:\Users\dj073227\.m2\repository\dom4j\dom4j\1.1\dom4j-1.1.jar;C:\Users\dj073227\.m2\repository\sslext\sslext\1.2-0\sslext-1.2-0.jar;C:\Users\dj073227\.m2\repository\org\apache\struts\struts-core\1.3.8\struts-core-1.3.8.jar;C:\Users\dj073227\.m2\repository\antlr\antlr\2.7.2\antlr-2.7.2.jar;C:\Users\dj073227\.m2\repository\org\apache\struts\struts-taglib\1.3.8\struts-taglib-1.3.8.jar;C:\Users\dj073227\.m2\repository\org\apache\struts\struts-tiles\1.3.8\struts-tiles-1.3.8.jar;C:\Users\dj073227\.m2\repository\org\codehaus\plexus\plexus-archiver\3.4\plexus-archiver-3.4.jar;C:\Users\dj073227\.m2\repository\org\apache\commons\commons-compress\1.11\commons-compress-1.11.jar;C:\Users\dj073227\.m2\repository\org\iq80\snappy\snappy\0.4\snappy-0.4.jar;C:\Users\dj073227\.m2\repository\org\tukaani\xz\1.5\xz-1.5.jar;C:\Users\dj073227\.m2\repository\org\codehaus\plexus\plexus-utils\3.0.24\plexus-utils-3.0.24.jar;C:\Users\dj073227\.m2\repository\org\apache\maven\shared\file-management\1.2.1\file-management-1.2.1.jar;C:\Users\dj073227\.m2\repository\org\apache\maven\shared\maven-shared-io\1.1\maven-shared-io-1.1.jar;C:\Users\dj073227\.m2\repository\org\apache\maven\wagon\wagon-provider-api\1.0-alpha-6\wagon-provider-api-1.0-alpha-6.jar;C:\Users\dj073227\.m2\repository\org\codehaus\plexus\plexus-io\2.4\plexus-io-2.4.jar;C:\Users\dj073227\.m2\repository\org\apache\maven\shared\maven-dependency-analyzer\1.7\maven-dependency-analyzer-1.7.jar;C:\Users\dj073227\.m2\repository\org\ow2\asm\asm\5.0.2\asm-5.0.2.jar;C:\Users\dj073227\.m2\repository\org\apache\maven\shared\maven-dependency-tree\3.0.1\maven-dependency-tree-3.0.1.jar;C:\Users\dj073227\.m2\repository\org\eclipse\aether\aether-util\0.9.0.M2\aether-util-0.9.0.M2.jar;C:\Users\dj073227\.m2\repository\org\apache\maven\shared\maven-common-artifact-filters\3.0.1\maven-common-artifact-filters-3.0.1.jar;C:\Users\dj073227\.m2\repository\org\apache\maven\shared\maven-artifact-transfer\0.9.1\maven-artifact-transfer-0.9.1.jar;C:\Users\dj073227\.m2\repository\org\slf4j\slf4j-api\1.7.5\slf4j-api-1.7.5.jar;C:\Users\dj073227\.m2\repository\org\apache\maven\shared\maven-shared-utils\3.2.0\maven-shared-utils-3.2.0.jar;C:\Users\dj073227\.m2\repository\commons-lang\commons-lang\2.6\commons-lang-2.6.jar;C:\Users\dj073227\.m2\repository\commons-collections\commons-collections\3.2.2\commons-collections-3.2.2.jar;C:\Users\dj073227\.m2\repository\classworlds\classworlds\1.1\classworlds-1.1.jar;C:\Users\dj073227\.m2\repository\io\qameta\allure\allure-testng\2.6.0\allure-testng-2.6.0.jar;C:\Users\dj073227\.m2\repository\io\qameta\allure\allure-descriptions-javadoc\2.6.0\allure-descriptions-javadoc-2.6.0.jar;C:\Users\dj073227\.m2\repository\io\qameta\allure\allure-java-commons\2.6.0\allure-java-commons-2.6.0.jar;C:\Users\dj073227\.m2\repository\io\qameta\allure\allure2-model-api\1.0-BETA6\allure2-model-api-1.0-BETA6.jar;C:\Users\dj073227\.m2\repository\io\qameta\allure\allure2-model-pojo\1.0-BETA6\allure2-model-pojo-1.0-BETA6.jar;C:\Users\dj073227\.m2\repository\org\apache\tika\tika-core\1.14\tika-core-1.14.jar;C:\Users\dj073227\.m2\repository\io\qameta\allure\allure2-model-jackson\1.0-BETA6\allure2-model-jackson-1.0-BETA6.jar;C:\Users\dj073227\.m2\repository\com\fasterxml\jackson\core\jackson-databind\2.7.0\jackson-databind-2.7.0.jar;C:\Users\dj073227\.m2\repository\com\fasterxml\jackson\core\jackson-annotations\2.7.0\jackson-annotations-2.7.0.jar;C:\Users\dj073227\.m2\repository\com\fasterxml\jackson\core\jackson-core\2.7.0\jackson-core-2.7.0.jar;C:\Users\dj073227\.m2\repository\com\fasterxml\jackson\module\jackson-module-jaxb-annotations\2.7.0\jackson-module-jaxb-annotations-2.7.0.jar;C:\Users\dj073227\.m2\repository\org\aspectj\aspectjrt\1.8.10\aspectjrt-1.8.10.jar;C:\Users\dj073227\.m2\repository\org\jooq\joor\0.9.6\joor-0.9.6.jar;C:\Users\dj073227\.m2\repository\com\saucelabs\sauce_testng\2.1.23\sauce_testng-2.1.23.jar;C:\Users\dj073227\.m2\repository\com\saucelabs\sauce_java_common\2.1.23\sauce_java_common-2.1.23.jar;C:\Users\dj073227\.m2\repository\com\googlecode\json-simple\json-simple\1.1.1\json-simple-1.1.1.jar;C:\Users\dj073227\.m2\repository\com\saucelabs\saucerest\1.0.32\saucerest-1.0.32.jar;C:\Users\dj073227\.m2\repository\log4j\log4j\1.2.17\log4j-1.2.17.jar;C:\Users\dj073227\.m2\repository\org\json\json\20160810\json-20160810.jar;C:\Users\dj073227\.m2\repository\com\google\guava\guava\21.0\guava-21.0.jar;C:\Users\dj073227\.m2\repository\net\sourceforge\jexcelapi\jxl\2.6.12\jxl-2.6.12.jar;C:\Users\dj073227\.m2\repository\com\relevantcodes\extentreports\2.41.2\extentreports-2.41.2.jar;C:\Users\dj073227\.m2\repository\org\jsoup\jsoup\1.8.3\jsoup-1.8.3.jar;C:\Users\dj073227\.m2\repository\org\xerial\sqlite-jdbc\3.8.11.1\sqlite-jdbc-3.8.11.1.jar;C:\Users\dj073227\.m2\repository\org\freemarker\freemarker\2.3.23\freemarker-2.3.23.jar;C:\Users\dj073227\.m2\repository\org\mongodb\mongodb-driver\3.0.4\mongodb-driver-3.0.4.jar;C:\Users\dj073227\.m2\repository\org\mongodb\bson\3.0.4\bson-3.0.4.jar;C:\Users\dj073227\.m2\repository\org\mongodb\mongodb-driver-core\3.0.4\mongodb-driver-core-3.0.4.jar;C:\Users\dj073227\.m2\repository\org\apache\maven\surefire\surefire-testng-utils\2.21.0\surefire-testng-utils-2.21.0.jar;C:\Users\dj073227\.m2\repository\org\apache\maven\surefire\surefire-grouper\2.21.0\surefire-grouper-2.21.0.jar;"/>
    <property name="sun.cpu.endian" value="little"/>
    <property name="user.home" value="C:\Users\dj073227"/>
    <property name="user.language" value="en"/>
    <property name="java.specification.vendor" value="Oracle Corporation"/>
    <property name="java.home" value="C:\Program Files\Java\jdk1.8.0_191\jre"/>
    <property name="basedir" value="C:\DivyJain\DJ_Repo\v8-hds-selenium"/>
    <property name="file.separator" value="\"/>
    <property name="line.separator" value="&#10;"/>
    <property name="java.vm.specification.vendor" value="Oracle Corporation"/>
    <property name="java.specification.name" value="Java Platform API Specification"/>
    <property name="java.awt.graphicsenv" value="sun.awt.Win32GraphicsEnvironment"/>
    <property name="surefire.real.class.path" value="C:\Users\dj073227\AppData\Local\Temp\surefire315127621562169916\surefirebooter8645062521357907194.jar;C:\Users\dj073227\.m2\repository/org/aspectj/aspectjweaver/1.9.1/aspectjweaver-1.9.1.jar"/>
    <property name="sun.boot.class.path" value="C:\Program Files\Java\jdk1.8.0_191\jre\lib\resources.jar;C:\Program Files\Java\jdk1.8.0_191\jre\lib\rt.jar;C:\Program Files\Java\jdk1.8.0_191\jre\lib\sunrsasign.jar;C:\Program Files\Java\jdk1.8.0_191\jre\lib\jsse.jar;C:\Program Files\Java\jdk1.8.0_191\jre\lib\jce.jar;C:\Program Files\Java\jdk1.8.0_191\jre\lib\charsets.jar;C:\Program Files\Java\jdk1.8.0_191\jre\lib\jfr.jar;C:\Program Files\Java\jdk1.8.0_191\jre\classes"/>
    <property name="user.script" value=""/>
    <property name="sun.management.compiler" value="HotSpot 64-Bit Tiered Compilers"/>
    <property name="java.runtime.version" value="1.8.0_191-b12"/>
    <property name="user.name" value="dj073227"/>
    <property name="path.separator" value=";"/>
    <property name="os.version" value="6.1"/>
    <property name="java.endorsed.dirs" value="C:\Program Files\Java\jdk1.8.0_191\jre\lib\endorsed"/>
    <property name="java.runtime.name" value="Java(TM) SE Runtime Environment"/>
    <property name="file.encoding" value="Cp1252"/>
    <property name="java.vm.name" value="Java HotSpot(TM) 64-Bit Server VM"/>
    <property name="localRepository" value="C:\Users\dj073227\.m2\repository"/>
    <property name="java.vendor.url.bug" value="http://bugreport.sun.com/bugreport/"/>
    <property name="java.io.tmpdir" value="C:\Users\dj073227\AppData\Local\Temp\"/>
    <property name="java.version" value="1.8.0_191"/>
    <property name="user.dir" value="C:\DivyJain\DJ_Repo\v8-hds-selenium"/>
    <property name="os.arch" value="amd64"/>
    <property name="java.vm.specification.name" value="Java Virtual Machine Specification"/>
    <property name="java.awt.printerjob" value="sun.awt.windows.WPrinterJob"/>
    <property name="sun.os.patch.level" value="Service Pack 1"/>
    <property name="java.library.path" value="C:\Program Files\Java\jdk1.8.0_191\jre\bin;C:\Windows\Sun\Java\bin;C:\Windows\system32;C:\Windows;C:/Program Files/Java/jre1.8.0_191/bin/server;C:/Program Files/Java/jre1.8.0_191/bin;C:/Program Files/Java/jre1.8.0_191/lib/amd64;C:\Program Files (x86)\Common Files\Oracle\Java\javapath;C:\app\product\11.2.0\client_1\bin;C:\Windows\system32;C:\Windows;C:\Windows\System32\Wbem;C:\Windows\System32\WindowsPowerShell\v1.0\;C:\Program Files\Citrix\System32\;C:\Program Files\Citrix\ICAService\;C:\Program Files\Java\jdk1.8.0_191;C:\Program Files\apache-maven-3.5.4/bin;;C:\Windows\system32;;."/>
    <property name="java.vm.info" value="mixed mode"/>
    <property name="java.vendor" value="Oracle Corporation"/>
    <property name="java.vm.version" value="25.191-b12"/>
    <property name="java.ext.dirs" value="C:\Program Files\Java\jdk1.8.0_191\jre\lib\ext;C:\Windows\Sun\Java\lib\ext"/>
    <property name="sun.io.unicode.encoding" value="UnicodeLittle"/>
    <property name="java.class.version" value="52.0"/>
  </properties>
  <testcase name="orderHistory_VerifyFieldsOnTheOrderHistorySummaryPage" classname="com.selenium.ebiz.order_history.grid_tests_orderHistory.VerifyFieldsOnTheOrderHistorySummaryPage_Grid" time="0">
    <skipped message="Index: 0, Size: 0"/>
    <system-out><![CDATA[...
... TestNG 6.11 by Cédric Beust (cedric@beust.com)
...

I am in onStart method Test
I am in onTestStart method orderHistory_VerifyFieldsOnTheOrderHistorySummaryPage start
08-04-2019 15:09:57.599 [PoolService-0] INFO  [com.selenium.ebiz.baseclass.BaseClassV8_ParallelGrid:137] - Welcome to Execution in Local Grid
08-04-2019 15:10:01.582 [PoolService-0] INFO  [com.selenium.ebiz.baseclass.BaseClassV8_ParallelGrid:148] - Created the driver
08-04-2019 15:10:06.480 [PoolService-0] INFO  [com.selenium.ebiz.baseclass.BaseClassV8_ParallelGrid:172] - Getting the urlhttps://stg.hdsupplysolutions.com
08-04-2019 15:10:06.480 [PoolService-0] INFO  [com.selenium.ebiz.baseclass.BaseClassV8_ParallelGrid:166] - Display Environment :stg
08-04-2019 15:10:06.694 [PoolService-0] INFO  [com.selenium.ebiz.baseclass.BaseClassV8_ParallelGrid:155] - Window maximize
08-04-2019 15:10:06.973 [PoolService-0] INFO  [com.selenium.ebiz.baseclass.BaseClassV8_ParallelGrid:157] - Deleye cookies
Display Environment :stg
[[RemoteWebDriver: chrome on XP (9d41762f8774ca81e0983058b8fab14f)] -> id: Header_GlobalLogin_signInQuickLink]is visible now....
[[RemoteWebDriver: chrome on XP (9d41762f8774ca81e0983058b8fab14f)] -> xpath: //input[@name='logonId']]is visible now....
[[RemoteWebDriver: chrome on XP (9d41762f8774ca81e0983058b8fab14f)] -> id: Header_GlobalLogin_WC_AccountDisplay_FormInput_logonId_In_Logon_1]is visible now....
[[RemoteWebDriver: chrome on XP (9d41762f8774ca81e0983058b8fab14f)] -> xpath: //input[@name='logonPassword']]is visible now....
[[RemoteWebDriver: chrome on XP (9d41762f8774ca81e0983058b8fab14f)] -> id: Header_GlobalLogin_WC_AccountDisplay_FormInput_logonPassword_In_Logon_1]is visible now....
[[RemoteWebDriver: chrome on XP (9d41762f8774ca81e0983058b8fab14f)] -> xpath: //span[contains(text(),'Account #')]]is visible now....
Username:automation_id_40
[[RemoteWebDriver: chrome on XP (9d41762f8774ca81e0983058b8fab14f)] -> xpath: //div[@class='account-snapshot__welcome-inner']/span[contains(text(),'Hi')]]is visible now....
08-04-2019 15:10:14.067 [PoolService-0] INFO  [com.selenium.ebiz.pageobject.commonLogin:58] - Display welcome message   Hi William!
[[RemoteWebDriver: chrome on XP (9d41762f8774ca81e0983058b8fab14f)] -> xpath: //p[@class='content--empty']]is visible now....
Cart is Empty :true
[[RemoteWebDriver: chrome on XP (9d41762f8774ca81e0983058b8fab14f)] -> xpath: //div[@id='ShopCartDisplay']//h1[contains(text(),'SHOPPING CART')]]is visible now....
[[RemoteWebDriver: chrome on XP (9d41762f8774ca81e0983058b8fab14f)] -> xpath: //a[@id='Header_GlobalLogin_signOutQuickLink']]is visible now....
[[RemoteWebDriver: chrome on XP (9d41762f8774ca81e0983058b8fab14f)] -> xpath: //a[@id='Header_GlobalLogin_loggedInDropdown_SignOut']/div/span[contains(text(), 'ACCOUNT')]]is visible now....
[[RemoteWebDriver: chrome on XP (9d41762f8774ca81e0983058b8fab14f)] -> xpath: //div[@class='account__orders-item']//h3[text()='Orders']]is visible now....
[[RemoteWebDriver: chrome on XP (9d41762f8774ca81e0983058b8fab14f)] -> xpath: //h1[contains(text(),'Orders')]]is visible now....
08-04-2019 15:10:50.853 [PoolService-0] INFO  [com.selenium.ebiz.baseclass.BaseClassV8_ParallelGrid:52] - Verified Pagination
[[RemoteWebDriver: chrome on XP (9d41762f8774ca81e0983058b8fab14f)] -> xpath: //td[@data-hds-tag='orders-history__order__order-number']]is visible now....
[[RemoteWebDriver: chrome on XP (9d41762f8774ca81e0983058b8fab14f)] -> xpath: //td[@data-hds-tag='orders-history__order__order-number']]
[[RemoteWebDriver: chrome on XP (9d41762f8774ca81e0983058b8fab14f)] -> id: search-placeholder-id]is visible now....
W200083143
]]></system-out>
    <system-err><![CDATA[SLF4J: Failed to load class "org.slf4j.impl.StaticLoggerBinder".
SLF4J: Defaulting to no-operation (NOP) logger implementation
SLF4J: See http://www.slf4j.org/codes.html#StaticLoggerBinder for further details.
Apr 08, 2019 3:10:01 PM org.openqa.selenium.remote.ProtocolHandshake createSession
INFO: Detected dialect: OSS
java.lang.NullPointerException
	at com.selenium.ebiz.listener.Retry.extendReportsFailOperations(Retry.java:45)
	at com.selenium.ebiz.listener.Retry.retry(Retry.java:26)
	at org.testng.internal.Invoker.handleInvocationResults(Invoker.java:1424)
	at org.testng.internal.Invoker.invokeMethod(Invoker.java:695)
	at org.testng.internal.Invoker.invokeTestMethod(Invoker.java:869)
	at org.testng.internal.TestMethodWithDataProviderMethodWorker.call(TestMethodWithDataProviderMethodWorker.java:75)
	at org.testng.internal.TestMethodWithDataProviderMethodWorker.call(TestMethodWithDataProviderMethodWorker.java:14)
	at java.util.concurrent.FutureTask.run(FutureTask.java:266)
	at java.util.concurrent.Executors$RunnableAdapter.call(Executors.java:511)
	at java.util.concurrent.FutureTask.run(FutureTask.java:266)
	at java.util.concurrent.ThreadPoolExecutor.runWorker(ThreadPoolExecutor.java:1149)
	at java.util.concurrent.ThreadPoolExecutor$Worker.run(ThreadPoolExecutor.java:624)
	at java.lang.Thread.run(Thread.java:748)
]]></system-err>
  </testcase>
  <testcase name="orderHistory_VerifyFieldsOnTheOrderHistorySummaryPage" classname="com.selenium.ebiz.order_history.grid_tests_orderHistory.VerifyFieldsOnTheOrderHistorySummaryPage_Grid" time="0.755">
    <failure message="wrong number of arguments" type="java.lang.IllegalArgumentException">java.lang.IllegalArgumentException: wrong number of arguments
</failure>
    <system-out><![CDATA[I am in onTestSkipped method orderHistory_VerifyFieldsOnTheOrderHistorySummaryPage skipped
08-04-2019 15:10:57.538 [PoolService-0] INFO  [com.selenium.ebiz.baseclass.BaseClassV8_ParallelGrid:198] - Driver quit
I am in onTestStart method orderHistory_VerifyFieldsOnTheOrderHistorySummaryPage start
]]></system-out>
  </testcase>
</testsuite>