<?xml version="1.0" encoding="UTF-8"?>
<!-- Generated by org.testng.reporters.JUnitReportReporter -->
<testsuite name="practise.AppiumFramework.ApiDemoTest" tests="2" time="51.818" ignored="0" failures="0" timestamp="22 Jul 2020 08:44:06 GMT" skipped="0" hostname="LP1-AP-51860169" errors="0">
  <testcase name="apiDemoTest" time="25.723" classname="practise.AppiumFramework.ApiDemoTest"/>
  <testcase name="apiDemoTest" time="26.095" classname="practise.AppiumFramework.ApiDemoTest"/>
</testsuite> <!-- practise.AppiumFramework.ApiDemoTest -->
